{
    "action": "log_data",
    "login": {
        "uid": "2",
        "date_time": "2018-04-03 11:13:06",
        "client_ip": "10.22.39.156"
    },
    "window": "InPatient",
    "extra": "Getting Total Out Patients"
},{
    "action": "log_data",
    "login": {
        "uid": "2",
        "date_time": "2018-04-03 11:13:09",
        "client_ip": "10.22.39.156"
    },
    "window": " New Patient ",
    "extra": "New patient Opened"
},{
    "action": "log_data",
    "login": {
        "uid": "2",
        "date_time": "2018-04-03 11:13:52",
        "client_ip": "10.22.39.156"
    },
    "window": " New Patient ",
    "extra": "New patient Opened"
},{
    "action": "log_data",
    "login": {
        "uid": "2",
        "date_time": "2018-04-03 11:14:27",
        "client_ip": "10.22.39.156"
    },
    "window": "Date Change",
    "extra": ""
},{
    "action": "log_data",
    "login": {
        "uid": "2",
        "date_time": "2018-04-03 11:14:29",
        "client_ip": "10.22.39.156"
    },
    "window": "InPatient",
    "extra": "Getting Beds"
},{
    "action": "log_data",
    "login": {
        "uid": "2",
        "date_time": "2018-04-03 11:14:37",
        "client_ip": "10.22.39.156"
    },
    "window": "InPatient",
    "extra": "To Select surgery"
},{
    "action": "log_data",
    "login": {
        "uid": "2",
        "date_time": "2018-04-03 11:22:30",
        "client_ip": "10.22.39.156"
    },
    "window": "Users",
    "extra": "extra Data"
},{
    "action": "log_data",
    "login": {
        "uid": "2",
        "date_time": "2018-04-03 11:24:34",
        "client_ip": "10.22.39.156"
    },
    "window": "Users",
    "extra": "extra Data"
},{
    "action": "log_data",
    "login": {
        "uid": "2",
        "date_time": "2018-04-03 11:28:33",
        "client_ip": "10.22.39.156"
    },
    "window": "Users",
    "extra": "extra Data"
},{
    "action": "log_data",
    "login": {
        "uid": "2",
        "date_time": "2018-04-03 11:28:54",
        "client_ip": "10.22.39.156"
    },
    "window": "Collection",
    "extra": "collection_data%5Btransaction_date%5D=4%2F3%2F2018&collection_data%5Bpatient_id%5D=2&collection_data%5Bp_visit_id%5D=11&collection_data%5Bdr_id%5D=6&collection_data%5Buser_id%5D=2&collection_data%5Bbill_id%5D=2&collection_data%5Bpaid_amount%5D=200&collection_data%5Bpayment_type%5D=cash"
},{
    "action": "log_data",
    "login": {
        "uid": "2",
        "date_time": "2018-04-03 11:29:03",
        "client_ip": "10.22.39.156"
    },
    "window": "Users",
    "extra": "extra Data"
},{
    "action": "log_data",
    "login": {
        "uid": "2",
        "date_time": "2018-04-03 11:29:28",
        "client_ip": "10.22.39.156"
    },
    "window": "Users",
    "extra": "extra Data"
},{
    "action": "log_data",
    "login": {
        "uid": "2",
        "date_time": "2018-04-03 11:31:25",
        "client_ip": "10.22.39.156"
    },
    "window": "Users",
    "extra": "extra Data"
},{
    "action": "log_data",
    "login": {
        "uid": "2",
        "date_time": "2018-04-03 11:31:27",
        "client_ip": "10.22.39.156"
    },
    "window": "Users",
    "extra": "extra Data"
},{
    "action": "log_data",
    "login": {
        "uid": "2",
        "date_time": "2018-04-03 11:32:00",
        "client_ip": "10.22.39.156"
    },
    "window": "Asset PO",
    "extra": "Asset PO opened"
},{
    "action": "log_data",
    "login": {
        "uid": "2",
        "date_time": "2018-04-03 11:32:42",
        "client_ip": "10.22.39.156"
    },
    "window": "Users",
    "extra": "extra Data"
},{
    "action": "log_data",
    "login": {
        "uid": "2",
        "date_time": "2018-04-03 11:32:46",
        "client_ip": "10.22.39.156"
    },
    "window": "Users",
    "extra": "extra Data"
},{
    "action": "log_data",
    "login": {
        "uid": "2",
        "date_time": "2018-04-03 11:37:14",
        "client_ip": "10.22.39.156"
    },
    "window": "Users",
    "extra": "extra Data"
},{
    "action": "log_data",
    "login": {
        "uid": "2",
        "date_time": "2018-04-03 11:37:21",
        "client_ip": "10.22.39.156"
    },
    "window": "Users",
    "extra": "extra Data"
},{
    "action": "log_data",
    "login": {
        "uid": "2",
        "date_time": "2018-04-03 11:37:23",
        "client_ip": "10.22.39.156"
    },
    "window": " New Patient ",
    "extra": "New patient Opened"
},{
    "action": "log_data",
    "login": {
        "uid": "2",
        "date_time": "2018-04-03 11:37:37",
        "client_ip": "10.22.39.156"
    },
    "window": "Users",
    "extra": "extra Data"
},{
    "action": "log_data",
    "login": {
        "uid": "1",
        "date_time": "2018-04-03 11:41:28",
        "client_ip": "210.212.210.97"
    },
    "window": "InPatient",
    "extra": "Getting Total Out Patients"
},{
    "action": "log_data",
    "login": {
        "uid": "1",
        "date_time": "2018-04-03 11:41:31",
        "client_ip": "210.212.210.97"
    },
    "window": " New Patient ",
    "extra": "New patient Opened"
},{
    "action": "log_data",
    "login": {
        "uid": "2",
        "date_time": "2018-04-03 11:41:34",
        "client_ip": "10.22.39.156"
    },
    "window": " New Patient ",
    "extra": "New patient Opened"
},{
    "action": "log_data",
    "login": {
        "uid": "1",
        "date_time": "2018-04-03 11:43:32",
        "client_ip": "210.212.210.97"
    },
    "window": "Date Change",
    "extra": ""
},{
    "action": "log_data",
    "login": {
        "uid": "2",
        "date_time": "2018-04-03 11:43:33",
        "client_ip": "10.22.39.156"
    },
    "window": "Users",
    "extra": "extra Data"
},{
    "action": "log_data",
    "login": {
        "uid": "1",
        "date_time": "2018-04-03 11:43:44",
        "client_ip": "210.212.210.97"
    },
    "window": "Date Change",
    "extra": ""
},{
    "action": "log_data",
    "login": {
        "uid": "2",
        "date_time": "2018-04-03 11:43:55",
        "client_ip": "10.22.39.156"
    },
    "window": " New Patient ",
    "extra": "New patient Opened"
},{
    "action": "log_data",
    "login": {
        "uid": "2",
        "date_time": "2018-04-03 11:43:59",
        "client_ip": "10.22.39.156"
    },
    "window": "Date Change",
    "extra": ""
},{
    "action": "log_data",
    "login": {
        "uid": "1",
        "date_time": "2018-04-03 11:44:05",
        "client_ip": "210.212.210.97"
    },
    "window": "Date Change",
    "extra": ""
},{
    "action": "log_data",
    "login": {
        "uid": "2",
        "date_time": "2018-04-03 11:44:14",
        "client_ip": "10.22.39.156"
    },
    "window": "Date Change",
    "extra": ""
},{
    "action": "log_data",
    "login": {
        "uid": "1",
        "date_time": "2018-04-03 11:44:17",
        "client_ip": "210.212.210.97"
    },
    "window": " New Patient ",
    "extra": "New patient Opened"
},{
    "action": "log_data",
    "login": {
        "uid": "2",
        "date_time": "2018-04-03 11:44:17",
        "client_ip": "10.22.39.156"
    },
    "window": "Date Change",
    "extra": ""
},{
    "action": "log_data",
    "login": {
        "uid": "1",
        "date_time": "2018-04-03 11:44:24",
        "client_ip": "210.212.210.97"
    },
    "window": "Date Change",
    "extra": ""
},{
    "action": "log_data",
    "login": {
        "uid": "2",
        "date_time": "2018-04-03 11:44:23",
        "client_ip": "10.22.39.156"
    },
    "window": "Date Change",
    "extra": ""
},{
    "action": "log_data",
    "login": {
        "uid": "1",
        "date_time": "2018-04-03 11:44:46",
        "client_ip": "210.212.210.97"
    },
    "window": "Date Change",
    "extra": ""
},{
    "action": "log_data",
    "login": {
        "uid": "1",
        "date_time": "2018-04-03 11:45:02",
        "client_ip": "210.212.210.97"
    },
    "window": " New Patient ",
    "extra": "New patient Opened"
},{
    "action": "log_data",
    "login": {
        "uid": "1",
        "date_time": "2018-04-03 11:45:30",
        "client_ip": "210.212.210.97"
    },
    "window": "Date Change",
    "extra": ""
},{
    "action": "log_data",
    "login": {
        "uid": "2",
        "date_time": "2018-04-03 11:45:29",
        "client_ip": "10.22.39.156"
    },
    "window": "Date Change",
    "extra": ""
},{
    "action": "log_data",
    "login": {
        "uid": "2",
        "date_time": "2018-04-03 11:45:38",
        "client_ip": "10.22.39.156"
    },
    "window": "Date Change",
    "extra": ""
},{
    "action": "log_data",
    "login": {
        "uid": "2",
        "date_time": "2018-04-03 11:45:45",
        "client_ip": "10.22.39.156"
    },
    "window": " New Patient ",
    "extra": "New patient Opened"
},{
    "action": "log_data",
    "login": {
        "uid": "2",
        "date_time": "2018-04-03 11:45:47",
        "client_ip": "10.22.39.156"
    },
    "window": " New Patient ",
    "extra": "New patient Opened"
},{
    "action": "log_data",
    "login": {
        "uid": "2",
        "date_time": "2018-04-03 11:45:50",
        "client_ip": "10.22.39.156"
    },
    "window": "Date Change",
    "extra": ""
},{
    "action": "log_data",
    "login": {
        "uid": "1",
        "date_time": "2018-04-03 11:45:55",
        "client_ip": "210.212.210.97"
    },
    "window": "Date Change",
    "extra": ""
},{
    "action": "log_data",
    "login": {
        "uid": "2",
        "date_time": "2018-04-03 11:45:58",
        "client_ip": "10.22.39.156"
    },
    "window": "Date Change",
    "extra": ""
},{
    "action": "log_data",
    "login": {
        "uid": "1",
        "date_time": "2018-04-03 11:46:12",
        "client_ip": "210.212.210.97"
    },
    "window": "Date Change",
    "extra": ""
},{
    "action": "log_data",
    "login": {
        "uid": "2",
        "date_time": "2018-04-03 11:46:53",
        "client_ip": "10.22.39.156"
    },
    "window": "Date Change",
    "extra": ""
},{
    "action": "log_data",
    "login": {
        "uid": "1",
        "date_time": "2018-04-03 11:47:00",
        "client_ip": "210.212.210.97"
    },
    "window": " New Patient ",
    "extra": "New patient Opened"
},{
    "action": "log_data",
    "login": {
        "uid": "2",
        "date_time": "2018-04-03 11:47:21",
        "client_ip": "10.22.39.156"
    },
    "window": "Users",
    "extra": "extra Data"
},{
    "action": "log_data",
    "login": {
        "uid": "1",
        "date_time": "2018-04-03 11:47:35",
        "client_ip": "210.212.210.97"
    },
    "window": "Users",
    "extra": "extra Data"
},{
    "action": "log_data",
    "login": {
        "uid": "2",
        "date_time": "2018-04-03 11:50:59",
        "client_ip": "10.22.39.156"
    },
    "window": "Users",
    "extra": "extra Data"
},{
    "action": "log_data",
    "login": {
        "uid": "1",
        "date_time": "2018-04-03 11:51:02",
        "client_ip": "210.212.210.97"
    },
    "window": "Users",
    "extra": "extra Data"
},{
    "action": "log_data",
    "login": {
        "uid": "1",
        "date_time": "2018-04-03 11:53:24",
        "client_ip": "210.212.210.97"
    },
    "window": " New Patient ",
    "extra": "New patient Opened"
},{
    "action": "log_data",
    "login": {
        "uid": "2",
        "date_time": "2018-04-03 11:56:28",
        "client_ip": "10.22.39.156"
    },
    "window": "Users",
    "extra": "extra Data"
},{
    "action": "log_data",
    "login": {
        "uid": "2",
        "date_time": "2018-04-03 11:57:59",
        "client_ip": "10.22.39.156"
    },
    "window": "Users",
    "extra": "extra Data"
},{
    "action": "log_data",
    "login": {
        "uid": "2",
        "date_time": "2018-04-03 11:58:07",
        "client_ip": "10.22.39.156"
    },
    "window": "Users",
    "extra": "extra Data"
},{
    "action": "log_data",
    "login": {
        "uid": "2",
        "date_time": "2018-04-03 11:59:46",
        "client_ip": "10.22.39.156"
    },
    "window": " New Patient ",
    "extra": "New patient Opened"
},{
    "action": "log_data",
    "login": {
        "uid": "2",
        "date_time": "2018-04-03 12:00:30",
        "client_ip": "10.22.39.156"
    },
    "window": "Users",
    "extra": "extra Data"
},{
    "action": "log_data",
    "login": {
        "uid": "2",
        "date_time": "2018-04-03 12:01:57",
        "client_ip": "10.22.39.156"
    },
    "window": " New Patient ",
    "extra": "New patient Opened"
},{
    "action": "log_data",
    "login": {
        "uid": "2",
        "date_time": "2018-04-03 12:02:00",
        "client_ip": "10.22.39.156"
    },
    "window": " New Patient ",
    "extra": "New patient Opened"
},{
    "action": "log_data",
    "login": {
        "uid": "2",
        "date_time": "2018-04-03 12:02:04",
        "client_ip": "10.22.39.156"
    },
    "window": " New Patient ",
    "extra": "New patient Opened"
},{
    "action": "log_data",
    "login": {
        "uid": "2",
        "date_time": "2018-04-03 12:05:15",
        "client_ip": "10.22.39.156"
    },
    "window": " New Patient ",
    "extra": "New patient Opened"
},{
    "action": "log_data",
    "login": {
        "uid": "2",
        "date_time": "2018-04-03 12:09:10",
        "client_ip": "10.22.39.156"
    },
    "window": " New Patient ",
    "extra": "New patient Opened"
},{
    "action": "log_data",
    "login": {
        "uid": "2",
        "date_time": "2018-04-03 12:09:22",
        "client_ip": "10.22.39.156"
    },
    "window": " New Patient ",
    "extra": "New patient Opened"
},{
    "action": "log_data",
    "login": {
        "uid": "2",
        "date_time": "2018-04-03 12:10:06",
        "client_ip": "10.22.39.156"
    },
    "window": " New Patient ",
    "extra": "New patient Opened"
},{
    "action": "log_data",
    "login": {
        "uid": "2",
        "date_time": "2018-04-03 12:11:13",
        "client_ip": "10.22.39.156"
    },
    "window": " New Patient ",
    "extra": "New patient Opened"
},{
    "action": "log_data",
    "login": {
        "uid": "2",
        "date_time": "2018-04-03 12:11:51",
        "client_ip": "10.22.39.156"
    },
    "window": " New Patient ",
    "extra": "New patient Opened"
},{
    "action": "log_data",
    "login": {
        "uid": "2",
        "date_time": "2018-04-03 12:13:32",
        "client_ip": "10.22.39.156"
    },
    "window": "Users",
    "extra": "extra Data"
},{
    "action": "log_data",
    "login": {
        "uid": "2",
        "date_time": "2018-04-03 12:14:33",
        "client_ip": "10.22.39.156"
    },
    "window": "InPatient",
    "extra": "Getting Total Out Patients"
},{
    "action": "log_data",
    "login": {
        "uid": "2",
        "date_time": "2018-04-03 12:14:34",
        "client_ip": "10.22.39.156"
    },
    "window": "Users",
    "extra": "extra Data"
},{
    "action": "log_data",
    "login": {
        "uid": "2",
        "date_time": "2018-04-03 12:17:32",
        "client_ip": "10.22.39.156"
    },
    "window": "Users",
    "extra": "extra Data"
},{
    "action": "log_data",
    "login": {
        "uid": "2",
        "date_time": "2018-04-03 12:18:07",
        "client_ip": "10.22.39.156"
    },
    "window": "Users",
    "extra": "extra Data"
},{
    "action": "log_data",
    "login": {
        "uid": "2",
        "date_time": "2018-04-03 12:18:13",
        "client_ip": "10.22.39.156"
    },
    "window": " New Patient ",
    "extra": "New patient Opened"
},{
    "action": "log_data",
    "login": {
        "uid": "2",
        "date_time": "2018-04-03 12:19:24",
        "client_ip": "10.22.39.156"
    },
    "window": " New Patient ",
    "extra": "New patient Opened"
},{
    "action": "log_data",
    "login": {
        "uid": "2",
        "date_time": "2018-04-03 12:21:22",
        "client_ip": "10.22.39.156"
    },
    "window": "Date Change",
    "extra": ""
},{
    "action": "log_data",
    "login": {
        "uid": "2",
        "date_time": "2018-04-03 12:21:24",
        "client_ip": "10.22.39.156"
    },
    "window": "Date Change",
    "extra": ""
},{
    "action": "log_data",
    "login": {
        "uid": "2",
        "date_time": "2018-04-03 12:22:30",
        "client_ip": "10.22.39.156"
    },
    "window": " New Patient ",
    "extra": "New patient Opened"
},{
    "action": "log_data",
    "login": {
        "uid": "2",
        "date_time": "2018-04-03 12:22:42",
        "client_ip": "10.22.39.156"
    },
    "window": "Date Change",
    "extra": ""
},{
    "action": "log_data",
    "login": {
        "uid": "2",
        "date_time": "2018-04-03 12:24:57",
        "client_ip": "10.22.39.156"
    },
    "window": "Date Change",
    "extra": ""
},{
    "action": "log_data",
    "login": {
        "uid": "2",
        "date_time": "2018-04-03 12:25:54",
        "client_ip": "10.22.39.156"
    },
    "window": " New Patient ",
    "extra": "New patient Opened"
},{
    "action": "log_data",
    "login": {
        "uid": "2",
        "date_time": "2018-04-03 12:32:08",
        "client_ip": "10.22.39.156"
    },
    "window": "Date Change",
    "extra": ""
},{
    "action": "log_data",
    "login": {
        "uid": "2",
        "date_time": "2018-04-03 12:35:48",
        "client_ip": "10.22.39.156"
    },
    "window": " New Patient ",
    "extra": "New patient Opened"
},{
    "action": "log_data",
    "login": {
        "uid": "2",
        "date_time": "2018-04-03 12:35:54",
        "client_ip": "10.22.39.156"
    },
    "window": "Date Change",
    "extra": ""
},{
    "action": "log_data",
    "login": {
        "uid": "2",
        "date_time": "2018-04-03 12:39:00",
        "client_ip": "10.22.39.156"
    },
    "window": " New Patient ",
    "extra": "New patient Opened"
},{
    "action": "log_data",
    "login": {
        "uid": "2",
        "date_time": "2018-04-03 12:39:03",
        "client_ip": "10.22.39.156"
    },
    "window": "Date Change",
    "extra": ""
},{
    "action": "log_data",
    "login": {
        "uid": "2",
        "date_time": "2018-04-03 12:40:34",
        "client_ip": "10.22.39.156"
    },
    "window": " New Patient ",
    "extra": "New patient Opened"
},{
    "action": "log_data",
    "login": {
        "uid": "2",
        "date_time": "2018-04-03 12:40:37",
        "client_ip": "10.22.39.156"
    },
    "window": "Date Change",
    "extra": ""
},{
    "action": "log_data",
    "login": {
        "uid": "2",
        "date_time": "2018-04-03 12:41:41",
        "client_ip": "10.22.39.156"
    },
    "window": " New Patient ",
    "extra": "New patient Opened"
},{
    "action": "log_data",
    "login": {
        "uid": "2",
        "date_time": "2018-04-03 12:41:55",
        "client_ip": "10.22.39.156"
    },
    "window": "Date Change",
    "extra": ""
},{
    "action": "log_data",
    "login": {
        "uid": "2",
        "date_time": "2018-04-03 12:42:31",
        "client_ip": "10.22.39.156"
    },
    "window": " New Patient ",
    "extra": "New patient Opened"
},{
    "action": "log_data",
    "login": {
        "uid": "2",
        "date_time": "2018-04-03 12:42:35",
        "client_ip": "10.22.39.156"
    },
    "window": "Date Change",
    "extra": ""
},{
    "action": "log_data",
    "login": {
        "uid": "2",
        "date_time": "2018-04-03 12:42:46",
        "client_ip": "10.22.39.156"
    },
    "window": "Date Change",
    "extra": ""
},{
    "action": "log_data",
    "login": {
        "uid": "2",
        "date_time": "2018-04-03 12:44:30",
        "client_ip": "10.22.39.156"
    },
    "window": "Date Change",
    "extra": ""
},{
    "action": "log_data",
    "login": {
        "uid": "2",
        "date_time": "2018-04-03 12:45:22",
        "client_ip": "10.22.39.156"
    },
    "window": "Date Change",
    "extra": ""
},{
    "action": "log_data",
    "login": {
        "uid": "2",
        "date_time": "2018-04-03 12:59:02",
        "client_ip": "10.22.39.156"
    },
    "window": " New Patient ",
    "extra": "New patient Opened"
},{
    "action": "log_data",
    "login": {
        "uid": "2",
        "date_time": "2018-04-03 12:59:04",
        "client_ip": "10.22.39.156"
    },
    "window": "Date Change",
    "extra": ""
},{
    "action": "log_data",
    "login": {
        "uid": "2",
        "date_time": "2018-04-03 12:59:41",
        "client_ip": "10.22.39.156"
    },
    "window": " New Patient ",
    "extra": "New patient Opened"
},{
    "action": "log_data",
    "login": {
        "uid": "2",
        "date_time": "2018-04-03 12:59:51",
        "client_ip": "10.22.39.156"
    },
    "window": "Date Change",
    "extra": ""
},{
    "action": "log_data",
    "login": {
        "uid": "2",
        "date_time": "2018-04-03 13:00:30",
        "client_ip": "10.22.39.156"
    },
    "window": " New Patient ",
    "extra": "New patient Opened"
},{
    "action": "log_data",
    "login": {
        "uid": "2",
        "date_time": "2018-04-03 13:00:33",
        "client_ip": "10.22.39.156"
    },
    "window": "Date Change",
    "extra": ""
},{
    "action": "log_data",
    "login": {
        "uid": "2",
        "date_time": "2018-04-03 13:01:27",
        "client_ip": "10.22.39.156"
    },
    "window": " New Patient ",
    "extra": "New patient Opened"
},{
    "action": "log_data",
    "login": {
        "uid": "2",
        "date_time": "2018-04-03 13:01:31",
        "client_ip": "10.22.39.156"
    },
    "window": "Date Change",
    "extra": ""
},{
    "action": "log_data",
    "login": {
        "uid": "2",
        "date_time": "2018-04-03 13:02:33",
        "client_ip": "10.22.39.156"
    },
    "window": " New Patient ",
    "extra": "New patient Opened"
},{
    "action": "log_data",
    "login": {
        "uid": "2",
        "date_time": "2018-04-03 13:02:36",
        "client_ip": "10.22.39.156"
    },
    "window": "Date Change",
    "extra": ""
},{
    "action": "log_data",
    "login": {
        "uid": "2",
        "date_time": "2018-04-03 13:03:07",
        "client_ip": "10.22.39.156"
    },
    "window": " New Patient ",
    "extra": "New patient Opened"
},{
    "action": "log_data",
    "login": {
        "uid": "2",
        "date_time": "2018-04-03 13:03:09",
        "client_ip": "10.22.39.156"
    },
    "window": " New Patient ",
    "extra": "New patient Opened"
},{
    "action": "log_data",
    "login": {
        "uid": "2",
        "date_time": "2018-04-03 13:03:11",
        "client_ip": "10.22.39.156"
    },
    "window": "Date Change",
    "extra": ""
},{
    "action": "log_data",
    "login": {
        "uid": "2",
        "date_time": "2018-04-03 13:03:28",
        "client_ip": "10.22.39.156"
    },
    "window": " New Patient ",
    "extra": "New patient Opened"
},{
    "action": "log_data",
    "login": {
        "uid": "2",
        "date_time": "2018-04-03 13:04:08",
        "client_ip": "10.22.39.156"
    },
    "window": " New Patient ",
    "extra": "New patient Opened"
},{
    "action": "log_data",
    "login": {
        "uid": "2",
        "date_time": "2018-04-03 13:07:16",
        "client_ip": "10.22.39.156"
    },
    "window": " New Patient ",
    "extra": "New patient Opened"
},{
    "action": "log_data",
    "login": {
        "uid": "2",
        "date_time": "2018-04-03 13:07:32",
        "client_ip": "10.22.39.156"
    },
    "window": "Date Change",
    "extra": ""
},{
    "action": "log_data",
    "login": {
        "uid": "2",
        "date_time": "2018-04-03 13:07:56",
        "client_ip": "10.22.39.156"
    },
    "window": "Date Change",
    "extra": ""
},{
    "action": "log_data",
    "login": {
        "uid": "2",
        "date_time": "2018-04-03 13:08:00",
        "client_ip": "10.22.39.156"
    },
    "window": "InPatient",
    "extra": "Getting Beds"
},{
    "action": "log_data",
    "login": {
        "uid": "2",
        "date_time": "2018-04-03 13:08:02",
        "client_ip": "10.22.39.156"
    },
    "window": "InPatient",
    "extra": "To Select surgery"
},{
    "action": "log_data",
    "login": {
        "uid": "2",
        "date_time": "2018-04-03 13:08:03",
        "client_ip": "10.22.39.156"
    },
    "window": "InPatient",
    "extra": "To Select surgery"
},{
    "action": "log_data",
    "login": {
        "uid": "2",
        "date_time": "2018-04-03 13:08:06",
        "client_ip": "10.22.39.156"
    },
    "window": "InPatient",
    "extra": "Bed Section"
},{
    "action": "log_data",
    "login": {
        "uid": "2",
        "date_time": "2018-04-03 13:08:10",
        "client_ip": "10.22.39.156"
    },
    "window": "InPatient",
    "extra": "Allocate Bed"
},{
    "action": "log_data",
    "login": {
        "uid": "2",
        "date_time": "2018-04-03 13:08:10",
        "client_ip": "10.22.39.156"
    },
    "window": " New Patient ",
    "extra": "New patient Opened"
},{
    "action": "log_data",
    "login": {
        "uid": "2",
        "date_time": "2018-04-03 13:09:15",
        "client_ip": "10.22.39.156"
    },
    "window": " New Patient ",
    "extra": "New patient Opened"
},{
    "action": "log_data",
    "login": {
        "uid": "2",
        "date_time": "2018-04-03 13:13:28",
        "client_ip": "10.22.39.156"
    },
    "window": " New Patient ",
    "extra": "New patient Opened"
},{
    "action": "log_data",
    "login": {
        "uid": "2",
        "date_time": "2018-04-03 13:13:44",
        "client_ip": "10.22.39.156"
    },
    "window": " New Patient ",
    "extra": "New patient Opened"
},{
    "action": "log_data",
    "login": {
        "uid": "2",
        "date_time": "2018-04-03 13:15:36",
        "client_ip": "10.22.39.156"
    },
    "window": "Users",
    "extra": "extra Data"
},{
    "action": "log_data",
    "login": {
        "uid": "2",
        "date_time": "2018-04-03 13:16:20",
        "client_ip": "10.22.39.156"
    },
    "window": "Users",
    "extra": "extra Data"
},{
    "action": "log_data",
    "login": {
        "uid": "2",
        "date_time": "2018-04-03 13:17:06",
        "client_ip": "10.22.39.156"
    },
    "window": "Users",
    "extra": "extra Data"
},{
    "action": "log_data",
    "login": {
        "uid": "2",
        "date_time": "2018-04-03 13:17:13",
        "client_ip": "10.22.39.156"
    },
    "window": " New Patient ",
    "extra": "New patient Opened"
},{
    "action": "log_data",
    "login": {
        "uid": "2",
        "date_time": "2018-04-03 13:19:41",
        "client_ip": "10.22.39.156"
    },
    "window": "Users",
    "extra": "extra Data"
},{
    "action": "log_data",
    "login": {
        "uid": "2",
        "date_time": "2018-04-03 13:20:17",
        "client_ip": "10.22.39.156"
    },
    "window": " New Patient ",
    "extra": "New patient Opened"
},{
    "action": "log_data",
    "login": {
        "uid": "2",
        "date_time": "2018-04-03 13:22:53",
        "client_ip": "10.22.39.156"
    },
    "window": " New Patient ",
    "extra": "New patient Opened"
},{
    "action": "log_data",
    "login": {
        "uid": "2",
        "date_time": "2018-04-03 13:23:44",
        "client_ip": "10.22.39.156"
    },
    "window": " New Patient ",
    "extra": "New patient Opened"
},{
    "action": "log_data",
    "login": {
        "uid": "2",
        "date_time": "2018-04-03 13:24:17",
        "client_ip": "10.22.39.156"
    },
    "window": " New Patient ",
    "extra": "New patient Opened"
},{
    "action": "log_data",
    "login": {
        "uid": "2",
        "date_time": "2018-04-03 13:24:29",
        "client_ip": "10.22.39.156"
    },
    "window": "Users",
    "extra": "extra Data"
},{
    "action": "log_data",
    "login": {
        "uid": "2",
        "date_time": "2018-04-03 13:24:32",
        "client_ip": "10.22.39.156"
    },
    "window": " New Patient ",
    "extra": "New patient Opened"
},{
    "action": "log_data",
    "login": {
        "uid": "2",
        "date_time": "2018-04-03 13:26:15",
        "client_ip": "10.22.39.156"
    },
    "window": " New Patient ",
    "extra": "New patient Opened"
},{
    "action": "log_data",
    "login": {
        "uid": "2",
        "date_time": "2018-04-03 13:27:31",
        "client_ip": "10.22.39.156"
    },
    "window": " New Patient ",
    "extra": "New patient Opened"
},{
    "action": "log_data",
    "login": {
        "uid": "2",
        "date_time": "2018-04-03 13:30:00",
        "client_ip": "10.22.39.156"
    },
    "window": " New Patient ",
    "extra": "New patient Opened"
},{
    "action": "log_data",
    "login": {
        "uid": "2",
        "date_time": "2018-04-03 13:30:39",
        "client_ip": "10.22.39.156"
    },
    "window": " New Patient ",
    "extra": "New patient Opened"
},{
    "action": "log_data",
    "login": {
        "uid": "2",
        "date_time": "2018-04-03 13:32:12",
        "client_ip": "10.22.39.156"
    },
    "window": " New Patient ",
    "extra": "New patient Opened"
},{
    "action": "log_data",
    "login": {
        "uid": "2",
        "date_time": "2018-04-03 13:32:23",
        "client_ip": "10.22.39.156"
    },
    "window": " New Patient ",
    "extra": "New patient Opened"
},{
    "action": "log_data",
    "login": {
        "uid": "2",
        "date_time": "2018-04-03 14:27:04",
        "client_ip": "10.22.39.156"
    },
    "window": "Date Change",
    "extra": ""
},{
    "action": "log_data",
    "login": {
        "uid": "2",
        "date_time": "2018-04-03 14:27:40",
        "client_ip": "10.22.39.156"
    },
    "window": "Date Change",
    "extra": ""
},{
    "action": "log_data",
    "login": {
        "uid": "2",
        "date_time": "2018-04-03 14:29:45",
        "client_ip": "10.22.39.156"
    },
    "window": "Date Change",
    "extra": ""
},{
    "action": "log_data",
    "login": {
        "uid": "2",
        "date_time": "2018-04-03 14:31:43",
        "client_ip": "10.22.39.156"
    },
    "window": " New Patient ",
    "extra": "New patient Opened"
},{
    "action": "log_data",
    "login": {
        "uid": "2",
        "date_time": "2018-04-03 14:33:05",
        "client_ip": "10.22.39.156"
    },
    "window": "Users",
    "extra": "extra Data"
},{
    "action": "log_data",
    "login": {
        "uid": "2",
        "date_time": "2018-04-03 14:33:06",
        "client_ip": "10.22.39.156"
    },
    "window": "Users",
    "extra": "extra Data"
},{
    "action": "log_data",
    "login": {
        "uid": "2",
        "date_time": "2018-04-03 14:33:35",
        "client_ip": "10.22.39.156"
    },
    "window": " New Patient ",
    "extra": "New patient Opened"
},{
    "action": "log_data",
    "login": {
        "uid": "1",
        "date_time": "2018-04-03 14:33:37",
        "client_ip": "10.22.39.157"
    },
    "window": "InPatient",
    "extra": "Getting Total Out Patients"
},{
    "action": "log_data",
    "login": {
        "uid": "1",
        "date_time": "2018-04-03 14:33:46",
        "client_ip": "10.22.39.157"
    },
    "window": "Users",
    "extra": "extra Data"
},{
    "action": "log_data",
    "login": {
        "uid": "2",
        "date_time": "2018-04-03 14:33:52",
        "client_ip": "10.22.39.156"
    },
    "window": "Users",
    "extra": "extra Data"
},{
    "action": "log_data",
    "login": {
        "uid": "1",
        "date_time": "2018-04-03 14:34:01",
        "client_ip": "10.22.39.157"
    },
    "window": "Users",
    "extra": "extra Data"
},{
    "action": "log_data",
    "login": {
        "uid": "1",
        "date_time": "2018-04-03 14:34:06",
        "client_ip": "10.22.39.157"
    },
    "window": "Doctor_ConsultData is Loaded",
    "extra": ""
},{
    "action": "log_data",
    "login": {
        "uid": "2",
        "date_time": "2018-04-03 14:34:14",
        "client_ip": "10.22.39.156"
    },
    "window": "Users",
    "extra": "extra Data"
},{
    "action": "log_data",
    "login": {
        "uid": "1",
        "date_time": "2018-04-03 14:34:30",
        "client_ip": "10.22.39.157"
    },
    "window": " New Patient ",
    "extra": "New patient Opened"
},{
    "action": "log_data",
    "login": {
        "uid": "2",
        "date_time": "2018-04-03 14:34:33",
        "client_ip": "10.22.39.156"
    },
    "window": "Users",
    "extra": "extra Data"
},{
    "action": "log_data",
    "login": {
        "uid": "1",
        "date_time": "2018-04-03 14:34:33",
        "client_ip": "10.22.39.157"
    },
    "window": "Doctor_ConsultData is Loaded",
    "extra": ""
},{
    "action": "log_data",
    "login": {
        "uid": "1",
        "date_time": "2018-04-03 14:34:36",
        "client_ip": "10.22.39.157"
    },
    "window": " New Patient ",
    "extra": "New patient Opened"
},{
    "action": "log_data",
    "login": {
        "uid": "1",
        "date_time": "2018-04-03 14:34:55",
        "client_ip": "10.22.39.157"
    },
    "window": "Date Change",
    "extra": ""
},{
    "action": "log_data",
    "login": {
        "uid": "1",
        "date_time": "2018-04-03 14:34:58",
        "client_ip": "10.22.39.157"
    },
    "window": "Users",
    "extra": "extra Data"
},{
    "action": "log_data",
    "login": {
        "uid": "2",
        "date_time": "2018-04-03 14:35:02",
        "client_ip": "10.22.39.156"
    },
    "window": "Collection",
    "extra": "collection_data%5Btransaction_date%5D=4%2F3%2F2018&collection_data%5Bpatient_id%5D=2&collection_data%5Bp_visit_id%5D=12&collection_data%5Bdr_id%5D=6&collection_data%5Buser_id%5D=2&collection_data%5Bpaid_amount%5D=100&collection_data%5Bpayment_type%5D=cash&collection_data%5Bbill_id%5D=4"
},{
    "action": "log_data",
    "login": {
        "uid": "2",
        "date_time": "2018-04-03 14:35:09",
        "client_ip": "10.22.39.156"
    },
    "window": "Users",
    "extra": "extra Data"
},{
    "action": "log_data",
    "login": {
        "uid": "2",
        "date_time": "2018-04-03 14:37:11",
        "client_ip": "10.22.39.156"
    },
    "window": "Collection",
    "extra": "collection_data%5Btransaction_date%5D=4%2F3%2F2018&collection_data%5Bpatient_id%5D=2&collection_data%5Bp_visit_id%5D=12&collection_data%5Bdr_id%5D=6&collection_data%5Buser_id%5D=2&collection_data%5Bbill_id%5D=4&collection_data%5Bpaid_amount%5D=100&collection_data%5Bpayment_type%5D=cash"
},{
    "action": "log_data",
    "login": {
        "uid": "2",
        "date_time": "2018-04-03 14:37:15",
        "client_ip": "10.22.39.156"
    },
    "window": "Users",
    "extra": "extra Data"
},{
    "action": "log_data",
    "login": {
        "uid": "2",
        "date_time": "2018-04-03 14:42:39",
        "client_ip": "10.22.39.156"
    },
    "window": " New Patient ",
    "extra": "New patient Opened"
},{
    "action": "log_data",
    "login": {
        "uid": "2",
        "date_time": "2018-04-03 14:43:00",
        "client_ip": "10.22.39.156"
    },
    "window": " New Patient ",
    "extra": "New patient Opened"
},{
    "action": "log_data",
    "login": {
        "uid": "2",
        "date_time": "2018-04-03 14:43:24",
        "client_ip": "10.22.39.156"
    },
    "window": " New Patient ",
    "extra": "New patient Opened"
},{
    "action": "log_data",
    "login": {
        "uid": "2",
        "date_time": "2018-04-03 14:45:12",
        "client_ip": "10.22.39.156"
    },
    "window": " New Patient ",
    "extra": "New patient Opened"
},{
    "action": "log_data",
    "login": {
        "uid": "2",
        "date_time": "2018-04-03 14:46:34",
        "client_ip": "10.22.39.156"
    },
    "window": " New Patient ",
    "extra": "New patient Opened"
},{
    "action": "log_data",
    "login": {
        "uid": "2",
        "date_time": "2018-04-03 14:56:43",
        "client_ip": "10.22.39.156"
    },
    "window": " New Patient ",
    "extra": "New patient Opened"
},{
    "action": "log_data",
    "login": {
        "uid": "2",
        "date_time": "2018-04-03 14:57:29",
        "client_ip": "10.22.39.156"
    },
    "window": " New Patient ",
    "extra": "New patient Opened"
},{
    "action": "log_data",
    "login": {
        "uid": "2",
        "date_time": "2018-04-03 15:00:00",
        "client_ip": "10.22.39.156"
    },
    "window": " New Patient ",
    "extra": "New patient Opened"
},{
    "action": "log_data",
    "login": {
        "uid": "2",
        "date_time": "2018-04-03 15:00:38",
        "client_ip": "10.22.39.156"
    },
    "window": " New Patient ",
    "extra": "New patient Opened"
},{
    "action": "log_data",
    "login": {
        "uid": "2",
        "date_time": "2018-04-03 15:04:47",
        "client_ip": "10.22.39.156"
    },
    "window": " New Patient ",
    "extra": "New patient Opened"
},{
    "action": "log_data",
    "login": {
        "uid": "2",
        "date_time": "2018-04-03 15:05:19",
        "client_ip": "10.22.39.156"
    },
    "window": " New Patient ",
    "extra": "New patient Opened"
},{
    "action": "log_data",
    "login": {
        "uid": "2",
        "date_time": "2018-04-03 15:07:34",
        "client_ip": "10.22.39.156"
    },
    "window": " New Patient ",
    "extra": "New patient Opened"
},{
    "action": "log_data",
    "login": {
        "uid": "2",
        "date_time": "2018-04-03 15:08:59",
        "client_ip": "10.22.39.156"
    },
    "window": " New Patient ",
    "extra": "New patient Opened"
},{
    "action": "log_data",
    "login": {
        "uid": "2",
        "date_time": "2018-04-03 15:11:41",
        "client_ip": "10.22.39.156"
    },
    "window": " New Patient ",
    "extra": "New patient Opened"
},{
    "action": "log_data",
    "login": {
        "uid": "2",
        "date_time": "2018-04-03 15:12:10",
        "client_ip": "10.22.39.156"
    },
    "window": " New Patient ",
    "extra": "New patient Opened"
},{
    "action": "log_data",
    "login": {
        "uid": "2",
        "date_time": "2018-04-03 15:13:15",
        "client_ip": "10.22.39.156"
    },
    "window": " New Patient ",
    "extra": "New patient Opened"
},{
    "action": "log_data",
    "login": {
        "uid": "2",
        "date_time": "2018-04-03 15:13:41",
        "client_ip": "10.22.39.156"
    },
    "window": " New Patient ",
    "extra": "New patient Opened"
},{
    "action": "log_data",
    "login": {
        "uid": "2",
        "date_time": "2018-04-03 15:14:22",
        "client_ip": "10.22.39.156"
    },
    "window": " New Patient ",
    "extra": "New patient Opened"
},{
    "action": "log_data",
    "login": {
        "uid": "2",
        "date_time": "2018-04-03 15:15:53",
        "client_ip": "10.22.39.156"
    },
    "window": " New Patient ",
    "extra": "New patient Opened"
},{
    "action": "log_data",
    "login": {
        "uid": "2",
        "date_time": "2018-04-03 15:17:17",
        "client_ip": "10.22.39.156"
    },
    "window": " New Patient ",
    "extra": "New patient Opened"
},{
    "action": "log_data",
    "login": {
        "uid": "2",
        "date_time": "2018-04-03 15:20:23",
        "client_ip": "10.22.39.156"
    },
    "window": " New Patient ",
    "extra": "New patient Opened"
},{
    "action": "log_data",
    "login": {
        "uid": "2",
        "date_time": "2018-04-03 15:20:55",
        "client_ip": "10.22.39.156"
    },
    "window": " New Patient ",
    "extra": "New patient Opened"
},{
    "action": "log_data",
    "login": {
        "uid": "2",
        "date_time": "2018-04-03 15:27:00",
        "client_ip": "10.22.39.156"
    },
    "window": " New Patient ",
    "extra": "New patient Opened"
},{
    "action": "log_data",
    "login": {
        "uid": "2",
        "date_time": "2018-04-03 15:28:55",
        "client_ip": "10.22.39.156"
    },
    "window": " New Patient ",
    "extra": "New patient Opened"
},{
    "action": "log_data",
    "login": {
        "uid": "2",
        "date_time": "2018-04-03 15:29:44",
        "client_ip": "10.22.39.156"
    },
    "window": " New Patient ",
    "extra": "New patient Opened"
},{
    "action": "log_data",
    "login": {
        "uid": "2",
        "date_time": "2018-04-03 15:31:24",
        "client_ip": "10.22.39.156"
    },
    "window": " New Patient ",
    "extra": "New patient Opened"
},{
    "action": "log_data",
    "login": {
        "uid": "2",
        "date_time": "2018-04-03 15:32:28",
        "client_ip": "10.22.39.156"
    },
    "window": " New Patient ",
    "extra": "New patient Opened"
},{
    "action": "log_data",
    "login": {
        "uid": "2",
        "date_time": "2018-04-03 15:33:16",
        "client_ip": "10.22.39.156"
    },
    "window": " New Patient ",
    "extra": "New patient Opened"
},{
    "action": "log_data",
    "login": {
        "uid": "2",
        "date_time": "2018-04-03 15:34:30",
        "client_ip": "10.22.39.156"
    },
    "window": " New Patient ",
    "extra": "New patient Opened"
},{
    "action": "log_data",
    "login": {
        "uid": "2",
        "date_time": "2018-04-03 15:35:38",
        "client_ip": "10.22.39.156"
    },
    "window": " New Patient ",
    "extra": "New patient Opened"
},{
    "action": "log_data",
    "login": {
        "uid": "2",
        "date_time": "2018-04-03 15:36:31",
        "client_ip": "10.22.39.156"
    },
    "window": " New Patient ",
    "extra": "New patient Opened"
},{
    "action": "log_data",
    "login": {
        "uid": "2",
        "date_time": "2018-04-03 15:37:49",
        "client_ip": "10.22.39.156"
    },
    "window": " New Patient ",
    "extra": "New patient Opened"
},{
    "action": "log_data",
    "login": {
        "uid": "2",
        "date_time": "2018-04-03 15:38:54",
        "client_ip": "10.22.39.156"
    },
    "window": " New Patient ",
    "extra": "New patient Opened"
},{
    "action": "log_data",
    "login": {
        "uid": "2",
        "date_time": "2018-04-03 15:39:38",
        "client_ip": "10.22.39.156"
    },
    "window": " New Patient ",
    "extra": "New patient Opened"
},{
    "action": "log_data",
    "login": {
        "uid": "2",
        "date_time": "2018-04-03 15:41:46",
        "client_ip": "10.22.39.156"
    },
    "window": " New Patient ",
    "extra": "New patient Opened"
},{
    "action": "log_data",
    "login": {
        "uid": "2",
        "date_time": "2018-04-03 15:46:42",
        "client_ip": "10.22.39.156"
    },
    "window": " New Patient ",
    "extra": "New patient Opened"
},{
    "action": "log_data",
    "login": {
        "uid": "2",
        "date_time": "2018-04-03 15:48:17",
        "client_ip": "10.22.39.156"
    },
    "window": " New Patient ",
    "extra": "New patient Opened"
},{
    "action": "log_data",
    "login": {
        "uid": "2",
        "date_time": "2018-04-03 15:49:50",
        "client_ip": "10.22.39.156"
    },
    "window": " New Patient ",
    "extra": "New patient Opened"
},{
    "action": "log_data",
    "login": {
        "uid": "1",
        "date_time": "2018-04-03 15:50:03",
        "client_ip": "10.22.39.157"
    },
    "window": "InPatient",
    "extra": "Getting Total Out Patients"
},{
    "action": "log_data",
    "login": {
        "uid": "1",
        "date_time": "2018-04-03 15:50:15",
        "client_ip": "10.22.39.157"
    },
    "window": "Users",
    "extra": "extra Data"
},{
    "action": "log_data",
    "login": {
        "uid": "2",
        "date_time": "2018-04-03 15:50:18",
        "client_ip": "10.22.39.156"
    },
    "window": " New Patient ",
    "extra": "New patient Opened"
},{
    "action": "log_data",
    "login": {
        "uid": "1",
        "date_time": "2018-04-03 15:50:23",
        "client_ip": "10.22.39.157"
    },
    "window": "Users",
    "extra": "extra Data"
},{
    "action": "log_data",
    "login": {
        "uid": "1",
        "date_time": "2018-04-03 15:50:28",
        "client_ip": "10.22.39.157"
    },
    "window": "Users",
    "extra": "extra Data"
},{
    "action": "log_data",
    "login": {
        "uid": "1",
        "date_time": "2018-04-03 15:50:41",
        "client_ip": "10.22.39.157"
    },
    "window": "Users",
    "extra": "extra Data"
},{
    "action": "log_data",
    "login": {
        "uid": "2",
        "date_time": "2018-04-03 15:51:11",
        "client_ip": "10.22.39.156"
    },
    "window": " New Patient ",
    "extra": "New patient Opened"
},{
    "action": "log_data",
    "login": {
        "uid": "2",
        "date_time": "2018-04-03 15:51:41",
        "client_ip": "10.22.39.156"
    },
    "window": " New Patient ",
    "extra": "New patient Opened"
},{
    "action": "log_data",
    "login": {
        "uid": "2",
        "date_time": "2018-04-03 15:52:17",
        "client_ip": "10.22.39.156"
    },
    "window": " New Patient ",
    "extra": "New patient Opened"
},{
    "action": "log_data",
    "login": {
        "uid": "2",
        "date_time": "2018-04-03 15:52:54",
        "client_ip": "10.22.39.156"
    },
    "window": " New Patient ",
    "extra": "New patient Opened"
},{
    "action": "log_data",
    "login": {
        "uid": "2",
        "date_time": "2018-04-03 15:53:32",
        "client_ip": "10.22.39.156"
    },
    "window": " New Patient ",
    "extra": "New patient Opened"
},{
    "action": "log_data",
    "login": {
        "uid": "1",
        "date_time": "2018-04-03 15:53:37",
        "client_ip": "10.22.39.157"
    },
    "window": "Users",
    "extra": "extra Data"
},{
    "action": "log_data",
    "login": {
        "uid": "2",
        "date_time": "2018-04-03 15:54:21",
        "client_ip": "10.22.39.156"
    },
    "window": " New Patient ",
    "extra": "New patient Opened"
},{
    "action": "log_data",
    "login": {
        "uid": "2",
        "date_time": "2018-04-03 15:55:22",
        "client_ip": "10.22.39.156"
    },
    "window": "InPatient",
    "extra": "Getting Total Out Patients"
},{
    "action": "log_data",
    "login": {
        "uid": "2",
        "date_time": "2018-04-03 15:55:26",
        "client_ip": "10.22.39.156"
    },
    "window": " New Patient ",
    "extra": "New patient Opened"
},{
    "action": "log_data",
    "login": {
        "uid": "1",
        "date_time": "2018-04-03 15:56:03",
        "client_ip": "10.22.39.157"
    },
    "window": "Users",
    "extra": "extra Data"
},{
    "action": "log_data",
    "login": {
        "uid": "2",
        "date_time": "2018-04-03 15:56:18",
        "client_ip": "10.22.39.156"
    },
    "window": " New Patient ",
    "extra": "New patient Opened"
},{
    "action": "log_data",
    "login": {
        "uid": "2",
        "date_time": "2018-04-03 15:57:44",
        "client_ip": "10.22.39.156"
    },
    "window": " New Patient ",
    "extra": "New patient Opened"
},{
    "action": "log_data",
    "login": {
        "uid": "2",
        "date_time": "2018-04-03 15:58:46",
        "client_ip": "10.22.39.156"
    },
    "window": " New Patient ",
    "extra": "New patient Opened"
},{
    "action": "log_data",
    "login": {
        "uid": "2",
        "date_time": "2018-04-03 15:59:13",
        "client_ip": "10.22.39.156"
    },
    "window": " New Patient ",
    "extra": "New patient Opened"
},{
    "action": "log_data",
    "login": {
        "uid": "2",
        "date_time": "2018-04-03 15:59:59",
        "client_ip": "10.22.39.156"
    },
    "window": " New Patient ",
    "extra": "New patient Opened"
},{
    "action": "log_data",
    "login": {
        "uid": "2",
        "date_time": "2018-04-03 16:02:55",
        "client_ip": "10.22.39.156"
    },
    "window": "Users",
    "extra": "extra Data"
},{
    "action": "log_data",
    "login": {
        "uid": "2",
        "date_time": "2018-04-03 16:03:09",
        "client_ip": "10.22.39.156"
    },
    "window": "Collection",
    "extra": "collection_data%5Btransaction_date%5D=4%2F3%2F2018&collection_data%5Bpatient_id%5D=2&collection_data%5Bp_visit_id%5D=12&collection_data%5Bdr_id%5D=6&collection_data%5Buser_id%5D=2&collection_data%5Bbill_id%5D=2&collection_data%5Bpaid_amount%5D=200&collection_data%5Bpayment_type%5D=cash"
},{
    "action": "log_data",
    "login": {
        "uid": "2",
        "date_time": "2018-04-03 16:03:23",
        "client_ip": "10.22.39.156"
    },
    "window": "Users",
    "extra": "extra Data"
},{
    "action": "log_data",
    "login": {
        "uid": "2",
        "date_time": "2018-04-03 16:04:01",
        "client_ip": "10.22.39.156"
    },
    "window": "Users",
    "extra": "extra Data"
},{
    "action": "log_data",
    "login": {
        "uid": "2",
        "date_time": "2018-04-03 16:05:41",
        "client_ip": "10.22.39.156"
    },
    "window": "Users",
    "extra": "extra Data"
},{
    "action": "log_data",
    "login": {
        "uid": "2",
        "date_time": "2018-04-03 16:07:14",
        "client_ip": "10.22.39.156"
    },
    "window": "Users",
    "extra": "extra Data"
},{
    "action": "log_data",
    "login": {
        "uid": "2",
        "date_time": "2018-04-03 16:07:52",
        "client_ip": "10.22.39.156"
    },
    "window": "Users",
    "extra": "extra Data"
},{
    "action": "log_data",
    "login": {
        "uid": "2",
        "date_time": "2018-04-03 16:09:47",
        "client_ip": "10.22.39.156"
    },
    "window": "Users",
    "extra": "extra Data"
},{
    "action": "log_data",
    "login": {
        "uid": "2",
        "date_time": "2018-04-03 16:10:21",
        "client_ip": "10.22.39.156"
    },
    "window": "Users",
    "extra": "extra Data"
},{
    "action": "log_data",
    "login": {
        "uid": "2",
        "date_time": "2018-04-03 16:11:19",
        "client_ip": "10.22.39.156"
    },
    "window": "Users",
    "extra": "extra Data"
},{
    "action": "log_data",
    "login": {
        "uid": "2",
        "date_time": "2018-04-03 16:11:23",
        "client_ip": "10.22.39.156"
    },
    "window": "Users",
    "extra": "extra Data"
},{
    "action": "log_data",
    "login": {
        "uid": "2",
        "date_time": "2018-04-03 16:11:55",
        "client_ip": "10.22.39.156"
    },
    "window": "Users",
    "extra": "extra Data"
},{
    "action": "log_data",
    "login": {
        "uid": "2",
        "date_time": "2018-04-03 16:12:10",
        "client_ip": "10.22.39.156"
    },
    "window": "Users",
    "extra": "extra Data"
},{
    "action": "log_data",
    "login": {
        "uid": "2",
        "date_time": "2018-04-03 16:12:26",
        "client_ip": "10.22.39.156"
    },
    "window": "Users",
    "extra": "extra Data"
},{
    "action": "log_data",
    "login": {
        "uid": "2",
        "date_time": "2018-04-03 16:12:42",
        "client_ip": "10.22.39.156"
    },
    "window": "Users",
    "extra": "extra Data"
},{
    "action": "log_data",
    "login": {
        "uid": "2",
        "date_time": "2018-04-03 16:13:01",
        "client_ip": "10.22.39.156"
    },
    "window": "Users",
    "extra": "extra Data"
},{
    "action": "log_data",
    "login": {
        "uid": "2",
        "date_time": "2018-04-03 16:13:59",
        "client_ip": "10.22.39.156"
    },
    "window": "Users",
    "extra": "extra Data"
},{
    "action": "log_data",
    "login": {
        "uid": "2",
        "date_time": "2018-04-03 16:14:24",
        "client_ip": "10.22.39.156"
    },
    "window": "Users",
    "extra": "extra Data"
},{
    "action": "log_data",
    "login": {
        "uid": "2",
        "date_time": "2018-04-03 16:14:58",
        "client_ip": "10.22.39.156"
    },
    "window": "Users",
    "extra": "extra Data"
},{
    "action": "log_data",
    "login": {
        "uid": "2",
        "date_time": "2018-04-03 16:16:42",
        "client_ip": "10.22.39.156"
    },
    "window": "Users",
    "extra": "extra Data"
},{
    "action": "log_data",
    "login": {
        "uid": "2",
        "date_time": "2018-04-03 16:17:07",
        "client_ip": "10.22.39.156"
    },
    "window": "Users",
    "extra": "extra Data"
},{
    "action": "log_data",
    "login": {
        "uid": "2",
        "date_time": "2018-04-03 16:20:11",
        "client_ip": "10.22.39.156"
    },
    "window": "Users",
    "extra": "extra Data"
},{
    "action": "log_data",
    "login": {
        "uid": "2",
        "date_time": "2018-04-03 16:22:03",
        "client_ip": "10.22.39.156"
    },
    "window": "Users",
    "extra": "extra Data"
},{
    "action": "log_data",
    "login": {
        "uid": "2",
        "date_time": "2018-04-03 16:23:46",
        "client_ip": "10.22.39.156"
    },
    "window": "Users",
    "extra": "extra Data"
},{
    "action": "log_data",
    "login": {
        "uid": "2",
        "date_time": "2018-04-03 16:24:28",
        "client_ip": "10.22.39.156"
    },
    "window": "Users",
    "extra": "extra Data"
},{
    "action": "log_data",
    "login": {
        "uid": "2",
        "date_time": "2018-04-03 16:26:07",
        "client_ip": "10.22.39.156"
    },
    "window": "Users",
    "extra": "extra Data"
},{
    "action": "log_data",
    "login": {
        "uid": "2",
        "date_time": "2018-04-03 16:26:32",
        "client_ip": "10.22.39.156"
    },
    "window": "Users",
    "extra": "extra Data"
},{
    "action": "log_data",
    "login": {
        "uid": "2",
        "date_time": "2018-04-03 16:27:13",
        "client_ip": "10.22.39.156"
    },
    "window": "Users",
    "extra": "extra Data"
},{
    "action": "log_data",
    "login": {
        "uid": "2",
        "date_time": "2018-04-03 16:27:35",
        "client_ip": "10.22.39.156"
    },
    "window": "Users",
    "extra": "extra Data"
},{
    "action": "log_data",
    "login": {
        "uid": "2",
        "date_time": "2018-04-03 16:28:08",
        "client_ip": "10.22.39.156"
    },
    "window": "Users",
    "extra": "extra Data"
},{
    "action": "log_data",
    "login": {
        "uid": "2",
        "date_time": "2018-04-03 16:32:13",
        "client_ip": "10.22.39.156"
    },
    "window": "Users",
    "extra": "extra Data"
},{
    "action": "log_data",
    "login": {
        "uid": "1",
        "date_time": "2018-04-03 16:33:55",
        "client_ip": "10.22.39.157"
    },
    "window": "Users",
    "extra": "extra Data"
},{
    "action": "log_data",
    "login": {
        "uid": "2",
        "date_time": "2018-04-03 16:35:23",
        "client_ip": "10.22.39.156"
    },
    "window": "Users",
    "extra": "extra Data"
},{
    "action": "log_data",
    "login": {
        "uid": "2",
        "date_time": "2018-04-03 16:35:25",
        "client_ip": "10.22.39.156"
    },
    "window": "Users",
    "extra": "extra Data"
},{
    "action": "log_data",
    "login": {
        "uid": "2",
        "date_time": "2018-04-03 16:37:14",
        "client_ip": "10.22.39.156"
    },
    "window": "Users",
    "extra": "extra Data"
},{
    "action": "log_data",
    "login": {
        "uid": "2",
        "date_time": "2018-04-03 16:37:53",
        "client_ip": "10.22.39.156"
    },
    "window": "Users",
    "extra": "extra Data"
},{
    "action": "log_data",
    "login": {
        "uid": "2",
        "date_time": "2018-04-03 16:38:49",
        "client_ip": "10.22.39.156"
    },
    "window": "Users",
    "extra": "extra Data"
},{
    "action": "log_data",
    "login": {
        "uid": "2",
        "date_time": "2018-04-03 16:38:52",
        "client_ip": "10.22.39.156"
    },
    "window": "Users",
    "extra": "extra Data"
},{
    "action": "log_data",
    "login": {
        "uid": "2",
        "date_time": "2018-04-03 16:40:09",
        "client_ip": "10.22.39.156"
    },
    "window": "Users",
    "extra": "extra Data"
},{
    "action": "log_data",
    "login": {
        "uid": "2",
        "date_time": "2018-04-03 16:41:46",
        "client_ip": "10.22.39.156"
    },
    "window": "Users",
    "extra": "extra Data"
},{
    "action": "log_data",
    "login": {
        "uid": "2",
        "date_time": "2018-04-03 16:45:04",
        "client_ip": "10.22.39.156"
    },
    "window": "Users",
    "extra": "extra Data"
},{
    "action": "log_data",
    "login": {
        "uid": "2",
        "date_time": "2018-04-03 16:46:10",
        "client_ip": "10.22.39.156"
    },
    "window": "Users",
    "extra": "extra Data"
},{
    "action": "log_data",
    "login": {
        "uid": "2",
        "date_time": "2018-04-03 16:49:12",
        "client_ip": "10.22.39.156"
    },
    "window": "Users",
    "extra": "extra Data"
},{
    "action": "log_data",
    "login": {
        "uid": "2",
        "date_time": "2018-04-03 16:51:11",
        "client_ip": "10.22.39.156"
    },
    "window": "Users",
    "extra": "extra Data"
},{
    "action": "log_data",
    "login": {
        "uid": "2",
        "date_time": "2018-04-03 16:53:50",
        "client_ip": "10.22.39.156"
    },
    "window": "Users",
    "extra": "extra Data"
},{
    "action": "log_data",
    "login": {
        "uid": "2",
        "date_time": "2018-04-03 16:55:52",
        "client_ip": "10.22.39.156"
    },
    "window": "Users",
    "extra": "extra Data"
},{
    "action": "log_data",
    "login": {
        "uid": "2",
        "date_time": "2018-04-03 16:56:59",
        "client_ip": "10.22.39.156"
    },
    "window": "Users",
    "extra": "extra Data"
},{
    "action": "log_data",
    "login": {
        "uid": "2",
        "date_time": "2018-04-03 16:57:13",
        "client_ip": "10.22.39.156"
    },
    "window": "Users",
    "extra": "extra Data"
},{
    "action": "log_data",
    "login": {
        "uid": "2",
        "date_time": "2018-04-03 16:58:09",
        "client_ip": "10.22.39.156"
    },
    "window": "Users",
    "extra": "extra Data"
},{
    "action": "log_data",
    "login": {
        "uid": "2",
        "date_time": "2018-04-03 17:00:13",
        "client_ip": "10.22.39.156"
    },
    "window": "Users",
    "extra": "extra Data"
},{
    "action": "log_data",
    "login": {
        "uid": "2",
        "date_time": "2018-04-03 17:02:15",
        "client_ip": "10.22.39.156"
    },
    "window": "Users",
    "extra": "extra Data"
},{
    "action": "log_data",
    "login": {
        "uid": "2",
        "date_time": "2018-04-03 17:03:04",
        "client_ip": "10.22.39.156"
    },
    "window": "Users",
    "extra": "extra Data"
},{
    "action": "log_data",
    "login": {
        "uid": "2",
        "date_time": "2018-04-03 17:04:19",
        "client_ip": "10.22.39.156"
    },
    "window": "Users",
    "extra": "extra Data"
},{
    "action": "log_data",
    "login": {
        "uid": "2",
        "date_time": "2018-04-03 17:05:21",
        "client_ip": "10.22.39.156"
    },
    "window": "Users",
    "extra": "extra Data"
},{
    "action": "log_data",
    "login": {
        "uid": "2",
        "date_time": "2018-04-03 17:06:26",
        "client_ip": "10.22.39.156"
    },
    "window": "Users",
    "extra": "extra Data"
},{
    "action": "log_data",
    "login": {
        "uid": "2",
        "date_time": "2018-04-03 17:06:42",
        "client_ip": "10.22.39.156"
    },
    "window": "Users",
    "extra": "extra Data"
},{
    "action": "log_data",
    "login": {
        "uid": "2",
        "date_time": "2018-04-03 17:09:49",
        "client_ip": "10.22.39.156"
    },
    "window": "Users",
    "extra": "extra Data"
},{
    "action": "log_data",
    "login": {
        "uid": "2",
        "date_time": "2018-04-03 17:11:44",
        "client_ip": "10.22.39.156"
    },
    "window": "Users",
    "extra": "extra Data"
},{
    "action": "log_data",
    "login": {
        "uid": "2",
        "date_time": "2018-04-03 17:12:33",
        "client_ip": "10.22.39.156"
    },
    "window": "Users",
    "extra": "extra Data"
},{
    "action": "log_data",
    "login": {
        "uid": "2",
        "date_time": "2018-04-03 17:13:30",
        "client_ip": "10.22.39.156"
    },
    "window": "Users",
    "extra": "extra Data"
},{
    "action": "log_data",
    "login": {
        "uid": "1",
        "date_time": "2018-04-03 17:13:42",
        "client_ip": "10.22.39.157"
    },
    "window": "Users",
    "extra": "extra Data"
},{
    "action": "log_data",
    "login": {
        "uid": "2",
        "date_time": "2018-04-03 17:15:32",
        "client_ip": "10.22.39.156"
    },
    "window": "Users",
    "extra": "extra Data"
},{
    "action": "log_data",
    "login": {
        "uid": "2",
        "date_time": "2018-04-03 17:18:15",
        "client_ip": "10.22.39.156"
    },
    "window": "Users",
    "extra": "extra Data"
},{
    "action": "log_data",
    "login": {
        "uid": "2",
        "date_time": "2018-04-03 17:19:31",
        "client_ip": "10.22.39.156"
    },
    "window": "Users",
    "extra": "extra Data"
},{
    "action": "log_data",
    "login": {
        "uid": "2",
        "date_time": "2018-04-03 17:21:37",
        "client_ip": "10.22.39.156"
    },
    "window": "Users",
    "extra": "extra Data"
},{
    "action": "log_data",
    "login": {
        "uid": "2",
        "date_time": "2018-04-03 17:21:57",
        "client_ip": "10.22.39.156"
    },
    "window": "Users",
    "extra": "extra Data"
},{
    "action": "log_data",
    "login": {
        "uid": "2",
        "date_time": "2018-04-03 17:37:55",
        "client_ip": "10.22.39.156"
    },
    "window": "Users",
    "extra": "extra Data"
},{
    "action": "log_data",
    "login": {
        "uid": "2",
        "date_time": "2018-04-03 17:39:37",
        "client_ip": "10.22.39.156"
    },
    "window": "Users",
    "extra": "extra Data"
},{
    "action": "log_data",
    "login": {
        "uid": "2",
        "date_time": "2018-04-03 17:41:34",
        "client_ip": "10.22.39.156"
    },
    "window": "Users",
    "extra": "extra Data"
},{
    "action": "log_data",
    "login": {
        "uid": "2",
        "date_time": "2018-04-03 17:42:34",
        "client_ip": "10.22.39.156"
    },
    "window": "Users",
    "extra": "extra Data"
},{
    "action": "log_data",
    "login": {
        "uid": "1",
        "date_time": "2018-04-03 17:43:14",
        "client_ip": "10.22.39.157"
    },
    "window": "Users",
    "extra": "extra Data"
},{
    "action": "log_data",
    "login": {
        "uid": "2",
        "date_time": "2018-04-03 17:44:06",
        "client_ip": "10.22.39.156"
    },
    "window": "Users",
    "extra": "extra Data"
},{
    "action": "log_data",
    "login": {
        "uid": "1",
        "date_time": "2018-04-03 17:44:13",
        "client_ip": "10.22.39.157"
    },
    "window": "Users",
    "extra": "extra Data"
},{
    "action": "log_data",
    "login": {
        "uid": "2",
        "date_time": "2018-04-03 17:45:37",
        "client_ip": "10.22.39.156"
    },
    "window": "Users",
    "extra": "extra Data"
},{
    "action": "log_data",
    "login": {
        "uid": "1",
        "date_time": "2018-04-03 17:45:38",
        "client_ip": "10.22.39.157"
    },
    "window": "Users",
    "extra": "extra Data"
},{
    "action": "log_data",
    "login": {
        "uid": "2",
        "date_time": "2018-04-03 17:45:43",
        "client_ip": "10.22.39.156"
    },
    "window": "Users",
    "extra": "extra Data"
},{
    "action": "log_data",
    "login": {
        "uid": "1",
        "date_time": "2018-04-03 17:46:40",
        "client_ip": "10.22.39.157"
    },
    "window": "Collection",
    "extra": "collection_data%5Btransaction_date%5D=4%2F3%2F2018&collection_data%5Bpatient_id%5D=2&collection_data%5Bp_visit_id%5D=12&collection_data%5Bdr_id%5D=6&collection_data%5Buser_id%5D=1&collection_data%5Bbill_id%5D=2&collection_data%5Bpaid_amount%5D=1000&collection_data%5Bpayment_type%5D=Cheque&collection_data%5Bremark%5D=TCNO%3A%2012345678"
},{
    "action": "log_data",
    "login": {
        "uid": "1",
        "date_time": "2018-04-03 17:47:01",
        "client_ip": "10.22.39.157"
    },
    "window": "Users",
    "extra": "extra Data"
},{
    "action": "log_data",
    "login": {
        "uid": "1",
        "date_time": "2018-04-03 17:48:12",
        "client_ip": "10.22.39.157"
    },
    "window": "Users",
    "extra": "extra Data"
},{
    "action": "log_data",
    "login": {
        "uid": "1",
        "date_time": "2018-04-03 17:48:41",
        "client_ip": "10.22.39.157"
    },
    "window": "Collection",
    "extra": "collection_data%5Btransaction_date%5D=4%2F3%2F2018&collection_data%5Bpatient_id%5D=2&collection_data%5Bp_visit_id%5D=12&collection_data%5Bdr_id%5D=6&collection_data%5Buser_id%5D=1&collection_data%5Bbill_id%5D=2&collection_data%5Bpayment_type%5D=Cheque&collection_data%5Bremark%5D=121212&collection_data%5Bpaid_amount%5D=1000"
},{
    "action": "log_data",
    "login": {
        "uid": "1",
        "date_time": "2018-04-03 17:48:57",
        "client_ip": "10.22.39.157"
    },
    "window": "Users",
    "extra": "extra Data"
},{
    "action": "log_data",
    "login": {
        "uid": "2",
        "date_time": "2018-04-03 17:49:32",
        "client_ip": "10.22.39.156"
    },
    "window": "Users",
    "extra": "extra Data"
},{
    "action": "log_data",
    "login": {
        "uid": "1",
        "date_time": "2018-04-03 17:50:24",
        "client_ip": "10.22.39.157"
    },
    "window": "Users",
    "extra": "extra Data"
},{
    "action": "log_data",
    "login": {
        "uid": "2",
        "date_time": "2018-04-03 17:50:28",
        "client_ip": "10.22.39.156"
    },
    "window": "Users",
    "extra": "extra Data"
},{
    "action": "log_data",
    "login": {
        "uid": "1",
        "date_time": "2018-04-03 17:50:29",
        "client_ip": "10.22.39.157"
    },
    "window": "Users",
    "extra": "extra Data"
},{
    "action": "log_data",
    "login": {
        "uid": "2",
        "date_time": "2018-04-03 17:50:30",
        "client_ip": "10.22.39.156"
    },
    "window": "Users",
    "extra": "extra Data"
},{
    "action": "log_data",
    "login": {
        "uid": "1",
        "date_time": "2018-04-03 17:50:54",
        "client_ip": "10.22.39.157"
    },
    "window": "Collection",
    "extra": "collection_data%5Btransaction_date%5D=4%2F3%2F2018&collection_data%5Bpatient_id%5D=2&collection_data%5Bp_visit_id%5D=12&collection_data%5Bdr_id%5D=6&collection_data%5Buser_id%5D=1&collection_data%5Bbill_id%5D=2&collection_data%5Bpaid_amount%5D=1000&collection_data%5Bremark%5D=1212&collection_data%5Bpayment_type%5D=Cheque"
},{
    "action": "log_data",
    "login": {
        "uid": "1",
        "date_time": "2018-04-03 17:50:58",
        "client_ip": "10.22.39.157"
    },
    "window": "Users",
    "extra": "extra Data"
},{
    "action": "log_data",
    "login": {
        "uid": "1",
        "date_time": "2018-04-03 17:51:46",
        "client_ip": "10.22.39.157"
    },
    "window": "Users",
    "extra": "extra Data"
},{
    "action": "log_data",
    "login": {
        "uid": "2",
        "date_time": "2018-04-03 17:51:56",
        "client_ip": "10.22.39.156"
    },
    "window": "Users",
    "extra": "extra Data"
},{
    "action": "log_data",
    "login": {
        "uid": "1",
        "date_time": "2018-04-03 17:52:32",
        "client_ip": "10.22.39.157"
    },
    "window": "Collection",
    "extra": "collection_data%5Btransaction_date%5D=4%2F3%2F2018&collection_data%5Bpatient_id%5D=2&collection_data%5Bp_visit_id%5D=12&collection_data%5Bdr_id%5D=6&collection_data%5Buser_id%5D=1&collection_data%5Bbill_id%5D=2&collection_data%5Bpaid_amount%5D=100&collection_data%5Bpayment_type%5D=Cheque&collection_data%5Bremark%5D=TNO%3A%2012121212"
},{
    "action": "log_data",
    "login": {
        "uid": "1",
        "date_time": "2018-04-03 17:52:42",
        "client_ip": "10.22.39.157"
    },
    "window": "Users",
    "extra": "extra Data"
},{
    "action": "log_data",
    "login": {
        "uid": "1",
        "date_time": "2018-04-03 17:52:49",
        "client_ip": "10.22.39.157"
    },
    "window": "Users",
    "extra": "extra Data"
},{
    "action": "log_data",
    "login": {
        "uid": "2",
        "date_time": "2018-04-03 17:53:22",
        "client_ip": "10.22.39.156"
    },
    "window": "Users",
    "extra": "extra Data"
},{
    "action": "log_data",
    "login": {
        "uid": "2",
        "date_time": "2018-04-03 17:53:36",
        "client_ip": "10.22.39.156"
    },
    "window": "Users",
    "extra": "extra Data"
},{
    "action": "log_data",
    "login": {
        "uid": "2",
        "date_time": "2018-04-03 17:54:19",
        "client_ip": "10.22.39.156"
    },
    "window": "Users",
    "extra": "extra Data"
},{
    "action": "log_data",
    "login": {
        "uid": "2",
        "date_time": "2018-04-03 17:55:42",
        "client_ip": "10.22.39.156"
    },
    "window": "InPatient",
    "extra": "Getting Total Out Patients"
},{
    "action": "log_data",
    "login": {
        "uid": "2",
        "date_time": "2018-04-03 17:55:46",
        "client_ip": "10.22.39.156"
    },
    "window": "Users",
    "extra": "extra Data"
},{
    "action": "log_data",
    "login": {
        "uid": "2",
        "date_time": "2018-04-03 17:57:59",
        "client_ip": "10.22.39.156"
    },
    "window": "Users",
    "extra": "extra Data"
},{
    "action": "log_data",
    "login": {
        "uid": "2",
        "date_time": "2018-04-03 17:58:20",
        "client_ip": "10.22.39.156"
    },
    "window": "Users",
    "extra": "extra Data"
},{
    "action": "log_data",
    "login": {
        "uid": "2",
        "date_time": "2018-04-03 18:00:29",
        "client_ip": "10.22.39.156"
    },
    "window": "Users",
    "extra": "extra Data"
},{
    "action": "log_data",
    "login": {
        "uid": "2",
        "date_time": "2018-04-03 18:00:42",
        "client_ip": "10.22.39.156"
    },
    "window": "Users",
    "extra": "extra Data"
},{
    "action": "log_data",
    "login": {
        "uid": "2",
        "date_time": "2018-04-03 18:01:33",
        "client_ip": "10.22.39.156"
    },
    "window": "Users",
    "extra": "extra Data"
},{
    "action": "log_data",
    "login": {
        "uid": "1",
        "date_time": "2018-04-03 18:02:09",
        "client_ip": "10.22.39.157"
    },
    "window": "Users",
    "extra": "extra Data"
},{
    "action": "log_data",
    "login": {
        "uid": "2",
        "date_time": "2018-04-03 18:03:39",
        "client_ip": "10.22.39.156"
    },
    "window": "Users",
    "extra": "extra Data"
},{
    "action": "log_data",
    "login": {
        "uid": "2",
        "date_time": "2018-04-03 18:05:35",
        "client_ip": "10.22.39.156"
    },
    "window": "Users",
    "extra": "extra Data"
},{
    "action": "log_data",
    "login": {
        "uid": "2",
        "date_time": "2018-04-03 18:08:42",
        "client_ip": "10.22.39.156"
    },
    "window": "Users",
    "extra": "extra Data"
},{
    "action": "log_data",
    "login": {
        "uid": "2",
        "date_time": "2018-04-03 18:09:05",
        "client_ip": "10.22.39.156"
    },
    "window": "Users",
    "extra": "extra Data"
},{
    "action": "log_data",
    "login": {
        "uid": "2",
        "date_time": "2018-04-03 18:12:04",
        "client_ip": "10.22.39.156"
    },
    "window": "Users",
    "extra": "extra Data"
},{
    "action": "log_data",
    "login": {
        "uid": "2",
        "date_time": "2018-04-03 18:13:55",
        "client_ip": "10.22.39.156"
    },
    "window": "Users",
    "extra": "extra Data"
},{
    "action": "log_data",
    "login": {
        "uid": "1",
        "date_time": "2018-04-03 18:15:28",
        "client_ip": "10.22.39.157"
    },
    "window": "InPatient",
    "extra": "Getting Total Out Patients"
},{
    "action": "log_data",
    "login": {
        "uid": "1",
        "date_time": "2018-04-03 18:15:32",
        "client_ip": "10.22.39.157"
    },
    "window": "Users",
    "extra": "extra Data"
},{
    "action": "log_data",
    "login": {
        "uid": "2",
        "date_time": "2018-04-03 18:15:57",
        "client_ip": "10.22.39.156"
    },
    "window": "Users",
    "extra": "extra Data"
},{
    "action": "log_data",
    "login": {
        "uid": "1",
        "date_time": "2018-04-03 18:16:11",
        "client_ip": "10.22.39.157"
    },
    "window": "Asset Inward",
    "extra": "Asset Inward is opened"
},{
    "action": "log_data",
    "login": {
        "uid": "2",
        "date_time": "2018-04-03 18:16:28",
        "client_ip": "10.22.39.156"
    },
    "window": "Users",
    "extra": "extra Data"
},{
    "action": "log_data",
    "login": {
        "uid": "2",
        "date_time": "2018-04-03 18:17:52",
        "client_ip": "10.22.39.156"
    },
    "window": "Users",
    "extra": "extra Data"
},{
    "action": "log_data",
    "login": {
        "uid": "2",
        "date_time": "2018-04-03 18:19:31",
        "client_ip": "10.22.39.156"
    },
    "window": "Users",
    "extra": "extra Data"
},{
    "action": "log_data",
    "login": {
        "uid": "2",
        "date_time": "2018-04-03 18:20:10",
        "client_ip": "10.22.39.156"
    },
    "window": "Users",
    "extra": "extra Data"
},{
    "action": "log_data",
    "login": {
        "uid": "2",
        "date_time": "2018-04-03 18:20:31",
        "client_ip": "10.22.39.156"
    },
    "window": "Users",
    "extra": "extra Data"
},{
    "action": "log_data",
    "login": {
        "uid": "2",
        "date_time": "2018-04-03 18:21:02",
        "client_ip": "10.22.39.156"
    },
    "window": "Users",
    "extra": "extra Data"
},{
    "action": "log_data",
    "login": {
        "uid": "2",
        "date_time": "2018-04-03 18:21:53",
        "client_ip": "10.22.39.156"
    },
    "window": "Users",
    "extra": "extra Data"
},{
    "action": "log_data",
    "login": {
        "uid": "2",
        "date_time": "2018-04-03 18:23:09",
        "client_ip": "10.22.39.156"
    },
    "window": "Users",
    "extra": "extra Data"
},{
    "action": "log_data",
    "login": {
        "uid": "2",
        "date_time": "2018-04-03 18:23:49",
        "client_ip": "10.22.39.156"
    },
    "window": "Users",
    "extra": "extra Data"
},{
    "action": "log_data",
    "login": {
        "uid": "2",
        "date_time": "2018-04-03 18:24:45",
        "client_ip": "10.22.39.156"
    },
    "window": "Users",
    "extra": "extra Data"
},{
    "action": "log_data",
    "login": {
        "uid": "2",
        "date_time": "2018-04-03 18:26:05",
        "client_ip": "10.22.39.156"
    },
    "window": "Users",
    "extra": "extra Data"
},{
    "action": "log_data",
    "login": {
        "uid": "2",
        "date_time": "2018-04-03 18:26:28",
        "client_ip": "10.22.39.156"
    },
    "window": "Users",
    "extra": "extra Data"
},{
    "action": "log_data",
    "login": {
        "uid": "2",
        "date_time": "2018-04-03 18:27:00",
        "client_ip": "10.22.39.156"
    },
    "window": "Users",
    "extra": "extra Data"
},{
    "action": "log_data",
    "login": {
        "uid": "2",
        "date_time": "2018-04-03 18:27:39",
        "client_ip": "10.22.39.156"
    },
    "window": "Users",
    "extra": "extra Data"
},{
    "action": "log_data",
    "login": {
        "uid": "2",
        "date_time": "2018-04-03 18:27:52",
        "client_ip": "10.22.39.156"
    },
    "window": "Users",
    "extra": "extra Data"
},{
    "action": "log_data",
    "login": {
        "uid": "2",
        "date_time": "2018-04-03 18:28:43",
        "client_ip": "10.22.39.156"
    },
    "window": "Users",
    "extra": "extra Data"
},{
    "action": "log_data",
    "login": {
        "uid": "2",
        "date_time": "2018-04-03 18:29:03",
        "client_ip": "10.22.39.156"
    },
    "window": "Users",
    "extra": "extra Data"
},{
    "action": "log_data",
    "login": {
        "uid": "2",
        "date_time": "2018-04-03 18:29:43",
        "client_ip": "10.22.39.156"
    },
    "window": "Users",
    "extra": "extra Data"
},{
    "action": "log_data",
    "login": {
        "uid": "2",
        "date_time": "2018-04-03 18:30:06",
        "client_ip": "10.22.39.156"
    },
    "window": "Users",
    "extra": "extra Data"
},{
    "action": "log_data",
    "login": {
        "uid": "2",
        "date_time": "2018-04-03 18:30:17",
        "client_ip": "10.22.39.156"
    },
    "window": "Users",
    "extra": "extra Data"
},{
    "action": "log_data",
    "login": {
        "uid": "2",
        "date_time": "2018-04-03 18:30:30",
        "client_ip": "10.22.39.156"
    },
    "window": "Users",
    "extra": "extra Data"
},{
    "action": "log_data",
    "login": {
        "uid": "2",
        "date_time": "2018-04-03 18:30:52",
        "client_ip": "10.22.39.156"
    },
    "window": "Users",
    "extra": "extra Data"
},{
    "action": "log_data",
    "login": {
        "uid": "2",
        "date_time": "2018-04-03 18:31:58",
        "client_ip": "10.22.39.156"
    },
    "window": "Users",
    "extra": "extra Data"
},{
    "action": "log_data",
    "login": {
        "uid": "2",
        "date_time": "2018-04-03 18:32:25",
        "client_ip": "10.22.39.156"
    },
    "window": "Users",
    "extra": "extra Data"
},{
    "action": "log_data",
    "login": {
        "uid": "2",
        "date_time": "2018-04-03 18:32:48",
        "client_ip": "10.22.39.156"
    },
    "window": "Users",
    "extra": "extra Data"
},{
    "action": "log_data",
    "login": {
        "uid": "2",
        "date_time": "2018-04-03 18:33:13",
        "client_ip": "10.22.39.156"
    },
    "window": "Users",
    "extra": "extra Data"
},{
    "action": "log_data",
    "login": {
        "uid": "2",
        "date_time": "2018-04-03 18:33:32",
        "client_ip": "10.22.39.156"
    },
    "window": "Users",
    "extra": "extra Data"
},{
    "action": "log_data",
    "login": {
        "uid": "2",
        "date_time": "2018-04-03 18:33:49",
        "client_ip": "10.22.39.156"
    },
    "window": "Users",
    "extra": "extra Data"
},{
    "action": "log_data",
    "login": {
        "uid": "2",
        "date_time": "2018-04-03 18:35:19",
        "client_ip": "10.22.39.156"
    },
    "window": "Users",
    "extra": "extra Data"
},{
    "action": "log_data",
    "login": {
        "uid": "2",
        "date_time": "2018-04-03 18:35:40",
        "client_ip": "10.22.39.156"
    },
    "window": "Users",
    "extra": "extra Data"
},{
    "action": "log_data",
    "login": {
        "uid": "2",
        "date_time": "2018-04-03 18:36:01",
        "client_ip": "10.22.39.156"
    },
    "window": "Users",
    "extra": "extra Data"
},{
    "action": "log_data",
    "login": {
        "uid": "2",
        "date_time": "2018-04-03 18:37:08",
        "client_ip": "10.22.39.156"
    },
    "window": "Users",
    "extra": "extra Data"
},{
    "action": "log_data",
    "login": {
        "uid": "2",
        "date_time": "2018-04-03 18:37:51",
        "client_ip": "10.22.39.156"
    },
    "window": "Users",
    "extra": "extra Data"
},{
    "action": "log_data",
    "login": {
        "uid": "2",
        "date_time": "2018-04-03 18:38:29",
        "client_ip": "10.22.39.156"
    },
    "window": "Users",
    "extra": "extra Data"
},{
    "action": "log_data",
    "login": {
        "uid": "2",
        "date_time": "2018-04-03 18:39:05",
        "client_ip": "10.22.39.156"
    },
    "window": "Users",
    "extra": "extra Data"
},{
    "action": "log_data",
    "login": {
        "uid": "2",
        "date_time": "2018-04-03 18:39:18",
        "client_ip": "10.22.39.156"
    },
    "window": "Users",
    "extra": "extra Data"
},{
    "action": "log_data",
    "login": {
        "uid": "2",
        "date_time": "2018-04-03 18:39:50",
        "client_ip": "10.22.39.156"
    },
    "window": "Users",
    "extra": "extra Data"
},{
    "action": "log_data",
    "login": {
        "uid": "2",
        "date_time": "2018-04-03 18:40:29",
        "client_ip": "10.22.39.156"
    },
    "window": "Users",
    "extra": "extra Data"
},{
    "action": "log_data",
    "login": {
        "uid": "2",
        "date_time": "2018-04-03 18:42:38",
        "client_ip": "10.22.39.156"
    },
    "window": "Users",
    "extra": "extra Data"
},{
    "action": "log_data",
    "login": {
        "uid": "2",
        "date_time": "2018-04-03 18:43:02",
        "client_ip": "10.22.39.156"
    },
    "window": "Users",
    "extra": "extra Data"
},{
    "action": "log_data",
    "login": {
        "uid": "2",
        "date_time": "2018-04-03 18:44:17",
        "client_ip": "10.22.39.156"
    },
    "window": "InPatient",
    "extra": "Getting Total Out Patients"
},{
    "action": "log_data",
    "login": {
        "uid": "2",
        "date_time": "2018-04-03 18:45:47",
        "client_ip": "10.22.39.156"
    },
    "window": "Users",
    "extra": "extra Data"
},{
    "action": "log_data",
    "login": {
        "uid": "2",
        "date_time": "2018-04-03 18:46:03",
        "client_ip": "10.22.39.156"
    },
    "window": "Users",
    "extra": "extra Data"
},{
    "action": "log_data",
    "login": {
        "uid": "2",
        "date_time": "2018-04-03 18:46:11",
        "client_ip": "10.22.39.156"
    },
    "window": "InPatient",
    "extra": "Getting Total Out Patients"
},{
    "action": "log_data",
    "login": {
        "uid": "2",
        "date_time": "2018-04-03 18:46:41",
        "client_ip": "10.22.39.156"
    },
    "window": "Users",
    "extra": "extra Data"
},{
    "action": "log_data",
    "login": {
        "uid": "2",
        "date_time": "2018-04-03 18:47:46",
        "client_ip": "10.22.39.156"
    },
    "window": "Users",
    "extra": "extra Data"
},{
    "action": "log_data",
    "login": {
        "uid": "2",
        "date_time": "2018-04-03 18:48:24",
        "client_ip": "10.22.39.156"
    },
    "window": "Users",
    "extra": "extra Data"
},{
    "action": "log_data",
    "login": {
        "uid": "1",
        "date_time": "2018-04-03 18:53:29",
        "client_ip": "10.22.39.157"
    },
    "window": "Asset Inward",
    "extra": "Asset Inward is opened"
},{
    "action": "log_data",
    "login": {
        "uid": "1",
        "date_time": "2018-04-03 18:53:30",
        "client_ip": "10.22.39.157"
    },
    "window": "InPatient",
    "extra": "Getting Total Out Patients"
},{
    "action": "log_data",
    "login": {
        "uid": "1",
        "date_time": "2018-04-03 18:53:34",
        "client_ip": "10.22.39.157"
    },
    "window": "InPatient",
    "extra": "Getting Total Out Patients"
},{
    "action": "log_data",
    "login": {
        "uid": "1",
        "date_time": "2018-04-03 18:54:40",
        "client_ip": "10.22.39.157"
    },
    "window": "Users",
    "extra": "extra Data"
},{
    "action": "log_data",
    "login": {
        "uid": "2",
        "date_time": "2018-04-03 19:02:04",
        "client_ip": "10.22.39.156"
    },
    "window": "Users",
    "extra": "extra Data"
},{
    "action": "log_data",
    "login": {
        "uid": "2",
        "date_time": "2018-04-03 19:27:04",
        "client_ip": "10.22.39.156"
    },
    "window": "Users",
    "extra": "extra Data"
},{
    "action": "log_data",
    "login": {
        "uid": "2",
        "date_time": "2018-04-03 19:27:50",
        "client_ip": "10.22.39.156"
    },
    "window": "Users",
    "extra": "extra Data"
},{
    "action": "log_data",
    "login": {
        "uid": "2",
        "date_time": "2018-04-03 19:28:14",
        "client_ip": "10.22.39.156"
    },
    "window": "InPatient",
    "extra": "Getting Total Out Patients"
},{
    "action": "log_data",
    "login": {
        "uid": "2",
        "date_time": "2018-04-03 19:28:22",
        "client_ip": "10.22.39.156"
    },
    "window": "Users",
    "extra": "extra Data"
},{
    "action": "log_data",
    "login": {
        "uid": "2",
        "date_time": "2018-04-03 19:28:39",
        "client_ip": "10.22.39.156"
    },
    "window": "InPatient",
    "extra": "Getting Total Out Patients"
},{
    "action": "log_data",
    "login": {
        "uid": "2",
        "date_time": "2018-04-03 19:28:46",
        "client_ip": "10.22.39.156"
    },
    "window": "Users",
    "extra": "extra Data"
},{
    "action": "log_data",
    "login": {
        "uid": "2",
        "date_time": "2018-04-03 19:35:15",
        "client_ip": "10.22.39.156"
    },
    "window": " New Patient ",
    "extra": "New patient Opened"
},{
    "action": "log_data",
    "login": {
        "uid": "2",
        "date_time": "2018-04-03 19:39:03",
        "client_ip": "10.22.39.156"
    },
    "window": " New Patient ",
    "extra": "New patient Opened"
},{
    "action": "log_data",
    "login": {
        "uid": "2",
        "date_time": "2018-04-03 19:39:14",
        "client_ip": "10.22.39.156"
    },
    "window": "Users",
    "extra": "extra Data"
},{
    "action": "log_data",
    "login": {
        "uid": "2",
        "date_time": "2018-04-03 19:39:17",
        "client_ip": "10.22.39.156"
    },
    "window": " New Patient ",
    "extra": "New patient Opened"
},{
    "action": "log_data",
    "login": {
        "uid": "2",
        "date_time": "2018-04-03 19:39:30",
        "client_ip": "10.22.39.156"
    },
    "window": "Users",
    "extra": "extra Data"
},{
    "action": "log_data",
    "login": {
        "uid": "2",
        "date_time": "2018-04-03 19:39:32",
        "client_ip": "10.22.39.156"
    },
    "window": "Users",
    "extra": "extra Data"
},{
    "action": "log_data",
    "login": {
        "uid": "2",
        "date_time": "2018-04-03 19:39:38",
        "client_ip": "10.22.39.156"
    },
    "window": " New Patient ",
    "extra": "New patient Opened"
},{
    "action": "log_data",
    "login": {
        "uid": "2",
        "date_time": "2018-04-03 19:39:40",
        "client_ip": "10.22.39.156"
    },
    "window": "Users",
    "extra": "extra Data"
},{
    "action": "log_data",
    "login": {
        "uid": "2",
        "date_time": "2018-04-03 19:39:42",
        "client_ip": "10.22.39.156"
    },
    "window": "Users",
    "extra": "extra Data"
},{
    "action": "log_data",
    "login": {
        "uid": "2",
        "date_time": "2018-04-03 19:42:50",
        "client_ip": "10.22.39.156"
    },
    "window": "InPatient",
    "extra": "Getting Total Out Patients"
},{
    "action": "log_data",
    "login": {
        "uid": "2",
        "date_time": "2018-04-03 19:43:23",
        "client_ip": "10.22.39.156"
    },
    "window": "Users",
    "extra": "extra Data"
},{
    "action": "log_data",
    "login": {
        "uid": "2",
        "date_time": "2018-04-03 19:46:01",
        "client_ip": "10.22.39.156"
    },
    "window": "Users",
    "extra": "extra Data"
},{
    "action": "log_data",
    "login": {
        "uid": "2",
        "date_time": "2018-04-03 19:46:34",
        "client_ip": "10.22.39.156"
    },
    "window": "Users",
    "extra": "extra Data"
},{
    "action": "log_data",
    "login": {
        "uid": "2",
        "date_time": "2018-04-03 19:46:50",
        "client_ip": "10.22.39.156"
    },
    "window": "Users",
    "extra": "extra Data"
},{
    "action": "log_data",
    "login": {
        "uid": "2",
        "date_time": "2018-04-03 19:47:20",
        "client_ip": "10.22.39.156"
    },
    "window": "Users",
    "extra": "extra Data"
},{
    "action": "log_data",
    "login": {
        "uid": "2",
        "date_time": "2018-04-03 19:47:53",
        "client_ip": "10.22.39.156"
    },
    "window": "Users",
    "extra": "extra Data"
},{
    "action": "log_data",
    "login": {
        "uid": "2",
        "date_time": "2018-04-03 19:49:36",
        "client_ip": "10.22.39.156"
    },
    "window": "Users",
    "extra": "extra Data"
},{
    "action": "log_data",
    "login": {
        "uid": "2",
        "date_time": "2018-04-03 20:04:32",
        "client_ip": "10.22.39.156"
    },
    "window": "Users",
    "extra": "extra Data"
},{
    "action": "log_data",
    "login": {
        "uid": "2",
        "date_time": "2018-04-03 20:04:54",
        "client_ip": "10.22.39.156"
    },
    "window": " New Patient ",
    "extra": "New patient Opened"
},{
    "action": "log_data",
    "login": {
        "uid": "2",
        "date_time": "2018-04-03 20:05:20",
        "client_ip": "10.22.39.156"
    },
    "window": "InPatient",
    "extra": "Getting Total Out Patients"
},{
    "action": "log_data",
    "login": {
        "uid": "2",
        "date_time": "2018-04-03 20:05:23",
        "client_ip": "10.22.39.156"
    },
    "window": " New Patient ",
    "extra": "New patient Opened"
},{
    "action": "log_data",
    "login": {
        "uid": "2",
        "date_time": "2018-04-03 20:12:08",
        "client_ip": "10.22.39.156"
    },
    "window": " New Patient ",
    "extra": "New patient Opened"
},{
    "action": "log_data",
    "login": {
        "uid": "2",
        "date_time": "2018-04-03 20:12:38",
        "client_ip": "10.22.39.156"
    },
    "window": " New Patient ",
    "extra": "New patient Opened"
},{
    "action": "log_data",
    "login": {
        "uid": "2",
        "date_time": "2018-04-03 20:13:45",
        "client_ip": "10.22.39.156"
    },
    "window": "Users",
    "extra": "extra Data"
},{
    "action": "log_data",
    "login": {
        "uid": "2",
        "date_time": "2018-04-03 20:14:38",
        "client_ip": "10.22.39.156"
    },
    "window": "Users",
    "extra": "extra Data"
},{
    "action": "log_data",
    "login": {
        "uid": "1",
        "date_time": "2018-04-03 20:15:04",
        "client_ip": "10.22.39.157"
    },
    "window": "Users",
    "extra": "extra Data"
},{
    "action": "log_data",
    "login": {
        "uid": "2",
        "date_time": "2018-04-03 20:15:50",
        "client_ip": "10.22.39.156"
    },
    "window": "Users",
    "extra": "extra Data"
},{
    "action": "log_data",
    "login": {
        "uid": "2",
        "date_time": "2018-04-03 20:18:19",
        "client_ip": "10.22.39.156"
    },
    "window": "Users",
    "extra": "extra Data"
},{
    "action": "log_data",
    "login": {
        "uid": "2",
        "date_time": "2018-04-03 20:20:54",
        "client_ip": "10.22.39.156"
    },
    "window": "Users",
    "extra": "extra Data"
},{
    "action": "log_data",
    "login": {
        "uid": "2",
        "date_time": "2018-04-03 20:21:49",
        "client_ip": "10.22.39.156"
    },
    "window": "Users",
    "extra": "extra Data"
},{
    "action": "log_data",
    "login": {
        "uid": "2",
        "date_time": "2018-04-03 20:22:51",
        "client_ip": "10.22.39.156"
    },
    "window": "Users",
    "extra": "extra Data"
},{
    "action": "log_data",
    "login": {
        "uid": "1",
        "date_time": "2018-04-03 20:24:03",
        "client_ip": "10.22.39.159"
    },
    "window": "InPatient",
    "extra": "Getting Total Out Patients"
},{
    "action": "log_data",
    "login": {
        "uid": "1",
        "date_time": "2018-04-03 20:24:05",
        "client_ip": "10.22.39.159"
    },
    "window": "Users",
    "extra": "extra Data"
},{
    "action": "log_data",
    "login": {
        "uid": "2",
        "date_time": "2018-04-03 20:25:12",
        "client_ip": "10.22.39.156"
    },
    "window": "Users",
    "extra": "extra Data"
},{
    "action": "log_data",
    "login": {
        "uid": "1",
        "date_time": "2018-04-03 20:25:44",
        "client_ip": "10.22.39.159"
    },
    "window": " New Patient ",
    "extra": "New patient Opened"
},{
    "action": "log_data",
    "login": {
        "uid": "1",
        "date_time": "2018-04-03 20:26:23",
        "client_ip": "10.22.39.159"
    },
    "window": "Users",
    "extra": "extra Data"
},{
    "action": "log_data",
    "login": {
        "uid": "1",
        "date_time": "2018-04-03 20:26:28",
        "client_ip": "10.22.39.159"
    },
    "window": " New Patient ",
    "extra": "New patient Opened"
},{
    "action": "log_data",
    "login": {
        "uid": "1",
        "date_time": "2018-04-03 20:26:40",
        "client_ip": "10.22.39.159"
    },
    "window": "Users",
    "extra": "extra Data"
},{
    "action": "log_data",
    "login": {
        "uid": "1",
        "date_time": "2018-04-03 20:27:04",
        "client_ip": "10.22.39.159"
    },
    "window": "Users",
    "extra": "extra Data"
},{
    "action": "log_data",
    "login": {
        "uid": "2",
        "date_time": "2018-04-03 20:27:14",
        "client_ip": "10.22.39.156"
    },
    "window": "Users",
    "extra": "extra Data"
},{
    "action": "log_data",
    "login": {
        "uid": "1",
        "date_time": "2018-04-03 20:27:34",
        "client_ip": "10.22.39.159"
    },
    "window": "Users",
    "extra": "extra Data"
},{
    "action": "log_data",
    "login": {
        "uid": "2",
        "date_time": "2018-04-03 20:27:58",
        "client_ip": "10.22.39.156"
    },
    "window": "Users",
    "extra": "extra Data"
},{
    "action": "log_data",
    "login": {
        "uid": "2",
        "date_time": "2018-04-03 20:28:26",
        "client_ip": "10.22.39.156"
    },
    "window": "Users",
    "extra": "extra Data"
},{
    "action": "log_data",
    "login": {
        "uid": "2",
        "date_time": "2018-04-03 20:28:57",
        "client_ip": "10.22.39.156"
    },
    "window": "Users",
    "extra": "extra Data"
},{
    "action": "log_data",
    "login": {
        "uid": "2",
        "date_time": "2018-04-03 20:30:11",
        "client_ip": "10.22.39.156"
    },
    "window": "Users",
    "extra": "extra Data"
},{
    "action": "log_data",
    "login": {
        "uid": "2",
        "date_time": "2018-04-03 20:31:37",
        "client_ip": "10.22.39.156"
    },
    "window": "Users",
    "extra": "extra Data"
},{
    "action": "log_data",
    "login": {
        "uid": "2",
        "date_time": "2018-04-03 20:32:42",
        "client_ip": "10.22.39.156"
    },
    "window": "Users",
    "extra": "extra Data"
},{
    "action": "log_data",
    "login": {
        "uid": "2",
        "date_time": "2018-04-03 20:34:41",
        "client_ip": "10.22.39.156"
    },
    "window": "Users",
    "extra": "extra Data"
},{
    "action": "log_data",
    "login": {
        "uid": "2",
        "date_time": "2018-04-03 20:35:17",
        "client_ip": "10.22.39.156"
    },
    "window": "Users",
    "extra": "extra Data"
},{
    "action": "log_data",
    "login": {
        "uid": "2",
        "date_time": "2018-04-03 20:35:49",
        "client_ip": "10.22.39.156"
    },
    "window": "Users",
    "extra": "extra Data"
},{
    "action": "log_data",
    "login": {
        "uid": "1",
        "date_time": "2018-04-03 20:35:55",
        "client_ip": "10.22.39.159"
    },
    "window": "Users",
    "extra": "extra Data"
},{
    "action": "log_data",
    "login": {
        "uid": "2",
        "date_time": "2018-04-03 20:36:28",
        "client_ip": "10.22.39.156"
    },
    "window": "Users",
    "extra": "extra Data"
},{
    "action": "log_data",
    "login": {
        "uid": "2",
        "date_time": "2018-04-03 20:37:22",
        "client_ip": "10.22.39.156"
    },
    "window": "Users",
    "extra": "extra Data"
},{
    "action": "log_data",
    "login": {
        "uid": "2",
        "date_time": "2018-04-03 20:47:59",
        "client_ip": "10.22.39.156"
    },
    "window": "Users",
    "extra": "extra Data"
},{
    "action": "log_data",
    "login": {
        "uid": "2",
        "date_time": "2018-04-03 20:48:34",
        "client_ip": "10.22.39.156"
    },
    "window": "Users",
    "extra": "extra Data"
},{
    "action": "log_data",
    "login": {
        "uid": "2",
        "date_time": "2018-04-03 20:50:32",
        "client_ip": "10.22.39.156"
    },
    "window": "Users",
    "extra": "extra Data"
},{
    "action": "log_data",
    "login": {
        "uid": "2",
        "date_time": "2018-04-03 20:50:56",
        "client_ip": "10.22.39.156"
    },
    "window": "Users",
    "extra": "extra Data"
},{
    "action": "log_data",
    "login": {
        "uid": "2",
        "date_time": "2018-04-03 20:51:00",
        "client_ip": "10.22.39.156"
    },
    "window": "Users",
    "extra": "extra Data"
},{
    "action": "log_data",
    "login": {
        "uid": "2",
        "date_time": "2018-04-03 20:51:40",
        "client_ip": "10.22.39.156"
    },
    "window": " New Patient ",
    "extra": "New patient Opened"
},{
    "action": "log_data",
    "login": {
        "uid": "2",
        "date_time": "2018-04-03 20:52:17",
        "client_ip": "10.22.39.156"
    },
    "window": "Users",
    "extra": "extra Data"
},{
    "action": "log_data",
    "login": {
        "uid": "2",
        "date_time": "2018-04-03 20:52:49",
        "client_ip": "10.22.39.156"
    },
    "window": "Collection",
    "extra": "collection_data%5Btransaction_date%5D=4%2F3%2F2018&collection_data%5Bpatient_id%5D=2&collection_data%5Bp_visit_id%5D=12&collection_data%5Bdr_id%5D=6&collection_data%5Buser_id%5D=2&collection_data%5Bbill_id%5D=2&collection_data%5Bpaid_amount%5D=100&collection_data%5Bpayment_type%5D=Card"
},{
    "action": "log_data",
    "login": {
        "uid": "2",
        "date_time": "2018-04-03 21:02:27",
        "client_ip": "10.22.39.156"
    },
    "window": "Users",
    "extra": "extra Data"
},