{
    "action": "log_data",
    "login": {
        "uid": "2",
        "date_time": "2018-03-26 11:09:28",
        "client_ip": "10.22.39.156"
    },
    "window": "InPatient",
    "extra": "Getting Total Out Patients"
},{
    "action": "log_data",
    "login": {
        "uid": "2",
        "date_time": "2018-03-26 12:15:32",
        "client_ip": "10.22.39.156"
    },
    "window": "InPatient",
    "extra": "Getting Total Out Patients"
},{
    "action": "log_data",
    "login": {
        "uid": "4",
        "date_time": "2018-03-26 12:58:24",
        "client_ip": "10.22.39.152"
    },
    "window": "InPatient",
    "extra": "Getting Total Out Patients"
},{
    "action": "log_data",
    "login": {
        "uid": "4",
        "date_time": "2018-03-26 12:58:35",
        "client_ip": "10.22.39.152"
    },
    "window": "Users",
    "extra": "extra Data"
},{
    "action": "log_data",
    "login": {
        "uid": "4",
        "date_time": "2018-03-26 12:58:57",
        "client_ip": "10.22.39.152"
    },
    "window": "InPatient",
    "extra": "Getting Total Out Patients"
},{
    "action": "log_data",
    "login": {
        "uid": "4",
        "date_time": "2018-03-26 12:59:06",
        "client_ip": "10.22.39.152"
    },
    "window": "Users",
    "extra": "extra Data"
},{
    "action": "log_data",
    "login": {
        "uid": "4",
        "date_time": "2018-03-26 12:59:23",
        "client_ip": "10.22.39.152"
    },
    "window": "Users",
    "extra": "extra Data"
},{
    "action": "log_data",
    "login": {
        "uid": "4",
        "date_time": "2018-03-26 12:59:48",
        "client_ip": "10.22.39.152"
    },
    "window": "InPatient",
    "extra": "Getting Total Out Patients"
},{
    "action": "log_data",
    "login": {
        "uid": "2",
        "date_time": "2018-03-26 14:13:11",
        "client_ip": "10.22.39.156"
    },
    "window": "Supplier",
    "extra": "Supplier data is opened"
},{
    "action": "log_data",
    "login": {
        "uid": "2",
        "date_time": "2018-03-26 14:13:22",
        "client_ip": "10.22.39.156"
    },
    "window": " New Patient ",
    "extra": "New patient Opened"
},{
    "action": "log_data",
    "login": {
        "uid": "2",
        "date_time": "2018-03-26 14:13:28",
        "client_ip": "10.22.39.156"
    },
    "window": "InPatient",
    "extra": "Getting Beds"
},{
    "action": "log_data",
    "login": {
        "uid": "2",
        "date_time": "2018-03-26 14:13:30",
        "client_ip": "10.22.39.156"
    },
    "window": "InPatient",
    "extra": "To Select surgery"
},{
    "action": "log_data",
    "login": {
        "uid": "2",
        "date_time": "2018-03-26 14:13:31",
        "client_ip": "10.22.39.156"
    },
    "window": "InPatient",
    "extra": "To Select surgery"
},{
    "action": "log_data",
    "login": {
        "uid": "2",
        "date_time": "2018-03-26 14:13:38",
        "client_ip": "10.22.39.156"
    },
    "window": "InPatient",
    "extra": "Allocate Bed"
},{
    "action": "log_data",
    "login": {
        "uid": "2",
        "date_time": "2018-03-26 14:13:41",
        "client_ip": "10.22.39.156"
    },
    "window": "InPatient",
    "extra": "Bed Section"
},{
    "action": "log_data",
    "login": {
        "uid": "2",
        "date_time": "2018-03-26 14:13:43",
        "client_ip": "10.22.39.156"
    },
    "window": "InPatient",
    "extra": "Allocate Bed"
},{
    "action": "log_data",
    "login": {
        "uid": "2",
        "date_time": "2018-03-26 14:13:43",
        "client_ip": "10.22.39.156"
    },
    "window": " New Patient ",
    "extra": "New patient Opened"
},{
    "action": "log_data",
    "login": {
        "uid": "2",
        "date_time": "2018-03-26 14:13:53",
        "client_ip": "10.22.39.156"
    },
    "window": "InPatient",
    "extra": "Getting Beds"
},{
    "action": "log_data",
    "login": {
        "uid": "2",
        "date_time": "2018-03-26 14:13:59",
        "client_ip": "10.22.39.156"
    },
    "window": " New Patient ",
    "extra": "New patient Opened"
},{
    "action": "log_data",
    "login": {
        "uid": "2",
        "date_time": "2018-03-26 14:22:47",
        "client_ip": "10.22.39.156"
    },
    "window": "Users",
    "extra": "extra Data"
},{
    "action": "log_data",
    "login": {
        "uid": "2",
        "date_time": "2018-03-26 14:23:16",
        "client_ip": "10.22.39.156"
    },
    "window": "Users",
    "extra": "extra Data"
},{
    "action": "log_data",
    "login": {
        "uid": "2",
        "date_time": "2018-03-26 14:23:20",
        "client_ip": "10.22.39.156"
    },
    "window": "Users",
    "extra": "extra Data"
},{
    "action": "log_data",
    "login": {
        "uid": "2",
        "date_time": "2018-03-26 14:23:32",
        "client_ip": "10.22.39.156"
    },
    "window": "Medicine Stock",
    "extra": ""
},{
    "action": "log_data",
    "login": {
        "uid": "2",
        "date_time": "2018-03-26 14:23:35",
        "client_ip": "10.22.39.156"
    },
    "window": "medicine Inward",
    "extra": "medicine Inward is opened"
},{
    "action": "log_data",
    "login": {
        "uid": "2",
        "date_time": "2018-03-26 14:23:38",
        "client_ip": "10.22.39.156"
    },
    "window": "To Add New Inward",
    "extra": ""
},{
    "action": "log_data",
    "login": {
        "uid": "2",
        "date_time": "2018-03-26 14:23:46",
        "client_ip": "10.22.39.156"
    },
    "window": "To Show the Items",
    "extra": "6"
},{
    "action": "log_data",
    "login": {
        "uid": "2",
        "date_time": "2018-03-26 14:23:49",
        "client_ip": "10.22.39.156"
    },
    "window": "To Show the Items",
    "extra": "4"
},{
    "action": "log_data",
    "login": {
        "uid": "2",
        "date_time": "2018-03-26 14:24:40",
        "client_ip": "10.22.39.156"
    },
    "window": "Medicine PO",
    "extra": "Medicine PO opened"
},{
    "action": "log_data",
    "login": {
        "uid": "2",
        "date_time": "2018-03-26 14:24:42",
        "client_ip": "10.22.39.156"
    },
    "window": "Items added To Object",
    "extra": ""
},{
    "action": "log_data",
    "login": {
        "uid": "2",
        "date_time": "2018-03-26 14:24:42",
        "client_ip": "10.22.39.156"
    },
    "window": "Clicked on Add New MedicinetPO",
    "extra": ""
},{
    "action": "log_data",
    "login": {
        "uid": "2",
        "date_time": "2018-03-26 14:24:46",
        "client_ip": "10.22.39.156"
    },
    "window": "Retrieved Previous Item Po Data",
    "extra": "1"
},{
    "action": "log_data",
    "login": {
        "uid": "2",
        "date_time": "2018-03-26 14:24:47",
        "client_ip": "10.22.39.156"
    },
    "window": "Changed Quantity of item",
    "extra": "0"
},{
    "action": "log_data",
    "login": {
        "uid": "2",
        "date_time": "2018-03-26 14:28:36",
        "client_ip": "10.22.39.156"
    },
    "window": "Medicine PO",
    "extra": "Medicine PO opened"
},{
    "action": "log_data",
    "login": {
        "uid": "4",
        "date_time": "2018-03-26 14:39:27",
        "client_ip": "10.22.39.152"
    },
    "window": "InPatient",
    "extra": "Getting Total Out Patients"
},{
    "action": "log_data",
    "login": {
        "uid": "4",
        "date_time": "2018-03-26 15:21:57",
        "client_ip": "10.22.39.152"
    },
    "window": "InPatient",
    "extra": "Getting Total Out Patients"
},{
    "action": "log_data",
    "login": {
        "uid": "1",
        "date_time": "2018-03-26 19:13:47",
        "client_ip": "10.22.39.159"
    },
    "window": "InPatient",
    "extra": "Getting Total Out Patients"
},{
    "action": "log_data",
    "login": {
        "uid": "1",
        "date_time": "2018-03-26 19:13:51",
        "client_ip": "10.22.39.159"
    },
    "window": " New Patient ",
    "extra": "New patient Opened"
},{
    "action": "log_data",
    "login": {
        "uid": "1",
        "date_time": "2018-03-26 19:13:53",
        "client_ip": "10.22.39.159"
    },
    "window": "OutPatient",
    "extra": "OutPatient Data Loaded"
},{
    "action": "log_data",
    "login": {
        "uid": "1",
        "date_time": "2018-03-26 19:13:54",
        "client_ip": "10.22.39.159"
    },
    "window": "Doctor_ConsultData is Loaded",
    "extra": ""
},{
    "action": "log_data",
    "login": {
        "uid": "1",
        "date_time": "2018-03-26 19:13:55",
        "client_ip": "10.22.39.159"
    },
    "window": "OutPatient",
    "extra": "OutPatient Data Loaded"
},{
    "action": "log_data",
    "login": {
        "uid": "1",
        "date_time": "2018-03-26 19:13:57",
        "client_ip": "10.22.39.159"
    },
    "window": "Doctor_ConsultData is Loaded",
    "extra": ""
},{
    "action": "log_data",
    "login": {
        "uid": "1",
        "date_time": "2018-03-26 19:13:58",
        "client_ip": "10.22.39.159"
    },
    "window": " New Patient ",
    "extra": "New patient Opened"
},{
    "action": "log_data",
    "login": {
        "uid": "1",
        "date_time": "2018-03-26 19:14:14",
        "client_ip": "10.22.39.159"
    },
    "window": "Date Change",
    "extra": ""
},{
    "action": "log_data",
    "login": {
        "uid": "1",
        "date_time": "2018-03-26 19:14:34",
        "client_ip": "10.22.39.159"
    },
    "window": "Date Change",
    "extra": ""
},{
    "action": "log_data",
    "login": {
        "uid": "1",
        "date_time": "2018-03-26 19:14:37",
        "client_ip": "10.22.39.159"
    },
    "window": "Date Change",
    "extra": ""
},{
    "action": "log_data",
    "login": {
        "uid": "1",
        "date_time": "2018-03-26 19:14:40",
        "client_ip": "10.22.39.159"
    },
    "window": "Date Change",
    "extra": ""
},{
    "action": "log_data",
    "login": {
        "uid": "1",
        "date_time": "2018-03-26 19:14:42",
        "client_ip": "10.22.39.159"
    },
    "window": "Date Change",
    "extra": ""
},{
    "action": "log_data",
    "login": {
        "uid": "1",
        "date_time": "2018-03-26 19:14:44",
        "client_ip": "10.22.39.159"
    },
    "window": "Date Change",
    "extra": ""
},{
    "action": "log_data",
    "login": {
        "uid": "1",
        "date_time": "2018-03-26 19:14:47",
        "client_ip": "10.22.39.159"
    },
    "window": "Date Change",
    "extra": ""
},{
    "action": "log_data",
    "login": {
        "uid": "1",
        "date_time": "2018-03-26 19:14:51",
        "client_ip": "10.22.39.159"
    },
    "window": " New Patient ",
    "extra": "New patient Opened"
},{
    "action": "log_data",
    "login": {
        "uid": "1",
        "date_time": "2018-03-26 19:15:53",
        "client_ip": "10.22.39.159"
    },
    "window": "New Patient",
    "extra": "patient_new_reg%5Bbasic_info%5D%5B0%5D%5Bname%5D=Kumar&patient_new_reg%5Bbasic_info%5D%5B0%5D%5Bfather_name%5D=Raj&patient_new_reg%5Bbasic_info%5D%5B0%5D%5Bgender%5D=M&patient_new_reg%5Bbasic_info%5D%5B0%5D%5Bdate_of_birth%5D=&patient_new_reg%5Bbasic_info%5D%5B0%5D%5Bage%5D=20&patient_new_reg%5Bbasic_info%5D%5B0%5D%5Bhouse_no%5D=&patient_new_reg%5Bbasic_info%5D%5B0%5D%5Bstreet%5D=&patient_new_reg%5Bbasic_info%5D%5B0%5D%5Bloc%5D=&patient_new_reg%5Bbasic_info%5D%5B0%5D%5Bcity%5D=Kakinada&patient_new_reg%5Bbasic_info%5D%5B0%5D%5Bdistrict%5D=&patient_new_reg%5Bbasic_info%5D%5B0%5D%5Bstate%5D=&patient_new_reg%5Bbasic_info%5D%5B0%5D%5Bpincode%5D=&patient_new_reg%5Bbasic_info%5D%5B0%5D%5Bmobile%5D=9959076665&patient_new_reg%5Bbasic_info%5D%5B0%5D%5Baadhar_no%5D=&patient_new_reg%5Bbasic_info%5D%5B0%5D%5Bemail%5D=&patient_new_reg%5Bconsultation%5D%5B0%5D%5Bdr_consult_id%5D=2&patient_new_reg%5Bconsultation%5D%5B0%5D%5Bdr_id%5D=6&patient_new_reg%5Bconsultation%5D%5B0%5D%5Bref_id%5D=4&patient_new_reg%5Bconsultation%5D%5B0%5D%5Bconsultation_amount%5D=800&patient_new_reg%5Bconsultation%5D%5B0%5D%5Buser_id%5D=1&patient_new_reg%5Bvisit_type%5D=op"
},{
    "action": "log_data",
    "login": {
        "uid": "1",
        "date_time": "2018-03-26 19:15:53",
        "client_ip": "10.22.39.159"
    },
    "window": " New Patient ",
    "extra": "New patient Opened"
},{
    "action": "log_data",
    "login": {
        "uid": "1",
        "date_time": "2018-03-26 19:16:06",
        "client_ip": "10.22.39.159"
    },
    "window": "InPatient",
    "extra": "Getting Beds"
},{
    "action": "log_data",
    "login": {
        "uid": "1",
        "date_time": "2018-03-26 19:16:09",
        "client_ip": "10.22.39.159"
    },
    "window": "InPatient",
    "extra": "To Select surgery"
},{
    "action": "log_data",
    "login": {
        "uid": "1",
        "date_time": "2018-03-26 19:16:11",
        "client_ip": "10.22.39.159"
    },
    "window": "InPatient",
    "extra": "To Select surgery"
},{
    "action": "log_data",
    "login": {
        "uid": "1",
        "date_time": "2018-03-26 19:16:13",
        "client_ip": "10.22.39.159"
    },
    "window": "InPatient",
    "extra": "To Select surgery"
},{
    "action": "log_data",
    "login": {
        "uid": "1",
        "date_time": "2018-03-26 19:16:14",
        "client_ip": "10.22.39.159"
    },
    "window": "InPatient",
    "extra": "To Select surgery"
},{
    "action": "log_data",
    "login": {
        "uid": "1",
        "date_time": "2018-03-26 19:16:16",
        "client_ip": "10.22.39.159"
    },
    "window": "InPatient",
    "extra": "To Select surgery"
},{
    "action": "log_data",
    "login": {
        "uid": "1",
        "date_time": "2018-03-26 19:16:38",
        "client_ip": "10.22.39.159"
    },
    "window": "InPatient",
    "extra": "Allocate Bed"
},{
    "action": "log_data",
    "login": {
        "uid": "1",
        "date_time": "2018-03-26 19:16:41",
        "client_ip": "10.22.39.159"
    },
    "window": "InPatient",
    "extra": "Bed Section"
},{
    "action": "log_data",
    "login": {
        "uid": "1",
        "date_time": "2018-03-26 19:16:43",
        "client_ip": "10.22.39.159"
    },
    "window": "InPatient",
    "extra": "Allocate Bed"
},{
    "action": "log_data",
    "login": {
        "uid": "1",
        "date_time": "2018-03-26 19:16:43",
        "client_ip": "10.22.39.159"
    },
    "window": " New Patient ",
    "extra": "New patient Opened"
},{
    "action": "log_data",
    "login": {
        "uid": "4",
        "date_time": "2018-03-26 19:32:44",
        "client_ip": "10.22.39.152"
    },
    "window": " New Patient ",
    "extra": "New patient Opened"
},{
    "action": "log_data",
    "login": {
        "uid": "1",
        "date_time": "2018-03-26 19:33:24",
        "client_ip": "10.22.39.159"
    },
    "window": "InPatient",
    "extra": "Getting Total Out Patients"
},{
    "action": "log_data",
    "login": {
        "uid": "1",
        "date_time": "2018-03-26 19:33:26",
        "client_ip": "10.22.39.159"
    },
    "window": " New Patient ",
    "extra": "New patient Opened"
},{
    "action": "log_data",
    "login": {
        "uid": "1",
        "date_time": "2018-03-26 19:33:29",
        "client_ip": "10.22.39.159"
    },
    "window": "Doctor_ConsultData is Loaded",
    "extra": ""
},{
    "action": "log_data",
    "login": {
        "uid": "1",
        "date_time": "2018-03-26 19:33:30",
        "client_ip": "10.22.39.159"
    },
    "window": " New Patient ",
    "extra": "New patient Opened"
},{
    "action": "log_data",
    "login": {
        "uid": "4",
        "date_time": "2018-03-26 19:33:48",
        "client_ip": "10.22.39.152"
    },
    "window": "InPatient",
    "extra": "Getting Total Out Patients"
},{
    "action": "log_data",
    "login": {
        "uid": "1",
        "date_time": "2018-03-26 19:33:58",
        "client_ip": "10.22.39.159"
    },
    "window": "Date Change",
    "extra": ""
},{
    "action": "log_data",
    "login": {
        "uid": "1",
        "date_time": "2018-03-26 19:36:56",
        "client_ip": "10.22.39.159"
    },
    "window": "Doctor_ConsultData is Loaded",
    "extra": ""
},{
    "action": "log_data",
    "login": {
        "uid": "1",
        "date_time": "2018-03-26 19:37:00",
        "client_ip": "10.22.39.159"
    },
    "window": " New Patient ",
    "extra": "New patient Opened"
},{
    "action": "log_data",
    "login": {
        "uid": "1",
        "date_time": "2018-03-26 19:37:01",
        "client_ip": "10.22.39.159"
    },
    "window": "Doctor_ConsultData is Loaded",
    "extra": ""
},{
    "action": "log_data",
    "login": {
        "uid": "1",
        "date_time": "2018-03-26 19:37:07",
        "client_ip": "10.22.39.159"
    },
    "window": "OutPatient",
    "extra": "OutPatient Data Loaded"
},{
    "action": "log_data",
    "login": {
        "uid": "1",
        "date_time": "2018-03-26 19:37:10",
        "client_ip": "10.22.39.159"
    },
    "window": "InPatient",
    "extra": "Getting Total Out Patients"
},{
    "action": "log_data",
    "login": {
        "uid": "1",
        "date_time": "2018-03-26 19:37:13",
        "client_ip": "10.22.39.159"
    },
    "window": "OutPatient",
    "extra": "OutPatient Data Loaded"
},{
    "action": "log_data",
    "login": {
        "uid": "1",
        "date_time": "2018-03-26 19:37:17",
        "client_ip": "10.22.39.159"
    },
    "window": "InPatient",
    "extra": "Getting Total Out Patients"
},{
    "action": "log_data",
    "login": {
        "uid": "2",
        "date_time": "2018-03-26 19:44:39",
        "client_ip": "10.22.39.156"
    },
    "window": "Medicine PO",
    "extra": "Medicine PO opened"
},{
    "action": "log_data",
    "login": {
        "uid": "2",
        "date_time": "2018-03-26 19:44:39",
        "client_ip": "10.22.39.156"
    },
    "window": "medicine Inward",
    "extra": "medicine Inward is opened"
},{
    "action": "log_data",
    "login": {
        "uid": "2",
        "date_time": "2018-03-26 19:44:46",
        "client_ip": "10.22.39.156"
    },
    "window": "Medicine Stock",
    "extra": ""
},{
    "action": "log_data",
    "login": {
        "uid": "4",
        "date_time": "2018-03-26 19:46:42",
        "client_ip": "10.22.39.152"
    },
    "window": " New Patient ",
    "extra": "New patient Opened"
},{
    "action": "log_data",
    "login": {
        "uid": "2",
        "date_time": "2018-03-26 19:51:19",
        "client_ip": "10.22.39.156"
    },
    "window": "InPatient",
    "extra": "Getting Total Out Patients"
},{
    "action": "log_data",
    "login": {
        "uid": "2",
        "date_time": "2018-03-26 19:51:50",
        "client_ip": "10.22.39.156"
    },
    "window": " New Patient ",
    "extra": "New patient Opened"
},{
    "action": "log_data",
    "login": {
        "uid": "2",
        "date_time": "2018-03-26 19:52:04",
        "client_ip": "10.22.39.156"
    },
    "window": "Date Change",
    "extra": ""
},{
    "action": "log_data",
    "login": {
        "uid": "2",
        "date_time": "2018-03-26 19:52:06",
        "client_ip": "10.22.39.156"
    },
    "window": "InPatient",
    "extra": "Getting Total Out Patients"
},{
    "action": "log_data",
    "login": {
        "uid": "2",
        "date_time": "2018-03-26 19:52:27",
        "client_ip": "10.22.39.156"
    },
    "window": " New Patient ",
    "extra": "New patient Opened"
},{
    "action": "log_data",
    "login": {
        "uid": "2",
        "date_time": "2018-03-26 19:52:43",
        "client_ip": "10.22.39.156"
    },
    "window": "Date Change",
    "extra": ""
},{
    "action": "log_data",
    "login": {
        "uid": "2",
        "date_time": "2018-03-26 19:53:19",
        "client_ip": "10.22.39.156"
    },
    "window": "InPatient",
    "extra": "Getting Total Out Patients"
},{
    "action": "log_data",
    "login": {
        "uid": "2",
        "date_time": "2018-03-26 19:54:56",
        "client_ip": "10.22.39.156"
    },
    "window": "Doctor_ConsultData is Loaded",
    "extra": ""
},{
    "action": "log_data",
    "login": {
        "uid": "2",
        "date_time": "2018-03-26 19:55:14",
        "client_ip": "10.22.39.156"
    },
    "window": "Add New Consult",
    "extra": ""
},{
    "action": "log_data",
    "login": {
        "uid": "2",
        "date_time": "2018-03-26 19:55:21",
        "client_ip": "10.22.39.156"
    },
    "window": "InPatient",
    "extra": "Getting Total Out Patients"
},{
    "action": "log_data",
    "login": {
        "uid": "2",
        "date_time": "2018-03-26 19:56:24",
        "client_ip": "10.22.39.156"
    },
    "window": "InPatient",
    "extra": "Getting Total Out Patients"
},{
    "action": "log_data",
    "login": {
        "uid": "4",
        "date_time": "2018-03-26 19:57:29",
        "client_ip": "10.22.39.152"
    },
    "window": "InPatient",
    "extra": "Getting Total Out Patients"
},{
    "action": "log_data",
    "login": {
        "uid": "4",
        "date_time": "2018-03-26 19:58:19",
        "client_ip": "10.22.39.152"
    },
    "window": "InPatient",
    "extra": "Getting Total Out Patients"
},{
    "action": "log_data",
    "login": {
        "uid": "4",
        "date_time": "2018-03-26 19:58:38",
        "client_ip": "10.22.39.152"
    },
    "window": " New Patient ",
    "extra": "New patient Opened"
},{
    "action": "log_data",
    "login": {
        "uid": "2",
        "date_time": "2018-03-26 20:03:56",
        "client_ip": "10.22.39.156"
    },
    "window": "InPatient",
    "extra": "Getting Total Out Patients"
},{
    "action": "log_data",
    "login": {
        "uid": "2",
        "date_time": "2018-03-26 20:04:35",
        "client_ip": "10.22.39.156"
    },
    "window": "InPatient",
    "extra": "Getting Total Out Patients"
},{
    "action": "log_data",
    "login": {
        "uid": "2",
        "date_time": "2018-03-26 20:04:55",
        "client_ip": "10.22.39.156"
    },
    "window": "InPatient",
    "extra": "Getting Total Out Patients"
},{
    "action": "log_data",
    "login": {
        "uid": "2",
        "date_time": "2018-03-26 20:05:23",
        "client_ip": "10.22.39.156"
    },
    "window": "InPatient",
    "extra": "Getting Total Out Patients"
},{
    "action": "log_data",
    "login": {
        "uid": "2",
        "date_time": "2018-03-26 20:06:05",
        "client_ip": "10.22.39.156"
    },
    "window": "InPatient",
    "extra": "Getting Total Out Patients"
},{
    "action": "log_data",
    "login": {
        "uid": "2",
        "date_time": "2018-03-26 20:06:18",
        "client_ip": "10.22.39.156"
    },
    "window": "InPatient",
    "extra": "Getting Total Out Patients"
},{
    "action": "log_data",
    "login": {
        "uid": "2",
        "date_time": "2018-03-26 20:07:01",
        "client_ip": "10.22.39.156"
    },
    "window": "InPatient",
    "extra": "Getting Total Out Patients"
},{
    "action": "log_data",
    "login": {
        "uid": "2",
        "date_time": "2018-03-26 20:07:35",
        "client_ip": "10.22.39.156"
    },
    "window": "InPatient",
    "extra": "Getting Total Out Patients"
},{
    "action": "log_data",
    "login": {
        "uid": "2",
        "date_time": "2018-03-26 20:07:57",
        "client_ip": "10.22.39.156"
    },
    "window": "Users",
    "extra": "extra Data"
},{
    "action": "log_data",
    "login": {
        "uid": "2",
        "date_time": "2018-03-26 20:08:11",
        "client_ip": "10.22.39.156"
    },
    "window": "InPatient",
    "extra": "Getting Total Out Patients"
},{
    "action": "log_data",
    "login": {
        "uid": "2",
        "date_time": "2018-03-26 20:08:39",
        "client_ip": "10.22.39.156"
    },
    "window": "Users",
    "extra": "extra Data"
},{
    "action": "log_data",
    "login": {
        "uid": "2",
        "date_time": "2018-03-26 20:09:39",
        "client_ip": "10.22.39.156"
    },
    "window": "InPatient",
    "extra": "Getting Total Out Patients"
},{
    "action": "log_data",
    "login": {
        "uid": "2",
        "date_time": "2018-03-26 20:10:02",
        "client_ip": "10.22.39.156"
    },
    "window": "Users",
    "extra": "extra Data"
},{
    "action": "log_data",
    "login": {
        "uid": "2",
        "date_time": "2018-03-26 20:10:03",
        "client_ip": "10.22.39.156"
    },
    "window": "Users",
    "extra": "extra Data"
},{
    "action": "log_data",
    "login": {
        "uid": "2",
        "date_time": "2018-03-26 20:10:50",
        "client_ip": "10.22.39.156"
    },
    "window": "Users",
    "extra": "extra Data"
},{
    "action": "log_data",
    "login": {
        "uid": "2",
        "date_time": "2018-03-26 20:10:52",
        "client_ip": "10.22.39.156"
    },
    "window": "Users",
    "extra": "extra Data"
},{
    "action": "log_data",
    "login": {
        "uid": "2",
        "date_time": "2018-03-26 20:11:18",
        "client_ip": "10.22.39.156"
    },
    "window": "Users",
    "extra": "extra Data"
},{
    "action": "log_data",
    "login": {
        "uid": "2",
        "date_time": "2018-03-26 20:11:23",
        "client_ip": "10.22.39.156"
    },
    "window": "InPatient",
    "extra": "Getting Total Out Patients"
},{
    "action": "log_data",
    "login": {
        "uid": "2",
        "date_time": "2018-03-26 20:11:48",
        "client_ip": "10.22.39.156"
    },
    "window": "Users",
    "extra": "extra Data"
},{
    "action": "log_data",
    "login": {
        "uid": "2",
        "date_time": "2018-03-26 20:12:14",
        "client_ip": "10.22.39.156"
    },
    "window": "Users",
    "extra": "extra Data"
},{
    "action": "log_data",
    "login": {
        "uid": "2",
        "date_time": "2018-03-26 20:12:18",
        "client_ip": "10.22.39.156"
    },
    "window": "InPatient",
    "extra": "Getting Total Out Patients"
},{
    "action": "log_data",
    "login": {
        "uid": "2",
        "date_time": "2018-03-26 20:14:04",
        "client_ip": "10.22.39.156"
    },
    "window": "InPatient",
    "extra": "Getting Total Out Patients"
},{
    "action": "log_data",
    "login": {
        "uid": "2",
        "date_time": "2018-03-26 20:14:10",
        "client_ip": "10.22.39.156"
    },
    "window": "InPatient",
    "extra": "Getting Total Out Patients"
},{
    "action": "log_data",
    "login": {
        "uid": "2",
        "date_time": "2018-03-26 20:16:00",
        "client_ip": "10.22.39.156"
    },
    "window": "InPatient",
    "extra": "Getting Total Out Patients"
},{
    "action": "log_data",
    "login": {
        "uid": "2",
        "date_time": "2018-03-26 20:16:47",
        "client_ip": "10.22.39.156"
    },
    "window": " New Patient ",
    "extra": "New patient Opened"
},{
    "action": "log_data",
    "login": {
        "uid": "2",
        "date_time": "2018-03-26 20:17:17",
        "client_ip": "10.22.39.156"
    },
    "window": "Doctor_ConsultData is Loaded",
    "extra": ""
},{
    "action": "log_data",
    "login": {
        "uid": "2",
        "date_time": "2018-03-26 20:17:19",
        "client_ip": "10.22.39.156"
    },
    "window": "Add New Consult",
    "extra": ""
},{
    "action": "log_data",
    "login": {
        "uid": "2",
        "date_time": "2018-03-26 20:17:35",
        "client_ip": "10.22.39.156"
    },
    "window": "Users",
    "extra": "extra Data"
},{
    "action": "log_data",
    "login": {
        "uid": "2",
        "date_time": "2018-03-26 20:17:39",
        "client_ip": "10.22.39.156"
    },
    "window": "Users",
    "extra": "extra Data"
},{
    "action": "log_data",
    "login": {
        "uid": "2",
        "date_time": "2018-03-26 20:17:41",
        "client_ip": "10.22.39.156"
    },
    "window": "Users",
    "extra": "extra Data"
},{
    "action": "log_data",
    "login": {
        "uid": "2",
        "date_time": "2018-03-26 20:17:47",
        "client_ip": "10.22.39.156"
    },
    "window": "InPatient",
    "extra": "Getting Total Out Patients"
},{
    "action": "log_data",
    "login": {
        "uid": "2",
        "date_time": "2018-03-26 20:19:40",
        "client_ip": "10.22.39.156"
    },
    "window": " New Patient ",
    "extra": "New patient Opened"
},{
    "action": "log_data",
    "login": {
        "uid": "2",
        "date_time": "2018-03-26 20:27:50",
        "client_ip": "10.22.39.156"
    },
    "window": " New Patient ",
    "extra": "New patient Opened"
},{
    "action": "log_data",
    "login": {
        "uid": "2",
        "date_time": "2018-03-26 20:33:42",
        "client_ip": "10.22.39.156"
    },
    "window": " New Patient ",
    "extra": "New patient Opened"
},{
    "action": "log_data",
    "login": {
        "uid": "2",
        "date_time": "2018-03-26 20:34:02",
        "client_ip": "10.22.39.156"
    },
    "window": " New Patient ",
    "extra": "New patient Opened"
},{
    "action": "log_data",
    "login": {
        "uid": "2",
        "date_time": "2018-03-26 20:34:55",
        "client_ip": "10.22.39.156"
    },
    "window": " New Patient ",
    "extra": "New patient Opened"
},{
    "action": "log_data",
    "login": {
        "uid": "2",
        "date_time": "2018-03-26 20:38:44",
        "client_ip": "10.22.39.156"
    },
    "window": " New Patient ",
    "extra": "New patient Opened"
},{
    "action": "log_data",
    "login": {
        "uid": "2",
        "date_time": "2018-03-26 20:39:04",
        "client_ip": "10.22.39.156"
    },
    "window": " New Patient ",
    "extra": "New patient Opened"
},{
    "action": "log_data",
    "login": {
        "uid": "2",
        "date_time": "2018-03-26 20:40:03",
        "client_ip": "10.22.39.156"
    },
    "window": " New Patient ",
    "extra": "New patient Opened"
},{
    "action": "log_data",
    "login": {
        "uid": "2",
        "date_time": "2018-03-26 20:40:16",
        "client_ip": "10.22.39.156"
    },
    "window": "Date Change",
    "extra": ""
},{
    "action": "log_data",
    "login": {
        "uid": "1",
        "date_time": "2018-03-26 20:41:54",
        "client_ip": "10.22.39.155"
    },
    "window": "InPatient",
    "extra": "Getting Total Out Patients"
},{
    "action": "log_data",
    "login": {
        "uid": "1",
        "date_time": "2018-03-26 20:46:15",
        "client_ip": "10.22.39.155"
    },
    "window": "OutPatient",
    "extra": "OutPatient Data Loaded"
},{
    "action": "log_data",
    "login": {
        "uid": "1",
        "date_time": "2018-03-26 20:46:16",
        "client_ip": "10.22.39.155"
    },
    "window": " New Patient ",
    "extra": "New patient Opened"
},{
    "action": "log_data",
    "login": {
        "uid": "1",
        "date_time": "2018-03-26 20:46:25",
        "client_ip": "10.22.39.155"
    },
    "window": "InPatient",
    "extra": "Getting Total Out Patients"
},{
    "action": "log_data",
    "login": {
        "uid": "1",
        "date_time": "2018-03-26 20:46:54",
        "client_ip": "10.22.39.155"
    },
    "window": " New Patient ",
    "extra": "New patient Opened"
},{
    "action": "log_data",
    "login": {
        "uid": "2",
        "date_time": "2018-03-26 20:47:39",
        "client_ip": "10.22.39.156"
    },
    "window": " New Patient ",
    "extra": "New patient Opened"
},{
    "action": "log_data",
    "login": {
        "uid": "1",
        "date_time": "2018-03-26 20:50:13",
        "client_ip": "10.22.39.155"
    },
    "window": "Users",
    "extra": "extra Data"
},{
    "action": "log_data",
    "login": {
        "uid": "1",
        "date_time": "2018-03-26 20:50:20",
        "client_ip": "10.22.39.155"
    },
    "window": "Users",
    "extra": "extra Data"
},{
    "action": "log_data",
    "login": {
        "uid": "1",
        "date_time": "2018-03-26 20:50:28",
        "client_ip": "10.22.39.155"
    },
    "window": " New Patient ",
    "extra": "New patient Opened"
},{
    "action": "log_data",
    "login": {
        "uid": "1",
        "date_time": "2018-03-26 20:52:38",
        "client_ip": "10.22.39.155"
    },
    "window": "Date Change",
    "extra": ""
},{
    "action": "log_data",
    "login": {
        "uid": "2",
        "date_time": "2018-03-26 20:53:03",
        "client_ip": "10.22.39.156"
    },
    "window": " New Patient ",
    "extra": "New patient Opened"
},{
    "action": "log_data",
    "login": {
        "uid": "2",
        "date_time": "2018-03-26 20:56:33",
        "client_ip": "10.22.39.156"
    },
    "window": " New Patient ",
    "extra": "New patient Opened"
},{
    "action": "log_data",
    "login": {
        "uid": "1",
        "date_time": "2018-03-26 20:58:40",
        "client_ip": "10.22.39.155"
    },
    "window": "InPatient",
    "extra": "Getting Total Out Patients"
},