{
    "action": "log_data",
    "login": {
        "uid": "1",
        "date_time": "2018-01-17 17:55:02",
        "client_ip": "203.193.173.147"
    },
    "window": "Users",
    "extra": "extra Data"
},{
    "action": "log_data",
    "login": {
        "uid": "1",
        "date_time": "2018-01-17 17:55:54",
        "client_ip": "203.193.173.147"
    },
    "window": "Users",
    "extra": "extra Data"
},{
    "action": "log_data",
    "login": {
        "uid": "1",
        "date_time": "2018-01-17 17:56:01",
        "client_ip": "203.193.173.147"
    },
    "window": "Users",
    "extra": "extra Data"
},{
    "action": "log_data",
    "login": {
        "uid": "2",
        "date_time": "2018-01-17 17:56:56",
        "client_ip": "203.193.173.147"
    },
    "window": "Users",
    "extra": "extra Data"
},{
    "action": "log_data",
    "login": {
        "uid": "1",
        "date_time": "2018-01-17 17:57:46",
        "client_ip": "203.193.173.147"
    },
    "window": "Users",
    "extra": "extra Data"
},{
    "action": "log_data",
    "login": {
        "uid": "1",
        "date_time": "2018-01-17 17:57:53",
        "client_ip": "203.193.173.147"
    },
    "window": "Users",
    "extra": "extra Data"
},{
    "action": "log_data",
    "login": {
        "uid": "3",
        "date_time": "2018-01-17 17:59:37",
        "client_ip": "203.193.173.147"
    },
    "window": "Users",
    "extra": "extra Data"
},{
    "action": "log_data",
    "login": {
        "uid": "3",
        "date_time": "2018-01-17 04:38:02",
        "client_ip": "203.193.173.147"
    },
    "window": "Users",
    "extra": "extra Data"
},{
    "action": "log_data",
    "login": {
        "uid": "2",
        "date_time": "2018-01-17 18:12:19",
        "client_ip": "203.193.173.147"
    },
    "window": "Users",
    "extra": "extra Data"
},{
    "action": "log_data",
    "login": {
        "uid": "3",
        "date_time": "2018-01-17 04:51:58",
        "client_ip": "203.193.173.147"
    },
    "window": "Users",
    "extra": "extra Data"
},{
    "action": "log_data",
    "login": {
        "uid": "2",
        "date_time": "2018-01-17 18:23:38",
        "client_ip": "203.193.173.147"
    },
    "window": "Users",
    "extra": "extra Data"
},{
    "action": "log_data",
    "login": {
        "uid": "2",
        "date_time": "2018-01-17 18:23:38",
        "client_ip": "203.193.173.147"
    },
    "window": "Users",
    "extra": "extra Data"
},{
    "action": "log_data",
    "login": {
        "uid": "2",
        "date_time": "2018-01-17 04:57:12",
        "client_ip": "203.193.173.147"
    },
    "window": "Users",
    "extra": "extra Data"
},{
    "action": "log_data",
    "login": {
        "uid": "2",
        "date_time": "2018-01-17 04:57:12",
        "client_ip": "203.193.173.147"
    },
    "window": "Users",
    "extra": "extra Data"
},{
    "action": "log_data",
    "login": {
        "uid": "2",
        "date_time": "2018-01-17 05:00:32",
        "client_ip": "203.193.173.147"
    },
    "window": "Users",
    "extra": "extra Data"
},{
    "action": "log_data",
    "login": {
        "uid": "2",
        "date_time": "2018-01-17 05:00:32",
        "client_ip": "203.193.173.147"
    },
    "window": "Users",
    "extra": "extra Data"
},{
    "action": "log_data",
    "login": {
        "uid": "2",
        "date_time": "2018-01-17 05:01:01",
        "client_ip": "203.193.173.147"
    },
    "window": "Users",
    "extra": "extra Data"
},{
    "action": "log_data",
    "login": {
        "uid": "2",
        "date_time": "2018-01-17 05:01:01",
        "client_ip": "203.193.173.147"
    },
    "window": "Users",
    "extra": "extra Data"
},{
    "action": "log_data",
    "login": {
        "uid": "2",
        "date_time": "2018-01-17 05:01:09",
        "client_ip": "203.193.173.147"
    },
    "window": "Users",
    "extra": "extra Data"
},{
    "action": "log_data",
    "login": {
        "uid": "2",
        "date_time": "2018-01-17 05:01:09",
        "client_ip": "203.193.173.147"
    },
    "window": "Users",
    "extra": "extra Data"
},{
    "action": "log_data",
    "login": {
        "uid": "2",
        "date_time": "2018-01-17 05:01:17",
        "client_ip": "203.193.173.147"
    },
    "window": "Users",
    "extra": "extra Data"
},{
    "action": "log_data",
    "login": {
        "uid": "2",
        "date_time": "2018-01-17 05:01:17",
        "client_ip": "203.193.173.147"
    },
    "window": "Users",
    "extra": "extra Data"
},{
    "action": "log_data",
    "login": {
        "uid": "2",
        "date_time": "2018-01-17 05:01:53",
        "client_ip": "203.193.173.147"
    },
    "window": "Users",
    "extra": "extra Data"
},{
    "action": "log_data",
    "login": {
        "uid": "2",
        "date_time": "2018-01-17 05:01:53",
        "client_ip": "203.193.173.147"
    },
    "window": "Users",
    "extra": "extra Data"
},{
    "action": "log_data",
    "login": {
        "uid": "2",
        "date_time": "2018-01-17 05:02:42",
        "client_ip": "203.193.173.147"
    },
    "window": "Users",
    "extra": "extra Data"
},{
    "action": "log_data",
    "login": {
        "uid": "2",
        "date_time": "2018-01-17 05:02:42",
        "client_ip": "203.193.173.147"
    },
    "window": "Users",
    "extra": "extra Data"
},{
    "action": "log_data",
    "login": {
        "uid": "2",
        "date_time": "2018-01-17 05:03:14",
        "client_ip": "203.193.173.147"
    },
    "window": "Users",
    "extra": "extra Data"
},{
    "action": "log_data",
    "login": {
        "uid": "2",
        "date_time": "2018-01-17 05:03:14",
        "client_ip": "203.193.173.147"
    },
    "window": "Users",
    "extra": "extra Data"
},{
    "action": "log_data",
    "login": {
        "uid": "2",
        "date_time": "2018-01-17 05:03:16",
        "client_ip": "203.193.173.147"
    },
    "window": "Users",
    "extra": "extra Data"
},{
    "action": "log_data",
    "login": {
        "uid": "2",
        "date_time": "2018-01-17 05:03:16",
        "client_ip": "203.193.173.147"
    },
    "window": "Users",
    "extra": "extra Data"
},{
    "action": "log_data",
    "login": {
        "uid": "2",
        "date_time": "2018-01-17 05:07:36",
        "client_ip": "203.193.173.147"
    },
    "window": "Users",
    "extra": "extra Data"
},{
    "action": "log_data",
    "login": {
        "uid": "2",
        "date_time": "2018-01-17 05:07:36",
        "client_ip": "203.193.173.147"
    },
    "window": "Users",
    "extra": "extra Data"
},{
    "action": "log_data",
    "login": {
        "uid": "2",
        "date_time": "2018-01-17 05:09:22",
        "client_ip": "203.193.173.147"
    },
    "window": "Users",
    "extra": "extra Data"
},{
    "action": "log_data",
    "login": {
        "uid": "2",
        "date_time": "2018-01-17 05:09:22",
        "client_ip": "203.193.173.147"
    },
    "window": "Users",
    "extra": "extra Data"
},{
    "action": "log_data",
    "login": {
        "uid": "2",
        "date_time": "2018-01-17 05:15:56",
        "client_ip": "203.193.173.147"
    },
    "window": "Users",
    "extra": "extra Data"
},{
    "action": "log_data",
    "login": {
        "uid": "2",
        "date_time": "2018-01-17 05:15:56",
        "client_ip": "203.193.173.147"
    },
    "window": "Users",
    "extra": "extra Data"
},{
    "action": "log_data",
    "login": {
        "uid": "2",
        "date_time": "2018-01-17 05:16:28",
        "client_ip": "203.193.173.147"
    },
    "window": "Users",
    "extra": "extra Data"
},{
    "action": "log_data",
    "login": {
        "uid": "2",
        "date_time": "2018-01-17 05:16:28",
        "client_ip": "203.193.173.147"
    },
    "window": "Users",
    "extra": "extra Data"
},{
    "action": "log_data",
    "login": {
        "uid": "2",
        "date_time": "2018-01-17 05:17:06",
        "client_ip": "203.193.173.147"
    },
    "window": "Users",
    "extra": "extra Data"
},{
    "action": "log_data",
    "login": {
        "uid": "2",
        "date_time": "2018-01-17 05:17:06",
        "client_ip": "203.193.173.147"
    },
    "window": "Users",
    "extra": "extra Data"
},{
    "action": "log_data",
    "login": {
        "uid": "2",
        "date_time": "2018-01-17 05:19:36",
        "client_ip": "203.193.173.147"
    },
    "window": "Users",
    "extra": "extra Data"
},{
    "action": "log_data",
    "login": {
        "uid": "2",
        "date_time": "2018-01-17 05:19:36",
        "client_ip": "203.193.173.147"
    },
    "window": "Users",
    "extra": "extra Data"
},{
    "action": "log_data",
    "login": {
        "uid": "2",
        "date_time": "2018-01-17 05:20:33",
        "client_ip": "203.193.173.147"
    },
    "window": "Users",
    "extra": "extra Data"
},{
    "action": "log_data",
    "login": {
        "uid": "2",
        "date_time": "2018-01-17 05:21:17",
        "client_ip": "203.193.173.147"
    },
    "window": "Users",
    "extra": "extra Data"
},{
    "action": "log_data",
    "login": {
        "uid": "2",
        "date_time": "2018-01-17 05:25:02",
        "client_ip": "203.193.173.147"
    },
    "window": "Users",
    "extra": "extra Data"
},{
    "action": "log_data",
    "login": {
        "uid": "2",
        "date_time": "2018-01-17 05:25:24",
        "client_ip": "203.193.173.147"
    },
    "window": "Users",
    "extra": "extra Data"
},{
    "action": "log_data",
    "login": {
        "uid": "2",
        "date_time": "2018-01-17 05:30:31",
        "client_ip": "203.193.173.147"
    },
    "window": "Users",
    "extra": "extra Data"
},{
    "action": "log_data",
    "login": {
        "uid": "2",
        "date_time": "2018-01-17 05:30:51",
        "client_ip": "203.193.173.147"
    },
    "window": "Users",
    "extra": "extra Data"
},{
    "action": "log_data",
    "login": {
        "uid": "2",
        "date_time": "2018-01-17 05:33:08",
        "client_ip": "203.193.173.147"
    },
    "window": "Users",
    "extra": "extra Data"
},{
    "action": "log_data",
    "login": {
        "uid": "2",
        "date_time": "2018-01-17 05:33:36",
        "client_ip": "203.193.173.147"
    },
    "window": "Users",
    "extra": "extra Data"
},{
    "action": "log_data",
    "login": {
        "uid": "2",
        "date_time": "2018-01-17 05:33:53",
        "client_ip": "203.193.173.147"
    },
    "window": "Users",
    "extra": "extra Data"
},{
    "action": "log_data",
    "login": {
        "uid": "2",
        "date_time": "2018-01-17 05:34:26",
        "client_ip": "203.193.173.147"
    },
    "window": "Users",
    "extra": "extra Data"
},{
    "action": "log_data",
    "login": {
        "uid": "2",
        "date_time": "2018-01-17 05:34:36",
        "client_ip": "203.193.173.147"
    },
    "window": "Users",
    "extra": "extra Data"
},{
    "action": "log_data",
    "login": {
        "uid": "2",
        "date_time": "2018-01-17 05:34:55",
        "client_ip": "203.193.173.147"
    },
    "window": "Users",
    "extra": "extra Data"
},{
    "action": "log_data",
    "login": {
        "uid": "2",
        "date_time": "2018-01-17 05:35:35",
        "client_ip": "203.193.173.147"
    },
    "window": "Users",
    "extra": "extra Data"
},{
    "action": "log_data",
    "login": {
        "uid": "2",
        "date_time": "2018-01-17 05:40:06",
        "client_ip": "203.193.173.147"
    },
    "window": "Users",
    "extra": "extra Data"
},{
    "action": "log_data",
    "login": {
        "uid": "2",
        "date_time": "2018-01-17 05:41:07",
        "client_ip": "203.193.173.147"
    },
    "window": "Users",
    "extra": "extra Data"
},{
    "action": "log_data",
    "login": {
        "uid": "1",
        "date_time": "2018-01-17 19:11:22",
        "client_ip": "203.193.173.147"
    },
    "window": "Users",
    "extra": "extra Data"
},{
    "action": "log_data",
    "login": {
        "uid": "2",
        "date_time": "2018-01-17 05:41:28",
        "client_ip": "203.193.173.147"
    },
    "window": "Users",
    "extra": "extra Data"
},{
    "action": "log_data",
    "login": {
        "uid": "1",
        "date_time": "2018-01-17 19:11:48",
        "client_ip": "203.193.173.147"
    },
    "window": "Users",
    "extra": "extra Data"
},{
    "action": "log_data",
    "login": {
        "uid": "1",
        "date_time": "2018-01-17 19:12:10",
        "client_ip": "203.193.173.147"
    },
    "window": "Patient",
    "extra": "Get Patient Data"
},{
    "action": "log_data",
    "login": {
        "uid": "1",
        "date_time": "2018-01-17 19:12:14",
        "client_ip": "203.193.173.147"
    },
    "window": "Users",
    "extra": "extra Data"
},{
    "action": "log_data",
    "login": {
        "uid": "2",
        "date_time": "2018-01-17 05:43:03",
        "client_ip": "203.193.173.147"
    },
    "window": "Users",
    "extra": "extra Data"
},{
    "action": "log_data",
    "login": {
        "uid": "2",
        "date_time": "2018-01-17 05:44:12",
        "client_ip": "203.193.173.147"
    },
    "window": "Users",
    "extra": "extra Data"
},{
    "action": "log_data",
    "login": {
        "uid": "1",
        "date_time": "2018-01-17 19:14:45",
        "client_ip": "203.193.173.147"
    },
    "window": "Users",
    "extra": "extra Data"
},{
    "action": "log_data",
    "login": {
        "uid": "1",
        "date_time": "2018-01-17 19:15:53",
        "client_ip": "203.193.173.147"
    },
    "window": "Users",
    "extra": "extra Data"
},{
    "action": "log_data",
    "login": {
        "uid": "1",
        "date_time": "2018-01-17 19:15:57",
        "client_ip": "203.193.173.147"
    },
    "window": "Users",
    "extra": "extra Data"
},{
    "action": "log_data",
    "login": {
        "uid": "1",
        "date_time": "2018-01-17 19:16:02",
        "client_ip": "203.193.173.147"
    },
    "window": "Patient",
    "extra": "Get Patient Data"
},{
    "action": "log_data",
    "login": {
        "uid": "1",
        "date_time": "2018-01-17 19:16:07",
        "client_ip": "203.193.173.147"
    },
    "window": "Users",
    "extra": "extra Data"
},{
    "action": "log_data",
    "login": {
        "uid": "2",
        "date_time": "2018-01-17 05:48:13",
        "client_ip": "203.193.173.147"
    },
    "window": "Users",
    "extra": "extra Data"
},{
    "action": "log_data",
    "login": {
        "uid": "2",
        "date_time": "2018-01-17 05:48:35",
        "client_ip": "203.193.173.147"
    },
    "window": "Users",
    "extra": "extra Data"
},{
    "action": "log_data",
    "login": {
        "uid": "2",
        "date_time": "2018-01-17 05:48:46",
        "client_ip": "203.193.173.147"
    },
    "window": "Users",
    "extra": "extra Data"
},{
    "action": "log_data",
    "login": {
        "uid": "2",
        "date_time": "2018-01-17 05:49:18",
        "client_ip": "203.193.173.147"
    },
    "window": "Users",
    "extra": "extra Data"
},{
    "action": "log_data",
    "login": {
        "uid": "2",
        "date_time": "2018-01-17 05:50:01",
        "client_ip": "203.193.173.147"
    },
    "window": "Users",
    "extra": "extra Data"
},{
    "action": "log_data",
    "login": {
        "uid": "2",
        "date_time": "2018-01-17 05:50:07",
        "client_ip": "203.193.173.147"
    },
    "window": "Users",
    "extra": "extra Data"
},{
    "action": "log_data",
    "login": {
        "uid": "2",
        "date_time": "2018-01-17 05:50:33",
        "client_ip": "203.193.173.147"
    },
    "window": "Users",
    "extra": "extra Data"
},{
    "action": "log_data",
    "login": {
        "uid": "2",
        "date_time": "2018-01-17 19:20:59",
        "client_ip": "203.193.173.147"
    },
    "window": "Users",
    "extra": "extra Data"
},{
    "action": "log_data",
    "login": {
        "uid": "2",
        "date_time": "2018-01-17 19:21:31",
        "client_ip": "203.193.173.147"
    },
    "window": "Users",
    "extra": "extra Data"
},{
    "action": "log_data",
    "login": {
        "uid": "2",
        "date_time": "2018-01-17 19:21:46",
        "client_ip": "203.193.173.147"
    },
    "window": "Users",
    "extra": "extra Data"
},{
    "action": "log_data",
    "login": {
        "uid": "2",
        "date_time": "2018-01-17 19:23:44",
        "client_ip": "203.193.173.147"
    },
    "window": "Users",
    "extra": "extra Data"
},{
    "action": "log_data",
    "login": {
        "uid": "2",
        "date_time": "2018-01-17 19:26:02",
        "client_ip": "203.193.173.147"
    },
    "window": "Users",
    "extra": "extra Data"
},{
    "action": "log_data",
    "login": {
        "uid": "2",
        "date_time": "2018-01-17 19:28:26",
        "client_ip": "203.193.173.147"
    },
    "window": "Users",
    "extra": "extra Data"
},{
    "action": "log_data",
    "login": {
        "uid": "2",
        "date_time": "2018-01-17 19:28:30",
        "client_ip": "203.193.173.147"
    },
    "window": "Users",
    "extra": "extra Data"
},{
    "action": "log_data",
    "login": {
        "uid": "3",
        "date_time": "2018-01-17 19:29:22",
        "client_ip": "203.193.173.147"
    },
    "window": "Users",
    "extra": "extra Data"
},{
    "action": "log_data",
    "login": {
        "uid": "2",
        "date_time": "2018-01-17 19:30:01",
        "client_ip": "203.193.173.147"
    },
    "window": "Users",
    "extra": "extra Data"
},{
    "action": "log_data",
    "login": {
        "uid": "2",
        "date_time": "2018-01-17 19:40:16",
        "client_ip": "203.193.173.147"
    },
    "window": "Users",
    "extra": "extra Data"
},{
    "action": "log_data",
    "login": {
        "uid": "2",
        "date_time": "2018-01-17 19:42:48",
        "client_ip": "203.193.173.147"
    },
    "window": "Users",
    "extra": "extra Data"
},{
    "action": "log_data",
    "login": {
        "uid": "2",
        "date_time": "2018-01-17 19:45:56",
        "client_ip": "203.193.173.147"
    },
    "window": "Users",
    "extra": "extra Data"
},{
    "action": "log_data",
    "login": {
        "uid": "1",
        "date_time": "2018-01-17 19:47:03",
        "client_ip": "203.193.173.147"
    },
    "window": "Users",
    "extra": "extra Data"
},{
    "action": "log_data",
    "login": {
        "uid": "1",
        "date_time": "2018-01-17 19:47:10",
        "client_ip": "203.193.173.147"
    },
    "window": "Users",
    "extra": "extra Data"
},{
    "action": "log_data",
    "login": {
        "uid": "1",
        "date_time": "2018-01-17 19:47:21",
        "client_ip": "203.193.173.147"
    },
    "window": "Users",
    "extra": "extra Data"
},{
    "action": "log_data",
    "login": {
        "uid": "1",
        "date_time": "2018-01-17 19:47:45",
        "client_ip": "203.193.173.147"
    },
    "window": "Users",
    "extra": "extra Data"
},{
    "action": "log_data",
    "login": {
        "uid": "1",
        "date_time": "2018-01-17 19:49:24",
        "client_ip": "203.193.173.147"
    },
    "window": "Users",
    "extra": "extra Data"
},{
    "action": "log_data",
    "login": {
        "uid": "1",
        "date_time": "2018-01-17 19:49:31",
        "client_ip": "203.193.173.147"
    },
    "window": "Users",
    "extra": "extra Data"
},{
    "action": "log_data",
    "login": {
        "uid": "1",
        "date_time": "2018-01-17 19:49:45",
        "client_ip": "203.193.173.147"
    },
    "window": "Users",
    "extra": "extra Data"
},{
    "action": "log_data",
    "login": {
        "uid": "1",
        "date_time": "2018-01-17 19:50:43",
        "client_ip": "203.193.173.147"
    },
    "window": "Users",
    "extra": "extra Data"
},{
    "action": "log_data",
    "login": {
        "uid": "1",
        "date_time": "2018-01-17 19:51:02",
        "client_ip": "203.193.173.147"
    },
    "window": "Users",
    "extra": "extra Data"
},{
    "action": "log_data",
    "login": {
        "uid": "1",
        "date_time": "2018-01-17 19:51:09",
        "client_ip": "203.193.173.147"
    },
    "window": "Users",
    "extra": "extra Data"
},{
    "action": "log_data",
    "login": {
        "uid": "1",
        "date_time": "2018-01-17 19:51:24",
        "client_ip": "203.193.173.147"
    },
    "window": "Users",
    "extra": "extra Data"
},{
    "action": "log_data",
    "login": {
        "uid": "2",
        "date_time": "2018-01-17 19:52:53",
        "client_ip": "203.193.173.147"
    },
    "window": "Users",
    "extra": "extra Data"
},{
    "action": "log_data",
    "login": {
        "uid": "2",
        "date_time": "2018-01-17 19:53:02",
        "client_ip": "203.193.173.147"
    },
    "window": "Users",
    "extra": "extra Data"
},{
    "action": "log_data",
    "login": {
        "uid": "2",
        "date_time": "2018-01-17 19:53:06",
        "client_ip": "203.193.173.147"
    },
    "window": "Users",
    "extra": "extra Data"
},{
    "action": "log_data",
    "login": {
        "uid": "2",
        "date_time": "2018-01-17 19:53:31",
        "client_ip": "203.193.173.147"
    },
    "window": "Users",
    "extra": "extra Data"
},{
    "action": "log_data",
    "login": {
        "uid": "2",
        "date_time": "2018-01-17 06:50:08",
        "client_ip": "203.193.173.147"
    },
    "window": "Users",
    "extra": "extra Data"
},{
    "action": "log_data",
    "login": {
        "uid": "2",
        "date_time": "2018-01-17 06:50:08",
        "client_ip": "203.193.173.147"
    },
    "window": "Users",
    "extra": "extra Data"
},{
    "action": "log_data",
    "login": {
        "uid": "2",
        "date_time": "2018-01-17 06:51:21",
        "client_ip": "203.193.173.147"
    },
    "window": "Users",
    "extra": "extra Data"
},{
    "action": "log_data",
    "login": {
        "uid": "2",
        "date_time": "2018-01-17 06:51:21",
        "client_ip": "203.193.173.147"
    },
    "window": "Users",
    "extra": "extra Data"
},{
    "action": "log_data",
    "login": {
        "uid": "2",
        "date_time": "2018-01-17 06:51:23",
        "client_ip": "203.193.173.147"
    },
    "window": "Users",
    "extra": "extra Data"
},{
    "action": "log_data",
    "login": {
        "uid": "2",
        "date_time": "2018-01-17 06:51:23",
        "client_ip": "203.193.173.147"
    },
    "window": "Users",
    "extra": "extra Data"
},{
    "action": "log_data",
    "login": {
        "uid": "1",
        "date_time": "2018-01-17 20:22:51",
        "client_ip": "192.168.2.247"
    },
    "window": "Users",
    "extra": "extra Data"
},{
    "action": "log_data",
    "login": {
        "uid": "1",
        "date_time": "2018-01-17 20:22:51",
        "client_ip": "192.168.2.247"
    },
    "window": "Users",
    "extra": "extra Data"
},{
    "action": "log_data",
    "login": {
        "uid": "2",
        "date_time": "2018-01-17 06:53:04",
        "client_ip": "203.193.173.147"
    },
    "window": "Users",
    "extra": "extra Data"
},{
    "action": "log_data",
    "login": {
        "uid": "2",
        "date_time": "2018-01-17 06:53:04",
        "client_ip": "203.193.173.147"
    },
    "window": "Users",
    "extra": "extra Data"
},{
    "action": "log_data",
    "login": {
        "uid": "2",
        "date_time": "2018-01-17 06:53:06",
        "client_ip": "203.193.173.147"
    },
    "window": "Users",
    "extra": "extra Data"
},{
    "action": "log_data",
    "login": {
        "uid": "2",
        "date_time": "2018-01-17 06:53:06",
        "client_ip": "203.193.173.147"
    },
    "window": "Users",
    "extra": "extra Data"
},{
    "action": "log_data",
    "login": {
        "uid": "2",
        "date_time": "2018-01-17 06:53:07",
        "client_ip": "203.193.173.147"
    },
    "window": "Users",
    "extra": "extra Data"
},{
    "action": "log_data",
    "login": {
        "uid": "2",
        "date_time": "2018-01-17 06:53:07",
        "client_ip": "203.193.173.147"
    },
    "window": "Users",
    "extra": "extra Data"
},{
    "action": "log_data",
    "login": {
        "uid": "1",
        "date_time": "2018-01-17 20:23:38",
        "client_ip": "192.168.2.247"
    },
    "window": "Users",
    "extra": "extra Data"
},{
    "action": "log_data",
    "login": {
        "uid": "1",
        "date_time": "2018-01-17 20:23:44",
        "client_ip": "192.168.2.247"
    },
    "window": "Users",
    "extra": "extra Data"
},{
    "action": "log_data",
    "login": {
        "uid": "1",
        "date_time": "2018-01-17 20:23:53",
        "client_ip": "192.168.2.247"
    },
    "window": "Users",
    "extra": "extra Data"
},{
    "action": "log_data",
    "login": {
        "uid": "1",
        "date_time": "2018-01-17 20:23:53",
        "client_ip": "192.168.2.247"
    },
    "window": "Users",
    "extra": "extra Data"
},{
    "action": "log_data",
    "login": {
        "uid": "2",
        "date_time": "2018-01-17 06:54:11",
        "client_ip": "203.193.173.147"
    },
    "window": "Users",
    "extra": "extra Data"
},{
    "action": "log_data",
    "login": {
        "uid": "2",
        "date_time": "2018-01-17 06:54:11",
        "client_ip": "203.193.173.147"
    },
    "window": "Users",
    "extra": "extra Data"
},{
    "action": "log_data",
    "login": {
        "uid": "2",
        "date_time": "2018-01-17 06:54:13",
        "client_ip": "203.193.173.147"
    },
    "window": "Users",
    "extra": "extra Data"
},{
    "action": "log_data",
    "login": {
        "uid": "2",
        "date_time": "2018-01-17 06:54:13",
        "client_ip": "203.193.173.147"
    },
    "window": "Users",
    "extra": "extra Data"
},{
    "action": "log_data",
    "login": {
        "uid": "2",
        "date_time": "2018-01-17 20:24:36",
        "client_ip": "192.168.2.247"
    },
    "window": "Users",
    "extra": "extra Data"
},{
    "action": "log_data",
    "login": {
        "uid": "2",
        "date_time": "2018-01-17 20:24:36",
        "client_ip": "192.168.2.247"
    },
    "window": "Users",
    "extra": "extra Data"
},{
    "action": "log_data",
    "login": {
        "uid": "2",
        "date_time": "2018-01-17 20:26:04",
        "client_ip": "192.168.2.247"
    },
    "window": "Users",
    "extra": "extra Data"
},{
    "action": "log_data",
    "login": {
        "uid": "2",
        "date_time": "2018-01-17 20:26:04",
        "client_ip": "192.168.2.247"
    },
    "window": "Users",
    "extra": "extra Data"
},{
    "action": "log_data",
    "login": {
        "uid": "2",
        "date_time": "2018-01-17 20:26:14",
        "client_ip": "192.168.2.247"
    },
    "window": "Users",
    "extra": "extra Data"
},{
    "action": "log_data",
    "login": {
        "uid": "2",
        "date_time": "2018-01-17 20:26:14",
        "client_ip": "192.168.2.247"
    },
    "window": "Users",
    "extra": "extra Data"
},{
    "action": "log_data",
    "login": {
        "uid": "2",
        "date_time": "2018-01-17 20:26:33",
        "client_ip": "192.168.2.247"
    },
    "window": "Users",
    "extra": "extra Data"
},{
    "action": "log_data",
    "login": {
        "uid": "2",
        "date_time": "2018-01-17 20:26:33",
        "client_ip": "192.168.2.247"
    },
    "window": "Users",
    "extra": "extra Data"
},{
    "action": "log_data",
    "login": {
        "uid": "2",
        "date_time": "2018-01-17 06:57:48",
        "client_ip": "203.193.173.147"
    },
    "window": "Users",
    "extra": "extra Data"
},{
    "action": "log_data",
    "login": {
        "uid": "2",
        "date_time": "2018-01-17 06:57:48",
        "client_ip": "203.193.173.147"
    },
    "window": "Users",
    "extra": "extra Data"
},{
    "action": "log_data",
    "login": {
        "uid": "2",
        "date_time": "2018-01-17 20:27:59",
        "client_ip": "192.168.2.247"
    },
    "window": "Users",
    "extra": "extra Data"
},{
    "action": "log_data",
    "login": {
        "uid": "2",
        "date_time": "2018-01-17 20:27:59",
        "client_ip": "192.168.2.247"
    },
    "window": "Users",
    "extra": "extra Data"
},{
    "action": "log_data",
    "login": {
        "uid": "2",
        "date_time": "2018-01-17 20:30:06",
        "client_ip": "192.168.2.247"
    },
    "window": "Users",
    "extra": "extra Data"
},{
    "action": "log_data",
    "login": {
        "uid": "2",
        "date_time": "2018-01-17 20:30:06",
        "client_ip": "192.168.2.247"
    },
    "window": "Users",
    "extra": "extra Data"
},{
    "action": "log_data",
    "login": {
        "uid": "2",
        "date_time": "2018-01-17 20:36:35",
        "client_ip": "192.168.2.247"
    },
    "window": "Users",
    "extra": "extra Data"
},{
    "action": "log_data",
    "login": {
        "uid": "2",
        "date_time": "2018-01-17 20:38:02",
        "client_ip": "192.168.2.247"
    },
    "window": "Users",
    "extra": "extra Data"
},{
    "action": "log_data",
    "login": {
        "uid": "2",
        "date_time": "2018-01-17 20:39:25",
        "client_ip": "192.168.2.247"
    },
    "window": "Users",
    "extra": "extra Data"
},{
    "action": "log_data",
    "login": {
        "uid": "2",
        "date_time": "2018-01-17 20:39:55",
        "client_ip": "192.168.2.247"
    },
    "window": "Users",
    "extra": "extra Data"
},{
    "action": "log_data",
    "login": {
        "uid": "2",
        "date_time": "2018-01-17 07:10:06",
        "client_ip": "203.193.173.147"
    },
    "window": "Users",
    "extra": "extra Data"
},{
    "action": "log_data",
    "login": {
        "uid": "2",
        "date_time": "2018-01-17 07:10:06",
        "client_ip": "203.193.173.147"
    },
    "window": "Users",
    "extra": "extra Data"
},{
    "action": "log_data",
    "login": {
        "uid": "2",
        "date_time": "2018-01-17 20:41:53",
        "client_ip": "192.168.2.247"
    },
    "window": "Users",
    "extra": "extra Data"
},{
    "action": "log_data",
    "login": {
        "uid": "2",
        "date_time": "2018-01-17 20:41:53",
        "client_ip": "192.168.2.247"
    },
    "window": "Users",
    "extra": "extra Data"
},{
    "action": "log_data",
    "login": {
        "uid": "2",
        "date_time": "2018-01-17 20:42:06",
        "client_ip": "192.168.2.247"
    },
    "window": "Users",
    "extra": "extra Data"
},{
    "action": "log_data",
    "login": {
        "uid": "2",
        "date_time": "2018-01-17 20:42:06",
        "client_ip": "192.168.2.247"
    },
    "window": "Users",
    "extra": "extra Data"
},{
    "action": "log_data",
    "login": {
        "uid": "2",
        "date_time": "2018-01-17 07:16:35",
        "client_ip": "203.193.173.147"
    },
    "window": "Users",
    "extra": "extra Data"
},{
    "action": "log_data",
    "login": {
        "uid": "2",
        "date_time": "2018-01-17 20:47:39",
        "client_ip": "203.193.173.147"
    },
    "window": "Users",
    "extra": "extra Data"
},{
    "action": "log_data",
    "login": {
        "uid": "2",
        "date_time": "2018-01-17 07:19:15",
        "client_ip": "203.193.173.147"
    },
    "window": "Users",
    "extra": "extra Data"
},{
    "action": "log_data",
    "login": {
        "uid": "2",
        "date_time": "2018-01-17 07:20:28",
        "client_ip": "203.193.173.147"
    },
    "window": "Users",
    "extra": "extra Data"
},{
    "action": "log_data",
    "login": {
        "uid": "2",
        "date_time": "2018-01-17 20:50:49",
        "client_ip": "203.193.173.147"
    },
    "window": "Users",
    "extra": "extra Data"
},{
    "action": "log_data",
    "login": {
        "uid": "2",
        "date_time": "2018-01-17 20:51:01",
        "client_ip": "203.193.173.147"
    },
    "window": "Users",
    "extra": "extra Data"
},{
    "action": "log_data",
    "login": {
        "uid": "1",
        "date_time": "2018-01-17 20:51:19",
        "client_ip": "203.193.173.147"
    },
    "window": "Users",
    "extra": "extra Data"
},{
    "action": "log_data",
    "login": {
        "uid": "1",
        "date_time": "2018-01-17 20:51:26",
        "client_ip": "203.193.173.147"
    },
    "window": "Users",
    "extra": "extra Data"
},{
    "action": "log_data",
    "login": {
        "uid": "1",
        "date_time": "2018-01-17 20:51:36",
        "client_ip": "203.193.173.147"
    },
    "window": "Users",
    "extra": "extra Data"
},{
    "action": "log_data",
    "login": {
        "uid": "2",
        "date_time": "2018-01-17 07:25:42",
        "client_ip": "203.193.173.147"
    },
    "window": "Users",
    "extra": "extra Data"
},{
    "action": "log_data",
    "login": {
        "uid": "2",
        "date_time": "2018-01-17 07:25:43",
        "client_ip": "203.193.173.147"
    },
    "window": "Users",
    "extra": "extra Data"
},{
    "action": "log_data",
    "login": {
        "uid": "2",
        "date_time": "2018-01-17 07:26:07",
        "client_ip": "203.193.173.147"
    },
    "window": "Users",
    "extra": "extra Data"
},{
    "action": "log_data",
    "login": {
        "uid": "2",
        "date_time": "2018-01-17 07:26:09",
        "client_ip": "203.193.173.147"
    },
    "window": "Users",
    "extra": "extra Data"
},{
    "action": "log_data",
    "login": {
        "uid": "2",
        "date_time": "2018-01-17 07:28:00",
        "client_ip": "203.193.173.147"
    },
    "window": "Users",
    "extra": "extra Data"
},{
    "action": "log_data",
    "login": {
        "uid": "2",
        "date_time": "2018-01-17 07:28:01",
        "client_ip": "203.193.173.147"
    },
    "window": "Users",
    "extra": "extra Data"
},{
    "action": "log_data",
    "login": {
        "uid": "2",
        "date_time": "2018-01-17 07:28:01",
        "client_ip": "203.193.173.147"
    },
    "window": "Users",
    "extra": "extra Data"
},{
    "action": "log_data",
    "login": {
        "uid": "2",
        "date_time": "2018-01-17 07:28:01",
        "client_ip": "203.193.173.147"
    },
    "window": "Users",
    "extra": "extra Data"
},{
    "action": "log_data",
    "login": {
        "uid": "2",
        "date_time": "2018-01-17 07:28:01",
        "client_ip": "203.193.173.147"
    },
    "window": "Users",
    "extra": "extra Data"
},{
    "action": "log_data",
    "login": {
        "uid": "2",
        "date_time": "2018-01-17 07:28:02",
        "client_ip": "203.193.173.147"
    },
    "window": "Users",
    "extra": "extra Data"
},{
    "action": "log_data",
    "login": {
        "uid": "2",
        "date_time": "2018-01-17 07:28:02",
        "client_ip": "203.193.173.147"
    },
    "window": "Users",
    "extra": "extra Data"
},{
    "action": "log_data",
    "login": {
        "uid": "2",
        "date_time": "2018-01-17 07:28:02",
        "client_ip": "203.193.173.147"
    },
    "window": "Users",
    "extra": "extra Data"
},{
    "action": "log_data",
    "login": {
        "uid": "2",
        "date_time": "2018-01-17 07:28:02",
        "client_ip": "203.193.173.147"
    },
    "window": "Users",
    "extra": "extra Data"
},{
    "action": "log_data",
    "login": {
        "uid": "2",
        "date_time": "2018-01-17 07:28:03",
        "client_ip": "203.193.173.147"
    },
    "window": "Users",
    "extra": "extra Data"
},{
    "action": "log_data",
    "login": {
        "uid": "2",
        "date_time": "2018-01-17 07:28:03",
        "client_ip": "203.193.173.147"
    },
    "window": "Users",
    "extra": "extra Data"
},{
    "action": "log_data",
    "login": {
        "uid": "2",
        "date_time": "2018-01-17 07:34:29",
        "client_ip": "203.193.173.147"
    },
    "window": "Users",
    "extra": "extra Data"
},{
    "action": "log_data",
    "login": {
        "uid": "2",
        "date_time": "2018-01-17 07:34:29",
        "client_ip": "203.193.173.147"
    },
    "window": "Users",
    "extra": "extra Data"
},{
    "action": "log_data",
    "login": {
        "uid": "2",
        "date_time": "2018-01-17 07:34:30",
        "client_ip": "203.193.173.147"
    },
    "window": "Users",
    "extra": "extra Data"
},{
    "action": "log_data",
    "login": {
        "uid": "2",
        "date_time": "2018-01-17 07:34:30",
        "client_ip": "203.193.173.147"
    },
    "window": "Users",
    "extra": "extra Data"
},{
    "action": "log_data",
    "login": {
        "uid": "2",
        "date_time": "2018-01-17 07:34:30",
        "client_ip": "203.193.173.147"
    },
    "window": "Users",
    "extra": "extra Data"
},{
    "action": "log_data",
    "login": {
        "uid": "2",
        "date_time": "2018-01-17 07:34:30",
        "client_ip": "203.193.173.147"
    },
    "window": "Users",
    "extra": "extra Data"
},{
    "action": "log_data",
    "login": {
        "uid": "2",
        "date_time": "2018-01-17 07:34:30",
        "client_ip": "203.193.173.147"
    },
    "window": "Users",
    "extra": "extra Data"
},{
    "action": "log_data",
    "login": {
        "uid": "2",
        "date_time": "2018-01-17 07:34:31",
        "client_ip": "203.193.173.147"
    },
    "window": "Users",
    "extra": "extra Data"
},{
    "action": "log_data",
    "login": {
        "uid": "2",
        "date_time": "2018-01-17 07:34:31",
        "client_ip": "203.193.173.147"
    },
    "window": "Users",
    "extra": "extra Data"
},{
    "action": "log_data",
    "login": {
        "uid": "1",
        "date_time": "2018-01-17 21:58:15",
        "client_ip": "202.62.71.157"
    },
    "window": "Users",
    "extra": "extra Data"
},{
    "action": "log_data",
    "login": {
        "uid": "1",
        "date_time": "2018-01-17 21:58:17",
        "client_ip": "202.62.71.157"
    },
    "window": "Users",
    "extra": "extra Data"
},{
    "action": "log_data",
    "login": {
        "uid": "1",
        "date_time": "2018-01-17 21:58:50",
        "client_ip": "202.62.71.157"
    },
    "window": "Users",
    "extra": "extra Data"
},{
    "action": "log_data",
    "login": {
        "uid": "1",
        "date_time": "2018-01-17 21:59:08",
        "client_ip": "202.62.71.157"
    },
    "window": "Users",
    "extra": "extra Data"
},{
    "action": "log_data",
    "login": {
        "uid": "1",
        "date_time": "2018-01-17 22:17:04",
        "client_ip": "203.193.173.147"
    },
    "window": "Users",
    "extra": "extra Data"
},