{
    "action": "log_data",
    "login": {
        "uid": "2",
        "date_time": "2018-05-01 09:04:16",
        "client_ip": "10.22.39.156"
    },
    "window": "InPatient",
    "extra": "Getting Total Out Patients"
},{
    "action": "log_data",
    "login": {
        "uid": "2",
        "date_time": "2018-05-01 09:07:04",
        "client_ip": "10.22.39.156"
    },
    "window": "InPatient",
    "extra": "Getting Beds"
},{
    "action": "log_data",
    "login": {
        "uid": "2",
        "date_time": "2018-05-01 09:07:08",
        "client_ip": "10.22.39.156"
    },
    "window": "InPatient",
    "extra": "Getting Consult"
},{
    "action": "log_data",
    "login": {
        "uid": "2",
        "date_time": "2018-05-01 09:07:10",
        "client_ip": "10.22.39.156"
    },
    "window": "InPatient",
    "extra": "Getting Consult"
},{
    "action": "log_data",
    "login": {
        "uid": "2",
        "date_time": "2018-05-01 09:07:11",
        "client_ip": "10.22.39.156"
    },
    "window": "InPatient",
    "extra": "Getting Consult"
},{
    "action": "log_data",
    "login": {
        "uid": "2",
        "date_time": "2018-05-01 09:07:18",
        "client_ip": "10.22.39.156"
    },
    "window": " New Patient ",
    "extra": "New patient Opened"
},{
    "action": "log_data",
    "login": {
        "uid": "2",
        "date_time": "2018-05-01 09:07:39",
        "client_ip": "10.22.39.156"
    },
    "window": "Users",
    "extra": "extra Data"
},{
    "action": "log_data",
    "login": {
        "uid": "2",
        "date_time": "2018-05-01 09:07:42",
        "client_ip": "10.22.39.156"
    },
    "window": "Users",
    "extra": "extra Data"
},{
    "action": "log_data",
    "login": {
        "uid": "2",
        "date_time": "2018-05-01 09:07:48",
        "client_ip": "10.22.39.156"
    },
    "window": "Users",
    "extra": "extra Data"
},{
    "action": "log_data",
    "login": {
        "uid": "2",
        "date_time": "2018-05-01 11:56:52",
        "client_ip": "10.22.39.156"
    },
    "window": "Users",
    "extra": "extra Data"
},{
    "action": "log_data",
    "login": {
        "uid": "2",
        "date_time": "2018-05-01 11:56:55",
        "client_ip": "10.22.39.156"
    },
    "window": "Users",
    "extra": "extra Data"
},{
    "action": "log_data",
    "login": {
        "uid": "2",
        "date_time": "2018-05-01 11:57:23",
        "client_ip": "10.22.39.156"
    },
    "window": "Users",
    "extra": "extra Data"
},{
    "action": "log_data",
    "login": {
        "uid": "2",
        "date_time": "2018-05-01 12:02:17",
        "client_ip": "10.22.39.156"
    },
    "window": "Users",
    "extra": "extra Data"
},{
    "action": "log_data",
    "login": {
        "uid": "2",
        "date_time": "2018-05-01 12:02:28",
        "client_ip": "10.22.39.156"
    },
    "window": "Users",
    "extra": "extra Data"
},{
    "action": "log_data",
    "login": {
        "uid": "2",
        "date_time": "2018-05-01 12:02:48",
        "client_ip": "10.22.39.156"
    },
    "window": "Users",
    "extra": "extra Data"
},{
    "action": "log_data",
    "login": {
        "uid": "2",
        "date_time": "2018-05-01 12:04:05",
        "client_ip": "10.22.39.156"
    },
    "window": "Users",
    "extra": "extra Data"
},{
    "action": "log_data",
    "login": {
        "uid": "2",
        "date_time": "2018-05-01 12:04:19",
        "client_ip": "10.22.39.156"
    },
    "window": "Users",
    "extra": "extra Data"
},{
    "action": "log_data",
    "login": {
        "uid": "2",
        "date_time": "2018-05-01 13:30:01",
        "client_ip": "10.22.39.156"
    },
    "window": "InPatient",
    "extra": "Getting Total Out Patients"
},{
    "action": "log_data",
    "login": {
        "uid": "2",
        "date_time": "2018-05-01 13:30:06",
        "client_ip": "10.22.39.156"
    },
    "window": "Supplier",
    "extra": "Supplier data is opened"
},{
    "action": "log_data",
    "login": {
        "uid": "2",
        "date_time": "2018-05-01 13:30:36",
        "client_ip": "10.22.39.156"
    },
    "window": "Supplier",
    "extra": "Supplier data is opened"
},{
    "action": "log_data",
    "login": {
        "uid": "11",
        "date_time": "2018-05-01 18:03:32",
        "client_ip": "10.22.39.162"
    },
    "window": "InPatient",
    "extra": "Getting Total Out Patients"
},{
    "action": "log_data",
    "login": {
        "uid": "11",
        "date_time": "2018-05-01 18:22:47",
        "client_ip": "10.22.39.162"
    },
    "window": "Users",
    "extra": "extra Data"
},{
    "action": "log_data",
    "login": {
        "uid": "11",
        "date_time": "2018-05-01 18:22:48",
        "client_ip": "10.22.39.162"
    },
    "window": "Users",
    "extra": "extra Data"
},{
    "action": "log_data",
    "login": {
        "uid": "11",
        "date_time": "2018-05-01 18:22:49",
        "client_ip": "10.22.39.162"
    },
    "window": "Users",
    "extra": "extra Data"
},{
    "action": "log_data",
    "login": {
        "uid": "11",
        "date_time": "2018-05-01 18:22:50",
        "client_ip": "10.22.39.162"
    },
    "window": "Users",
    "extra": "extra Data"
},{
    "action": "log_data",
    "login": {
        "uid": "11",
        "date_time": "2018-05-01 18:22:52",
        "client_ip": "10.22.39.162"
    },
    "window": "Users",
    "extra": "extra Data"
},{
    "action": "log_data",
    "login": {
        "uid": "11",
        "date_time": "2018-05-01 18:22:53",
        "client_ip": "10.22.39.162"
    },
    "window": "Users",
    "extra": "extra Data"
},{
    "action": "log_data",
    "login": {
        "uid": "11",
        "date_time": "2018-05-01 18:22:53",
        "client_ip": "10.22.39.162"
    },
    "window": "Users",
    "extra": "extra Data"
},{
    "action": "log_data",
    "login": {
        "uid": "11",
        "date_time": "2018-05-01 18:22:54",
        "client_ip": "10.22.39.162"
    },
    "window": "Users",
    "extra": "extra Data"
},{
    "action": "log_data",
    "login": {
        "uid": "11",
        "date_time": "2018-05-01 18:22:54",
        "client_ip": "10.22.39.162"
    },
    "window": "Users",
    "extra": "extra Data"
},{
    "action": "log_data",
    "login": {
        "uid": "11",
        "date_time": "2018-05-01 18:22:59",
        "client_ip": "10.22.39.162"
    },
    "window": "Users",
    "extra": "extra Data"
},{
    "action": "log_data",
    "login": {
        "uid": "11",
        "date_time": "2018-05-01 18:23:00",
        "client_ip": "10.22.39.162"
    },
    "window": "Supplier",
    "extra": "Supplier data is opened"
},{
    "action": "log_data",
    "login": {
        "uid": "11",
        "date_time": "2018-05-01 18:23:01",
        "client_ip": "10.22.39.162"
    },
    "window": "Stores",
    "extra": "Stores is opened"
},{
    "action": "log_data",
    "login": {
        "uid": "11",
        "date_time": "2018-05-01 18:23:02",
        "client_ip": "10.22.39.162"
    },
    "window": "Item Group",
    "extra": "Item Group is opened"
},{
    "action": "log_data",
    "login": {
        "uid": "11",
        "date_time": "2018-05-01 18:23:03",
        "client_ip": "10.22.39.162"
    },
    "window": "Assets",
    "extra": "Assets is opened"
},{
    "action": "log_data",
    "login": {
        "uid": "11",
        "date_time": "2018-05-01 18:23:05",
        "client_ip": "10.22.39.162"
    },
    "window": "Asset PO",
    "extra": "Asset PO opened"
},{
    "action": "log_data",
    "login": {
        "uid": "11",
        "date_time": "2018-05-01 18:23:06",
        "client_ip": "10.22.39.162"
    },
    "window": "Asset Inward",
    "extra": "Asset Inward is opened"
},{
    "action": "log_data",
    "login": {
        "uid": "11",
        "date_time": "2018-05-01 18:23:08",
        "client_ip": "10.22.39.162"
    },
    "window": "Asset Outward",
    "extra": "Asset outward opened"
},{
    "action": "log_data",
    "login": {
        "uid": "11",
        "date_time": "2018-05-01 18:23:09",
        "client_ip": "10.22.39.162"
    },
    "window": "Asset Stock",
    "extra": "Asset Stock Opened"
},{
    "action": "log_data",
    "login": {
        "uid": "11",
        "date_time": "2018-05-01 18:23:10",
        "client_ip": "10.22.39.162"
    },
    "window": "Medicines",
    "extra": "Medicines is opened"
},{
    "action": "log_data",
    "login": {
        "uid": "11",
        "date_time": "2018-05-01 18:23:13",
        "client_ip": "10.22.39.162"
    },
    "window": "Medicine PO",
    "extra": "Medicine PO opened"
},{
    "action": "log_data",
    "login": {
        "uid": "1",
        "date_time": "2018-05-01 18:55:28",
        "client_ip": "10.22.39.159"
    },
    "window": "InPatient",
    "extra": "Getting Total Out Patients"
},{
    "action": "log_data",
    "login": {
        "uid": "1",
        "date_time": "2018-05-01 18:55:38",
        "client_ip": "10.22.39.159"
    },
    "window": "Users",
    "extra": "extra Data"
},{
    "action": "log_data",
    "login": {
        "uid": "1",
        "date_time": "2018-05-01 18:55:39",
        "client_ip": "10.22.39.159"
    },
    "window": "Users",
    "extra": "extra Data"
},{
    "action": "log_data",
    "login": {
        "uid": "1",
        "date_time": "2018-05-01 18:55:42",
        "client_ip": "10.22.39.159"
    },
    "window": "Users",
    "extra": "extra Data"
},{
    "action": "log_data",
    "login": {
        "uid": "1",
        "date_time": "2018-05-01 18:55:44",
        "client_ip": "10.22.39.159"
    },
    "window": "Users",
    "extra": "extra Data"
},{
    "action": "log_data",
    "login": {
        "uid": "1",
        "date_time": "2018-05-01 18:55:49",
        "client_ip": "10.22.39.159"
    },
    "window": "Medicines",
    "extra": "Medicines is opened"
},{
    "action": "log_data",
    "login": {
        "uid": "1",
        "date_time": "2018-05-01 18:56:10",
        "client_ip": "10.22.39.159"
    },
    "window": "Medicine Stock",
    "extra": ""
},{
    "action": "log_data",
    "login": {
        "uid": "1",
        "date_time": "2018-05-01 18:56:18",
        "client_ip": "10.22.39.159"
    },
    "window": "medicine Inward",
    "extra": "medicine Inward is opened"
},{
    "action": "log_data",
    "login": {
        "uid": "1",
        "date_time": "2018-05-01 18:56:22",
        "client_ip": "10.22.39.159"
    },
    "window": "Medicine PO",
    "extra": "Medicine PO opened"
},{
    "action": "log_data",
    "login": {
        "uid": "1",
        "date_time": "2018-05-01 18:56:23",
        "client_ip": "10.22.39.159"
    },
    "window": "Medicines",
    "extra": "Medicines is opened"
},{
    "action": "log_data",
    "login": {
        "uid": "1",
        "date_time": "2018-05-01 20:07:41",
        "client_ip": "10.22.39.159"
    },
    "window": "Supplier",
    "extra": "Supplier data is opened"
},{
    "action": "log_data",
    "login": {
        "uid": "1",
        "date_time": "2018-05-01 20:07:47",
        "client_ip": "10.22.39.159"
    },
    "window": "Item Group",
    "extra": "Item Group is opened"
},{
    "action": "log_data",
    "login": {
        "uid": "1",
        "date_time": "2018-05-01 20:07:50",
        "client_ip": "10.22.39.159"
    },
    "window": "Medicines",
    "extra": "Medicines is opened"
},{
    "action": "log_data",
    "login": {
        "uid": "1",
        "date_time": "2018-05-01 20:08:02",
        "client_ip": "10.22.39.159"
    },
    "window": "Stores",
    "extra": "Stores is opened"
},{
    "action": "log_data",
    "login": {
        "uid": "1",
        "date_time": "2018-05-01 20:08:17",
        "client_ip": "10.22.39.159"
    },
    "window": "Medicine PO",
    "extra": "Medicine PO opened"
},{
    "action": "log_data",
    "login": {
        "uid": "1",
        "date_time": "2018-05-01 20:08:20",
        "client_ip": "10.22.39.159"
    },
    "window": "Items added To Object",
    "extra": ""
},{
    "action": "log_data",
    "login": {
        "uid": "1",
        "date_time": "2018-05-01 20:08:20",
        "client_ip": "10.22.39.159"
    },
    "window": "Clicked on Add New MedicinetPO",
    "extra": ""
},{
    "action": "log_data",
    "login": {
        "uid": "1",
        "date_time": "2018-05-01 20:08:25",
        "client_ip": "10.22.39.159"
    },
    "window": "medicine Inward",
    "extra": "medicine Inward is opened"
},{
    "action": "log_data",
    "login": {
        "uid": "1",
        "date_time": "2018-05-01 20:08:34",
        "client_ip": "10.22.39.159"
    },
    "window": "Medicine Stock",
    "extra": ""
},{
    "action": "log_data",
    "login": {
        "uid": "1",
        "date_time": "2018-05-01 20:12:48",
        "client_ip": "10.22.39.159"
    },
    "window": "Stores",
    "extra": "Stores is opened"
},{
    "action": "log_data",
    "login": {
        "uid": "1",
        "date_time": "2018-05-01 20:12:51",
        "client_ip": "10.22.39.159"
    },
    "window": "Add Unit",
    "extra": ""
},{
    "action": "log_data",
    "login": {
        "uid": "1",
        "date_time": "2018-05-01 20:54:16",
        "client_ip": "10.22.39.159"
    },
    "window": "Users",
    "extra": "extra Data"
},{
    "action": "log_data",
    "login": {
        "uid": "1",
        "date_time": "2018-05-01 20:54:19",
        "client_ip": "10.22.39.159"
    },
    "window": "Users",
    "extra": "extra Data"
},{
    "action": "log_data",
    "login": {
        "uid": "1",
        "date_time": "2018-05-01 20:54:22",
        "client_ip": "10.22.39.159"
    },
    "window": "Users",
    "extra": "extra Data"
},