{
    "action": "log_data",
    "login": {
        "uid": "2",
        "date_time": "2018-02-21 08:00:57",
        "client_ip": "10.22.39.22"
    },
    "window": " New Patient ",
    "extra": "New patient Opened"
},{
    "action": "log_data",
    "login": {
        "uid": "2",
        "date_time": "2018-02-21 08:03:44",
        "client_ip": "10.22.39.22"
    },
    "window": " New Patient ",
    "extra": "New patient Opened"
},{
    "action": "log_data",
    "login": {
        "uid": "2",
        "date_time": "2018-02-21 08:34:57",
        "client_ip": "10.22.39.22"
    },
    "window": " New Patient ",
    "extra": "New patient Opened"
},{
    "action": "log_data",
    "login": {
        "uid": "2",
        "date_time": "2018-02-21 08:38:23",
        "client_ip": "10.22.39.22"
    },
    "window": " New Patient ",
    "extra": "New patient Opened"
},{
    "action": "log_data",
    "login": {
        "uid": "2",
        "date_time": "2018-02-21 08:43:04",
        "client_ip": "10.22.39.22"
    },
    "window": " New Patient ",
    "extra": "New patient Opened"
},{
    "action": "log_data",
    "login": {
        "uid": "2",
        "date_time": "2018-02-21 08:58:45",
        "client_ip": "10.22.39.22"
    },
    "window": " New Patient ",
    "extra": "New patient Opened"
},{
    "action": "log_data",
    "login": {
        "uid": "2",
        "date_time": "2018-02-21 08:59:16",
        "client_ip": "10.22.39.22"
    },
    "window": " New Patient ",
    "extra": "New patient Opened"
},{
    "action": "log_data",
    "login": {
        "uid": "2",
        "date_time": "2018-02-21 09:00:43",
        "client_ip": "10.22.39.22"
    },
    "window": " New Patient ",
    "extra": "New patient Opened"
},{
    "action": "log_data",
    "login": {
        "uid": "2",
        "date_time": "2018-02-21 09:02:46",
        "client_ip": "10.22.39.22"
    },
    "window": " New Patient ",
    "extra": "New patient Opened"
},{
    "action": "log_data",
    "login": {
        "uid": "2",
        "date_time": "2018-02-21 09:09:17",
        "client_ip": "10.22.39.22"
    },
    "window": " New Patient ",
    "extra": "New patient Opened"
},{
    "action": "log_data",
    "login": {
        "uid": "2",
        "date_time": "2018-02-21 09:10:18",
        "client_ip": "10.22.39.22"
    },
    "window": " New Patient ",
    "extra": "New patient Opened"
},{
    "action": "log_data",
    "login": {
        "uid": "2",
        "date_time": "2018-02-21 09:11:09",
        "client_ip": "10.22.39.22"
    },
    "window": " New Patient ",
    "extra": "New patient Opened"
},{
    "action": "log_data",
    "login": {
        "uid": "2",
        "date_time": "2018-02-21 09:14:09",
        "client_ip": "10.22.39.22"
    },
    "window": " New Patient ",
    "extra": "New patient Opened"
},{
    "action": "log_data",
    "login": {
        "uid": "2",
        "date_time": "2018-02-21 09:22:48",
        "client_ip": "10.22.39.22"
    },
    "window": " New Patient ",
    "extra": "New patient Opened"
},{
    "action": "log_data",
    "login": {
        "uid": "2",
        "date_time": "2018-02-21 09:24:55",
        "client_ip": "10.22.39.22"
    },
    "window": " New Patient ",
    "extra": "New patient Opened"
},{
    "action": "log_data",
    "login": {
        "uid": "2",
        "date_time": "2018-02-21 09:27:13",
        "client_ip": "10.22.39.22"
    },
    "window": " New Patient ",
    "extra": "New patient Opened"
},{
    "action": "log_data",
    "login": {
        "uid": "2",
        "date_time": "2018-02-21 09:28:14",
        "client_ip": "10.22.39.22"
    },
    "window": " New Patient ",
    "extra": "New patient Opened"
},{
    "action": "log_data",
    "login": {
        "uid": "2",
        "date_time": "2018-02-21 09:28:36",
        "client_ip": "10.22.39.22"
    },
    "window": " New Patient ",
    "extra": "New patient Opened"
},{
    "action": "log_data",
    "login": {
        "uid": "2",
        "date_time": "2018-02-21 09:28:56",
        "client_ip": "10.22.39.22"
    },
    "window": " New Patient ",
    "extra": "New patient Opened"
},{
    "action": "log_data",
    "login": {
        "uid": "2",
        "date_time": "2018-02-21 09:29:21",
        "client_ip": "10.22.39.22"
    },
    "window": " New Patient ",
    "extra": "New patient Opened"
},{
    "action": "log_data",
    "login": {
        "uid": "2",
        "date_time": "2018-02-21 09:34:21",
        "client_ip": "10.22.39.22"
    },
    "window": " New Patient ",
    "extra": "New patient Opened"
},{
    "action": "log_data",
    "login": {
        "uid": "2",
        "date_time": "2018-02-21 09:37:37",
        "client_ip": "10.22.39.22"
    },
    "window": " New Patient ",
    "extra": "New patient Opened"
},{
    "action": "log_data",
    "login": {
        "uid": "2",
        "date_time": "2018-02-21 09:38:26",
        "client_ip": "10.22.39.22"
    },
    "window": " New Patient ",
    "extra": "New patient Opened"
},{
    "action": "log_data",
    "login": {
        "uid": "2",
        "date_time": "2018-02-21 09:39:09",
        "client_ip": "10.22.39.22"
    },
    "window": " New Patient ",
    "extra": "New patient Opened"
},{
    "action": "log_data",
    "login": {
        "uid": "2",
        "date_time": "2018-02-21 09:40:09",
        "client_ip": "10.22.39.22"
    },
    "window": " New Patient ",
    "extra": "New patient Opened"
},{
    "action": "log_data",
    "login": {
        "uid": "2",
        "date_time": "2018-02-21 09:40:49",
        "client_ip": "10.22.39.22"
    },
    "window": " New Patient ",
    "extra": "New patient Opened"
},{
    "action": "log_data",
    "login": {
        "uid": "2",
        "date_time": "2018-02-21 09:41:42",
        "client_ip": "10.22.39.22"
    },
    "window": " New Patient ",
    "extra": "New patient Opened"
},{
    "action": "log_data",
    "login": {
        "uid": "2",
        "date_time": "2018-02-21 09:42:14",
        "client_ip": "10.22.39.22"
    },
    "window": " New Patient ",
    "extra": "New patient Opened"
},{
    "action": "log_data",
    "login": {
        "uid": "2",
        "date_time": "2018-02-21 09:44:17",
        "client_ip": "10.22.39.22"
    },
    "window": " New Patient ",
    "extra": "New patient Opened"
},{
    "action": "log_data",
    "login": {
        "uid": "2",
        "date_time": "2018-02-21 09:44:57",
        "client_ip": "10.22.39.22"
    },
    "window": " New Patient ",
    "extra": "New patient Opened"
},{
    "action": "log_data",
    "login": {
        "uid": "2",
        "date_time": "2018-02-21 09:46:27",
        "client_ip": "10.22.39.22"
    },
    "window": " New Patient ",
    "extra": "New patient Opened"
},{
    "action": "log_data",
    "login": {
        "uid": "2",
        "date_time": "2018-02-21 09:47:33",
        "client_ip": "10.22.39.22"
    },
    "window": " New Patient ",
    "extra": "New patient Opened"
},{
    "action": "log_data",
    "login": {
        "uid": "2",
        "date_time": "2018-02-21 09:59:46",
        "client_ip": "10.22.39.22"
    },
    "window": " New Patient ",
    "extra": "New patient Opened"
},{
    "action": "log_data",
    "login": {
        "uid": "2",
        "date_time": "2018-02-21 10:00:40",
        "client_ip": "10.22.39.22"
    },
    "window": "New Patient",
    "extra": "name=Salumuri%20Subrahmanyam&father_name=S%2FO%20Satyanarayana&gender=M&date_of_birth=1979-08-10&age=39&house_no=4-45&street=Ramalayam%20veedhi&loc=Balabhadrapuram&city=Bikkavolu%20mandalam&district=East%20Godavari&state=Andhra%20Pradesh&pincode=533343&mobile=7799329729&aadhar_no=306964575229&email=salmuri%40gmail.com"
},{
    "action": "log_data",
    "login": {
        "uid": "2",
        "date_time": "2018-02-21 10:00:40",
        "client_ip": "10.22.39.22"
    },
    "window": " New Patient ",
    "extra": "New patient Opened"
},{
    "action": "log_data",
    "login": {
        "uid": "2",
        "date_time": "2018-02-21 10:00:59",
        "client_ip": "10.22.39.22"
    },
    "window": " New Patient ",
    "extra": "New patient Opened"
},{
    "action": "log_data",
    "login": {
        "uid": "2",
        "date_time": "2018-02-21 10:03:13",
        "client_ip": "10.22.39.22"
    },
    "window": " New Patient ",
    "extra": "New patient Opened"
},{
    "action": "log_data",
    "login": {
        "uid": "2",
        "date_time": "2018-02-21 10:03:37",
        "client_ip": "10.22.39.22"
    },
    "window": " New Patient ",
    "extra": "New patient Opened"
},{
    "action": "log_data",
    "login": {
        "uid": "2",
        "date_time": "2018-02-21 10:04:45",
        "client_ip": "10.22.39.22"
    },
    "window": " New Patient ",
    "extra": "New patient Opened"
},{
    "action": "log_data",
    "login": {
        "uid": "2",
        "date_time": "2018-02-21 10:05:54",
        "client_ip": "10.22.39.22"
    },
    "window": " New Patient ",
    "extra": "New patient Opened"
},{
    "action": "log_data",
    "login": {
        "uid": "2",
        "date_time": "2018-02-21 10:09:32",
        "client_ip": "10.22.39.22"
    },
    "window": " New Patient ",
    "extra": "New patient Opened"
},{
    "action": "log_data",
    "login": {
        "uid": "2",
        "date_time": "2018-02-21 10:10:50",
        "client_ip": "10.22.39.22"
    },
    "window": " New Patient ",
    "extra": "New patient Opened"
},{
    "action": "log_data",
    "login": {
        "uid": "2",
        "date_time": "2018-02-21 10:14:36",
        "client_ip": "10.22.39.22"
    },
    "window": " New Patient ",
    "extra": "New patient Opened"
},{
    "action": "log_data",
    "login": {
        "uid": "2",
        "date_time": "2018-02-21 10:16:55",
        "client_ip": "10.22.39.22"
    },
    "window": " New Patient ",
    "extra": "New patient Opened"
},{
    "action": "log_data",
    "login": {
        "uid": "2",
        "date_time": "2018-02-21 10:18:32",
        "client_ip": "10.22.39.22"
    },
    "window": " New Patient ",
    "extra": "New patient Opened"
},{
    "action": "log_data",
    "login": {
        "uid": "2",
        "date_time": "2018-02-21 10:19:23",
        "client_ip": "10.22.39.22"
    },
    "window": " New Patient ",
    "extra": "New patient Opened"
},{
    "action": "log_data",
    "login": {
        "uid": "2",
        "date_time": "2018-02-21 10:20:16",
        "client_ip": "10.22.39.22"
    },
    "window": " New Patient ",
    "extra": "New patient Opened"
},{
    "action": "log_data",
    "login": {
        "uid": "2",
        "date_time": "2018-02-21 10:20:33",
        "client_ip": "10.22.39.22"
    },
    "window": " New Patient ",
    "extra": "New patient Opened"
},{
    "action": "log_data",
    "login": {
        "uid": "2",
        "date_time": "2018-02-21 10:20:38",
        "client_ip": "10.22.39.22"
    },
    "window": " New Patient ",
    "extra": "New patient Opened"
},{
    "action": "log_data",
    "login": {
        "uid": "2",
        "date_time": "2018-02-21 10:20:59",
        "client_ip": "10.22.39.22"
    },
    "window": " New Patient ",
    "extra": "New patient Opened"
},{
    "action": "log_data",
    "login": {
        "uid": "2",
        "date_time": "2018-02-21 10:21:27",
        "client_ip": "10.22.39.22"
    },
    "window": " New Patient ",
    "extra": "New patient Opened"
},{
    "action": "log_data",
    "login": {
        "uid": "2",
        "date_time": "2018-02-21 10:21:57",
        "client_ip": "10.22.39.22"
    },
    "window": " New Patient ",
    "extra": "New patient Opened"
},{
    "action": "log_data",
    "login": {
        "uid": "2",
        "date_time": "2018-02-21 10:22:12",
        "client_ip": "10.22.39.22"
    },
    "window": " New Patient ",
    "extra": "New patient Opened"
},{
    "action": "log_data",
    "login": {
        "uid": "2",
        "date_time": "2018-02-21 10:22:54",
        "client_ip": "10.22.39.22"
    },
    "window": " New Patient ",
    "extra": "New patient Opened"
},{
    "action": "log_data",
    "login": {
        "uid": "2",
        "date_time": "2018-02-21 10:23:06",
        "client_ip": "10.22.39.22"
    },
    "window": " New Patient ",
    "extra": "New patient Opened"
},{
    "action": "log_data",
    "login": {
        "uid": "2",
        "date_time": "2018-02-21 11:36:55",
        "client_ip": "10.22.39.22"
    },
    "window": " New Patient ",
    "extra": "New patient Opened"
},{
    "action": "log_data",
    "login": {
        "uid": "2",
        "date_time": "2018-02-21 11:37:08",
        "client_ip": "10.22.39.22"
    },
    "window": "Asset Outward",
    "extra": "Asset outward opened"
},{
    "action": "log_data",
    "login": {
        "uid": "2",
        "date_time": "2018-02-21 11:37:55",
        "client_ip": "10.22.39.23"
    },
    "window": " New Patient ",
    "extra": "New patient Opened"
},{
    "action": "log_data",
    "login": {
        "uid": "2",
        "date_time": "2018-02-21 11:38:09",
        "client_ip": "10.22.39.22"
    },
    "window": "Asset Outward",
    "extra": "Asset outward opened"
},{
    "action": "log_data",
    "login": {
        "uid": "2",
        "date_time": "2018-02-21 11:38:21",
        "client_ip": "10.22.39.22"
    },
    "window": "Asset Inward",
    "extra": "Asset Inward is opened"
},{
    "action": "log_data",
    "login": {
        "uid": "2",
        "date_time": "2018-02-21 11:43:53",
        "client_ip": "10.22.39.22"
    },
    "window": " New Patient ",
    "extra": "New patient Opened"
},{
    "action": "log_data",
    "login": {
        "uid": "2",
        "date_time": "2018-02-21 11:43:57",
        "client_ip": "10.22.39.22"
    },
    "window": " New Patient ",
    "extra": "New patient Opened"
},{
    "action": "log_data",
    "login": {
        "uid": "2",
        "date_time": "2018-02-21 11:45:04",
        "client_ip": "10.22.39.22"
    },
    "window": " New Patient ",
    "extra": "New patient Opened"
},{
    "action": "log_data",
    "login": {
        "uid": "2",
        "date_time": "2018-02-21 11:47:07",
        "client_ip": "10.22.39.22"
    },
    "window": " New Patient ",
    "extra": "New patient Opened"
},{
    "action": "log_data",
    "login": {
        "uid": "2",
        "date_time": "2018-02-21 11:47:28",
        "client_ip": "10.22.39.22"
    },
    "window": " New Patient ",
    "extra": "New patient Opened"
},{
    "action": "log_data",
    "login": {
        "uid": "2",
        "date_time": "2018-02-21 11:48:08",
        "client_ip": "10.22.39.22"
    },
    "window": " New Patient ",
    "extra": "New patient Opened"
},{
    "action": "log_data",
    "login": {
        "uid": "2",
        "date_time": "2018-02-21 11:48:37",
        "client_ip": "10.22.39.22"
    },
    "window": " New Patient ",
    "extra": "New patient Opened"
},{
    "action": "log_data",
    "login": {
        "uid": "2",
        "date_time": "2018-02-21 11:49:03",
        "client_ip": "10.22.39.22"
    },
    "window": " New Patient ",
    "extra": "New patient Opened"
},{
    "action": "log_data",
    "login": {
        "uid": "2",
        "date_time": "2018-02-21 11:49:26",
        "client_ip": "10.22.39.22"
    },
    "window": " New Patient ",
    "extra": "New patient Opened"
},{
    "action": "log_data",
    "login": {
        "uid": "2",
        "date_time": "2018-02-21 11:51:18",
        "client_ip": "10.22.39.23"
    },
    "window": "Asset PO",
    "extra": "Asset PO opened"
},{
    "action": "log_data",
    "login": {
        "uid": "2",
        "date_time": "2018-02-21 11:51:19",
        "client_ip": "10.22.39.23"
    },
    "window": "Asset Inward",
    "extra": "Asset Inward is opened"
},{
    "action": "log_data",
    "login": {
        "uid": "2",
        "date_time": "2018-02-21 11:52:03",
        "client_ip": "10.22.39.22"
    },
    "window": " New Patient ",
    "extra": "New patient Opened"
},{
    "action": "log_data",
    "login": {
        "uid": "2",
        "date_time": "2018-02-21 11:52:43",
        "client_ip": "10.22.39.22"
    },
    "window": " New Patient ",
    "extra": "New patient Opened"
},{
    "action": "log_data",
    "login": {
        "uid": "2",
        "date_time": "2018-02-21 11:53:10",
        "client_ip": "10.22.39.22"
    },
    "window": " New Patient ",
    "extra": "New patient Opened"
},{
    "action": "log_data",
    "login": {
        "uid": "2",
        "date_time": "2018-02-21 11:54:20",
        "client_ip": "10.22.39.22"
    },
    "window": " New Patient ",
    "extra": "New patient Opened"
},{
    "action": "log_data",
    "login": {
        "uid": "2",
        "date_time": "2018-02-21 11:54:48",
        "client_ip": "10.22.39.22"
    },
    "window": " New Patient ",
    "extra": "New patient Opened"
},{
    "action": "log_data",
    "login": {
        "uid": "2",
        "date_time": "2018-02-21 11:55:21",
        "client_ip": "10.22.39.22"
    },
    "window": " New Patient ",
    "extra": "New patient Opened"
},{
    "action": "log_data",
    "login": {
        "uid": "2",
        "date_time": "2018-02-21 11:56:15",
        "client_ip": "10.22.39.22"
    },
    "window": " New Patient ",
    "extra": "New patient Opened"
},{
    "action": "log_data",
    "login": {
        "uid": "2",
        "date_time": "2018-02-21 11:56:39",
        "client_ip": "10.22.39.22"
    },
    "window": " New Patient ",
    "extra": "New patient Opened"
},{
    "action": "log_data",
    "login": {
        "uid": "2",
        "date_time": "2018-02-21 11:57:20",
        "client_ip": "10.22.39.22"
    },
    "window": " New Patient ",
    "extra": "New patient Opened"
},{
    "action": "log_data",
    "login": {
        "uid": "2",
        "date_time": "2018-02-21 11:58:19",
        "client_ip": "10.22.39.22"
    },
    "window": " New Patient ",
    "extra": "New patient Opened"
},{
    "action": "log_data",
    "login": {
        "uid": "2",
        "date_time": "2018-02-21 11:59:25",
        "client_ip": "10.22.39.22"
    },
    "window": " New Patient ",
    "extra": "New patient Opened"
},{
    "action": "log_data",
    "login": {
        "uid": "2",
        "date_time": "2018-02-21 11:59:56",
        "client_ip": "10.22.39.22"
    },
    "window": " New Patient ",
    "extra": "New patient Opened"
},{
    "action": "log_data",
    "login": {
        "uid": "2",
        "date_time": "2018-02-21 12:00:12",
        "client_ip": "10.22.39.22"
    },
    "window": " New Patient ",
    "extra": "New patient Opened"
},{
    "action": "log_data",
    "login": {
        "uid": "2",
        "date_time": "2018-02-21 12:20:45",
        "client_ip": "10.22.39.23"
    },
    "window": "Asset Inward",
    "extra": "Asset Inward is opened"
},{
    "action": "log_data",
    "login": {
        "uid": "2",
        "date_time": "2018-02-21 12:20:55",
        "client_ip": "10.22.39.23"
    },
    "window": " New Patient ",
    "extra": "New patient Opened"
},{
    "action": "log_data",
    "login": {
        "uid": "2",
        "date_time": "2018-02-21 12:21:16",
        "client_ip": "10.22.39.23"
    },
    "window": "Asset Inward",
    "extra": "Asset Inward is opened"
},{
    "action": "log_data",
    "login": {
        "uid": "2",
        "date_time": "2018-02-21 12:27:25",
        "client_ip": "10.22.39.23"
    },
    "window": " New Patient ",
    "extra": "New patient Opened"
},{
    "action": "log_data",
    "login": {
        "uid": "2",
        "date_time": "2018-02-21 12:29:54",
        "client_ip": "10.22.39.23"
    },
    "window": "Supplier",
    "extra": "Supplier data is opened"
},{
    "action": "log_data",
    "login": {
        "uid": "2",
        "date_time": "2018-02-21 12:41:02",
        "client_ip": "10.22.39.22"
    },
    "window": " New Patient ",
    "extra": "New patient Opened"
},{
    "action": "log_data",
    "login": {
        "uid": "2",
        "date_time": "2018-02-21 12:41:36",
        "client_ip": "10.22.39.22"
    },
    "window": " New Patient ",
    "extra": "New patient Opened"
},{
    "action": "log_data",
    "login": {
        "uid": "2",
        "date_time": "2018-02-21 12:42:25",
        "client_ip": "10.22.39.22"
    },
    "window": " New Patient ",
    "extra": "New patient Opened"
},{
    "action": "log_data",
    "login": {
        "uid": "2",
        "date_time": "2018-02-21 12:43:06",
        "client_ip": "10.22.39.22"
    },
    "window": " New Patient ",
    "extra": "New patient Opened"
},{
    "action": "log_data",
    "login": {
        "uid": "2",
        "date_time": "2018-02-21 12:43:32",
        "client_ip": "10.22.39.22"
    },
    "window": "New Patient",
    "extra": "name=Salumuri%20Satyanarayana&father_name=S%2FO%20Pothu%20Raju&gender=M&date_of_birth=&age=64&house_no=4-45&street=Velam%20Street&loc=balabhadrapuram&city=bikkavolu%20mandalam&district=East%20Godavari&state=Andhra%20Pradesh&pincode=533343&mobile=7799329729&aadhar_no=656774834754&email=s%40gmail.com"
},{
    "action": "log_data",
    "login": {
        "uid": "2",
        "date_time": "2018-02-21 12:43:32",
        "client_ip": "10.22.39.22"
    },
    "window": " New Patient ",
    "extra": "New patient Opened"
},{
    "action": "log_data",
    "login": {
        "uid": "2",
        "date_time": "2018-02-21 12:44:00",
        "client_ip": "10.22.39.22"
    },
    "window": " New Patient ",
    "extra": "New patient Opened"
},{
    "action": "log_data",
    "login": {
        "uid": "2",
        "date_time": "2018-02-21 12:44:38",
        "client_ip": "10.22.39.22"
    },
    "window": " New Patient ",
    "extra": "New patient Opened"
},{
    "action": "log_data",
    "login": {
        "uid": "2",
        "date_time": "2018-02-21 12:46:08",
        "client_ip": "10.22.39.22"
    },
    "window": " New Patient ",
    "extra": "New patient Opened"
},{
    "action": "log_data",
    "login": {
        "uid": "2",
        "date_time": "2018-02-21 12:50:34",
        "client_ip": "10.22.39.23"
    },
    "window": "medicine Inward",
    "extra": "medicine Inward is opened"
},{
    "action": "log_data",
    "login": {
        "uid": "2",
        "date_time": "2018-02-21 12:51:17",
        "client_ip": "10.22.39.22"
    },
    "window": " New Patient ",
    "extra": "New patient Opened"
},{
    "action": "log_data",
    "login": {
        "uid": "2",
        "date_time": "2018-02-21 12:51:35",
        "client_ip": "10.22.39.22"
    },
    "window": " New Patient ",
    "extra": "New patient Opened"
},{
    "action": "log_data",
    "login": {
        "uid": "2",
        "date_time": "2018-02-21 12:51:42",
        "client_ip": "10.22.39.23"
    },
    "window": "medicine Inward",
    "extra": "medicine Inward is opened"
},{
    "action": "log_data",
    "login": {
        "uid": "2",
        "date_time": "2018-02-21 12:51:44",
        "client_ip": "10.22.39.23"
    },
    "window": "Push Item Into Array",
    "extra": ""
},{
    "action": "log_data",
    "login": {
        "uid": "2",
        "date_time": "2018-02-21 12:53:01",
        "client_ip": "10.22.39.22"
    },
    "window": " New Patient ",
    "extra": "New patient Opened"
},{
    "action": "log_data",
    "login": {
        "uid": "2",
        "date_time": "2018-02-21 12:53:28",
        "client_ip": "10.22.39.22"
    },
    "window": " New Patient ",
    "extra": "New patient Opened"
},{
    "action": "log_data",
    "login": {
        "uid": "2",
        "date_time": "2018-02-21 12:57:14",
        "client_ip": "10.22.39.22"
    },
    "window": " New Patient ",
    "extra": "New patient Opened"
},{
    "action": "log_data",
    "login": {
        "uid": "2",
        "date_time": "2018-02-21 12:59:15",
        "client_ip": "10.22.39.22"
    },
    "window": " New Patient ",
    "extra": "New patient Opened"
},{
    "action": "log_data",
    "login": {
        "uid": "2",
        "date_time": "2018-02-21 13:00:41",
        "client_ip": "10.22.39.22"
    },
    "window": " New Patient ",
    "extra": "New patient Opened"
},{
    "action": "log_data",
    "login": {
        "uid": "2",
        "date_time": "2018-02-21 13:20:39",
        "client_ip": "10.22.39.22"
    },
    "window": " New Patient ",
    "extra": "New patient Opened"
},{
    "action": "log_data",
    "login": {
        "uid": "2",
        "date_time": "2018-02-21 13:23:41",
        "client_ip": "10.22.39.22"
    },
    "window": " New Patient ",
    "extra": "New patient Opened"
},{
    "action": "log_data",
    "login": {
        "uid": "2",
        "date_time": "2018-02-21 13:24:40",
        "client_ip": "10.22.39.22"
    },
    "window": " New Patient ",
    "extra": "New patient Opened"
},{
    "action": "log_data",
    "login": {
        "uid": "2",
        "date_time": "2018-02-21 13:26:24",
        "client_ip": "10.22.39.22"
    },
    "window": " New Patient ",
    "extra": "New patient Opened"
},{
    "action": "log_data",
    "login": {
        "uid": "2",
        "date_time": "2018-02-21 13:27:35",
        "client_ip": "10.22.39.22"
    },
    "window": " New Patient ",
    "extra": "New patient Opened"
},{
    "action": "log_data",
    "login": {
        "uid": "2",
        "date_time": "2018-02-21 13:28:33",
        "client_ip": "10.22.39.22"
    },
    "window": " New Patient ",
    "extra": "New patient Opened"
},{
    "action": "log_data",
    "login": {
        "uid": "2",
        "date_time": "2018-02-21 13:41:11",
        "client_ip": "10.22.39.23"
    },
    "window": "medicine Inward",
    "extra": "medicine Inward is opened"
},{
    "action": "log_data",
    "login": {
        "uid": "2",
        "date_time": "2018-02-21 13:43:49",
        "client_ip": "10.22.39.22"
    },
    "window": " New Patient ",
    "extra": "New patient Opened"
},{
    "action": "log_data",
    "login": {
        "uid": "2",
        "date_time": "2018-02-21 13:45:53",
        "client_ip": "10.22.39.22"
    },
    "window": " New Patient ",
    "extra": "New patient Opened"
},{
    "action": "log_data",
    "login": {
        "uid": "2",
        "date_time": "2018-02-21 13:49:13",
        "client_ip": "10.22.39.22"
    },
    "window": " New Patient ",
    "extra": "New patient Opened"
},{
    "action": "log_data",
    "login": {
        "uid": "2",
        "date_time": "2018-02-21 13:50:52",
        "client_ip": "10.22.39.22"
    },
    "window": " New Patient ",
    "extra": "New patient Opened"
},{
    "action": "log_data",
    "login": {
        "uid": "2",
        "date_time": "2018-02-21 13:52:35",
        "client_ip": "10.22.39.22"
    },
    "window": " New Patient ",
    "extra": "New patient Opened"
},{
    "action": "log_data",
    "login": {
        "uid": "2",
        "date_time": "2018-02-21 13:58:10",
        "client_ip": "10.22.39.22"
    },
    "window": " New Patient ",
    "extra": "New patient Opened"
},{
    "action": "log_data",
    "login": {
        "uid": "2",
        "date_time": "2018-02-21 14:03:44",
        "client_ip": "10.22.39.22"
    },
    "window": " New Patient ",
    "extra": "New patient Opened"
},{
    "action": "log_data",
    "login": {
        "uid": "2",
        "date_time": "2018-02-21 14:04:11",
        "client_ip": "10.22.39.22"
    },
    "window": " New Patient ",
    "extra": "New patient Opened"
},{
    "action": "log_data",
    "login": {
        "uid": "2",
        "date_time": "2018-02-21 14:04:21",
        "client_ip": "10.22.39.22"
    },
    "window": " New Patient ",
    "extra": "New patient Opened"
},{
    "action": "log_data",
    "login": {
        "uid": "2",
        "date_time": "2018-02-21 14:09:19",
        "client_ip": "10.22.39.22"
    },
    "window": " New Patient ",
    "extra": "New patient Opened"
},{
    "action": "log_data",
    "login": {
        "uid": "2",
        "date_time": "2018-02-21 14:15:53",
        "client_ip": "10.22.39.22"
    },
    "window": " New Patient ",
    "extra": "New patient Opened"
},{
    "action": "log_data",
    "login": {
        "uid": "2",
        "date_time": "2018-02-21 14:18:46",
        "client_ip": "10.22.39.22"
    },
    "window": " New Patient ",
    "extra": "New patient Opened"
},{
    "action": "log_data",
    "login": {
        "uid": "2",
        "date_time": "2018-02-21 15:31:45",
        "client_ip": "10.22.39.22"
    },
    "window": "Asset Inward",
    "extra": "Asset Inward is opened"
},{
    "action": "log_data",
    "login": {
        "uid": "2",
        "date_time": "2018-02-21 15:33:07",
        "client_ip": "10.22.39.22"
    },
    "window": " New Patient ",
    "extra": "New patient Opened"
},{
    "action": "log_data",
    "login": {
        "uid": "2",
        "date_time": "2018-02-21 15:33:11",
        "client_ip": "10.22.39.22"
    },
    "window": " New Patient ",
    "extra": "New patient Opened"
},{
    "action": "log_data",
    "login": {
        "uid": "2",
        "date_time": "2018-02-21 16:05:34",
        "client_ip": "10.22.39.22"
    },
    "window": "Supplier",
    "extra": "Supplier data is opened"
},{
    "action": "log_data",
    "login": {
        "uid": "2",
        "date_time": "2018-02-21 16:05:37",
        "client_ip": "10.22.39.22"
    },
    "window": "Stores",
    "extra": "Stores is opened"
},{
    "action": "log_data",
    "login": {
        "uid": "2",
        "date_time": "2018-02-21 16:07:02",
        "client_ip": "10.22.39.22"
    },
    "window": " New Patient ",
    "extra": "New patient Opened"
},{
    "action": "log_data",
    "login": {
        "uid": "2",
        "date_time": "2018-02-21 16:09:46",
        "client_ip": "10.22.39.22"
    },
    "window": " New Patient ",
    "extra": "New patient Opened"
},{
    "action": "log_data",
    "login": {
        "uid": "2",
        "date_time": "2018-02-21 16:18:12",
        "client_ip": "10.22.39.22"
    },
    "window": " New Patient ",
    "extra": "New patient Opened"
},{
    "action": "log_data",
    "login": {
        "uid": "2",
        "date_time": "2018-02-21 16:23:54",
        "client_ip": "10.22.39.22"
    },
    "window": " New Patient ",
    "extra": "New patient Opened"
},{
    "action": "log_data",
    "login": {
        "uid": "2",
        "date_time": "2018-02-21 16:26:34",
        "client_ip": "10.22.39.22"
    },
    "window": " New Patient ",
    "extra": "New patient Opened"
},{
    "action": "log_data",
    "login": {
        "uid": "2",
        "date_time": "2018-02-21 16:27:20",
        "client_ip": "10.22.39.22"
    },
    "window": " New Patient ",
    "extra": "New patient Opened"
},{
    "action": "log_data",
    "login": {
        "uid": "2",
        "date_time": "2018-02-21 16:28:55",
        "client_ip": "10.22.39.22"
    },
    "window": " New Patient ",
    "extra": "New patient Opened"
},{
    "action": "log_data",
    "login": {
        "uid": "2",
        "date_time": "2018-02-21 16:31:03",
        "client_ip": "10.22.39.22"
    },
    "window": " New Patient ",
    "extra": "New patient Opened"
},{
    "action": "log_data",
    "login": {
        "uid": "2",
        "date_time": "2018-02-21 16:32:16",
        "client_ip": "10.22.39.22"
    },
    "window": " New Patient ",
    "extra": "New patient Opened"
},{
    "action": "log_data",
    "login": {
        "uid": "2",
        "date_time": "2018-02-21 16:33:49",
        "client_ip": "10.22.39.22"
    },
    "window": " New Patient ",
    "extra": "New patient Opened"
},{
    "action": "log_data",
    "login": {
        "uid": "2",
        "date_time": "2018-02-21 16:34:45",
        "client_ip": "10.22.39.22"
    },
    "window": " New Patient ",
    "extra": "New patient Opened"
},{
    "action": "log_data",
    "login": {
        "uid": "2",
        "date_time": "2018-02-21 16:39:14",
        "client_ip": "10.22.39.22"
    },
    "window": " New Patient ",
    "extra": "New patient Opened"
},{
    "action": "log_data",
    "login": {
        "uid": "2",
        "date_time": "2018-02-21 16:39:52",
        "client_ip": "10.22.39.22"
    },
    "window": " New Patient ",
    "extra": "New patient Opened"
},{
    "action": "log_data",
    "login": {
        "uid": "2",
        "date_time": "2018-02-21 16:42:47",
        "client_ip": "10.22.39.22"
    },
    "window": " New Patient ",
    "extra": "New patient Opened"
},{
    "action": "log_data",
    "login": {
        "uid": "2",
        "date_time": "2018-02-21 16:53:15",
        "client_ip": "10.22.39.22"
    },
    "window": " New Patient ",
    "extra": "New patient Opened"
},{
    "action": "log_data",
    "login": {
        "uid": "2",
        "date_time": "2018-02-21 16:53:17",
        "client_ip": "10.22.39.22"
    },
    "window": " New Patient ",
    "extra": "New patient Opened"
},{
    "action": "log_data",
    "login": {
        "uid": "2",
        "date_time": "2018-02-21 16:53:23",
        "client_ip": "10.22.39.22"
    },
    "window": " New Patient ",
    "extra": "New patient Opened"
},{
    "action": "log_data",
    "login": {
        "uid": "2",
        "date_time": "2018-02-21 16:55:57",
        "client_ip": "10.22.39.22"
    },
    "window": " New Patient ",
    "extra": "New patient Opened"
},{
    "action": "log_data",
    "login": {
        "uid": "2",
        "date_time": "2018-02-21 17:02:29",
        "client_ip": "10.22.39.22"
    },
    "window": " New Patient ",
    "extra": "New patient Opened"
},{
    "action": "log_data",
    "login": {
        "uid": "2",
        "date_time": "2018-02-21 17:04:00",
        "client_ip": "10.22.39.22"
    },
    "window": " New Patient ",
    "extra": "New patient Opened"
},{
    "action": "log_data",
    "login": {
        "uid": "2",
        "date_time": "2018-02-21 17:32:43",
        "client_ip": "10.22.39.22"
    },
    "window": " New Patient ",
    "extra": "New patient Opened"
},{
    "action": "log_data",
    "login": {
        "uid": "2",
        "date_time": "2018-02-21 17:34:39",
        "client_ip": "10.22.39.22"
    },
    "window": " New Patient ",
    "extra": "New patient Opened"
},{
    "action": "log_data",
    "login": {
        "uid": "2",
        "date_time": "2018-02-21 17:35:05",
        "client_ip": "10.22.39.22"
    },
    "window": " New Patient ",
    "extra": "New patient Opened"
},{
    "action": "log_data",
    "login": {
        "uid": "2",
        "date_time": "2018-02-21 17:38:42",
        "client_ip": "10.22.39.22"
    },
    "window": " New Patient ",
    "extra": "New patient Opened"
},{
    "action": "log_data",
    "login": {
        "uid": "2",
        "date_time": "2018-02-21 17:39:05",
        "client_ip": "10.22.39.22"
    },
    "window": " New Patient ",
    "extra": "New patient Opened"
},{
    "action": "log_data",
    "login": {
        "uid": "2",
        "date_time": "2018-02-21 17:39:29",
        "client_ip": "10.22.39.22"
    },
    "window": "Asset Inward",
    "extra": "Asset Inward is opened"
},{
    "action": "log_data",
    "login": {
        "uid": "2",
        "date_time": "2018-02-21 17:39:38",
        "client_ip": "10.22.39.22"
    },
    "window": "Asset Outward",
    "extra": "Asset outward opened"
},{
    "action": "log_data",
    "login": {
        "uid": "2",
        "date_time": "2018-02-21 17:39:41",
        "client_ip": "10.22.39.22"
    },
    "window": "Asset PO",
    "extra": "Asset PO opened"
},{
    "action": "log_data",
    "login": {
        "uid": "2",
        "date_time": "2018-02-21 17:39:42",
        "client_ip": "10.22.39.22"
    },
    "window": "Assets",
    "extra": "Assets is opened"
},{
    "action": "log_data",
    "login": {
        "uid": "2",
        "date_time": "2018-02-21 17:39:43",
        "client_ip": "10.22.39.22"
    },
    "window": "Item Group",
    "extra": "Item Group is opened"
},{
    "action": "log_data",
    "login": {
        "uid": "2",
        "date_time": "2018-02-21 17:39:44",
        "client_ip": "10.22.39.22"
    },
    "window": "Stores",
    "extra": "Stores is opened"
},{
    "action": "log_data",
    "login": {
        "uid": "2",
        "date_time": "2018-02-21 17:39:45",
        "client_ip": "10.22.39.22"
    },
    "window": "Supplier",
    "extra": "Supplier data is opened"
},{
    "action": "log_data",
    "login": {
        "uid": "2",
        "date_time": "2018-02-21 17:39:48",
        "client_ip": "10.22.39.22"
    },
    "window": "Asset Stock",
    "extra": "Asset Stock Opened"
},{
    "action": "log_data",
    "login": {
        "uid": "2",
        "date_time": "2018-02-21 17:39:48",
        "client_ip": "10.22.39.22"
    },
    "window": "Medicines",
    "extra": "Medicines is opened"
},{
    "action": "log_data",
    "login": {
        "uid": "2",
        "date_time": "2018-02-21 17:39:51",
        "client_ip": "10.22.39.22"
    },
    "window": "medicine Inward",
    "extra": "medicine Inward is opened"
},{
    "action": "log_data",
    "login": {
        "uid": "2",
        "date_time": "2018-02-21 17:39:55",
        "client_ip": "10.22.39.22"
    },
    "window": "Medicine Stock",
    "extra": ""
},{
    "action": "log_data",
    "login": {
        "uid": "2",
        "date_time": "2018-02-21 17:39:59",
        "client_ip": "10.22.39.22"
    },
    "window": "Supplier",
    "extra": "Supplier data is opened"
},{
    "action": "log_data",
    "login": {
        "uid": "2",
        "date_time": "2018-02-21 17:40:02",
        "client_ip": "10.22.39.22"
    },
    "window": "Stores",
    "extra": "Stores is opened"
},{
    "action": "log_data",
    "login": {
        "uid": "2",
        "date_time": "2018-02-21 17:40:05",
        "client_ip": "10.22.39.22"
    },
    "window": "Asset Inward",
    "extra": "Asset Inward is opened"
},{
    "action": "log_data",
    "login": {
        "uid": "2",
        "date_time": "2018-02-21 17:40:22",
        "client_ip": "10.22.39.22"
    },
    "window": "Asset PO",
    "extra": "Asset PO opened"
},{
    "action": "log_data",
    "login": {
        "uid": "2",
        "date_time": "2018-02-21 17:42:26",
        "client_ip": "10.22.39.22"
    },
    "window": " New Patient ",
    "extra": "New patient Opened"
},{
    "action": "log_data",
    "login": {
        "uid": "2",
        "date_time": "2018-02-21 17:43:38",
        "client_ip": "10.22.39.22"
    },
    "window": " New Patient ",
    "extra": "New patient Opened"
},{
    "action": "log_data",
    "login": {
        "uid": "2",
        "date_time": "2018-02-21 17:44:13",
        "client_ip": "10.22.39.22"
    },
    "window": " New Patient ",
    "extra": "New patient Opened"
},{
    "action": "log_data",
    "login": {
        "uid": "2",
        "date_time": "2018-02-21 17:44:41",
        "client_ip": "10.22.39.22"
    },
    "window": " New Patient ",
    "extra": "New patient Opened"
},{
    "action": "log_data",
    "login": {
        "uid": "2",
        "date_time": "2018-02-21 17:45:12",
        "client_ip": "10.22.39.22"
    },
    "window": " New Patient ",
    "extra": "New patient Opened"
},{
    "action": "log_data",
    "login": {
        "uid": "2",
        "date_time": "2018-02-21 17:48:05",
        "client_ip": "10.22.39.22"
    },
    "window": " New Patient ",
    "extra": "New patient Opened"
},{
    "action": "log_data",
    "login": {
        "uid": "2",
        "date_time": "2018-02-21 17:49:03",
        "client_ip": "10.22.39.22"
    },
    "window": "Asset Inward",
    "extra": "Asset Inward is opened"
},{
    "action": "log_data",
    "login": {
        "uid": "2",
        "date_time": "2018-02-21 17:50:40",
        "client_ip": "10.22.39.22"
    },
    "window": " New Patient ",
    "extra": "New patient Opened"
},{
    "action": "log_data",
    "login": {
        "uid": "2",
        "date_time": "2018-02-21 17:50:43",
        "client_ip": "10.22.39.22"
    },
    "window": " New Patient ",
    "extra": "New patient Opened"
},{
    "action": "log_data",
    "login": {
        "uid": "2",
        "date_time": "2018-02-21 17:51:40",
        "client_ip": "10.22.39.22"
    },
    "window": " New Patient ",
    "extra": "New patient Opened"
},{
    "action": "log_data",
    "login": {
        "uid": "2",
        "date_time": "2018-02-21 17:52:34",
        "client_ip": "10.22.39.22"
    },
    "window": " New Patient ",
    "extra": "New patient Opened"
},{
    "action": "log_data",
    "login": {
        "uid": "2",
        "date_time": "2018-02-21 17:52:58",
        "client_ip": "10.22.39.22"
    },
    "window": " New Patient ",
    "extra": "New patient Opened"
},{
    "action": "log_data",
    "login": {
        "uid": "2",
        "date_time": "2018-02-21 17:53:18",
        "client_ip": "10.22.39.22"
    },
    "window": "Asset Inward",
    "extra": "Asset Inward is opened"
},{
    "action": "log_data",
    "login": {
        "uid": "2",
        "date_time": "2018-02-21 17:53:25",
        "client_ip": "10.22.39.22"
    },
    "window": "Asset Outward",
    "extra": "Asset outward opened"
},{
    "action": "log_data",
    "login": {
        "uid": "2",
        "date_time": "2018-02-21 17:53:26",
        "client_ip": "10.22.39.22"
    },
    "window": "Asset Inward",
    "extra": "Asset Inward is opened"
},{
    "action": "log_data",
    "login": {
        "uid": "2",
        "date_time": "2018-02-21 17:53:34",
        "client_ip": "10.22.39.22"
    },
    "window": "Asset Outward",
    "extra": "Asset outward opened"
},{
    "action": "log_data",
    "login": {
        "uid": "2",
        "date_time": "2018-02-21 17:53:38",
        "client_ip": "10.22.39.22"
    },
    "window": "Asset PO",
    "extra": "Asset PO opened"
},{
    "action": "log_data",
    "login": {
        "uid": "2",
        "date_time": "2018-02-21 17:56:31",
        "client_ip": "10.22.39.22"
    },
    "window": " New Patient ",
    "extra": "New patient Opened"
},{
    "action": "log_data",
    "login": {
        "uid": "2",
        "date_time": "2018-02-21 18:03:27",
        "client_ip": "10.22.39.22"
    },
    "window": " New Patient ",
    "extra": "New patient Opened"
},{
    "action": "log_data",
    "login": {
        "uid": "2",
        "date_time": "2018-02-21 18:11:14",
        "client_ip": "10.22.39.22"
    },
    "window": " New Patient ",
    "extra": "New patient Opened"
},{
    "action": "log_data",
    "login": {
        "uid": "2",
        "date_time": "2018-02-21 18:13:59",
        "client_ip": "10.22.39.22"
    },
    "window": " New Patient ",
    "extra": "New patient Opened"
},{
    "action": "log_data",
    "login": {
        "uid": "2",
        "date_time": "2018-02-21 18:14:20",
        "client_ip": "10.22.39.22"
    },
    "window": " New Patient ",
    "extra": "New patient Opened"
},{
    "action": "log_data",
    "login": {
        "uid": "2",
        "date_time": "2018-02-21 18:15:30",
        "client_ip": "10.22.39.23"
    },
    "window": " New Patient ",
    "extra": "New patient Opened"
},{
    "action": "log_data",
    "login": {
        "uid": "2",
        "date_time": "2018-02-21 18:16:13",
        "client_ip": "10.22.39.23"
    },
    "window": "Supplier",
    "extra": "Supplier data is opened"
},{
    "action": "log_data",
    "login": {
        "uid": "2",
        "date_time": "2018-02-21 18:21:22",
        "client_ip": "10.22.39.22"
    },
    "window": " New Patient ",
    "extra": "New patient Opened"
},{
    "action": "log_data",
    "login": {
        "uid": "2",
        "date_time": "2018-02-21 19:02:45",
        "client_ip": "10.22.39.22"
    },
    "window": " New Patient ",
    "extra": "New patient Opened"
},{
    "action": "log_data",
    "login": {
        "uid": "2",
        "date_time": "2018-02-21 19:05:12",
        "client_ip": "10.22.39.22"
    },
    "window": " New Patient ",
    "extra": "New patient Opened"
},{
    "action": "log_data",
    "login": {
        "uid": "2",
        "date_time": "2018-02-21 19:06:17",
        "client_ip": "10.22.39.22"
    },
    "window": " New Patient ",
    "extra": "New patient Opened"
},{
    "action": "log_data",
    "login": {
        "uid": "2",
        "date_time": "2018-02-21 19:07:57",
        "client_ip": "10.22.39.22"
    },
    "window": " New Patient ",
    "extra": "New patient Opened"
},{
    "action": "log_data",
    "login": {
        "uid": "2",
        "date_time": "2018-02-21 19:21:13",
        "client_ip": "10.22.39.22"
    },
    "window": " New Patient ",
    "extra": "New patient Opened"
},{
    "action": "log_data",
    "login": {
        "uid": "2",
        "date_time": "2018-02-21 19:21:39",
        "client_ip": "10.22.39.22"
    },
    "window": " New Patient ",
    "extra": "New patient Opened"
},{
    "action": "log_data",
    "login": {
        "uid": "2",
        "date_time": "2018-02-21 19:23:15",
        "client_ip": "10.22.39.22"
    },
    "window": " New Patient ",
    "extra": "New patient Opened"
},{
    "action": "log_data",
    "login": {
        "uid": "2",
        "date_time": "2018-02-21 19:28:10",
        "client_ip": "10.22.39.22"
    },
    "window": " New Patient ",
    "extra": "New patient Opened"
},{
    "action": "log_data",
    "login": {
        "uid": "2",
        "date_time": "2018-02-21 19:28:26",
        "client_ip": "10.22.39.22"
    },
    "window": " New Patient ",
    "extra": "New patient Opened"
},{
    "action": "log_data",
    "login": {
        "uid": "2",
        "date_time": "2018-02-21 19:29:26",
        "client_ip": "10.22.39.22"
    },
    "window": " New Patient ",
    "extra": "New patient Opened"
},{
    "action": "log_data",
    "login": {
        "uid": "2",
        "date_time": "2018-02-21 19:30:07",
        "client_ip": "10.22.39.22"
    },
    "window": " New Patient ",
    "extra": "New patient Opened"
},{
    "action": "log_data",
    "login": {
        "uid": "2",
        "date_time": "2018-02-21 19:31:02",
        "client_ip": "10.22.39.22"
    },
    "window": " New Patient ",
    "extra": "New patient Opened"
},{
    "action": "log_data",
    "login": {
        "uid": "2",
        "date_time": "2018-02-21 19:31:18",
        "client_ip": "10.22.39.22"
    },
    "window": " New Patient ",
    "extra": "New patient Opened"
},{
    "action": "log_data",
    "login": {
        "uid": "2",
        "date_time": "2018-02-21 19:31:50",
        "client_ip": "10.22.39.22"
    },
    "window": "New Patient",
    "extra": "name=Salumuri%20Satyanarayana&father_name=S%2FO%20Pothu%20Raju&gender=M&date_of_birth=&age=64&house_no=4-45&street=Velam%20Street&loc=balabhadrapuram&city=bikkavolu%20mandalam&district=East%20Godavari&state=Andhra%20Pradesh&pincode=533343&mobile=7799329729&aadhar_no=656774834754&email=salmuri%40gmail.com"
},{
    "action": "log_data",
    "login": {
        "uid": "2",
        "date_time": "2018-02-21 19:31:51",
        "client_ip": "10.22.39.22"
    },
    "window": " New Patient ",
    "extra": "New patient Opened"
},{
    "action": "log_data",
    "login": {
        "uid": "1",
        "date_time": "2018-02-21 19:34:38",
        "client_ip": "10.22.39.27"
    },
    "window": " New Patient ",
    "extra": "New patient Opened"
},{
    "action": "log_data",
    "login": {
        "uid": "1",
        "date_time": "2018-02-21 19:36:14",
        "client_ip": "10.22.39.27"
    },
    "window": " New Patient ",
    "extra": "New patient Opened"
},{
    "action": "log_data",
    "login": {
        "uid": "1",
        "date_time": "2018-02-21 19:37:21",
        "client_ip": "10.22.39.27"
    },
    "window": "New Patient",
    "extra": "name=Salumuri%20Subrahmanyam&father_name=S%2FO%20Satyanarayana&gender=M&date_of_birth=1979-08-10&age=39&house_no=4-45&street=Ramalayam%20veedhi&loc=Balabhadrapuram&city=Bikkavolu.%20mandalam&district=East%20Godavari&state=Andhra%20Pradesh&pincode=533343&mobile=9959076665&aadhar_no=306964575229&email=k%40k.com"
},{
    "action": "log_data",
    "login": {
        "uid": "1",
        "date_time": "2018-02-21 19:37:21",
        "client_ip": "10.22.39.27"
    },
    "window": " New Patient ",
    "extra": "New patient Opened"
},{
    "action": "log_data",
    "login": {
        "uid": "1",
        "date_time": "2018-02-21 19:38:36",
        "client_ip": "10.22.39.27"
    },
    "window": "Patient",
    "extra": "Get Patient Data"
},{
    "action": "log_data",
    "login": {
        "uid": "1",
        "date_time": "2018-02-21 19:38:40",
        "client_ip": "10.22.39.27"
    },
    "window": " New Patient ",
    "extra": "New patient Opened"
},{
    "action": "log_data",
    "login": {
        "uid": "1",
        "date_time": "2018-02-21 19:39:46",
        "client_ip": "10.22.39.27"
    },
    "window": "Users",
    "extra": "extra Data"
},{
    "action": "log_data",
    "login": {
        "uid": "1",
        "date_time": "2018-02-21 19:39:51",
        "client_ip": "10.22.39.27"
    },
    "window": " New Patient ",
    "extra": "New patient Opened"
},{
    "action": "log_data",
    "login": {
        "uid": "2",
        "date_time": "2018-02-21 19:40:32",
        "client_ip": "10.22.39.23"
    },
    "window": "medicine Inward",
    "extra": "medicine Inward is opened"
},{
    "action": "log_data",
    "login": {
        "uid": "2",
        "date_time": "2018-02-21 19:40:34",
        "client_ip": "10.22.39.23"
    },
    "window": "To Add New Inward",
    "extra": ""
},{
    "action": "log_data",
    "login": {
        "uid": "2",
        "date_time": "2018-02-21 19:40:40",
        "client_ip": "10.22.39.23"
    },
    "window": "To Show the Items",
    "extra": "2"
},{
    "action": "log_data",
    "login": {
        "uid": "2",
        "date_time": "2018-02-21 19:40:44",
        "client_ip": "10.22.39.23"
    },
    "window": "To Show the Items",
    "extra": "1"
},{
    "action": "log_data",
    "login": {
        "uid": "2",
        "date_time": "2018-02-21 19:40:50",
        "client_ip": "10.22.39.23"
    },
    "window": "To Show the Items",
    "extra": "3"
},{
    "action": "log_data",
    "login": {
        "uid": "2",
        "date_time": "2018-02-21 19:41:21",
        "client_ip": "10.22.39.22"
    },
    "window": " New Patient ",
    "extra": "New patient Opened"
},{
    "action": "log_data",
    "login": {
        "uid": "2",
        "date_time": "2018-02-21 19:41:47",
        "client_ip": "10.22.39.22"
    },
    "window": " New Patient ",
    "extra": "New patient Opened"
},{
    "action": "log_data",
    "login": {
        "uid": "2",
        "date_time": "2018-02-21 19:42:01",
        "client_ip": "10.22.39.23"
    },
    "window": "Medicine PO",
    "extra": "Medicine PO opened"
},{
    "action": "log_data",
    "login": {
        "uid": "2",
        "date_time": "2018-02-21 19:42:02",
        "client_ip": "10.22.39.23"
    },
    "window": "Items added To Object",
    "extra": ""
},{
    "action": "log_data",
    "login": {
        "uid": "2",
        "date_time": "2018-02-21 19:42:02",
        "client_ip": "10.22.39.23"
    },
    "window": "Clicked on Add New MedicinetPO",
    "extra": ""
},{
    "action": "log_data",
    "login": {
        "uid": "2",
        "date_time": "2018-02-21 19:42:11",
        "client_ip": "10.22.39.22"
    },
    "window": "New Patient",
    "extra": "name=Salumuri%20Satyanarayana&father_name=S%2FO%20Pothu%20Raju&gender=M&date_of_birth=&age=64&house_no=4-45&street=Velam%20Street&loc=balabhadrapuram&city=bikkavolu%20mandalam&district=East%20Godavari&state=Andhra%20Pradesh&pincode=533343&mobile=7799329729&aadhar_no=656774834754&email=s%40gmail.com"
},{
    "action": "log_data",
    "login": {
        "uid": "2",
        "date_time": "2018-02-21 19:42:11",
        "client_ip": "10.22.39.22"
    },
    "window": " New Patient ",
    "extra": "New patient Opened"
},{
    "action": "log_data",
    "login": {
        "uid": "2",
        "date_time": "2018-02-21 19:42:13",
        "client_ip": "10.22.39.23"
    },
    "window": "Retrieved Previous Item Po Data",
    "extra": "7"
},{
    "action": "log_data",
    "login": {
        "uid": "2",
        "date_time": "2018-02-21 19:42:13",
        "client_ip": "10.22.39.23"
    },
    "window": "Changed Quantity of item",
    "extra": "0"
},{
    "action": "log_data",
    "login": {
        "uid": "2",
        "date_time": "2018-02-21 19:42:19",
        "client_ip": "10.22.39.23"
    },
    "window": "Retrieved Previous Item Po Data",
    "extra": "1"
},{
    "action": "log_data",
    "login": {
        "uid": "2",
        "date_time": "2018-02-21 19:42:19",
        "client_ip": "10.22.39.23"
    },
    "window": "Changed Quantity of item",
    "extra": "0"
},{
    "action": "log_data",
    "login": {
        "uid": "2",
        "date_time": "2018-02-21 19:42:35",
        "client_ip": "10.22.39.23"
    },
    "window": "medicine Inward",
    "extra": "medicine Inward is opened"
},{
    "action": "log_data",
    "login": {
        "uid": "2",
        "date_time": "2018-02-21 19:42:36",
        "client_ip": "10.22.39.23"
    },
    "window": "Medicine Stock",
    "extra": ""
},{
    "action": "log_data",
    "login": {
        "uid": "2",
        "date_time": "2018-02-21 19:42:40",
        "client_ip": "10.22.39.23"
    },
    "window": "medicine Inward",
    "extra": "medicine Inward is opened"
},{
    "action": "log_data",
    "login": {
        "uid": "2",
        "date_time": "2018-02-21 19:42:43",
        "client_ip": "10.22.39.23"
    },
    "window": "To Add New Inward",
    "extra": ""
},{
    "action": "log_data",
    "login": {
        "uid": "2",
        "date_time": "2018-02-21 19:42:49",
        "client_ip": "10.22.39.23"
    },
    "window": "To Show the Items",
    "extra": "4"
},{
    "action": "log_data",
    "login": {
        "uid": "1",
        "date_time": "2018-02-21 19:43:47",
        "client_ip": "10.22.39.27"
    },
    "window": "New Patient",
    "extra": "name=&father_name=&gender=&date_of_birth=&age=&house_no=&street=&loc=&city=&district=&state=&pincode=&mobile=&aadhar_no=&email="
},{
    "action": "log_data",
    "login": {
        "uid": "1",
        "date_time": "2018-02-21 19:43:47",
        "client_ip": "10.22.39.27"
    },
    "window": " New Patient ",
    "extra": "New patient Opened"
},{
    "action": "log_data",
    "login": {
        "uid": "2",
        "date_time": "2018-02-21 19:46:21",
        "client_ip": "10.22.39.23"
    },
    "window": "medicine Inward",
    "extra": "medicine Inward is opened"
},{
    "action": "log_data",
    "login": {
        "uid": "2",
        "date_time": "2018-02-21 19:48:06",
        "client_ip": "10.22.39.23"
    },
    "window": "medicine Inward",
    "extra": "medicine Inward is opened"
},{
    "action": "log_data",
    "login": {
        "uid": "2",
        "date_time": "2018-02-21 19:49:05",
        "client_ip": "10.22.39.23"
    },
    "window": "medicine Inward",
    "extra": "medicine Inward is opened"
},{
    "action": "log_data",
    "login": {
        "uid": "2",
        "date_time": "2018-02-21 19:50:44",
        "client_ip": "10.22.39.22"
    },
    "window": " New Patient ",
    "extra": "New patient Opened"
},{
    "action": "log_data",
    "login": {
        "uid": "2",
        "date_time": "2018-02-21 19:51:12",
        "client_ip": "10.22.39.22"
    },
    "window": " New Patient ",
    "extra": "New patient Opened"
},{
    "action": "log_data",
    "login": {
        "uid": "2",
        "date_time": "2018-02-21 19:51:33",
        "client_ip": "10.22.39.22"
    },
    "window": " New Patient ",
    "extra": "New patient Opened"
},{
    "action": "log_data",
    "login": {
        "uid": "2",
        "date_time": "2018-02-21 19:56:43",
        "client_ip": "10.22.39.23"
    },
    "window": "To Add New Inward",
    "extra": ""
},{
    "action": "log_data",
    "login": {
        "uid": "2",
        "date_time": "2018-02-21 19:56:51",
        "client_ip": "10.22.39.23"
    },
    "window": "To Show the Items",
    "extra": "4"
},{
    "action": "log_data",
    "login": {
        "uid": "2",
        "date_time": "2018-02-21 20:01:30",
        "client_ip": "10.22.39.22"
    },
    "window": " New Patient ",
    "extra": "New patient Opened"
},{
    "action": "log_data",
    "login": {
        "uid": "2",
        "date_time": "2018-02-21 20:02:32",
        "client_ip": "10.22.39.22"
    },
    "window": " New Patient ",
    "extra": "New patient Opened"
},{
    "action": "log_data",
    "login": {
        "uid": "2",
        "date_time": "2018-02-21 20:03:05",
        "client_ip": "10.22.39.22"
    },
    "window": "New Patient",
    "extra": "name=Salumuri%20Satyanarayana&father_name=S%2FO%20Pothu%20Raju&gender=M&date_of_birth=&age=64&house_no=4-45&street=Velam%20Street&loc=balabhadrapuram&city=bikkavolu%20mandalam&district=East%20Godavari&state=Andhra%20Pradesh&pincode=533343&mobile=7799329729&aadhar_no=656774834754&email=s%40gmail.com"
},{
    "action": "log_data",
    "login": {
        "uid": "2",
        "date_time": "2018-02-21 20:03:05",
        "client_ip": "10.22.39.22"
    },
    "window": " New Patient ",
    "extra": "New patient Opened"
},{
    "action": "log_data",
    "login": {
        "uid": "2",
        "date_time": "2018-02-21 20:04:04",
        "client_ip": "10.22.39.22"
    },
    "window": " New Patient ",
    "extra": "New patient Opened"
},{
    "action": "log_data",
    "login": {
        "uid": "2",
        "date_time": "2018-02-21 20:06:03",
        "client_ip": "10.22.39.22"
    },
    "window": " New Patient ",
    "extra": "New patient Opened"
},{
    "action": "log_data",
    "login": {
        "uid": "2",
        "date_time": "2018-02-21 20:07:04",
        "client_ip": "10.22.39.22"
    },
    "window": "New Patient",
    "extra": "name=Salumuri%20Satyanarayana&father_name=S%2FO%20Pothu%20Raju&gender=M&date_of_birth=&age=64&house_no=4-45&street=Velam%20Street&loc=balabhadrapuram&city=bikkavolu%20mandalam&district=East%20Godavari&state=Andhra%20Pradesh&pincode=533343&mobile=&aadhar_no=656774834754&email="
},{
    "action": "log_data",
    "login": {
        "uid": "2",
        "date_time": "2018-02-21 20:07:04",
        "client_ip": "10.22.39.22"
    },
    "window": " New Patient ",
    "extra": "New patient Opened"
},{
    "action": "log_data",
    "login": {
        "uid": "2",
        "date_time": "2018-02-21 20:07:19",
        "client_ip": "10.22.39.22"
    },
    "window": "New Patient",
    "extra": "name=Salumuri%20Satyanarayana&father_name=S%2FO%20Pothu%20Raju&gender=M&date_of_birth=&age=64&house_no=4-45&street=Velam%20Street&loc=balabhadrapuram&city=bikkavolu%20mandalam&district=East%20Godavari&state=Andhra%20Pradesh&pincode=533343&mobile=7799329729&aadhar_no=656774834754&email=salmuri%40gmail.com"
},{
    "action": "log_data",
    "login": {
        "uid": "2",
        "date_time": "2018-02-21 20:07:19",
        "client_ip": "10.22.39.22"
    },
    "window": " New Patient ",
    "extra": "New patient Opened"
},{
    "action": "log_data",
    "login": {
        "uid": "2",
        "date_time": "2018-02-21 20:07:27",
        "client_ip": "10.22.39.23"
    },
    "window": "Medicine PO",
    "extra": "Medicine PO opened"
},{
    "action": "log_data",
    "login": {
        "uid": "2",
        "date_time": "2018-02-21 20:07:28",
        "client_ip": "10.22.39.23"
    },
    "window": "Items added To Object",
    "extra": ""
},{
    "action": "log_data",
    "login": {
        "uid": "2",
        "date_time": "2018-02-21 20:07:28",
        "client_ip": "10.22.39.23"
    },
    "window": "Clicked on Add New MedicinetPO",
    "extra": ""
},{
    "action": "log_data",
    "login": {
        "uid": "2",
        "date_time": "2018-02-21 20:07:37",
        "client_ip": "10.22.39.23"
    },
    "window": "medicine Inward",
    "extra": "medicine Inward is opened"
},{
    "action": "log_data",
    "login": {
        "uid": "2",
        "date_time": "2018-02-21 20:07:38",
        "client_ip": "10.22.39.23"
    },
    "window": "To Add New Inward",
    "extra": ""
},{
    "action": "log_data",
    "login": {
        "uid": "2",
        "date_time": "2018-02-21 20:07:43",
        "client_ip": "10.22.39.23"
    },
    "window": "To Show the Items",
    "extra": "4"
},{
    "action": "log_data",
    "login": {
        "uid": "1",
        "date_time": "2018-02-21 20:08:25",
        "client_ip": "10.22.39.27"
    },
    "window": "Patient",
    "extra": "Get Patient Data"
},{
    "action": "log_data",
    "login": {
        "uid": "1",
        "date_time": "2018-02-21 20:08:37",
        "client_ip": "10.22.39.27"
    },
    "window": " New Patient ",
    "extra": "New patient Opened"
},{
    "action": "log_data",
    "login": {
        "uid": "1",
        "date_time": "2018-02-21 20:08:43",
        "client_ip": "10.22.39.27"
    },
    "window": "Asset Inward",
    "extra": "Asset Inward is opened"
},{
    "action": "log_data",
    "login": {
        "uid": "1",
        "date_time": "2018-02-21 20:08:59",
        "client_ip": "10.22.39.27"
    },
    "window": "Users",
    "extra": "extra Data"
},{
    "action": "log_data",
    "login": {
        "uid": "1",
        "date_time": "2018-02-21 20:09:04",
        "client_ip": "10.22.39.27"
    },
    "window": "Asset Inward",
    "extra": "Asset Inward is opened"
},{
    "action": "log_data",
    "login": {
        "uid": "1",
        "date_time": "2018-02-21 20:09:40",
        "client_ip": "10.22.39.27"
    },
    "window": "Medicine PO",
    "extra": "Medicine PO opened"
},{
    "action": "log_data",
    "login": {
        "uid": "1",
        "date_time": "2018-02-21 20:09:41",
        "client_ip": "10.22.39.27"
    },
    "window": "medicine Inward",
    "extra": "medicine Inward is opened"
},{
    "action": "log_data",
    "login": {
        "uid": "1",
        "date_time": "2018-02-21 20:09:44",
        "client_ip": "10.22.39.27"
    },
    "window": "Push Item Into Array",
    "extra": ""
},{
    "action": "log_data",
    "login": {
        "uid": "1",
        "date_time": "2018-02-21 20:10:02",
        "client_ip": "10.22.39.27"
    },
    "window": "To Add New Inward",
    "extra": ""
},{
    "action": "log_data",
    "login": {
        "uid": "1",
        "date_time": "2018-02-21 20:10:09",
        "client_ip": "10.22.39.27"
    },
    "window": "Medicine Stock",
    "extra": ""
},{
    "action": "log_data",
    "login": {
        "uid": "1",
        "date_time": "2018-02-21 20:10:10",
        "client_ip": "10.22.39.27"
    },
    "window": "medicine Inward",
    "extra": "medicine Inward is opened"
},{
    "action": "log_data",
    "login": {
        "uid": "1",
        "date_time": "2018-02-21 20:10:11",
        "client_ip": "10.22.39.27"
    },
    "window": "Medicine Stock",
    "extra": ""
},{
    "action": "log_data",
    "login": {
        "uid": "1",
        "date_time": "2018-02-21 20:10:34",
        "client_ip": "10.22.39.27"
    },
    "window": " New Patient ",
    "extra": "New patient Opened"
},{
    "action": "log_data",
    "login": {
        "uid": "1",
        "date_time": "2018-02-21 20:10:40",
        "client_ip": "10.22.39.27"
    },
    "window": "Patient",
    "extra": "Get Patient Data"
},{
    "action": "log_data",
    "login": {
        "uid": "1",
        "date_time": "2018-02-21 20:10:44",
        "client_ip": "10.22.39.27"
    },
    "window": "Supplier",
    "extra": "Supplier data is opened"
},{
    "action": "log_data",
    "login": {
        "uid": "1",
        "date_time": "2018-02-21 20:10:53",
        "client_ip": "10.22.39.27"
    },
    "window": "Item Group",
    "extra": "Item Group is opened"
},{
    "action": "log_data",
    "login": {
        "uid": "1",
        "date_time": "2018-02-21 20:10:54",
        "client_ip": "10.22.39.27"
    },
    "window": "Assets",
    "extra": "Assets is opened"
},{
    "action": "log_data",
    "login": {
        "uid": "1",
        "date_time": "2018-02-21 20:10:55",
        "client_ip": "10.22.39.27"
    },
    "window": "Asset Inward",
    "extra": "Asset Inward is opened"
},{
    "action": "log_data",
    "login": {
        "uid": "1",
        "date_time": "2018-02-21 20:11:33",
        "client_ip": "10.22.39.27"
    },
    "window": "Asset Inward",
    "extra": "Asset Inward is opened"
},{
    "action": "log_data",
    "login": {
        "uid": "2",
        "date_time": "2018-02-21 20:11:55",
        "client_ip": "10.22.39.23"
    },
    "window": "medicine Inward",
    "extra": "medicine Inward is opened"
},{
    "action": "log_data",
    "login": {
        "uid": "2",
        "date_time": "2018-02-21 20:12:17",
        "client_ip": "10.22.39.23"
    },
    "window": "Asset Inward",
    "extra": "Asset Inward is opened"
},{
    "action": "log_data",
    "login": {
        "uid": "2",
        "date_time": "2018-02-21 20:14:42",
        "client_ip": "10.22.39.23"
    },
    "window": "Asset Inward",
    "extra": "Asset Inward is opened"
},{
    "action": "log_data",
    "login": {
        "uid": "2",
        "date_time": "2018-02-21 20:15:19",
        "client_ip": "10.22.39.23"
    },
    "window": "Asset Inward",
    "extra": "Asset Inward is opened"
},{
    "action": "log_data",
    "login": {
        "uid": "2",
        "date_time": "2018-02-21 20:16:18",
        "client_ip": "10.22.39.23"
    },
    "window": "Asset Inward",
    "extra": "Asset Inward is opened"
},{
    "action": "log_data",
    "login": {
        "uid": "2",
        "date_time": "2018-02-21 20:17:26",
        "client_ip": "10.22.39.23"
    },
    "window": "Asset Inward",
    "extra": "Asset Inward is opened"
},{
    "action": "log_data",
    "login": {
        "uid": "1",
        "date_time": "2018-02-21 20:17:41",
        "client_ip": "10.22.39.27"
    },
    "window": "Asset Inward",
    "extra": "Asset Inward is opened"
},{
    "action": "log_data",
    "login": {
        "uid": "1",
        "date_time": "2018-02-21 20:17:44",
        "client_ip": "10.22.39.27"
    },
    "window": "Asset Inward",
    "extra": "Asset Inward is opened"
},{
    "action": "log_data",
    "login": {
        "uid": "1",
        "date_time": "2018-02-21 20:18:10",
        "client_ip": "10.22.39.27"
    },
    "window": "Asset Inward",
    "extra": "Asset Inward is opened"
},{
    "action": "log_data",
    "login": {
        "uid": "1",
        "date_time": "2018-02-21 20:19:06",
        "client_ip": "10.22.39.27"
    },
    "window": "Supplier",
    "extra": "Supplier data is opened"
},{
    "action": "log_data",
    "login": {
        "uid": "1",
        "date_time": "2018-02-21 20:19:08",
        "client_ip": "10.22.39.27"
    },
    "window": "Stores",
    "extra": "Stores is opened"
},{
    "action": "log_data",
    "login": {
        "uid": "1",
        "date_time": "2018-02-21 20:19:10",
        "client_ip": "10.22.39.27"
    },
    "window": "Item Group",
    "extra": "Item Group is opened"
},{
    "action": "log_data",
    "login": {
        "uid": "1",
        "date_time": "2018-02-21 20:19:14",
        "client_ip": "10.22.39.27"
    },
    "window": "Assets",
    "extra": "Assets is opened"
},{
    "action": "log_data",
    "login": {
        "uid": "1",
        "date_time": "2018-02-21 20:19:15",
        "client_ip": "10.22.39.27"
    },
    "window": "Asset Inward",
    "extra": "Asset Inward is opened"
},{
    "action": "log_data",
    "login": {
        "uid": "1",
        "date_time": "2018-02-21 20:19:18",
        "client_ip": "10.22.39.27"
    },
    "window": "Asset Outward",
    "extra": "Asset outward opened"
},{
    "action": "log_data",
    "login": {
        "uid": "1",
        "date_time": "2018-02-21 20:19:19",
        "client_ip": "10.22.39.27"
    },
    "window": "Asset Stock",
    "extra": "Asset Stock Opened"
},{
    "action": "log_data",
    "login": {
        "uid": "1",
        "date_time": "2018-02-21 20:19:20",
        "client_ip": "10.22.39.27"
    },
    "window": "Medicines",
    "extra": "Medicines is opened"
},{
    "action": "log_data",
    "login": {
        "uid": "1",
        "date_time": "2018-02-21 20:19:21",
        "client_ip": "10.22.39.27"
    },
    "window": "Medicine PO",
    "extra": "Medicine PO opened"
},{
    "action": "log_data",
    "login": {
        "uid": "1",
        "date_time": "2018-02-21 20:19:23",
        "client_ip": "10.22.39.27"
    },
    "window": "Medicines",
    "extra": "Medicines is opened"
},{
    "action": "log_data",
    "login": {
        "uid": "1",
        "date_time": "2018-02-21 20:19:36",
        "client_ip": "10.22.39.27"
    },
    "window": "Medicine Stock",
    "extra": ""
},{
    "action": "log_data",
    "login": {
        "uid": "1",
        "date_time": "2018-02-21 20:19:37",
        "client_ip": "10.22.39.27"
    },
    "window": "medicine Inward",
    "extra": "medicine Inward is opened"
},{
    "action": "log_data",
    "login": {
        "uid": "1",
        "date_time": "2018-02-21 20:19:39",
        "client_ip": "10.22.39.27"
    },
    "window": "Medicine PO",
    "extra": "Medicine PO opened"
},{
    "action": "log_data",
    "login": {
        "uid": "1",
        "date_time": "2018-02-21 20:19:41",
        "client_ip": "10.22.39.27"
    },
    "window": "Medicines",
    "extra": "Medicines is opened"
},{
    "action": "log_data",
    "login": {
        "uid": "1",
        "date_time": "2018-02-21 20:21:02",
        "client_ip": "10.22.39.27"
    },
    "window": "Supplier",
    "extra": "Supplier data is opened"
},{
    "action": "log_data",
    "login": {
        "uid": "2",
        "date_time": "2018-02-21 20:26:31",
        "client_ip": "10.22.39.23"
    },
    "window": "Asset Inward",
    "extra": "Asset Inward is opened"
},{
    "action": "log_data",
    "login": {
        "uid": "2",
        "date_time": "2018-02-21 20:27:56",
        "client_ip": "10.22.39.23"
    },
    "window": "medicine Inward",
    "extra": "medicine Inward is opened"
},{
    "action": "log_data",
    "login": {
        "uid": "2",
        "date_time": "2018-02-21 20:27:59",
        "client_ip": "10.22.39.23"
    },
    "window": "medicine Inward",
    "extra": "medicine Inward is opened"
},{
    "action": "log_data",
    "login": {
        "uid": "2",
        "date_time": "2018-02-21 20:28:04",
        "client_ip": "10.22.39.23"
    },
    "window": "medicine Inward",
    "extra": "medicine Inward is opened"
},{
    "action": "log_data",
    "login": {
        "uid": "2",
        "date_time": "2018-02-21 20:28:18",
        "client_ip": "10.22.39.23"
    },
    "window": "medicine Inward",
    "extra": "medicine Inward is opened"
},{
    "action": "log_data",
    "login": {
        "uid": "2",
        "date_time": "2018-02-21 20:28:45",
        "client_ip": "10.22.39.23"
    },
    "window": "medicine Inward",
    "extra": "medicine Inward is opened"
},{
    "action": "log_data",
    "login": {
        "uid": "2",
        "date_time": "2018-02-21 20:29:15",
        "client_ip": "10.22.39.23"
    },
    "window": "medicine Inward",
    "extra": "medicine Inward is opened"
},{
    "action": "log_data",
    "login": {
        "uid": "2",
        "date_time": "2018-02-21 20:29:43",
        "client_ip": "10.22.39.23"
    },
    "window": "Asset Inward",
    "extra": "Asset Inward is opened"
},{
    "action": "log_data",
    "login": {
        "uid": "2",
        "date_time": "2018-02-21 20:29:47",
        "client_ip": "10.22.39.23"
    },
    "window": "Asset Inward",
    "extra": "Asset Inward is opened"
},{
    "action": "log_data",
    "login": {
        "uid": "2",
        "date_time": "2018-02-21 20:29:51",
        "client_ip": "10.22.39.23"
    },
    "window": "Supplier",
    "extra": "Supplier data is opened"
},{
    "action": "log_data",
    "login": {
        "uid": "2",
        "date_time": "2018-02-21 20:30:42",
        "client_ip": "10.22.39.23"
    },
    "window": "Supplier",
    "extra": "Supplier data is opened"
},{
    "action": "log_data",
    "login": {
        "uid": "2",
        "date_time": "2018-02-21 20:31:11",
        "client_ip": "10.22.39.23"
    },
    "window": "Supplier",
    "extra": "Supplier data is opened"
},{
    "action": "log_data",
    "login": {
        "uid": "2",
        "date_time": "2018-02-21 20:31:51",
        "client_ip": "10.22.39.23"
    },
    "window": "Supplier",
    "extra": "Supplier data is opened"
},{
    "action": "log_data",
    "login": {
        "uid": "2",
        "date_time": "2018-02-21 20:32:49",
        "client_ip": "10.22.39.23"
    },
    "window": "Supplier",
    "extra": "Supplier data is opened"
},{
    "action": "log_data",
    "login": {
        "uid": "1",
        "date_time": "2018-02-21 20:37:33",
        "client_ip": "10.22.39.27"
    },
    "window": " New Patient ",
    "extra": "New patient Opened"
},{
    "action": "log_data",
    "login": {
        "uid": "2",
        "date_time": "2018-02-21 20:44:01",
        "client_ip": "10.22.39.23"
    },
    "window": "Supplier",
    "extra": "Supplier data is opened"
},{
    "action": "log_data",
    "login": {
        "uid": "2",
        "date_time": "2018-02-21 20:45:39",
        "client_ip": "10.22.39.23"
    },
    "window": "Supplier",
    "extra": "Supplier data is opened"
},{
    "action": "log_data",
    "login": {
        "uid": "1",
        "date_time": "2018-02-21 20:45:52",
        "client_ip": "10.22.39.27"
    },
    "window": "Users",
    "extra": "extra Data"
},{
    "action": "log_data",
    "login": {
        "uid": "2",
        "date_time": "2018-02-21 20:46:02",
        "client_ip": "10.22.39.23"
    },
    "window": "Supplier",
    "extra": "Supplier data is opened"
},{
    "action": "log_data",
    "login": {
        "uid": "2",
        "date_time": "2018-02-21 20:46:56",
        "client_ip": "10.22.39.23"
    },
    "window": "Supplier",
    "extra": "Supplier data is opened"
},{
    "action": "log_data",
    "login": {
        "uid": "2",
        "date_time": "2018-02-21 20:48:56",
        "client_ip": "10.22.39.23"
    },
    "window": "Supplier",
    "extra": "Supplier data is opened"
},{
    "action": "log_data",
    "login": {
        "uid": "2",
        "date_time": "2018-02-21 20:50:21",
        "client_ip": "10.22.39.23"
    },
    "window": "Supplier",
    "extra": "Supplier data is opened"
},{
    "action": "log_data",
    "login": {
        "uid": "2",
        "date_time": "2018-02-21 20:51:02",
        "client_ip": "10.22.39.23"
    },
    "window": "Supplier",
    "extra": "Supplier data is opened"
},{
    "action": "log_data",
    "login": {
        "uid": "2",
        "date_time": "2018-02-21 20:53:01",
        "client_ip": "10.22.39.23"
    },
    "window": "Supplier",
    "extra": "Supplier data is opened"
},{
    "action": "log_data",
    "login": {
        "uid": "2",
        "date_time": "2018-02-21 20:53:59",
        "client_ip": "10.22.39.23"
    },
    "window": "Supplier",
    "extra": "Supplier data is opened"
},{
    "action": "log_data",
    "login": {
        "uid": "2",
        "date_time": "2018-02-21 20:58:38",
        "client_ip": "10.22.39.23"
    },
    "window": "Supplier",
    "extra": "Supplier data is opened"
},{
    "action": "log_data",
    "login": {
        "uid": "2",
        "date_time": "2018-02-21 20:59:10",
        "client_ip": "10.22.39.23"
    },
    "window": "Supplier",
    "extra": "Supplier data is opened"
},