{
    "action": "log_data",
    "login": {
        "uid": "1",
        "date_time": "2018-03-04 11:17:45",
        "client_ip": "106.220.38.156"
    },
    "window": "Supplier",
    "extra": "Supplier data is opened"
},{
    "action": "log_data",
    "login": {
        "uid": "1",
        "date_time": "2018-03-04 11:18:06",
        "client_ip": "106.220.38.156"
    },
    "window": "Stores",
    "extra": "Stores is opened"
},{
    "action": "log_data",
    "login": {
        "uid": "1",
        "date_time": "2018-03-04 11:18:09",
        "client_ip": "106.220.38.156"
    },
    "window": "Item Group",
    "extra": "Item Group is opened"
},{
    "action": "log_data",
    "login": {
        "uid": "1",
        "date_time": "2018-03-04 11:18:11",
        "client_ip": "106.220.38.156"
    },
    "window": "Assets",
    "extra": "Assets is opened"
},{
    "action": "log_data",
    "login": {
        "uid": "1",
        "date_time": "2018-03-04 11:18:23",
        "client_ip": "106.220.38.156"
    },
    "window": "Asset PO",
    "extra": "Asset PO opened"
},{
    "action": "log_data",
    "login": {
        "uid": "1",
        "date_time": "2018-03-04 11:18:53",
        "client_ip": "106.220.38.156"
    },
    "window": "Asset Outward",
    "extra": "Asset outward opened"
},{
    "action": "log_data",
    "login": {
        "uid": "1",
        "date_time": "2018-03-04 11:19:01",
        "client_ip": "106.220.38.156"
    },
    "window": "Asset Stock",
    "extra": "Asset Stock Opened"
},{
    "action": "log_data",
    "login": {
        "uid": "1",
        "date_time": "2018-03-04 11:19:14",
        "client_ip": "106.220.38.156"
    },
    "window": "Users",
    "extra": "extra Data"
},{
    "action": "log_data",
    "login": {
        "uid": "1",
        "date_time": "2018-03-04 11:19:36",
        "client_ip": "106.220.38.156"
    },
    "window": " New Patient ",
    "extra": "New patient Opened"
},{
    "action": "log_data",
    "login": {
        "uid": "1",
        "date_time": "2018-03-04 11:20:21",
        "client_ip": "106.220.38.156"
    },
    "window": "Doctor_ConsultData is Loaded",
    "extra": ""
},{
    "action": "log_data",
    "login": {
        "uid": "1",
        "date_time": "2018-03-04 11:20:28",
        "client_ip": "106.220.38.156"
    },
    "window": " New Patient ",
    "extra": "New patient Opened"
},{
    "action": "log_data",
    "login": {
        "uid": "1",
        "date_time": "2018-03-04 11:21:04",
        "client_ip": "106.220.38.156"
    },
    "window": "InPatient",
    "extra": "Getting Beds"
},{
    "action": "log_data",
    "login": {
        "uid": "1",
        "date_time": "2018-03-04 11:21:26",
        "client_ip": "106.220.38.156"
    },
    "window": "InPatient",
    "extra": "Bed Section"
},{
    "action": "log_data",
    "login": {
        "uid": "1",
        "date_time": "2018-03-04 11:21:36",
        "client_ip": "106.220.38.156"
    },
    "window": "InPatient",
    "extra": "Bed Section"
},{
    "action": "log_data",
    "login": {
        "uid": "1",
        "date_time": "2018-03-04 11:21:45",
        "client_ip": "106.220.38.156"
    },
    "window": "InPatient",
    "extra": "Bed Section"
},{
    "action": "log_data",
    "login": {
        "uid": "1",
        "date_time": "2018-03-04 11:21:52",
        "client_ip": "106.220.38.156"
    },
    "window": "InPatient",
    "extra": "Allocate Bed"
},{
    "action": "log_data",
    "login": {
        "uid": "1",
        "date_time": "2018-03-04 11:21:52",
        "client_ip": "106.220.38.156"
    },
    "window": " New Patient ",
    "extra": "New patient Opened"
},{
    "action": "log_data",
    "login": {
        "uid": "1",
        "date_time": "2018-03-04 11:22:54",
        "client_ip": "106.220.38.156"
    },
    "window": "Supplier",
    "extra": "Supplier data is opened"
},{
    "action": "log_data",
    "login": {
        "uid": "1",
        "date_time": "2018-03-04 11:24:01",
        "client_ip": "106.220.38.156"
    },
    "window": "Stores",
    "extra": "Stores is opened"
},{
    "action": "log_data",
    "login": {
        "uid": "1",
        "date_time": "2018-03-04 11:24:04",
        "client_ip": "106.220.38.156"
    },
    "window": "Item Group",
    "extra": "Item Group is opened"
},{
    "action": "log_data",
    "login": {
        "uid": "1",
        "date_time": "2018-03-04 11:24:06",
        "client_ip": "106.220.38.156"
    },
    "window": "Assets",
    "extra": "Assets is opened"
},{
    "action": "log_data",
    "login": {
        "uid": "1",
        "date_time": "2018-03-04 11:24:24",
        "client_ip": "106.220.38.156"
    },
    "window": "Medicines",
    "extra": "Medicines is opened"
},{
    "action": "log_data",
    "login": {
        "uid": "1",
        "date_time": "2018-03-04 11:24:31",
        "client_ip": "106.220.38.156"
    },
    "window": "Medicine PO",
    "extra": "Medicine PO opened"
},