{
    "action": "log_data",
    "login": {
        "uid": "1",
        "date_time": "2018-04-02 06:56:57",
        "client_ip": "59.90.229.12"
    },
    "window": "InPatient",
    "extra": "Getting Total Out Patients"
},{
    "action": "log_data",
    "login": {
        "uid": "1",
        "date_time": "2018-04-02 06:57:12",
        "client_ip": "59.90.229.12"
    },
    "window": " New Patient ",
    "extra": "New patient Opened"
},{
    "action": "log_data",
    "login": {
        "uid": "1",
        "date_time": "2018-04-02 06:58:55",
        "client_ip": "59.90.229.12"
    },
    "window": "New Patient",
    "extra": "patient_new_reg%5Bbasic_info%5D%5B0%5D%5Bname%5D=bhanu&patient_new_reg%5Bbasic_info%5D%5B0%5D%5Bfather_name%5D=father&patient_new_reg%5Bbasic_info%5D%5B0%5D%5Bgender%5D=M&patient_new_reg%5Bbasic_info%5D%5B0%5D%5Bdate_of_birth%5D=&patient_new_reg%5Bbasic_info%5D%5B0%5D%5Bage%5D=33&patient_new_reg%5Bbasic_info%5D%5B0%5D%5Bhouse_no%5D=&patient_new_reg%5Bbasic_info%5D%5B0%5D%5Bstreet%5D=&patient_new_reg%5Bbasic_info%5D%5B0%5D%5Bloc%5D=&patient_new_reg%5Bbasic_info%5D%5B0%5D%5Bcity%5D=kakinda&patient_new_reg%5Bbasic_info%5D%5B0%5D%5Bdistrict%5D=&patient_new_reg%5Bbasic_info%5D%5B0%5D%5Bstate%5D=&patient_new_reg%5Bbasic_info%5D%5B0%5D%5Bpincode%5D=&patient_new_reg%5Bbasic_info%5D%5B0%5D%5Bmobile%5D=9035328594&patient_new_reg%5Bbasic_info%5D%5B0%5D%5Baadhar_no%5D=&patient_new_reg%5Bbasic_info%5D%5B0%5D%5Bemail%5D=&patient_new_reg%5Bconsultation%5D%5B0%5D%5Bdr_consult_id%5D=7&patient_new_reg%5Bconsultation%5D%5B0%5D%5Bdr_id%5D=9&patient_new_reg%5Bconsultation%5D%5B0%5D%5Bref_id%5D=6&patient_new_reg%5Bconsultation%5D%5B0%5D%5Bconsultation_amount%5D=700&patient_new_reg%5Bconsultation%5D%5B0%5D%5Buser_id%5D=1&patient_new_reg%5Bvisit_type%5D=op"
},{
    "action": "log_data",
    "login": {
        "uid": "1",
        "date_time": "2018-04-02 06:58:55",
        "client_ip": "59.90.229.12"
    },
    "window": " New Patient ",
    "extra": "New patient Opened"
},{
    "action": "log_data",
    "login": {
        "uid": "1",
        "date_time": "2018-04-02 06:59:10",
        "client_ip": "59.90.229.12"
    },
    "window": "InPatient",
    "extra": "Getting Beds"
},{
    "action": "log_data",
    "login": {
        "uid": "1",
        "date_time": "2018-04-02 06:59:20",
        "client_ip": "59.90.229.12"
    },
    "window": "InPatient",
    "extra": "To Select surgery"
},{
    "action": "log_data",
    "login": {
        "uid": "1",
        "date_time": "2018-04-02 06:59:23",
        "client_ip": "59.90.229.12"
    },
    "window": "InPatient",
    "extra": "To Select surgery"
},{
    "action": "log_data",
    "login": {
        "uid": "1",
        "date_time": "2018-04-02 06:59:58",
        "client_ip": "59.90.229.12"
    },
    "window": "InPatient",
    "extra": "Bed Section"
},{
    "action": "log_data",
    "login": {
        "uid": "1",
        "date_time": "2018-04-02 07:00:11",
        "client_ip": "59.90.229.12"
    },
    "window": "InPatient",
    "extra": "Allocate Bed"
},{
    "action": "log_data",
    "login": {
        "uid": "1",
        "date_time": "2018-04-02 07:00:11",
        "client_ip": "59.90.229.12"
    },
    "window": " New Patient ",
    "extra": "New patient Opened"
},{
    "action": "log_data",
    "login": {
        "uid": "1",
        "date_time": "2018-04-02 07:00:40",
        "client_ip": "59.90.229.12"
    },
    "window": " New Patient ",
    "extra": "New patient Opened"
},{
    "action": "log_data",
    "login": {
        "uid": "1",
        "date_time": "2018-04-02 07:00:57",
        "client_ip": "59.90.229.12"
    },
    "window": "Users",
    "extra": "extra Data"
},{
    "action": "log_data",
    "login": {
        "uid": "1",
        "date_time": "2018-04-02 07:03:16",
        "client_ip": "59.90.229.12"
    },
    "window": " New Patient ",
    "extra": "New patient Opened"
},{
    "action": "log_data",
    "login": {
        "uid": "1",
        "date_time": "2018-04-02 07:04:43",
        "client_ip": "59.90.229.12"
    },
    "window": "New Patient",
    "extra": "patient_new_reg%5Bbasic_info%5D%5B0%5D%5Bname%5D=krishana&patient_new_reg%5Bbasic_info%5D%5B0%5D%5Bfather_name%5D=bhanukiran&patient_new_reg%5Bbasic_info%5D%5B0%5D%5Bgender%5D=M&patient_new_reg%5Bbasic_info%5D%5B0%5D%5Bdate_of_birth%5D=&patient_new_reg%5Bbasic_info%5D%5B0%5D%5Bage%5D=57&patient_new_reg%5Bbasic_info%5D%5B0%5D%5Bhouse_no%5D=&patient_new_reg%5Bbasic_info%5D%5B0%5D%5Bstreet%5D=&patient_new_reg%5Bbasic_info%5D%5B0%5D%5Bloc%5D=&patient_new_reg%5Bbasic_info%5D%5B0%5D%5Bcity%5D=kakinada&patient_new_reg%5Bbasic_info%5D%5B0%5D%5Bdistrict%5D=&patient_new_reg%5Bbasic_info%5D%5B0%5D%5Bstate%5D=&patient_new_reg%5Bbasic_info%5D%5B0%5D%5Bpincode%5D=&patient_new_reg%5Bbasic_info%5D%5B0%5D%5Bmobile%5D=9423842984&patient_new_reg%5Bbasic_info%5D%5B0%5D%5Baadhar_no%5D=&patient_new_reg%5Bbasic_info%5D%5B0%5D%5Bemail%5D=&patient_new_reg%5Bconsultation%5D%5B0%5D%5Bdr_consult_id%5D=3&patient_new_reg%5Bconsultation%5D%5B0%5D%5Bdr_id%5D=7&patient_new_reg%5Bconsultation%5D%5B0%5D%5Bref_id%5D=8&patient_new_reg%5Bconsultation%5D%5B0%5D%5Bconsultation_amount%5D=700&patient_new_reg%5Bconsultation%5D%5B0%5D%5Buser_id%5D=1&patient_new_reg%5Bvisit_type%5D=op"
},{
    "action": "log_data",
    "login": {
        "uid": "1",
        "date_time": "2018-04-02 07:04:44",
        "client_ip": "59.90.229.12"
    },
    "window": " New Patient ",
    "extra": "New patient Opened"
},{
    "action": "log_data",
    "login": {
        "uid": "1",
        "date_time": "2018-04-02 07:04:56",
        "client_ip": "59.90.229.12"
    },
    "window": "Users",
    "extra": "extra Data"
},{
    "action": "log_data",
    "login": {
        "uid": "1",
        "date_time": "2018-04-02 07:06:39",
        "client_ip": "59.90.229.12"
    },
    "window": "Collection",
    "extra": "collection_data%5Btransaction_date%5D=4%2F2%2F2018&collection_data%5Bpatient_id%5D=6&collection_data%5Bp_visit_id%5D=9&collection_data%5Bdr_id%5D=7&collection_data%5Buser_id%5D=1&collection_data%5Bpayment_type%5D=cash&collection_data%5Bbill_id%5D=1&collection_data%5Bpaid_amount%5D=700"
},{
    "action": "log_data",
    "login": {
        "uid": "1",
        "date_time": "2018-04-02 07:06:39",
        "client_ip": "59.90.229.12"
    },
    "window": "Users",
    "extra": "extra Data"
},{
    "action": "log_data",
    "login": {
        "uid": "1",
        "date_time": "2018-04-02 07:07:15",
        "client_ip": "59.90.229.12"
    },
    "window": " New Patient ",
    "extra": "New patient Opened"
},{
    "action": "log_data",
    "login": {
        "uid": "1",
        "date_time": "2018-04-02 07:07:32",
        "client_ip": "59.90.229.12"
    },
    "window": "InPatient",
    "extra": "Getting Beds"
},{
    "action": "log_data",
    "login": {
        "uid": "1",
        "date_time": "2018-04-02 07:07:48",
        "client_ip": "59.90.229.12"
    },
    "window": "InPatient",
    "extra": "To Select surgery"
},{
    "action": "log_data",
    "login": {
        "uid": "1",
        "date_time": "2018-04-02 07:07:51",
        "client_ip": "59.90.229.12"
    },
    "window": "InPatient",
    "extra": "To Select surgery"
},{
    "action": "log_data",
    "login": {
        "uid": "1",
        "date_time": "2018-04-02 07:09:05",
        "client_ip": "59.90.229.12"
    },
    "window": "InPatient",
    "extra": "Bed Section"
},{
    "action": "log_data",
    "login": {
        "uid": "1",
        "date_time": "2018-04-02 07:09:16",
        "client_ip": "59.90.229.12"
    },
    "window": "InPatient",
    "extra": "Allocate Bed"
},{
    "action": "log_data",
    "login": {
        "uid": "1",
        "date_time": "2018-04-02 07:09:16",
        "client_ip": "59.90.229.12"
    },
    "window": " New Patient ",
    "extra": "New patient Opened"
},{
    "action": "log_data",
    "login": {
        "uid": "1",
        "date_time": "2018-04-02 07:09:21",
        "client_ip": "59.90.229.12"
    },
    "window": "Users",
    "extra": "extra Data"
},{
    "action": "log_data",
    "login": {
        "uid": "2",
        "date_time": "2018-04-02 09:01:08",
        "client_ip": "10.22.39.156"
    },
    "window": "InPatient",
    "extra": "Getting Total Out Patients"
},{
    "action": "log_data",
    "login": {
        "uid": "2",
        "date_time": "2018-04-02 09:01:36",
        "client_ip": "10.22.39.156"
    },
    "window": "Users",
    "extra": "extra Data"
},{
    "action": "log_data",
    "login": {
        "uid": "2",
        "date_time": "2018-04-02 09:01:49",
        "client_ip": "10.22.39.156"
    },
    "window": "Users",
    "extra": "extra Data"
},{
    "action": "log_data",
    "login": {
        "uid": "2",
        "date_time": "2018-04-02 09:02:08",
        "client_ip": "10.22.39.156"
    },
    "window": "Users",
    "extra": "extra Data"
},{
    "action": "log_data",
    "login": {
        "uid": "2",
        "date_time": "2018-04-02 09:04:18",
        "client_ip": "10.22.39.156"
    },
    "window": "Users",
    "extra": "extra Data"
},{
    "action": "log_data",
    "login": {
        "uid": "2",
        "date_time": "2018-04-02 09:04:53",
        "client_ip": "10.22.39.156"
    },
    "window": "Users",
    "extra": "extra Data"
},{
    "action": "log_data",
    "login": {
        "uid": "2",
        "date_time": "2018-04-02 09:05:22",
        "client_ip": "10.22.39.156"
    },
    "window": "Users",
    "extra": "extra Data"
},{
    "action": "log_data",
    "login": {
        "uid": "2",
        "date_time": "2018-04-02 09:05:51",
        "client_ip": "10.22.39.156"
    },
    "window": "Users",
    "extra": "extra Data"
},{
    "action": "log_data",
    "login": {
        "uid": "2",
        "date_time": "2018-04-02 09:11:27",
        "client_ip": "10.22.39.156"
    },
    "window": "Collection",
    "extra": "collection_data%5Btransaction_date%5D=4%2F2%2F2018&collection_data%5Bpatient_id%5D=6&collection_data%5Bp_visit_id%5D=10&collection_data%5Bdr_id%5D=7&collection_data%5Buser_id%5D=2&collection_data%5Bbill_id%5D=3&collection_data%5Bpayment_type%5D=cash&collection_data%5Bpaid_amount%5D=100"
},{
    "action": "log_data",
    "login": {
        "uid": "2",
        "date_time": "2018-04-02 09:11:28",
        "client_ip": "10.22.39.156"
    },
    "window": "Users",
    "extra": "extra Data"
},{
    "action": "log_data",
    "login": {
        "uid": "2",
        "date_time": "2018-04-02 09:11:56",
        "client_ip": "10.22.39.156"
    },
    "window": "Users",
    "extra": "extra Data"
},{
    "action": "log_data",
    "login": {
        "uid": "2",
        "date_time": "2018-04-02 09:13:47",
        "client_ip": "10.22.39.156"
    },
    "window": "InPatient",
    "extra": "Getting Total Out Patients"
},{
    "action": "log_data",
    "login": {
        "uid": "2",
        "date_time": "2018-04-02 09:16:12",
        "client_ip": "10.22.39.156"
    },
    "window": "Users",
    "extra": "extra Data"
},{
    "action": "log_data",
    "login": {
        "uid": "2",
        "date_time": "2018-04-02 09:16:23",
        "client_ip": "10.22.39.156"
    },
    "window": "Users",
    "extra": "extra Data"
},{
    "action": "log_data",
    "login": {
        "uid": "2",
        "date_time": "2018-04-02 09:16:34",
        "client_ip": "10.22.39.156"
    },
    "window": "Users",
    "extra": "extra Data"
},{
    "action": "log_data",
    "login": {
        "uid": "2",
        "date_time": "2018-04-02 09:16:42",
        "client_ip": "10.22.39.156"
    },
    "window": "Users",
    "extra": "extra Data"
},{
    "action": "log_data",
    "login": {
        "uid": "2",
        "date_time": "2018-04-02 09:21:32",
        "client_ip": "10.22.39.156"
    },
    "window": "Users",
    "extra": "extra Data"
},{
    "action": "log_data",
    "login": {
        "uid": "2",
        "date_time": "2018-04-02 09:22:28",
        "client_ip": "10.22.39.156"
    },
    "window": "Users",
    "extra": "extra Data"
},{
    "action": "log_data",
    "login": {
        "uid": "2",
        "date_time": "2018-04-02 09:24:03",
        "client_ip": "10.22.39.156"
    },
    "window": "Users",
    "extra": "extra Data"
},{
    "action": "log_data",
    "login": {
        "uid": "2",
        "date_time": "2018-04-02 09:26:44",
        "client_ip": "10.22.39.156"
    },
    "window": "Users",
    "extra": "extra Data"
},{
    "action": "log_data",
    "login": {
        "uid": "2",
        "date_time": "2018-04-02 09:28:15",
        "client_ip": "10.22.39.156"
    },
    "window": "Users",
    "extra": "extra Data"
},{
    "action": "log_data",
    "login": {
        "uid": "2",
        "date_time": "2018-04-02 09:29:28",
        "client_ip": "10.22.39.156"
    },
    "window": "Users",
    "extra": "extra Data"
},{
    "action": "log_data",
    "login": {
        "uid": "2",
        "date_time": "2018-04-02 09:31:15",
        "client_ip": "10.22.39.156"
    },
    "window": "Users",
    "extra": "extra Data"
},{
    "action": "log_data",
    "login": {
        "uid": "2",
        "date_time": "2018-04-02 09:32:15",
        "client_ip": "10.22.39.156"
    },
    "window": "Users",
    "extra": "extra Data"
},{
    "action": "log_data",
    "login": {
        "uid": "2",
        "date_time": "2018-04-02 09:38:28",
        "client_ip": "10.22.39.156"
    },
    "window": "Users",
    "extra": "extra Data"
},{
    "action": "log_data",
    "login": {
        "uid": "2",
        "date_time": "2018-04-02 09:39:24",
        "client_ip": "10.22.39.156"
    },
    "window": "Users",
    "extra": "extra Data"
},{
    "action": "log_data",
    "login": {
        "uid": "2",
        "date_time": "2018-04-02 09:41:23",
        "client_ip": "10.22.39.156"
    },
    "window": "Users",
    "extra": "extra Data"
},{
    "action": "log_data",
    "login": {
        "uid": "2",
        "date_time": "2018-04-02 09:41:48",
        "client_ip": "10.22.39.156"
    },
    "window": "Users",
    "extra": "extra Data"
},{
    "action": "log_data",
    "login": {
        "uid": "2",
        "date_time": "2018-04-02 09:44:20",
        "client_ip": "10.22.39.156"
    },
    "window": "Users",
    "extra": "extra Data"
},{
    "action": "log_data",
    "login": {
        "uid": "2",
        "date_time": "2018-04-02 09:45:18",
        "client_ip": "10.22.39.156"
    },
    "window": "Users",
    "extra": "extra Data"
},{
    "action": "log_data",
    "login": {
        "uid": "2",
        "date_time": "2018-04-02 09:52:29",
        "client_ip": "10.22.39.156"
    },
    "window": "Users",
    "extra": "extra Data"
},{
    "action": "log_data",
    "login": {
        "uid": "2",
        "date_time": "2018-04-02 10:01:25",
        "client_ip": "10.22.39.156"
    },
    "window": "Users",
    "extra": "extra Data"
},{
    "action": "log_data",
    "login": {
        "uid": "2",
        "date_time": "2018-04-02 10:01:34",
        "client_ip": "10.22.39.156"
    },
    "window": "InPatient",
    "extra": "Getting Total Out Patients"
},{
    "action": "log_data",
    "login": {
        "uid": "2",
        "date_time": "2018-04-02 10:01:34",
        "client_ip": "10.22.39.156"
    },
    "window": "Users",
    "extra": "extra Data"
},{
    "action": "log_data",
    "login": {
        "uid": "2",
        "date_time": "2018-04-02 10:01:34",
        "client_ip": "10.22.39.156"
    },
    "window": "InPatient",
    "extra": "Getting Total Out Patients"
},{
    "action": "log_data",
    "login": {
        "uid": "2",
        "date_time": "2018-04-02 10:01:36",
        "client_ip": "10.22.39.156"
    },
    "window": "Users",
    "extra": "extra Data"
},{
    "action": "log_data",
    "login": {
        "uid": "2",
        "date_time": "2018-04-02 10:01:48",
        "client_ip": "10.22.39.156"
    },
    "window": "Users",
    "extra": "extra Data"
},{
    "action": "log_data",
    "login": {
        "uid": "2",
        "date_time": "2018-04-02 10:02:02",
        "client_ip": "10.22.39.156"
    },
    "window": "Users",
    "extra": "extra Data"
},{
    "action": "log_data",
    "login": {
        "uid": "2",
        "date_time": "2018-04-02 10:02:50",
        "client_ip": "10.22.39.156"
    },
    "window": "Users",
    "extra": "extra Data"
},{
    "action": "log_data",
    "login": {
        "uid": "2",
        "date_time": "2018-04-02 10:03:32",
        "client_ip": "10.22.39.156"
    },
    "window": "Asset PO",
    "extra": "Asset PO opened"
},{
    "action": "log_data",
    "login": {
        "uid": "2",
        "date_time": "2018-04-02 10:03:35",
        "client_ip": "10.22.39.156"
    },
    "window": "Retrieved the Items of PO",
    "extra": "12"
},{
    "action": "log_data",
    "login": {
        "uid": "2",
        "date_time": "2018-04-02 10:04:07",
        "client_ip": "10.22.39.156"
    },
    "window": "Retrieved the Items of PO",
    "extra": "12"
},{
    "action": "log_data",
    "login": {
        "uid": "2",
        "date_time": "2018-04-02 10:04:29",
        "client_ip": "10.22.39.156"
    },
    "window": "Users",
    "extra": "extra Data"
},{
    "action": "log_data",
    "login": {
        "uid": "2",
        "date_time": "2018-04-02 10:04:35",
        "client_ip": "10.22.39.156"
    },
    "window": "Asset PO",
    "extra": "Asset PO opened"
},{
    "action": "log_data",
    "login": {
        "uid": "2",
        "date_time": "2018-04-02 10:04:37",
        "client_ip": "10.22.39.156"
    },
    "window": "Users",
    "extra": "extra Data"
},{
    "action": "log_data",
    "login": {
        "uid": "2",
        "date_time": "2018-04-02 10:05:37",
        "client_ip": "10.22.39.156"
    },
    "window": "Users",
    "extra": "extra Data"
},{
    "action": "log_data",
    "login": {
        "uid": "2",
        "date_time": "2018-04-02 10:06:50",
        "client_ip": "10.22.39.156"
    },
    "window": "Users",
    "extra": "extra Data"
},{
    "action": "log_data",
    "login": {
        "uid": "2",
        "date_time": "2018-04-02 10:09:05",
        "client_ip": "10.22.39.156"
    },
    "window": "Users",
    "extra": "extra Data"
},{
    "action": "log_data",
    "login": {
        "uid": "2",
        "date_time": "2018-04-02 10:10:20",
        "client_ip": "10.22.39.156"
    },
    "window": "Users",
    "extra": "extra Data"
},{
    "action": "log_data",
    "login": {
        "uid": "2",
        "date_time": "2018-04-02 10:14:59",
        "client_ip": "10.22.39.156"
    },
    "window": "Users",
    "extra": "extra Data"
},{
    "action": "log_data",
    "login": {
        "uid": "2",
        "date_time": "2018-04-02 10:19:41",
        "client_ip": "10.22.39.156"
    },
    "window": "Users",
    "extra": "extra Data"
},{
    "action": "log_data",
    "login": {
        "uid": "2",
        "date_time": "2018-04-02 10:19:57",
        "client_ip": "10.22.39.156"
    },
    "window": "Users",
    "extra": "extra Data"
},{
    "action": "log_data",
    "login": {
        "uid": "1",
        "date_time": "2018-04-02 10:23:14",
        "client_ip": "10.22.39.157"
    },
    "window": "InPatient",
    "extra": "Getting Total Out Patients"
},{
    "action": "log_data",
    "login": {
        "uid": "1",
        "date_time": "2018-04-02 10:23:29",
        "client_ip": "10.22.39.157"
    },
    "window": "Users",
    "extra": "extra Data"
},{
    "action": "log_data",
    "login": {
        "uid": "1",
        "date_time": "2018-04-02 10:24:03",
        "client_ip": "10.22.39.157"
    },
    "window": " New Patient ",
    "extra": "New patient Opened"
},{
    "action": "log_data",
    "login": {
        "uid": "1",
        "date_time": "2018-04-02 10:24:13",
        "client_ip": "10.22.39.157"
    },
    "window": "InPatient",
    "extra": "Getting Total Out Patients"
},{
    "action": "log_data",
    "login": {
        "uid": "1",
        "date_time": "2018-04-02 10:24:21",
        "client_ip": "10.22.39.157"
    },
    "window": " New Patient ",
    "extra": "New patient Opened"
},{
    "action": "log_data",
    "login": {
        "uid": "1",
        "date_time": "2018-04-02 10:24:27",
        "client_ip": "10.22.39.157"
    },
    "window": "Date Change",
    "extra": ""
},{
    "action": "log_data",
    "login": {
        "uid": "1",
        "date_time": "2018-04-02 10:24:39",
        "client_ip": "10.22.39.157"
    },
    "window": "InPatient",
    "extra": "Getting Beds"
},{
    "action": "log_data",
    "login": {
        "uid": "1",
        "date_time": "2018-04-02 10:24:44",
        "client_ip": "10.22.39.157"
    },
    "window": "InPatient",
    "extra": "To Select surgery"
},{
    "action": "log_data",
    "login": {
        "uid": "1",
        "date_time": "2018-04-02 10:24:46",
        "client_ip": "10.22.39.157"
    },
    "window": "InPatient",
    "extra": "To Select surgery"
},{
    "action": "log_data",
    "login": {
        "uid": "1",
        "date_time": "2018-04-02 10:24:56",
        "client_ip": "10.22.39.157"
    },
    "window": "Users",
    "extra": "extra Data"
},{
    "action": "log_data",
    "login": {
        "uid": "2",
        "date_time": "2018-04-02 10:29:04",
        "client_ip": "10.22.39.156"
    },
    "window": "Users",
    "extra": "extra Data"
},{
    "action": "log_data",
    "login": {
        "uid": "2",
        "date_time": "2018-04-02 10:29:59",
        "client_ip": "10.22.39.156"
    },
    "window": "Users",
    "extra": "extra Data"
},{
    "action": "log_data",
    "login": {
        "uid": "2",
        "date_time": "2018-04-02 10:30:26",
        "client_ip": "10.22.39.156"
    },
    "window": "Users",
    "extra": "extra Data"
},{
    "action": "log_data",
    "login": {
        "uid": "2",
        "date_time": "2018-04-02 10:31:09",
        "client_ip": "10.22.39.156"
    },
    "window": "Users",
    "extra": "extra Data"
},{
    "action": "log_data",
    "login": {
        "uid": "2",
        "date_time": "2018-04-02 10:31:22",
        "client_ip": "10.22.39.156"
    },
    "window": "Users",
    "extra": "extra Data"
},{
    "action": "log_data",
    "login": {
        "uid": "2",
        "date_time": "2018-04-02 10:31:43",
        "client_ip": "10.22.39.156"
    },
    "window": "Users",
    "extra": "extra Data"
},{
    "action": "log_data",
    "login": {
        "uid": "2",
        "date_time": "2018-04-02 10:33:01",
        "client_ip": "10.22.39.156"
    },
    "window": " New Patient ",
    "extra": "New patient Opened"
},{
    "action": "log_data",
    "login": {
        "uid": "2",
        "date_time": "2018-04-02 10:35:15",
        "client_ip": "10.22.39.156"
    },
    "window": " New Patient ",
    "extra": "New patient Opened"
},{
    "action": "log_data",
    "login": {
        "uid": "2",
        "date_time": "2018-04-02 10:35:53",
        "client_ip": "10.22.39.156"
    },
    "window": "Users",
    "extra": "extra Data"
},{
    "action": "log_data",
    "login": {
        "uid": "2",
        "date_time": "2018-04-02 10:38:37",
        "client_ip": "10.22.39.156"
    },
    "window": "Users",
    "extra": "extra Data"
},{
    "action": "log_data",
    "login": {
        "uid": "2",
        "date_time": "2018-04-02 10:41:41",
        "client_ip": "10.22.39.156"
    },
    "window": "Users",
    "extra": "extra Data"
},{
    "action": "log_data",
    "login": {
        "uid": "2",
        "date_time": "2018-04-02 10:42:47",
        "client_ip": "10.22.39.156"
    },
    "window": "Users",
    "extra": "extra Data"
},{
    "action": "log_data",
    "login": {
        "uid": "2",
        "date_time": "2018-04-02 10:45:58",
        "client_ip": "10.22.39.156"
    },
    "window": "Users",
    "extra": "extra Data"
},{
    "action": "log_data",
    "login": {
        "uid": "2",
        "date_time": "2018-04-02 10:47:42",
        "client_ip": "10.22.39.156"
    },
    "window": "Users",
    "extra": "extra Data"
},{
    "action": "log_data",
    "login": {
        "uid": "2",
        "date_time": "2018-04-02 10:47:55",
        "client_ip": "10.22.39.156"
    },
    "window": "InPatient",
    "extra": "Getting Total Out Patients"
},{
    "action": "log_data",
    "login": {
        "uid": "2",
        "date_time": "2018-04-02 10:47:58",
        "client_ip": "10.22.39.156"
    },
    "window": "Users",
    "extra": "extra Data"
},{
    "action": "log_data",
    "login": {
        "uid": "2",
        "date_time": "2018-04-02 10:48:09",
        "client_ip": "10.22.39.156"
    },
    "window": "Users",
    "extra": "extra Data"
},{
    "action": "log_data",
    "login": {
        "uid": "2",
        "date_time": "2018-04-02 10:48:16",
        "client_ip": "10.22.39.156"
    },
    "window": "InPatient",
    "extra": "Getting Total Out Patients"
},{
    "action": "log_data",
    "login": {
        "uid": "2",
        "date_time": "2018-04-02 10:48:22",
        "client_ip": "10.22.39.156"
    },
    "window": "Users",
    "extra": "extra Data"
},{
    "action": "log_data",
    "login": {
        "uid": "2",
        "date_time": "2018-04-02 10:50:05",
        "client_ip": "10.22.39.156"
    },
    "window": "Users",
    "extra": "extra Data"
},{
    "action": "log_data",
    "login": {
        "uid": "2",
        "date_time": "2018-04-02 10:50:11",
        "client_ip": "10.22.39.156"
    },
    "window": "Users",
    "extra": "extra Data"
},{
    "action": "log_data",
    "login": {
        "uid": "2",
        "date_time": "2018-04-02 10:50:12",
        "client_ip": "10.22.39.156"
    },
    "window": "Users",
    "extra": "extra Data"
},{
    "action": "log_data",
    "login": {
        "uid": "2",
        "date_time": "2018-04-02 10:51:13",
        "client_ip": "10.22.39.156"
    },
    "window": "Users",
    "extra": "extra Data"
},{
    "action": "log_data",
    "login": {
        "uid": "2",
        "date_time": "2018-04-02 10:53:04",
        "client_ip": "10.22.39.156"
    },
    "window": "Users",
    "extra": "extra Data"
},{
    "action": "log_data",
    "login": {
        "uid": "2",
        "date_time": "2018-04-02 11:08:18",
        "client_ip": "10.22.39.156"
    },
    "window": "Users",
    "extra": "extra Data"
},{
    "action": "log_data",
    "login": {
        "uid": "2",
        "date_time": "2018-04-02 11:11:15",
        "client_ip": "10.22.39.156"
    },
    "window": "Users",
    "extra": "extra Data"
},{
    "action": "log_data",
    "login": {
        "uid": "2",
        "date_time": "2018-04-02 11:13:06",
        "client_ip": "10.22.39.156"
    },
    "window": "Users",
    "extra": "extra Data"
},{
    "action": "log_data",
    "login": {
        "uid": "2",
        "date_time": "2018-04-02 11:14:54",
        "client_ip": "10.22.39.156"
    },
    "window": " New Patient ",
    "extra": "New patient Opened"
},{
    "action": "log_data",
    "login": {
        "uid": "2",
        "date_time": "2018-04-02 11:19:16",
        "client_ip": "10.22.39.156"
    },
    "window": " New Patient ",
    "extra": "New patient Opened"
},{
    "action": "log_data",
    "login": {
        "uid": "1",
        "date_time": "2018-04-02 11:22:10",
        "client_ip": "10.22.39.157"
    },
    "window": " New Patient ",
    "extra": "New patient Opened"
},{
    "action": "log_data",
    "login": {
        "uid": "2",
        "date_time": "2018-04-02 11:22:30",
        "client_ip": "10.22.39.156"
    },
    "window": "Users",
    "extra": "extra Data"
},{
    "action": "log_data",
    "login": {
        "uid": "2",
        "date_time": "2018-04-02 11:27:44",
        "client_ip": "10.22.39.156"
    },
    "window": "Users",
    "extra": "extra Data"
},{
    "action": "log_data",
    "login": {
        "uid": "2",
        "date_time": "2018-04-02 11:32:07",
        "client_ip": "10.22.39.156"
    },
    "window": "Users",
    "extra": "extra Data"
},{
    "action": "log_data",
    "login": {
        "uid": "2",
        "date_time": "2018-04-02 11:38:14",
        "client_ip": "10.22.39.156"
    },
    "window": "Users",
    "extra": "extra Data"
},{
    "action": "log_data",
    "login": {
        "uid": "2",
        "date_time": "2018-04-02 11:39:04",
        "client_ip": "10.22.39.156"
    },
    "window": "Users",
    "extra": "extra Data"
},{
    "action": "log_data",
    "login": {
        "uid": "2",
        "date_time": "2018-04-02 11:40:02",
        "client_ip": "10.22.39.156"
    },
    "window": "Users",
    "extra": "extra Data"
},{
    "action": "log_data",
    "login": {
        "uid": "2",
        "date_time": "2018-04-02 11:40:22",
        "client_ip": "10.22.39.156"
    },
    "window": "Users",
    "extra": "extra Data"
},{
    "action": "log_data",
    "login": {
        "uid": "2",
        "date_time": "2018-04-02 11:40:54",
        "client_ip": "10.22.39.156"
    },
    "window": "Collection",
    "extra": "collection_data%5Btransaction_date%5D=4%2F2%2F2018&collection_data%5Bpatient_id%5D=2&collection_data%5Bp_visit_id%5D=5&collection_data%5Bdr_id%5D=10&collection_data%5Buser_id%5D=2&collection_data%5Bbill_id%5D=2&collection_data%5Bpaid_amount%5D=500&collection_data%5Bpayment_type%5D=cash"
},{
    "action": "log_data",
    "login": {
        "uid": "2",
        "date_time": "2018-04-02 11:40:54",
        "client_ip": "10.22.39.156"
    },
    "window": "Users",
    "extra": "extra Data"
},{
    "action": "log_data",
    "login": {
        "uid": "2",
        "date_time": "2018-04-02 11:42:05",
        "client_ip": "10.22.39.156"
    },
    "window": "Users",
    "extra": "extra Data"
},{
    "action": "log_data",
    "login": {
        "uid": "2",
        "date_time": "2018-04-02 11:42:21",
        "client_ip": "10.22.39.156"
    },
    "window": "Collection",
    "extra": "collection_data%5Btransaction_date%5D=4%2F2%2F2018&collection_data%5Bpatient_id%5D=2&collection_data%5Bp_visit_id%5D=5&collection_data%5Bdr_id%5D=10&collection_data%5Buser_id%5D=2&collection_data%5Bbill_id%5D=2&collection_data%5Bpaid_amount%5D=500&collection_data%5Bpayment_type%5D=cash"
},{
    "action": "log_data",
    "login": {
        "uid": "2",
        "date_time": "2018-04-02 11:44:21",
        "client_ip": "10.22.39.156"
    },
    "window": "Users",
    "extra": "extra Data"
},{
    "action": "log_data",
    "login": {
        "uid": "2",
        "date_time": "2018-04-02 11:45:02",
        "client_ip": "10.22.39.156"
    },
    "window": "Users",
    "extra": "extra Data"
},{
    "action": "log_data",
    "login": {
        "uid": "2",
        "date_time": "2018-04-02 11:45:14",
        "client_ip": "10.22.39.156"
    },
    "window": "Collection",
    "extra": "collection_data%5Btransaction_date%5D=4%2F2%2F2018&collection_data%5Bpatient_id%5D=2&collection_data%5Bp_visit_id%5D=5&collection_data%5Bdr_id%5D=10&collection_data%5Buser_id%5D=2&collection_data%5Bbill_id%5D=2&collection_data%5Bpaid_amount%5D=500&collection_data%5Bpayment_type%5D=cash"
},{
    "action": "log_data",
    "login": {
        "uid": "2",
        "date_time": "2018-04-02 11:48:55",
        "client_ip": "10.22.39.156"
    },
    "window": "Users",
    "extra": "extra Data"
},{
    "action": "log_data",
    "login": {
        "uid": "2",
        "date_time": "2018-04-02 11:49:15",
        "client_ip": "10.22.39.156"
    },
    "window": "Collection",
    "extra": "collection_data%5Btransaction_date%5D=4%2F2%2F2018&collection_data%5Bpatient_id%5D=2&collection_data%5Bp_visit_id%5D=5&collection_data%5Bdr_id%5D=10&collection_data%5Buser_id%5D=2&collection_data%5Bbill_id%5D=2&collection_data%5Bpaid_amount%5D=200&collection_data%5Bpayment_type%5D=cash"
},{
    "action": "log_data",
    "login": {
        "uid": "2",
        "date_time": "2018-04-02 11:49:22",
        "client_ip": "10.22.39.156"
    },
    "window": "Users",
    "extra": "extra Data"
},{
    "action": "log_data",
    "login": {
        "uid": "2",
        "date_time": "2018-04-02 11:49:40",
        "client_ip": "10.22.39.156"
    },
    "window": "Collection",
    "extra": "collection_data%5Btransaction_date%5D=4%2F2%2F2018&collection_data%5Bpatient_id%5D=2&collection_data%5Bp_visit_id%5D=5&collection_data%5Bdr_id%5D=10&collection_data%5Buser_id%5D=2&collection_data%5Bbill_id%5D=2&collection_data%5Bpaid_amount%5D=100&collection_data%5Bpayment_type%5D=cash"
},{
    "action": "log_data",
    "login": {
        "uid": "2",
        "date_time": "2018-04-02 11:49:43",
        "client_ip": "10.22.39.156"
    },
    "window": "Users",
    "extra": "extra Data"
},{
    "action": "log_data",
    "login": {
        "uid": "2",
        "date_time": "2018-04-02 11:49:59",
        "client_ip": "10.22.39.156"
    },
    "window": "Collection",
    "extra": "collection_data%5Btransaction_date%5D=4%2F2%2F2018&collection_data%5Bpatient_id%5D=2&collection_data%5Bp_visit_id%5D=5&collection_data%5Bdr_id%5D=10&collection_data%5Buser_id%5D=2&collection_data%5Bbill_id%5D=3&collection_data%5Bpaid_amount%5D=100&collection_data%5Bpayment_type%5D=cash"
},{
    "action": "log_data",
    "login": {
        "uid": "2",
        "date_time": "2018-04-02 11:50:05",
        "client_ip": "10.22.39.156"
    },
    "window": "Users",
    "extra": "extra Data"
},{
    "action": "log_data",
    "login": {
        "uid": "2",
        "date_time": "2018-04-02 11:50:45",
        "client_ip": "10.22.39.156"
    },
    "window": "Collection",
    "extra": "collection_data%5Btransaction_date%5D=4%2F2%2F2018&collection_data%5Bpatient_id%5D=2&collection_data%5Bp_visit_id%5D=5&collection_data%5Bdr_id%5D=10&collection_data%5Buser_id%5D=2&collection_data%5Bbill_id%5D=2&collection_data%5Bpaid_amount%5D=100&collection_data%5Bpayment_type%5D=cash"
},{
    "action": "log_data",
    "login": {
        "uid": "2",
        "date_time": "2018-04-02 11:53:13",
        "client_ip": "10.22.39.156"
    },
    "window": "Users",
    "extra": "extra Data"
},{
    "action": "log_data",
    "login": {
        "uid": "2",
        "date_time": "2018-04-02 11:53:32",
        "client_ip": "10.22.39.156"
    },
    "window": "Collection",
    "extra": "collection_data%5Btransaction_date%5D=4%2F2%2F2018&collection_data%5Bpatient_id%5D=2&collection_data%5Bp_visit_id%5D=5&collection_data%5Bdr_id%5D=10&collection_data%5Buser_id%5D=2&collection_data%5Bbill_id%5D=3&collection_data%5Bpaid_amount%5D=200&collection_data%5Bpayment_type%5D=cash"
},{
    "action": "log_data",
    "login": {
        "uid": "2",
        "date_time": "2018-04-02 11:53:43",
        "client_ip": "10.22.39.156"
    },
    "window": "Users",
    "extra": "extra Data"
},{
    "action": "log_data",
    "login": {
        "uid": "2",
        "date_time": "2018-04-02 11:57:23",
        "client_ip": "10.22.39.156"
    },
    "window": "Collection",
    "extra": "collection_data%5Btransaction_date%5D=4%2F2%2F2018&collection_data%5Bpatient_id%5D=2&collection_data%5Bp_visit_id%5D=5&collection_data%5Bdr_id%5D=10&collection_data%5Buser_id%5D=2&collection_data%5Bbill_id%5D=3&collection_data%5Bpaid_amount%5D=300&collection_data%5Bpayment_type%5D=card"
},{
    "action": "log_data",
    "login": {
        "uid": "2",
        "date_time": "2018-04-02 11:57:30",
        "client_ip": "10.22.39.156"
    },
    "window": "Users",
    "extra": "extra Data"
},{
    "action": "log_data",
    "login": {
        "uid": "2",
        "date_time": "2018-04-02 11:58:18",
        "client_ip": "10.22.39.156"
    },
    "window": "Users",
    "extra": "extra Data"
},{
    "action": "log_data",
    "login": {
        "uid": "2",
        "date_time": "2018-04-02 11:58:22",
        "client_ip": "10.22.39.156"
    },
    "window": "Users",
    "extra": "extra Data"
},{
    "action": "log_data",
    "login": {
        "uid": "2",
        "date_time": "2018-04-02 11:58:58",
        "client_ip": "10.22.39.156"
    },
    "window": "Users",
    "extra": "extra Data"
},{
    "action": "log_data",
    "login": {
        "uid": "2",
        "date_time": "2018-04-02 11:59:20",
        "client_ip": "10.22.39.156"
    },
    "window": "Users",
    "extra": "extra Data"
},{
    "action": "log_data",
    "login": {
        "uid": "2",
        "date_time": "2018-04-02 11:59:22",
        "client_ip": "10.22.39.156"
    },
    "window": "Users",
    "extra": "extra Data"
},{
    "action": "log_data",
    "login": {
        "uid": "2",
        "date_time": "2018-04-02 11:59:31",
        "client_ip": "10.22.39.156"
    },
    "window": "Users",
    "extra": "extra Data"
},{
    "action": "log_data",
    "login": {
        "uid": "2",
        "date_time": "2018-04-02 11:59:54",
        "client_ip": "10.22.39.156"
    },
    "window": "Users",
    "extra": "extra Data"
},{
    "action": "log_data",
    "login": {
        "uid": "2",
        "date_time": "2018-04-02 12:01:08",
        "client_ip": "10.22.39.156"
    },
    "window": "Users",
    "extra": "extra Data"
},{
    "action": "log_data",
    "login": {
        "uid": "2",
        "date_time": "2018-04-02 12:01:33",
        "client_ip": "10.22.39.156"
    },
    "window": "Users",
    "extra": "extra Data"
},{
    "action": "log_data",
    "login": {
        "uid": "2",
        "date_time": "2018-04-02 12:01:56",
        "client_ip": "10.22.39.156"
    },
    "window": "Users",
    "extra": "extra Data"
},{
    "action": "log_data",
    "login": {
        "uid": "2",
        "date_time": "2018-04-02 12:02:11",
        "client_ip": "10.22.39.156"
    },
    "window": "Users",
    "extra": "extra Data"
},{
    "action": "log_data",
    "login": {
        "uid": "2",
        "date_time": "2018-04-02 12:02:22",
        "client_ip": "10.22.39.156"
    },
    "window": "Users",
    "extra": "extra Data"
},{
    "action": "log_data",
    "login": {
        "uid": "2",
        "date_time": "2018-04-02 12:02:38",
        "client_ip": "10.22.39.156"
    },
    "window": "Users",
    "extra": "extra Data"
},{
    "action": "log_data",
    "login": {
        "uid": "2",
        "date_time": "2018-04-02 12:03:18",
        "client_ip": "10.22.39.156"
    },
    "window": "Users",
    "extra": "extra Data"
},{
    "action": "log_data",
    "login": {
        "uid": "2",
        "date_time": "2018-04-02 12:04:59",
        "client_ip": "10.22.39.156"
    },
    "window": "Users",
    "extra": "extra Data"
},{
    "action": "log_data",
    "login": {
        "uid": "2",
        "date_time": "2018-04-02 12:06:24",
        "client_ip": "10.22.39.156"
    },
    "window": "InPatient",
    "extra": "Getting Beds"
},{
    "action": "log_data",
    "login": {
        "uid": "2",
        "date_time": "2018-04-02 12:07:16",
        "client_ip": "10.22.39.156"
    },
    "window": "Users",
    "extra": "extra Data"
},{
    "action": "log_data",
    "login": {
        "uid": "2",
        "date_time": "2018-04-02 12:07:18",
        "client_ip": "10.22.39.156"
    },
    "window": "Users",
    "extra": "extra Data"
},{
    "action": "log_data",
    "login": {
        "uid": "2",
        "date_time": "2018-04-02 12:08:36",
        "client_ip": "10.22.39.156"
    },
    "window": "Users",
    "extra": "extra Data"
},{
    "action": "log_data",
    "login": {
        "uid": "2",
        "date_time": "2018-04-02 12:09:42",
        "client_ip": "10.22.39.156"
    },
    "window": "Users",
    "extra": "extra Data"
},{
    "action": "log_data",
    "login": {
        "uid": "2",
        "date_time": "2018-04-02 12:10:17",
        "client_ip": "10.22.39.156"
    },
    "window": "Users",
    "extra": "extra Data"
},{
    "action": "log_data",
    "login": {
        "uid": "2",
        "date_time": "2018-04-02 12:10:47",
        "client_ip": "10.22.39.156"
    },
    "window": "Users",
    "extra": "extra Data"
},{
    "action": "log_data",
    "login": {
        "uid": "2",
        "date_time": "2018-04-02 12:11:16",
        "client_ip": "10.22.39.156"
    },
    "window": "Users",
    "extra": "extra Data"
},{
    "action": "log_data",
    "login": {
        "uid": "2",
        "date_time": "2018-04-02 12:15:50",
        "client_ip": "10.22.39.156"
    },
    "window": "Users",
    "extra": "extra Data"
},{
    "action": "log_data",
    "login": {
        "uid": "2",
        "date_time": "2018-04-02 12:16:06",
        "client_ip": "10.22.39.156"
    },
    "window": "Users",
    "extra": "extra Data"
},{
    "action": "log_data",
    "login": {
        "uid": "2",
        "date_time": "2018-04-02 12:18:43",
        "client_ip": "10.22.39.156"
    },
    "window": "Users",
    "extra": "extra Data"
},{
    "action": "log_data",
    "login": {
        "uid": "2",
        "date_time": "2018-04-02 12:22:20",
        "client_ip": "10.22.39.156"
    },
    "window": "Users",
    "extra": "extra Data"
},{
    "action": "log_data",
    "login": {
        "uid": "2",
        "date_time": "2018-04-02 12:22:51",
        "client_ip": "10.22.39.156"
    },
    "window": "Users",
    "extra": "extra Data"
},{
    "action": "log_data",
    "login": {
        "uid": "2",
        "date_time": "2018-04-02 12:23:08",
        "client_ip": "10.22.39.156"
    },
    "window": "Users",
    "extra": "extra Data"
},{
    "action": "log_data",
    "login": {
        "uid": "2",
        "date_time": "2018-04-02 12:23:22",
        "client_ip": "10.22.39.156"
    },
    "window": "Users",
    "extra": "extra Data"
},{
    "action": "log_data",
    "login": {
        "uid": "2",
        "date_time": "2018-04-02 12:34:29",
        "client_ip": "10.22.39.156"
    },
    "window": "Users",
    "extra": "extra Data"
},{
    "action": "log_data",
    "login": {
        "uid": "2",
        "date_time": "2018-04-02 12:35:15",
        "client_ip": "10.22.39.156"
    },
    "window": "Users",
    "extra": "extra Data"
},{
    "action": "log_data",
    "login": {
        "uid": "2",
        "date_time": "2018-04-02 12:36:00",
        "client_ip": "10.22.39.156"
    },
    "window": "Users",
    "extra": "extra Data"
},{
    "action": "log_data",
    "login": {
        "uid": "2",
        "date_time": "2018-04-02 12:36:17",
        "client_ip": "10.22.39.156"
    },
    "window": "Users",
    "extra": "extra Data"
},{
    "action": "log_data",
    "login": {
        "uid": "2",
        "date_time": "2018-04-02 12:36:53",
        "client_ip": "10.22.39.156"
    },
    "window": "Users",
    "extra": "extra Data"
},{
    "action": "log_data",
    "login": {
        "uid": "2",
        "date_time": "2018-04-02 12:37:26",
        "client_ip": "10.22.39.156"
    },
    "window": "Users",
    "extra": "extra Data"
},{
    "action": "log_data",
    "login": {
        "uid": "2",
        "date_time": "2018-04-02 12:38:29",
        "client_ip": "10.22.39.156"
    },
    "window": "Users",
    "extra": "extra Data"
},{
    "action": "log_data",
    "login": {
        "uid": "2",
        "date_time": "2018-04-02 12:39:42",
        "client_ip": "10.22.39.156"
    },
    "window": "Users",
    "extra": "extra Data"
},{
    "action": "log_data",
    "login": {
        "uid": "2",
        "date_time": "2018-04-02 12:40:11",
        "client_ip": "10.22.39.156"
    },
    "window": "Users",
    "extra": "extra Data"
},{
    "action": "log_data",
    "login": {
        "uid": "2",
        "date_time": "2018-04-02 12:43:28",
        "client_ip": "10.22.39.156"
    },
    "window": "Users",
    "extra": "extra Data"
},{
    "action": "log_data",
    "login": {
        "uid": "2",
        "date_time": "2018-04-02 12:44:31",
        "client_ip": "10.22.39.156"
    },
    "window": "Users",
    "extra": "extra Data"
},{
    "action": "log_data",
    "login": {
        "uid": "2",
        "date_time": "2018-04-02 12:48:03",
        "client_ip": "10.22.39.156"
    },
    "window": "Users",
    "extra": "extra Data"
},{
    "action": "log_data",
    "login": {
        "uid": "2",
        "date_time": "2018-04-02 12:48:39",
        "client_ip": "10.22.39.156"
    },
    "window": "Users",
    "extra": "extra Data"
},{
    "action": "log_data",
    "login": {
        "uid": "2",
        "date_time": "2018-04-02 12:49:54",
        "client_ip": "10.22.39.156"
    },
    "window": "Users",
    "extra": "extra Data"
},{
    "action": "log_data",
    "login": {
        "uid": "2",
        "date_time": "2018-04-02 12:50:31",
        "client_ip": "10.22.39.156"
    },
    "window": "Users",
    "extra": "extra Data"
},{
    "action": "log_data",
    "login": {
        "uid": "2",
        "date_time": "2018-04-02 12:53:21",
        "client_ip": "10.22.39.156"
    },
    "window": "Users",
    "extra": "extra Data"
},{
    "action": "log_data",
    "login": {
        "uid": "2",
        "date_time": "2018-04-02 12:53:47",
        "client_ip": "10.22.39.156"
    },
    "window": "Users",
    "extra": "extra Data"
},{
    "action": "log_data",
    "login": {
        "uid": "2",
        "date_time": "2018-04-02 12:54:37",
        "client_ip": "10.22.39.156"
    },
    "window": "Users",
    "extra": "extra Data"
},{
    "action": "log_data",
    "login": {
        "uid": "2",
        "date_time": "2018-04-02 12:55:31",
        "client_ip": "10.22.39.156"
    },
    "window": "Users",
    "extra": "extra Data"
},{
    "action": "log_data",
    "login": {
        "uid": "2",
        "date_time": "2018-04-02 12:56:19",
        "client_ip": "10.22.39.156"
    },
    "window": "Users",
    "extra": "extra Data"
},{
    "action": "log_data",
    "login": {
        "uid": "2",
        "date_time": "2018-04-02 13:02:07",
        "client_ip": "10.22.39.156"
    },
    "window": "Users",
    "extra": "extra Data"
},{
    "action": "log_data",
    "login": {
        "uid": "2",
        "date_time": "2018-04-02 13:02:26",
        "client_ip": "10.22.39.156"
    },
    "window": "Users",
    "extra": "extra Data"
},{
    "action": "log_data",
    "login": {
        "uid": "2",
        "date_time": "2018-04-02 13:04:11",
        "client_ip": "10.22.39.156"
    },
    "window": "Users",
    "extra": "extra Data"
},{
    "action": "log_data",
    "login": {
        "uid": "2",
        "date_time": "2018-04-02 13:04:45",
        "client_ip": "10.22.39.156"
    },
    "window": "Users",
    "extra": "extra Data"
},{
    "action": "log_data",
    "login": {
        "uid": "2",
        "date_time": "2018-04-02 13:07:10",
        "client_ip": "10.22.39.156"
    },
    "window": "Users",
    "extra": "extra Data"
},{
    "action": "log_data",
    "login": {
        "uid": "2",
        "date_time": "2018-04-02 13:07:41",
        "client_ip": "10.22.39.156"
    },
    "window": "Users",
    "extra": "extra Data"
},{
    "action": "log_data",
    "login": {
        "uid": "2",
        "date_time": "2018-04-02 13:07:46",
        "client_ip": "10.22.39.156"
    },
    "window": "InPatient",
    "extra": "Getting Total Out Patients"
},{
    "action": "log_data",
    "login": {
        "uid": "2",
        "date_time": "2018-04-02 13:07:58",
        "client_ip": "10.22.39.156"
    },
    "window": "Users",
    "extra": "extra Data"
},{
    "action": "log_data",
    "login": {
        "uid": "2",
        "date_time": "2018-04-02 13:12:33",
        "client_ip": "10.22.39.156"
    },
    "window": "Users",
    "extra": "extra Data"
},{
    "action": "log_data",
    "login": {
        "uid": "2",
        "date_time": "2018-04-02 13:13:52",
        "client_ip": "10.22.39.156"
    },
    "window": "Users",
    "extra": "extra Data"
},{
    "action": "log_data",
    "login": {
        "uid": "2",
        "date_time": "2018-04-02 13:14:50",
        "client_ip": "10.22.39.156"
    },
    "window": "Users",
    "extra": "extra Data"
},{
    "action": "log_data",
    "login": {
        "uid": "2",
        "date_time": "2018-04-02 13:17:18",
        "client_ip": "10.22.39.156"
    },
    "window": "Users",
    "extra": "extra Data"
},{
    "action": "log_data",
    "login": {
        "uid": "2",
        "date_time": "2018-04-02 13:18:53",
        "client_ip": "10.22.39.156"
    },
    "window": "Users",
    "extra": "extra Data"
},{
    "action": "log_data",
    "login": {
        "uid": "2",
        "date_time": "2018-04-02 13:19:43",
        "client_ip": "10.22.39.156"
    },
    "window": "Users",
    "extra": "extra Data"
},{
    "action": "log_data",
    "login": {
        "uid": "2",
        "date_time": "2018-04-02 13:20:49",
        "client_ip": "10.22.39.156"
    },
    "window": "Users",
    "extra": "extra Data"
},{
    "action": "log_data",
    "login": {
        "uid": "2",
        "date_time": "2018-04-02 13:20:59",
        "client_ip": "10.22.39.156"
    },
    "window": "Users",
    "extra": "extra Data"
},{
    "action": "log_data",
    "login": {
        "uid": "2",
        "date_time": "2018-04-02 13:22:19",
        "client_ip": "10.22.39.156"
    },
    "window": "Users",
    "extra": "extra Data"
},{
    "action": "log_data",
    "login": {
        "uid": "2",
        "date_time": "2018-04-02 13:25:02",
        "client_ip": "10.22.39.156"
    },
    "window": "Users",
    "extra": "extra Data"
},{
    "action": "log_data",
    "login": {
        "uid": "2",
        "date_time": "2018-04-02 13:27:37",
        "client_ip": "10.22.39.156"
    },
    "window": "Users",
    "extra": "extra Data"
},{
    "action": "log_data",
    "login": {
        "uid": "2",
        "date_time": "2018-04-02 13:28:38",
        "client_ip": "10.22.39.156"
    },
    "window": "Users",
    "extra": "extra Data"
},{
    "action": "log_data",
    "login": {
        "uid": "2",
        "date_time": "2018-04-02 14:43:50",
        "client_ip": "10.22.39.156"
    },
    "window": "Users",
    "extra": "extra Data"
},{
    "action": "log_data",
    "login": {
        "uid": "2",
        "date_time": "2018-04-02 14:45:16",
        "client_ip": "10.22.39.156"
    },
    "window": "Users",
    "extra": "extra Data"
},{
    "action": "log_data",
    "login": {
        "uid": "2",
        "date_time": "2018-04-02 14:47:16",
        "client_ip": "10.22.39.156"
    },
    "window": "Users",
    "extra": "extra Data"
},{
    "action": "log_data",
    "login": {
        "uid": "2",
        "date_time": "2018-04-02 14:49:46",
        "client_ip": "10.22.39.156"
    },
    "window": "Users",
    "extra": "extra Data"
},{
    "action": "log_data",
    "login": {
        "uid": "2",
        "date_time": "2018-04-02 14:50:21",
        "client_ip": "10.22.39.156"
    },
    "window": "Users",
    "extra": "extra Data"
},{
    "action": "log_data",
    "login": {
        "uid": "2",
        "date_time": "2018-04-02 14:53:43",
        "client_ip": "10.22.39.156"
    },
    "window": "Users",
    "extra": "extra Data"
},{
    "action": "log_data",
    "login": {
        "uid": "2",
        "date_time": "2018-04-02 14:53:59",
        "client_ip": "10.22.39.156"
    },
    "window": "Users",
    "extra": "extra Data"
},{
    "action": "log_data",
    "login": {
        "uid": "2",
        "date_time": "2018-04-02 14:54:05",
        "client_ip": "10.22.39.156"
    },
    "window": "Users",
    "extra": "extra Data"
},{
    "action": "log_data",
    "login": {
        "uid": "2",
        "date_time": "2018-04-02 14:54:13",
        "client_ip": "10.22.39.156"
    },
    "window": "Users",
    "extra": "extra Data"
},{
    "action": "log_data",
    "login": {
        "uid": "2",
        "date_time": "2018-04-02 14:54:55",
        "client_ip": "10.22.39.156"
    },
    "window": " New Patient ",
    "extra": "New patient Opened"
},{
    "action": "log_data",
    "login": {
        "uid": "2",
        "date_time": "2018-04-02 14:55:02",
        "client_ip": "10.22.39.156"
    },
    "window": "Users",
    "extra": "extra Data"
},{
    "action": "log_data",
    "login": {
        "uid": "2",
        "date_time": "2018-04-02 14:55:33",
        "client_ip": "10.22.39.156"
    },
    "window": "Collection",
    "extra": "collection_data%5Btransaction_date%5D=4%2F2%2F2018&collection_data%5Bpatient_id%5D=5&collection_data%5Bp_visit_id%5D=8&collection_data%5Bdr_id%5D=9&collection_data%5Buser_id%5D=2&collection_data%5Bbill_id%5D=2&collection_data%5Bpaid_amount%5D=300&collection_data%5Bpayment_type%5D=cash"
},{
    "action": "log_data",
    "login": {
        "uid": "2",
        "date_time": "2018-04-02 14:55:38",
        "client_ip": "10.22.39.156"
    },
    "window": "Users",
    "extra": "extra Data"
},{
    "action": "log_data",
    "login": {
        "uid": "2",
        "date_time": "2018-04-02 14:55:41",
        "client_ip": "10.22.39.156"
    },
    "window": "Users",
    "extra": "extra Data"
},{
    "action": "log_data",
    "login": {
        "uid": "2",
        "date_time": "2018-04-02 15:01:14",
        "client_ip": "10.22.39.156"
    },
    "window": "Supplier",
    "extra": "Supplier data is opened"
},{
    "action": "log_data",
    "login": {
        "uid": "2",
        "date_time": "2018-04-02 15:01:32",
        "client_ip": "10.22.39.156"
    },
    "window": "Stores",
    "extra": "Stores is opened"
},{
    "action": "log_data",
    "login": {
        "uid": "2",
        "date_time": "2018-04-02 15:01:34",
        "client_ip": "10.22.39.156"
    },
    "window": "Item Group",
    "extra": "Item Group is opened"
},{
    "action": "log_data",
    "login": {
        "uid": "2",
        "date_time": "2018-04-02 15:01:56",
        "client_ip": "10.22.39.156"
    },
    "window": "InPatient",
    "extra": "Getting Total Out Patients"
},{
    "action": "log_data",
    "login": {
        "uid": "2",
        "date_time": "2018-04-02 15:01:59",
        "client_ip": "10.22.39.156"
    },
    "window": " New Patient ",
    "extra": "New patient Opened"
},{
    "action": "log_data",
    "login": {
        "uid": "2",
        "date_time": "2018-04-02 15:02:01",
        "client_ip": "10.22.39.156"
    },
    "window": "Users",
    "extra": "extra Data"
},{
    "action": "log_data",
    "login": {
        "uid": "2",
        "date_time": "2018-04-02 15:02:22",
        "client_ip": "10.22.39.156"
    },
    "window": "Supplier",
    "extra": "Supplier data is opened"
},{
    "action": "log_data",
    "login": {
        "uid": "2",
        "date_time": "2018-04-02 15:04:39",
        "client_ip": "10.22.39.156"
    },
    "window": "Item Group",
    "extra": "Item Group is opened"
},{
    "action": "log_data",
    "login": {
        "uid": "2",
        "date_time": "2018-04-02 15:05:00",
        "client_ip": "10.22.39.156"
    },
    "window": "Users",
    "extra": "extra Data"
},{
    "action": "log_data",
    "login": {
        "uid": "2",
        "date_time": "2018-04-02 15:05:02",
        "client_ip": "10.22.39.156"
    },
    "window": "Users",
    "extra": "extra Data"
},{
    "action": "log_data",
    "login": {
        "uid": "2",
        "date_time": "2018-04-02 15:05:35",
        "client_ip": "10.22.39.156"
    },
    "window": "Users",
    "extra": "extra Data"
},{
    "action": "log_data",
    "login": {
        "uid": "2",
        "date_time": "2018-04-02 15:05:44",
        "client_ip": "10.22.39.156"
    },
    "window": "Supplier",
    "extra": "Supplier data is opened"
},{
    "action": "log_data",
    "login": {
        "uid": "2",
        "date_time": "2018-04-02 15:05:55",
        "client_ip": "10.22.39.156"
    },
    "window": "Users",
    "extra": "extra Data"
},{
    "action": "log_data",
    "login": {
        "uid": "2",
        "date_time": "2018-04-02 15:09:39",
        "client_ip": "10.22.39.156"
    },
    "window": "Users",
    "extra": "extra Data"
},{
    "action": "log_data",
    "login": {
        "uid": "2",
        "date_time": "2018-04-02 15:09:57",
        "client_ip": "10.22.39.156"
    },
    "window": "Users",
    "extra": "extra Data"
},{
    "action": "log_data",
    "login": {
        "uid": "2",
        "date_time": "2018-04-02 15:10:06",
        "client_ip": "10.22.39.156"
    },
    "window": "Users",
    "extra": "extra Data"
},{
    "action": "log_data",
    "login": {
        "uid": "2",
        "date_time": "2018-04-02 15:10:09",
        "client_ip": "10.22.39.156"
    },
    "window": "Users",
    "extra": "extra Data"
},{
    "action": "log_data",
    "login": {
        "uid": "2",
        "date_time": "2018-04-02 15:13:41",
        "client_ip": "10.22.39.156"
    },
    "window": "Users",
    "extra": "extra Data"
},{
    "action": "log_data",
    "login": {
        "uid": "2",
        "date_time": "2018-04-02 15:13:48",
        "client_ip": "10.22.39.156"
    },
    "window": "Users",
    "extra": "extra Data"
},{
    "action": "log_data",
    "login": {
        "uid": "2",
        "date_time": "2018-04-02 15:14:10",
        "client_ip": "10.22.39.156"
    },
    "window": "Users",
    "extra": "extra Data"
},{
    "action": "log_data",
    "login": {
        "uid": "2",
        "date_time": "2018-04-02 15:14:52",
        "client_ip": "10.22.39.156"
    },
    "window": "Users",
    "extra": "extra Data"
},{
    "action": "log_data",
    "login": {
        "uid": "2",
        "date_time": "2018-04-02 15:16:06",
        "client_ip": "10.22.39.156"
    },
    "window": "Users",
    "extra": "extra Data"
},{
    "action": "log_data",
    "login": {
        "uid": "2",
        "date_time": "2018-04-02 15:16:24",
        "client_ip": "10.22.39.156"
    },
    "window": "Users",
    "extra": "extra Data"
},{
    "action": "log_data",
    "login": {
        "uid": "2",
        "date_time": "2018-04-02 15:17:45",
        "client_ip": "10.22.39.156"
    },
    "window": "Users",
    "extra": "extra Data"
},{
    "action": "log_data",
    "login": {
        "uid": "2",
        "date_time": "2018-04-02 15:24:58",
        "client_ip": "10.22.39.156"
    },
    "window": "Users",
    "extra": "extra Data"
},{
    "action": "log_data",
    "login": {
        "uid": "2",
        "date_time": "2018-04-02 15:31:04",
        "client_ip": "10.22.39.156"
    },
    "window": "Users",
    "extra": "extra Data"
},{
    "action": "log_data",
    "login": {
        "uid": "2",
        "date_time": "2018-04-02 15:31:07",
        "client_ip": "10.22.39.156"
    },
    "window": "Users",
    "extra": "extra Data"
},{
    "action": "log_data",
    "login": {
        "uid": "2",
        "date_time": "2018-04-02 15:31:39",
        "client_ip": "10.22.39.156"
    },
    "window": "Users",
    "extra": "extra Data"
},{
    "action": "log_data",
    "login": {
        "uid": "2",
        "date_time": "2018-04-02 15:31:55",
        "client_ip": "10.22.39.156"
    },
    "window": "Users",
    "extra": "extra Data"
},{
    "action": "log_data",
    "login": {
        "uid": "2",
        "date_time": "2018-04-02 15:33:31",
        "client_ip": "10.22.39.156"
    },
    "window": "Users",
    "extra": "extra Data"
},{
    "action": "log_data",
    "login": {
        "uid": "2",
        "date_time": "2018-04-02 15:34:11",
        "client_ip": "10.22.39.156"
    },
    "window": "Users",
    "extra": "extra Data"
},{
    "action": "log_data",
    "login": {
        "uid": "2",
        "date_time": "2018-04-02 15:34:39",
        "client_ip": "10.22.39.156"
    },
    "window": "Users",
    "extra": "extra Data"
},{
    "action": "log_data",
    "login": {
        "uid": "2",
        "date_time": "2018-04-02 15:35:18",
        "client_ip": "10.22.39.156"
    },
    "window": "Users",
    "extra": "extra Data"
},{
    "action": "log_data",
    "login": {
        "uid": "2",
        "date_time": "2018-04-02 15:35:47",
        "client_ip": "10.22.39.156"
    },
    "window": "Users",
    "extra": "extra Data"
},{
    "action": "log_data",
    "login": {
        "uid": "2",
        "date_time": "2018-04-02 15:42:13",
        "client_ip": "10.22.39.156"
    },
    "window": "Users",
    "extra": "extra Data"
},{
    "action": "log_data",
    "login": {
        "uid": "2",
        "date_time": "2018-04-02 15:45:56",
        "client_ip": "10.22.39.156"
    },
    "window": "Users",
    "extra": "extra Data"
},{
    "action": "log_data",
    "login": {
        "uid": "2",
        "date_time": "2018-04-02 15:47:41",
        "client_ip": "10.22.39.156"
    },
    "window": "Users",
    "extra": "extra Data"
},{
    "action": "log_data",
    "login": {
        "uid": "2",
        "date_time": "2018-04-02 15:50:01",
        "client_ip": "10.22.39.156"
    },
    "window": "Users",
    "extra": "extra Data"
},{
    "action": "log_data",
    "login": {
        "uid": "2",
        "date_time": "2018-04-02 15:51:35",
        "client_ip": "10.22.39.156"
    },
    "window": "Users",
    "extra": "extra Data"
},{
    "action": "log_data",
    "login": {
        "uid": "1",
        "date_time": "2018-04-02 15:52:17",
        "client_ip": "210.212.210.97"
    },
    "window": "InPatient",
    "extra": "Getting Total Out Patients"
},{
    "action": "log_data",
    "login": {
        "uid": "1",
        "date_time": "2018-04-02 15:52:24",
        "client_ip": "210.212.210.97"
    },
    "window": " New Patient ",
    "extra": "New patient Opened"
},{
    "action": "log_data",
    "login": {
        "uid": "1",
        "date_time": "2018-04-02 15:52:30",
        "client_ip": "210.212.210.97"
    },
    "window": "Users",
    "extra": "extra Data"
},{
    "action": "log_data",
    "login": {
        "uid": "1",
        "date_time": "2018-04-02 15:53:08",
        "client_ip": "210.212.210.97"
    },
    "window": " New Patient ",
    "extra": "New patient Opened"
},{
    "action": "log_data",
    "login": {
        "uid": "1",
        "date_time": "2018-04-02 15:53:13",
        "client_ip": "210.212.210.97"
    },
    "window": "Users",
    "extra": "extra Data"
},{
    "action": "log_data",
    "login": {
        "uid": "1",
        "date_time": "2018-04-02 15:53:25",
        "client_ip": "210.212.210.97"
    },
    "window": "Users",
    "extra": "extra Data"
},{
    "action": "log_data",
    "login": {
        "uid": "1",
        "date_time": "2018-04-02 15:53:22",
        "client_ip": "210.212.210.97"
    },
    "window": " New Patient ",
    "extra": "New patient Opened"
},{
    "action": "log_data",
    "login": {
        "uid": "1",
        "date_time": "2018-04-02 15:53:39",
        "client_ip": "210.212.210.97"
    },
    "window": "Users",
    "extra": "extra Data"
},{
    "action": "log_data",
    "login": {
        "uid": "1",
        "date_time": "2018-04-02 15:53:55",
        "client_ip": "210.212.210.97"
    },
    "window": "Users",
    "extra": "extra Data"
},{
    "action": "log_data",
    "login": {
        "uid": "1",
        "date_time": "2018-04-02 15:54:10",
        "client_ip": "210.212.210.97"
    },
    "window": "InPatient",
    "extra": "Getting Total Out Patients"
},{
    "action": "log_data",
    "login": {
        "uid": "2",
        "date_time": "2018-04-02 15:54:10",
        "client_ip": "10.22.39.156"
    },
    "window": "Users",
    "extra": "extra Data"
},{
    "action": "log_data",
    "login": {
        "uid": "1",
        "date_time": "2018-04-02 15:54:13",
        "client_ip": "210.212.210.97"
    },
    "window": "Users",
    "extra": "extra Data"
},{
    "action": "log_data",
    "login": {
        "uid": "2",
        "date_time": "2018-04-02 15:56:13",
        "client_ip": "10.22.39.156"
    },
    "window": "Users",
    "extra": "extra Data"
},{
    "action": "log_data",
    "login": {
        "uid": "2",
        "date_time": "2018-04-02 15:56:58",
        "client_ip": "10.22.39.156"
    },
    "window": "Users",
    "extra": "extra Data"
},{
    "action": "log_data",
    "login": {
        "uid": "1",
        "date_time": "2018-04-02 15:57:55",
        "client_ip": "210.212.210.97"
    },
    "window": "InPatient",
    "extra": "Getting Total Out Patients"
},{
    "action": "log_data",
    "login": {
        "uid": "2",
        "date_time": "2018-04-02 15:59:41",
        "client_ip": "10.22.39.156"
    },
    "window": "Users",
    "extra": "extra Data"
},{
    "action": "log_data",
    "login": {
        "uid": "2",
        "date_time": "2018-04-02 16:02:23",
        "client_ip": "10.22.39.156"
    },
    "window": "Users",
    "extra": "extra Data"
},{
    "action": "log_data",
    "login": {
        "uid": "2",
        "date_time": "2018-04-02 16:03:22",
        "client_ip": "10.22.39.156"
    },
    "window": "Users",
    "extra": "extra Data"
},{
    "action": "log_data",
    "login": {
        "uid": "2",
        "date_time": "2018-04-02 16:03:51",
        "client_ip": "10.22.39.156"
    },
    "window": "Users",
    "extra": "extra Data"
},{
    "action": "log_data",
    "login": {
        "uid": "2",
        "date_time": "2018-04-02 16:09:18",
        "client_ip": "10.22.39.156"
    },
    "window": "Users",
    "extra": "extra Data"
},{
    "action": "log_data",
    "login": {
        "uid": "2",
        "date_time": "2018-04-02 16:10:09",
        "client_ip": "10.22.39.156"
    },
    "window": "Users",
    "extra": "extra Data"
},{
    "action": "log_data",
    "login": {
        "uid": "2",
        "date_time": "2018-04-02 16:11:25",
        "client_ip": "10.22.39.156"
    },
    "window": "Users",
    "extra": "extra Data"
},{
    "action": "log_data",
    "login": {
        "uid": "2",
        "date_time": "2018-04-02 16:12:17",
        "client_ip": "10.22.39.156"
    },
    "window": "Users",
    "extra": "extra Data"
},{
    "action": "log_data",
    "login": {
        "uid": "2",
        "date_time": "2018-04-02 16:13:57",
        "client_ip": "10.22.39.156"
    },
    "window": "Users",
    "extra": "extra Data"
},{
    "action": "log_data",
    "login": {
        "uid": "2",
        "date_time": "2018-04-02 16:14:16",
        "client_ip": "10.22.39.156"
    },
    "window": "Users",
    "extra": "extra Data"
},{
    "action": "log_data",
    "login": {
        "uid": "2",
        "date_time": "2018-04-02 16:14:48",
        "client_ip": "10.22.39.156"
    },
    "window": "Users",
    "extra": "extra Data"
},{
    "action": "log_data",
    "login": {
        "uid": "2",
        "date_time": "2018-04-02 16:15:41",
        "client_ip": "10.22.39.156"
    },
    "window": "Users",
    "extra": "extra Data"
},{
    "action": "log_data",
    "login": {
        "uid": "2",
        "date_time": "2018-04-02 16:17:32",
        "client_ip": "10.22.39.156"
    },
    "window": "Users",
    "extra": "extra Data"
},{
    "action": "log_data",
    "login": {
        "uid": "2",
        "date_time": "2018-04-02 16:18:41",
        "client_ip": "10.22.39.156"
    },
    "window": "Users",
    "extra": "extra Data"
},{
    "action": "log_data",
    "login": {
        "uid": "2",
        "date_time": "2018-04-02 16:19:16",
        "client_ip": "10.22.39.156"
    },
    "window": "Users",
    "extra": "extra Data"
},{
    "action": "log_data",
    "login": {
        "uid": "2",
        "date_time": "2018-04-02 16:24:24",
        "client_ip": "10.22.39.156"
    },
    "window": "Users",
    "extra": "extra Data"
},{
    "action": "log_data",
    "login": {
        "uid": "2",
        "date_time": "2018-04-02 16:25:13",
        "client_ip": "10.22.39.156"
    },
    "window": "Users",
    "extra": "extra Data"
},{
    "action": "log_data",
    "login": {
        "uid": "2",
        "date_time": "2018-04-02 16:26:40",
        "client_ip": "10.22.39.156"
    },
    "window": "Users",
    "extra": "extra Data"
},{
    "action": "log_data",
    "login": {
        "uid": "2",
        "date_time": "2018-04-02 16:27:31",
        "client_ip": "10.22.39.156"
    },
    "window": "Collection",
    "extra": "collection_data%5Btransaction_date%5D=4%2F2%2F2018&collection_data%5Bpatient_id%5D=6&collection_data%5Bp_visit_id%5D=10&collection_data%5Bdr_id%5D=7&collection_data%5Buser_id%5D=2&collection_data%5Bpaid_amount%5D=300&collection_data%5Bpayment_type%5D=card&collection_data%5Bbill_id%5D=2"
},{
    "action": "log_data",
    "login": {
        "uid": "2",
        "date_time": "2018-04-02 16:27:46",
        "client_ip": "10.22.39.156"
    },
    "window": "Users",
    "extra": "extra Data"
},{
    "action": "log_data",
    "login": {
        "uid": "4",
        "date_time": "2018-04-02 17:36:19",
        "client_ip": "10.22.39.152"
    },
    "window": "InPatient",
    "extra": "Getting Total Out Patients"
},{
    "action": "log_data",
    "login": {
        "uid": "4",
        "date_time": "2018-04-02 17:58:24",
        "client_ip": "10.22.39.152"
    },
    "window": "Asset Outward",
    "extra": "Asset outward opened"
},{
    "action": "log_data",
    "login": {
        "uid": "1",
        "date_time": "2018-04-02 21:37:18",
        "client_ip": "202.62.71.157"
    },
    "window": "InPatient",
    "extra": "Getting Total Out Patients"
},{
    "action": "log_data",
    "login": {
        "uid": "1",
        "date_time": "2018-04-02 21:37:30",
        "client_ip": "202.62.71.157"
    },
    "window": "Users",
    "extra": "extra Data"
},{
    "action": "log_data",
    "login": {
        "uid": "1",
        "date_time": "2018-04-02 21:37:38",
        "client_ip": "202.62.71.157"
    },
    "window": " New Patient ",
    "extra": "New patient Opened"
},{
    "action": "log_data",
    "login": {
        "uid": "1",
        "date_time": "2018-04-02 21:41:41",
        "client_ip": "202.62.71.157"
    },
    "window": "Users",
    "extra": "extra Data"
},{
    "action": "log_data",
    "login": {
        "uid": "1",
        "date_time": "2018-04-02 21:58:50",
        "client_ip": "202.62.71.157"
    },
    "window": "Users",
    "extra": "extra Data"
},{
    "action": "log_data",
    "login": {
        "uid": "1",
        "date_time": "2018-04-02 21:58:51",
        "client_ip": "202.62.71.157"
    },
    "window": " New Patient ",
    "extra": "New patient Opened"
},{
    "action": "log_data",
    "login": {
        "uid": "1",
        "date_time": "2018-04-02 21:58:55",
        "client_ip": "202.62.71.157"
    },
    "window": "Users",
    "extra": "extra Data"
},{
    "action": "log_data",
    "login": {
        "uid": "1",
        "date_time": "2018-04-02 22:02:52",
        "client_ip": "202.62.71.157"
    },
    "window": "Users",
    "extra": "extra Data"
},{
    "action": "log_data",
    "login": {
        "uid": "1",
        "date_time": "2018-04-02 22:07:21",
        "client_ip": "202.62.71.157"
    },
    "window": " New Patient ",
    "extra": "New patient Opened"
},{
    "action": "log_data",
    "login": {
        "uid": "1",
        "date_time": "2018-04-02 22:09:17",
        "client_ip": "202.62.71.157"
    },
    "window": "Users",
    "extra": "extra Data"
},{
    "action": "log_data",
    "login": {
        "uid": "1",
        "date_time": "2018-04-02 22:09:20",
        "client_ip": "202.62.71.157"
    },
    "window": "Users",
    "extra": "extra Data"
},{
    "action": "log_data",
    "login": {
        "uid": "1",
        "date_time": "2018-04-02 22:10:34",
        "client_ip": "202.62.71.157"
    },
    "window": "Doctor_ConsultData is Loaded",
    "extra": ""
},{
    "action": "log_data",
    "login": {
        "uid": "1",
        "date_time": "2018-04-02 22:10:35",
        "client_ip": "202.62.71.157"
    },
    "window": " New Patient ",
    "extra": "New patient Opened"
},