{
    "action": "log_data",
    "login": {
        "uid": "2",
        "date_time": "2018-04-11 11:30:14",
        "client_ip": "10.22.39.156"
    },
    "window": "InPatient",
    "extra": "Getting Total Out Patients"
},{
    "action": "log_data",
    "login": {
        "uid": "2",
        "date_time": "2018-04-11 17:35:04",
        "client_ip": "10.22.39.156"
    },
    "window": "InPatient",
    "extra": "Getting Total Out Patients"
},{
    "action": "log_data",
    "login": {
        "uid": "2",
        "date_time": "2018-04-11 17:37:47",
        "client_ip": "10.22.39.156"
    },
    "window": "Users",
    "extra": "extra Data"
},{
    "action": "log_data",
    "login": {
        "uid": "2",
        "date_time": "2018-04-11 17:37:59",
        "client_ip": "10.22.39.156"
    },
    "window": "Users",
    "extra": "extra Data"
},{
    "action": "log_data",
    "login": {
        "uid": "2",
        "date_time": "2018-04-11 17:38:13",
        "client_ip": "10.22.39.156"
    },
    "window": "Users",
    "extra": "extra Data"
},{
    "action": "log_data",
    "login": {
        "uid": "2",
        "date_time": "2018-04-11 17:38:15",
        "client_ip": "10.22.39.156"
    },
    "window": "Users",
    "extra": "extra Data"
},{
    "action": "log_data",
    "login": {
        "uid": "2",
        "date_time": "2018-04-11 17:40:20",
        "client_ip": "10.22.39.156"
    },
    "window": "Users",
    "extra": "extra Data"
},{
    "action": "log_data",
    "login": {
        "uid": "2",
        "date_time": "2018-04-11 17:40:35",
        "client_ip": "10.22.39.156"
    },
    "window": "Users",
    "extra": "extra Data"
},{
    "action": "log_data",
    "login": {
        "uid": "2",
        "date_time": "2018-04-11 17:40:42",
        "client_ip": "10.22.39.156"
    },
    "window": "InPatient",
    "extra": "Getting Total Out Patients"
},{
    "action": "log_data",
    "login": {
        "uid": "2",
        "date_time": "2018-04-11 17:40:47",
        "client_ip": "10.22.39.156"
    },
    "window": "Users",
    "extra": "extra Data"
},{
    "action": "log_data",
    "login": {
        "uid": "2",
        "date_time": "2018-04-11 17:46:05",
        "client_ip": "10.22.39.156"
    },
    "window": "Users",
    "extra": "extra Data"
},{
    "action": "log_data",
    "login": {
        "uid": "2",
        "date_time": "2018-04-11 17:46:25",
        "client_ip": "10.22.39.156"
    },
    "window": "Users",
    "extra": "extra Data"
},{
    "action": "log_data",
    "login": {
        "uid": "2",
        "date_time": "2018-04-11 17:47:38",
        "client_ip": "10.22.39.156"
    },
    "window": "Users",
    "extra": "extra Data"
},{
    "action": "log_data",
    "login": {
        "uid": "2",
        "date_time": "2018-04-11 17:48:43",
        "client_ip": "10.22.39.156"
    },
    "window": "Users",
    "extra": "extra Data"
},{
    "action": "log_data",
    "login": {
        "uid": "2",
        "date_time": "2018-04-11 17:49:26",
        "client_ip": "10.22.39.156"
    },
    "window": "Users",
    "extra": "extra Data"
},{
    "action": "log_data",
    "login": {
        "uid": "2",
        "date_time": "2018-04-11 17:51:10",
        "client_ip": "10.22.39.156"
    },
    "window": "Users",
    "extra": "extra Data"
},{
    "action": "log_data",
    "login": {
        "uid": "2",
        "date_time": "2018-04-11 17:51:27",
        "client_ip": "10.22.39.156"
    },
    "window": "Users",
    "extra": "extra Data"
},{
    "action": "log_data",
    "login": {
        "uid": "2",
        "date_time": "2018-04-11 17:52:55",
        "client_ip": "10.22.39.156"
    },
    "window": "Users",
    "extra": "extra Data"
},{
    "action": "log_data",
    "login": {
        "uid": "2",
        "date_time": "2018-04-11 17:53:17",
        "client_ip": "10.22.39.156"
    },
    "window": "Users",
    "extra": "extra Data"
},{
    "action": "log_data",
    "login": {
        "uid": "2",
        "date_time": "2018-04-11 17:54:01",
        "client_ip": "10.22.39.156"
    },
    "window": "Users",
    "extra": "extra Data"
},{
    "action": "log_data",
    "login": {
        "uid": "2",
        "date_time": "2018-04-11 17:55:18",
        "client_ip": "10.22.39.156"
    },
    "window": "Users",
    "extra": "extra Data"
},{
    "action": "log_data",
    "login": {
        "uid": "2",
        "date_time": "2018-04-11 17:56:47",
        "client_ip": "10.22.39.156"
    },
    "window": "Users",
    "extra": "extra Data"
},{
    "action": "log_data",
    "login": {
        "uid": "2",
        "date_time": "2018-04-11 17:57:07",
        "client_ip": "10.22.39.156"
    },
    "window": "Users",
    "extra": "extra Data"
},{
    "action": "log_data",
    "login": {
        "uid": "2",
        "date_time": "2018-04-11 17:57:29",
        "client_ip": "10.22.39.156"
    },
    "window": "Users",
    "extra": "extra Data"
},{
    "action": "log_data",
    "login": {
        "uid": "2",
        "date_time": "2018-04-11 17:58:18",
        "client_ip": "10.22.39.156"
    },
    "window": "Users",
    "extra": "extra Data"
},{
    "action": "log_data",
    "login": {
        "uid": "2",
        "date_time": "2018-04-11 17:59:27",
        "client_ip": "10.22.39.156"
    },
    "window": "Users",
    "extra": "extra Data"
},{
    "action": "log_data",
    "login": {
        "uid": "2",
        "date_time": "2018-04-11 18:01:16",
        "client_ip": "10.22.39.156"
    },
    "window": "Users",
    "extra": "extra Data"
},{
    "action": "log_data",
    "login": {
        "uid": "2",
        "date_time": "2018-04-11 18:03:01",
        "client_ip": "10.22.39.156"
    },
    "window": "Users",
    "extra": "extra Data"
},{
    "action": "log_data",
    "login": {
        "uid": "2",
        "date_time": "2018-04-11 18:04:25",
        "client_ip": "10.22.39.156"
    },
    "window": " New Patient ",
    "extra": "New patient Opened"
},{
    "action": "log_data",
    "login": {
        "uid": "2",
        "date_time": "2018-04-11 18:07:06",
        "client_ip": "10.22.39.156"
    },
    "window": "Users",
    "extra": "extra Data"
},{
    "action": "log_data",
    "login": {
        "uid": "2",
        "date_time": "2018-04-11 18:07:40",
        "client_ip": "10.22.39.156"
    },
    "window": "Users",
    "extra": "extra Data"
},{
    "action": "log_data",
    "login": {
        "uid": "2",
        "date_time": "2018-04-11 18:10:03",
        "client_ip": "10.22.39.156"
    },
    "window": "Users",
    "extra": "extra Data"
},{
    "action": "log_data",
    "login": {
        "uid": "2",
        "date_time": "2018-04-11 18:10:20",
        "client_ip": "10.22.39.156"
    },
    "window": "Users",
    "extra": "extra Data"
},{
    "action": "log_data",
    "login": {
        "uid": "2",
        "date_time": "2018-04-11 18:15:05",
        "client_ip": "10.22.39.156"
    },
    "window": "Users",
    "extra": "extra Data"
},{
    "action": "log_data",
    "login": {
        "uid": "2",
        "date_time": "2018-04-11 18:15:35",
        "client_ip": "10.22.39.156"
    },
    "window": "Users",
    "extra": "extra Data"
},{
    "action": "log_data",
    "login": {
        "uid": "2",
        "date_time": "2018-04-11 18:15:59",
        "client_ip": "10.22.39.156"
    },
    "window": "Users",
    "extra": "extra Data"
},{
    "action": "log_data",
    "login": {
        "uid": "2",
        "date_time": "2018-04-11 18:16:51",
        "client_ip": "10.22.39.156"
    },
    "window": "Users",
    "extra": "extra Data"
},{
    "action": "log_data",
    "login": {
        "uid": "2",
        "date_time": "2018-04-11 18:18:50",
        "client_ip": "10.22.39.156"
    },
    "window": "Users",
    "extra": "extra Data"
},{
    "action": "log_data",
    "login": {
        "uid": "2",
        "date_time": "2018-04-11 18:19:31",
        "client_ip": "10.22.39.156"
    },
    "window": "Users",
    "extra": "extra Data"
},{
    "action": "log_data",
    "login": {
        "uid": "2",
        "date_time": "2018-04-11 18:19:49",
        "client_ip": "10.22.39.156"
    },
    "window": "Users",
    "extra": "extra Data"
},{
    "action": "log_data",
    "login": {
        "uid": "2",
        "date_time": "2018-04-11 18:22:18",
        "client_ip": "10.22.39.156"
    },
    "window": "Users",
    "extra": "extra Data"
},{
    "action": "log_data",
    "login": {
        "uid": "2",
        "date_time": "2018-04-11 18:23:56",
        "client_ip": "10.22.39.156"
    },
    "window": "Users",
    "extra": "extra Data"
},{
    "action": "log_data",
    "login": {
        "uid": "2",
        "date_time": "2018-04-11 18:24:19",
        "client_ip": "10.22.39.156"
    },
    "window": "Users",
    "extra": "extra Data"
},{
    "action": "log_data",
    "login": {
        "uid": "2",
        "date_time": "2018-04-11 18:25:05",
        "client_ip": "10.22.39.156"
    },
    "window": "Users",
    "extra": "extra Data"
},{
    "action": "log_data",
    "login": {
        "uid": "2",
        "date_time": "2018-04-11 18:25:30",
        "client_ip": "10.22.39.156"
    },
    "window": "Users",
    "extra": "extra Data"
},{
    "action": "log_data",
    "login": {
        "uid": "2",
        "date_time": "2018-04-11 18:25:56",
        "client_ip": "10.22.39.156"
    },
    "window": "Users",
    "extra": "extra Data"
},{
    "action": "log_data",
    "login": {
        "uid": "2",
        "date_time": "2018-04-11 18:27:26",
        "client_ip": "10.22.39.156"
    },
    "window": "Users",
    "extra": "extra Data"
},{
    "action": "log_data",
    "login": {
        "uid": "2",
        "date_time": "2018-04-11 18:28:06",
        "client_ip": "10.22.39.156"
    },
    "window": "Users",
    "extra": "extra Data"
},{
    "action": "log_data",
    "login": {
        "uid": "2",
        "date_time": "2018-04-11 18:28:48",
        "client_ip": "10.22.39.156"
    },
    "window": "Users",
    "extra": "extra Data"
},{
    "action": "log_data",
    "login": {
        "uid": "2",
        "date_time": "2018-04-11 18:34:02",
        "client_ip": "10.22.39.156"
    },
    "window": "Users",
    "extra": "extra Data"
},{
    "action": "log_data",
    "login": {
        "uid": "2",
        "date_time": "2018-04-11 18:35:47",
        "client_ip": "10.22.39.156"
    },
    "window": "Users",
    "extra": "extra Data"
},{
    "action": "log_data",
    "login": {
        "uid": "2",
        "date_time": "2018-04-11 18:36:08",
        "client_ip": "10.22.39.156"
    },
    "window": "Users",
    "extra": "extra Data"
},{
    "action": "log_data",
    "login": {
        "uid": "2",
        "date_time": "2018-04-11 18:37:42",
        "client_ip": "10.22.39.156"
    },
    "window": "Users",
    "extra": "extra Data"
},{
    "action": "log_data",
    "login": {
        "uid": "2",
        "date_time": "2018-04-11 18:37:52",
        "client_ip": "10.22.39.156"
    },
    "window": "Users",
    "extra": "extra Data"
},{
    "action": "log_data",
    "login": {
        "uid": "2",
        "date_time": "2018-04-11 18:38:29",
        "client_ip": "10.22.39.156"
    },
    "window": "Users",
    "extra": "extra Data"
},{
    "action": "log_data",
    "login": {
        "uid": "2",
        "date_time": "2018-04-11 18:39:41",
        "client_ip": "10.22.39.156"
    },
    "window": "Users",
    "extra": "extra Data"
},{
    "action": "log_data",
    "login": {
        "uid": "2",
        "date_time": "2018-04-11 18:40:57",
        "client_ip": "10.22.39.156"
    },
    "window": "Users",
    "extra": "extra Data"
},{
    "action": "log_data",
    "login": {
        "uid": "2",
        "date_time": "2018-04-11 18:41:55",
        "client_ip": "10.22.39.156"
    },
    "window": "Users",
    "extra": "extra Data"
},{
    "action": "log_data",
    "login": {
        "uid": "2",
        "date_time": "2018-04-11 18:42:40",
        "client_ip": "10.22.39.156"
    },
    "window": "Users",
    "extra": "extra Data"
},{
    "action": "log_data",
    "login": {
        "uid": "2",
        "date_time": "2018-04-11 18:43:09",
        "client_ip": "10.22.39.156"
    },
    "window": "Users",
    "extra": "extra Data"
},{
    "action": "log_data",
    "login": {
        "uid": "2",
        "date_time": "2018-04-11 18:44:10",
        "client_ip": "10.22.39.156"
    },
    "window": "Users",
    "extra": "extra Data"
},{
    "action": "log_data",
    "login": {
        "uid": "2",
        "date_time": "2018-04-11 18:44:39",
        "client_ip": "10.22.39.156"
    },
    "window": "Users",
    "extra": "extra Data"
},{
    "action": "log_data",
    "login": {
        "uid": "2",
        "date_time": "2018-04-11 18:44:41",
        "client_ip": "10.22.39.156"
    },
    "window": "Users",
    "extra": "extra Data"
},{
    "action": "log_data",
    "login": {
        "uid": "2",
        "date_time": "2018-04-11 18:44:42",
        "client_ip": "10.22.39.156"
    },
    "window": "Doctor_ConsultData is Loaded",
    "extra": ""
},{
    "action": "log_data",
    "login": {
        "uid": "2",
        "date_time": "2018-04-11 18:44:44",
        "client_ip": "10.22.39.156"
    },
    "window": " New Patient ",
    "extra": "New patient Opened"
},{
    "action": "log_data",
    "login": {
        "uid": "2",
        "date_time": "2018-04-11 18:44:50",
        "client_ip": "10.22.39.156"
    },
    "window": "Date Change",
    "extra": ""
},{
    "action": "log_data",
    "login": {
        "uid": "2",
        "date_time": "2018-04-11 18:49:04",
        "client_ip": "10.22.39.156"
    },
    "window": " New Patient ",
    "extra": "New patient Opened"
},{
    "action": "log_data",
    "login": {
        "uid": "2",
        "date_time": "2018-04-11 18:49:07",
        "client_ip": "10.22.39.156"
    },
    "window": "Date Change",
    "extra": ""
},{
    "action": "log_data",
    "login": {
        "uid": "2",
        "date_time": "2018-04-11 18:49:09",
        "client_ip": "10.22.39.156"
    },
    "window": "Date Change",
    "extra": ""
},{
    "action": "log_data",
    "login": {
        "uid": "2",
        "date_time": "2018-04-11 18:49:11",
        "client_ip": "10.22.39.156"
    },
    "window": "Date Change",
    "extra": ""
},{
    "action": "log_data",
    "login": {
        "uid": "2",
        "date_time": "2018-04-11 18:49:13",
        "client_ip": "10.22.39.156"
    },
    "window": "Date Change",
    "extra": ""
},{
    "action": "log_data",
    "login": {
        "uid": "2",
        "date_time": "2018-04-11 18:49:15",
        "client_ip": "10.22.39.156"
    },
    "window": "Date Change",
    "extra": ""
},{
    "action": "log_data",
    "login": {
        "uid": "2",
        "date_time": "2018-04-11 18:49:38",
        "client_ip": "10.22.39.156"
    },
    "window": " New Patient ",
    "extra": "New patient Opened"
},{
    "action": "log_data",
    "login": {
        "uid": "2",
        "date_time": "2018-04-11 18:49:41",
        "client_ip": "10.22.39.156"
    },
    "window": "Date Change",
    "extra": ""
},{
    "action": "log_data",
    "login": {
        "uid": "2",
        "date_time": "2018-04-11 18:49:44",
        "client_ip": "10.22.39.156"
    },
    "window": "Date Change",
    "extra": ""
},{
    "action": "log_data",
    "login": {
        "uid": "2",
        "date_time": "2018-04-11 18:49:46",
        "client_ip": "10.22.39.156"
    },
    "window": "Date Change",
    "extra": ""
},{
    "action": "log_data",
    "login": {
        "uid": "2",
        "date_time": "2018-04-11 18:49:50",
        "client_ip": "10.22.39.156"
    },
    "window": "Date Change",
    "extra": ""
},{
    "action": "log_data",
    "login": {
        "uid": "2",
        "date_time": "2018-04-11 18:50:32",
        "client_ip": "10.22.39.156"
    },
    "window": " New Patient ",
    "extra": "New patient Opened"
},{
    "action": "log_data",
    "login": {
        "uid": "2",
        "date_time": "2018-04-11 18:50:35",
        "client_ip": "10.22.39.156"
    },
    "window": "Users",
    "extra": "extra Data"
},{
    "action": "log_data",
    "login": {
        "uid": "2",
        "date_time": "2018-04-11 18:52:37",
        "client_ip": "10.22.39.156"
    },
    "window": "Users",
    "extra": "extra Data"
},{
    "action": "log_data",
    "login": {
        "uid": "2",
        "date_time": "2018-04-11 18:53:29",
        "client_ip": "10.22.39.156"
    },
    "window": "Users",
    "extra": "extra Data"
},{
    "action": "log_data",
    "login": {
        "uid": "2",
        "date_time": "2018-04-11 18:54:58",
        "client_ip": "10.22.39.156"
    },
    "window": "Users",
    "extra": "extra Data"
},{
    "action": "log_data",
    "login": {
        "uid": "2",
        "date_time": "2018-04-11 18:55:02",
        "client_ip": "10.22.39.156"
    },
    "window": "Users",
    "extra": "extra Data"
},{
    "action": "log_data",
    "login": {
        "uid": "2",
        "date_time": "2018-04-11 18:55:53",
        "client_ip": "10.22.39.156"
    },
    "window": "Users",
    "extra": "extra Data"
},{
    "action": "log_data",
    "login": {
        "uid": "2",
        "date_time": "2018-04-11 18:55:54",
        "client_ip": "10.22.39.156"
    },
    "window": "Users",
    "extra": "extra Data"
},{
    "action": "log_data",
    "login": {
        "uid": "2",
        "date_time": "2018-04-11 18:55:59",
        "client_ip": "10.22.39.156"
    },
    "window": "Users",
    "extra": "extra Data"
},{
    "action": "log_data",
    "login": {
        "uid": "2",
        "date_time": "2018-04-11 18:56:02",
        "client_ip": "10.22.39.156"
    },
    "window": "Users",
    "extra": "extra Data"
},{
    "action": "log_data",
    "login": {
        "uid": "2",
        "date_time": "2018-04-11 18:57:03",
        "client_ip": "10.22.39.156"
    },
    "window": "Users",
    "extra": "extra Data"
},{
    "action": "log_data",
    "login": {
        "uid": "2",
        "date_time": "2018-04-11 18:57:06",
        "client_ip": "10.22.39.156"
    },
    "window": "Users",
    "extra": "extra Data"
},{
    "action": "log_data",
    "login": {
        "uid": "2",
        "date_time": "2018-04-11 18:57:14",
        "client_ip": "10.22.39.156"
    },
    "window": "Users",
    "extra": "extra Data"
},{
    "action": "log_data",
    "login": {
        "uid": "2",
        "date_time": "2018-04-11 18:58:52",
        "client_ip": "10.22.39.156"
    },
    "window": "Users",
    "extra": "extra Data"
},{
    "action": "log_data",
    "login": {
        "uid": "2",
        "date_time": "2018-04-11 18:59:38",
        "client_ip": "10.22.39.156"
    },
    "window": "Users",
    "extra": "extra Data"
},{
    "action": "log_data",
    "login": {
        "uid": "2",
        "date_time": "2018-04-11 19:00:25",
        "client_ip": "10.22.39.156"
    },
    "window": "Users",
    "extra": "extra Data"
},{
    "action": "log_data",
    "login": {
        "uid": "2",
        "date_time": "2018-04-11 19:01:41",
        "client_ip": "10.22.39.156"
    },
    "window": "Users",
    "extra": "extra Data"
},{
    "action": "log_data",
    "login": {
        "uid": "2",
        "date_time": "2018-04-11 19:02:32",
        "client_ip": "10.22.39.156"
    },
    "window": "Users",
    "extra": "extra Data"
},{
    "action": "log_data",
    "login": {
        "uid": "2",
        "date_time": "2018-04-11 19:02:51",
        "client_ip": "10.22.39.156"
    },
    "window": "Users",
    "extra": "extra Data"
},{
    "action": "log_data",
    "login": {
        "uid": "2",
        "date_time": "2018-04-11 19:04:29",
        "client_ip": "10.22.39.156"
    },
    "window": "Users",
    "extra": "extra Data"
},{
    "action": "log_data",
    "login": {
        "uid": "2",
        "date_time": "2018-04-11 19:04:36",
        "client_ip": "10.22.39.156"
    },
    "window": "Users",
    "extra": "extra Data"
},{
    "action": "log_data",
    "login": {
        "uid": "2",
        "date_time": "2018-04-11 19:05:30",
        "client_ip": "10.22.39.156"
    },
    "window": "Users",
    "extra": "extra Data"
},{
    "action": "log_data",
    "login": {
        "uid": "2",
        "date_time": "2018-04-11 19:05:40",
        "client_ip": "10.22.39.156"
    },
    "window": " New Patient ",
    "extra": "New patient Opened"
},{
    "action": "log_data",
    "login": {
        "uid": "2",
        "date_time": "2018-04-11 19:05:48",
        "client_ip": "10.22.39.156"
    },
    "window": " New Patient ",
    "extra": "New patient Opened"
},{
    "action": "log_data",
    "login": {
        "uid": "2",
        "date_time": "2018-04-11 19:05:51",
        "client_ip": "10.22.39.156"
    },
    "window": "Users",
    "extra": "extra Data"
},{
    "action": "log_data",
    "login": {
        "uid": "2",
        "date_time": "2018-04-11 19:05:51",
        "client_ip": "10.22.39.156"
    },
    "window": "Users",
    "extra": "extra Data"
},{
    "action": "log_data",
    "login": {
        "uid": "2",
        "date_time": "2018-04-11 19:05:56",
        "client_ip": "10.22.39.156"
    },
    "window": "Users",
    "extra": "extra Data"
},{
    "action": "log_data",
    "login": {
        "uid": "2",
        "date_time": "2018-04-11 19:05:59",
        "client_ip": "10.22.39.156"
    },
    "window": "Users",
    "extra": "extra Data"
},{
    "action": "log_data",
    "login": {
        "uid": "2",
        "date_time": "2018-04-11 19:06:28",
        "client_ip": "10.22.39.156"
    },
    "window": "CancelRec",
    "extra": "Get Receipt data"
},{
    "action": "log_data",
    "login": {
        "uid": "2",
        "date_time": "2018-04-11 19:06:29",
        "client_ip": "10.22.39.156"
    },
    "window": "CancelRec",
    "extra": "Receipt Canceled"
},{
    "action": "log_data",
    "login": {
        "uid": "2",
        "date_time": "2018-04-11 19:06:33",
        "client_ip": "10.22.39.156"
    },
    "window": "Users",
    "extra": "extra Data"
},{
    "action": "log_data",
    "login": {
        "uid": "2",
        "date_time": "2018-04-11 19:06:44",
        "client_ip": "10.22.39.156"
    },
    "window": "Users",
    "extra": "extra Data"
},{
    "action": "log_data",
    "login": {
        "uid": "2",
        "date_time": "2018-04-11 19:07:56",
        "client_ip": "10.22.39.156"
    },
    "window": "Users",
    "extra": "extra Data"
},{
    "action": "log_data",
    "login": {
        "uid": "2",
        "date_time": "2018-04-11 19:08:00",
        "client_ip": "10.22.39.156"
    },
    "window": "Users",
    "extra": "extra Data"
},{
    "action": "log_data",
    "login": {
        "uid": "2",
        "date_time": "2018-04-11 19:09:45",
        "client_ip": "10.22.39.156"
    },
    "window": "Users",
    "extra": "extra Data"
},{
    "action": "log_data",
    "login": {
        "uid": "2",
        "date_time": "2018-04-11 19:13:56",
        "client_ip": "10.22.39.156"
    },
    "window": "Users",
    "extra": "extra Data"
},{
    "action": "log_data",
    "login": {
        "uid": "2",
        "date_time": "2018-04-11 19:14:38",
        "client_ip": "10.22.39.156"
    },
    "window": "Users",
    "extra": "extra Data"
},{
    "action": "log_data",
    "login": {
        "uid": "2",
        "date_time": "2018-04-11 19:18:51",
        "client_ip": "10.22.39.156"
    },
    "window": "Users",
    "extra": "extra Data"
},{
    "action": "log_data",
    "login": {
        "uid": "2",
        "date_time": "2018-04-11 19:18:54",
        "client_ip": "10.22.39.156"
    },
    "window": "Users",
    "extra": "extra Data"
},{
    "action": "log_data",
    "login": {
        "uid": "2",
        "date_time": "2018-04-11 19:20:56",
        "client_ip": "10.22.39.156"
    },
    "window": "Users",
    "extra": "extra Data"
},{
    "action": "log_data",
    "login": {
        "uid": "2",
        "date_time": "2018-04-11 19:21:17",
        "client_ip": "10.22.39.156"
    },
    "window": "Users",
    "extra": "extra Data"
},{
    "action": "log_data",
    "login": {
        "uid": "2",
        "date_time": "2018-04-11 19:21:33",
        "client_ip": "10.22.39.156"
    },
    "window": " New Patient ",
    "extra": "New patient Opened"
},{
    "action": "log_data",
    "login": {
        "uid": "2",
        "date_time": "2018-04-11 19:21:50",
        "client_ip": "10.22.39.156"
    },
    "window": " New Patient ",
    "extra": "New patient Opened"
},{
    "action": "log_data",
    "login": {
        "uid": "2",
        "date_time": "2018-04-11 19:21:56",
        "client_ip": "10.22.39.156"
    },
    "window": "Users",
    "extra": "extra Data"
},{
    "action": "log_data",
    "login": {
        "uid": "2",
        "date_time": "2018-04-11 19:23:24",
        "client_ip": "10.22.39.156"
    },
    "window": "Users",
    "extra": "extra Data"
},{
    "action": "log_data",
    "login": {
        "uid": "2",
        "date_time": "2018-04-11 19:24:21",
        "client_ip": "10.22.39.156"
    },
    "window": "Users",
    "extra": "extra Data"
},{
    "action": "log_data",
    "login": {
        "uid": "2",
        "date_time": "2018-04-11 19:24:54",
        "client_ip": "10.22.39.156"
    },
    "window": "Users",
    "extra": "extra Data"
},{
    "action": "log_data",
    "login": {
        "uid": "2",
        "date_time": "2018-04-11 19:25:39",
        "client_ip": "10.22.39.156"
    },
    "window": "Users",
    "extra": "extra Data"
},{
    "action": "log_data",
    "login": {
        "uid": "2",
        "date_time": "2018-04-11 19:26:05",
        "client_ip": "10.22.39.156"
    },
    "window": "Users",
    "extra": "extra Data"
},{
    "action": "log_data",
    "login": {
        "uid": "2",
        "date_time": "2018-04-11 19:27:08",
        "client_ip": "10.22.39.156"
    },
    "window": "Users",
    "extra": "extra Data"
},{
    "action": "log_data",
    "login": {
        "uid": "2",
        "date_time": "2018-04-11 19:27:15",
        "client_ip": "10.22.39.156"
    },
    "window": "Users",
    "extra": "extra Data"
},{
    "action": "log_data",
    "login": {
        "uid": "2",
        "date_time": "2018-04-11 19:28:42",
        "client_ip": "10.22.39.156"
    },
    "window": "Users",
    "extra": "extra Data"
},{
    "action": "log_data",
    "login": {
        "uid": "2",
        "date_time": "2018-04-11 19:30:12",
        "client_ip": "10.22.39.156"
    },
    "window": "Users",
    "extra": "extra Data"
},{
    "action": "log_data",
    "login": {
        "uid": "2",
        "date_time": "2018-04-11 19:31:50",
        "client_ip": "10.22.39.156"
    },
    "window": "Users",
    "extra": "extra Data"
},{
    "action": "log_data",
    "login": {
        "uid": "2",
        "date_time": "2018-04-11 19:33:47",
        "client_ip": "10.22.39.156"
    },
    "window": "Users",
    "extra": "extra Data"
},{
    "action": "log_data",
    "login": {
        "uid": "2",
        "date_time": "2018-04-11 19:36:18",
        "client_ip": "10.22.39.156"
    },
    "window": "Users",
    "extra": "extra Data"
},{
    "action": "log_data",
    "login": {
        "uid": "2",
        "date_time": "2018-04-11 19:37:29",
        "client_ip": "10.22.39.156"
    },
    "window": "Users",
    "extra": "extra Data"
},{
    "action": "log_data",
    "login": {
        "uid": "2",
        "date_time": "2018-04-11 19:38:57",
        "client_ip": "10.22.39.156"
    },
    "window": "Users",
    "extra": "extra Data"
},{
    "action": "log_data",
    "login": {
        "uid": "2",
        "date_time": "2018-04-11 19:39:08",
        "client_ip": "10.22.39.156"
    },
    "window": "Users",
    "extra": "extra Data"
},{
    "action": "log_data",
    "login": {
        "uid": "2",
        "date_time": "2018-04-11 19:39:23",
        "client_ip": "10.22.39.156"
    },
    "window": "CancelRec",
    "extra": "Get Receipt data"
},{
    "action": "log_data",
    "login": {
        "uid": "2",
        "date_time": "2018-04-11 19:39:24",
        "client_ip": "10.22.39.156"
    },
    "window": "CancelRec",
    "extra": "Receipt Canceled"
},{
    "action": "log_data",
    "login": {
        "uid": "2",
        "date_time": "2018-04-11 19:39:31",
        "client_ip": "10.22.39.156"
    },
    "window": "Users",
    "extra": "extra Data"
},{
    "action": "log_data",
    "login": {
        "uid": "2",
        "date_time": "2018-04-11 19:39:33",
        "client_ip": "10.22.39.156"
    },
    "window": "Users",
    "extra": "extra Data"
},{
    "action": "log_data",
    "login": {
        "uid": "2",
        "date_time": "2018-04-11 19:41:07",
        "client_ip": "10.22.39.156"
    },
    "window": "Users",
    "extra": "extra Data"
},{
    "action": "log_data",
    "login": {
        "uid": "2",
        "date_time": "2018-04-11 19:42:13",
        "client_ip": "10.22.39.156"
    },
    "window": "Users",
    "extra": "extra Data"
},{
    "action": "log_data",
    "login": {
        "uid": "2",
        "date_time": "2018-04-11 19:42:25",
        "client_ip": "10.22.39.156"
    },
    "window": "Users",
    "extra": "extra Data"
},{
    "action": "log_data",
    "login": {
        "uid": "2",
        "date_time": "2018-04-11 19:43:19",
        "client_ip": "10.22.39.156"
    },
    "window": "Users",
    "extra": "extra Data"
},{
    "action": "log_data",
    "login": {
        "uid": "2",
        "date_time": "2018-04-11 19:44:15",
        "client_ip": "10.22.39.156"
    },
    "window": "Users",
    "extra": "extra Data"
},{
    "action": "log_data",
    "login": {
        "uid": "2",
        "date_time": "2018-04-11 19:44:23",
        "client_ip": "10.22.39.156"
    },
    "window": "Users",
    "extra": "extra Data"
},{
    "action": "log_data",
    "login": {
        "uid": "2",
        "date_time": "2018-04-11 19:44:58",
        "client_ip": "10.22.39.156"
    },
    "window": "Users",
    "extra": "extra Data"
},{
    "action": "log_data",
    "login": {
        "uid": "2",
        "date_time": "2018-04-11 19:46:10",
        "client_ip": "10.22.39.156"
    },
    "window": "Users",
    "extra": "extra Data"
},{
    "action": "log_data",
    "login": {
        "uid": "2",
        "date_time": "2018-04-11 19:46:54",
        "client_ip": "10.22.39.156"
    },
    "window": "Users",
    "extra": "extra Data"
},{
    "action": "log_data",
    "login": {
        "uid": "2",
        "date_time": "2018-04-11 19:50:48",
        "client_ip": "10.22.39.156"
    },
    "window": "Users",
    "extra": "extra Data"
},{
    "action": "log_data",
    "login": {
        "uid": "2",
        "date_time": "2018-04-11 19:52:11",
        "client_ip": "10.22.39.156"
    },
    "window": "Users",
    "extra": "extra Data"
},{
    "action": "log_data",
    "login": {
        "uid": "2",
        "date_time": "2018-04-11 19:54:06",
        "client_ip": "10.22.39.156"
    },
    "window": "Users",
    "extra": "extra Data"
},{
    "action": "log_data",
    "login": {
        "uid": "2",
        "date_time": "2018-04-11 19:54:25",
        "client_ip": "10.22.39.156"
    },
    "window": "Users",
    "extra": "extra Data"
},{
    "action": "log_data",
    "login": {
        "uid": "2",
        "date_time": "2018-04-11 19:56:30",
        "client_ip": "10.22.39.156"
    },
    "window": "Users",
    "extra": "extra Data"
},{
    "action": "log_data",
    "login": {
        "uid": "2",
        "date_time": "2018-04-11 19:57:26",
        "client_ip": "10.22.39.156"
    },
    "window": "Users",
    "extra": "extra Data"
},{
    "action": "log_data",
    "login": {
        "uid": "2",
        "date_time": "2018-04-11 19:58:12",
        "client_ip": "10.22.39.156"
    },
    "window": "Users",
    "extra": "extra Data"
},{
    "action": "log_data",
    "login": {
        "uid": "2",
        "date_time": "2018-04-11 20:03:27",
        "client_ip": "10.22.39.156"
    },
    "window": "Users",
    "extra": "extra Data"
},{
    "action": "log_data",
    "login": {
        "uid": "2",
        "date_time": "2018-04-11 20:03:42",
        "client_ip": "10.22.39.156"
    },
    "window": "Users",
    "extra": "extra Data"
},{
    "action": "log_data",
    "login": {
        "uid": "2",
        "date_time": "2018-04-11 20:03:45",
        "client_ip": "10.22.39.156"
    },
    "window": "Users",
    "extra": "extra Data"
},{
    "action": "log_data",
    "login": {
        "uid": "2",
        "date_time": "2018-04-11 20:03:53",
        "client_ip": "10.22.39.156"
    },
    "window": "Users",
    "extra": "extra Data"
},{
    "action": "log_data",
    "login": {
        "uid": "2",
        "date_time": "2018-04-11 20:03:57",
        "client_ip": "10.22.39.156"
    },
    "window": " New Patient ",
    "extra": "New patient Opened"
},{
    "action": "log_data",
    "login": {
        "uid": "2",
        "date_time": "2018-04-11 20:04:04",
        "client_ip": "10.22.39.156"
    },
    "window": " New Patient ",
    "extra": "New patient Opened"
},{
    "action": "log_data",
    "login": {
        "uid": "2",
        "date_time": "2018-04-11 20:04:10",
        "client_ip": "10.22.39.156"
    },
    "window": "Users",
    "extra": "extra Data"
},{
    "action": "log_data",
    "login": {
        "uid": "2",
        "date_time": "2018-04-11 20:04:13",
        "client_ip": "10.22.39.156"
    },
    "window": "Users",
    "extra": "extra Data"
},{
    "action": "log_data",
    "login": {
        "uid": "2",
        "date_time": "2018-04-11 20:04:30",
        "client_ip": "10.22.39.156"
    },
    "window": "CancelRec",
    "extra": "Get Receipt data"
},{
    "action": "log_data",
    "login": {
        "uid": "2",
        "date_time": "2018-04-11 20:04:31",
        "client_ip": "10.22.39.156"
    },
    "window": "CancelRec",
    "extra": "Receipt Canceled"
},{
    "action": "log_data",
    "login": {
        "uid": "2",
        "date_time": "2018-04-11 20:04:35",
        "client_ip": "10.22.39.156"
    },
    "window": "Users",
    "extra": "extra Data"
},{
    "action": "log_data",
    "login": {
        "uid": "2",
        "date_time": "2018-04-11 20:04:40",
        "client_ip": "10.22.39.156"
    },
    "window": "Users",
    "extra": "extra Data"
},{
    "action": "log_data",
    "login": {
        "uid": "2",
        "date_time": "2018-04-11 20:06:21",
        "client_ip": "10.22.39.156"
    },
    "window": "Users",
    "extra": "extra Data"
},{
    "action": "log_data",
    "login": {
        "uid": "2",
        "date_time": "2018-04-11 20:07:03",
        "client_ip": "10.22.39.156"
    },
    "window": "Users",
    "extra": "extra Data"
},{
    "action": "log_data",
    "login": {
        "uid": "2",
        "date_time": "2018-04-11 20:07:47",
        "client_ip": "10.22.39.156"
    },
    "window": "Users",
    "extra": "extra Data"
},{
    "action": "log_data",
    "login": {
        "uid": "2",
        "date_time": "2018-04-11 20:13:36",
        "client_ip": "10.22.39.156"
    },
    "window": "Users",
    "extra": "extra Data"
},{
    "action": "log_data",
    "login": {
        "uid": "2",
        "date_time": "2018-04-11 20:13:53",
        "client_ip": "10.22.39.156"
    },
    "window": "Users",
    "extra": "extra Data"
},{
    "action": "log_data",
    "login": {
        "uid": "2",
        "date_time": "2018-04-11 20:14:02",
        "client_ip": "10.22.39.156"
    },
    "window": "Users",
    "extra": "extra Data"
},{
    "action": "log_data",
    "login": {
        "uid": "2",
        "date_time": "2018-04-11 20:14:32",
        "client_ip": "10.22.39.156"
    },
    "window": "Users",
    "extra": "extra Data"
},{
    "action": "log_data",
    "login": {
        "uid": "2",
        "date_time": "2018-04-11 20:16:46",
        "client_ip": "10.22.39.156"
    },
    "window": "Users",
    "extra": "extra Data"
},{
    "action": "log_data",
    "login": {
        "uid": "2",
        "date_time": "2018-04-11 20:18:57",
        "client_ip": "10.22.39.156"
    },
    "window": "Users",
    "extra": "extra Data"
},{
    "action": "log_data",
    "login": {
        "uid": "2",
        "date_time": "2018-04-11 20:20:57",
        "client_ip": "10.22.39.156"
    },
    "window": "Users",
    "extra": "extra Data"
},{
    "action": "log_data",
    "login": {
        "uid": "2",
        "date_time": "2018-04-11 20:21:06",
        "client_ip": "10.22.39.156"
    },
    "window": "Doctor Collectin",
    "extra": "dr_collection%5Bfrom_date%5D=10%20april%202018&dr_collection%5Bto_date%5D=11%20april%202018"
},{
    "action": "log_data",
    "login": {
        "uid": "2",
        "date_time": "2018-04-11 20:21:38",
        "client_ip": "10.22.39.156"
    },
    "window": "Doctor Collectin",
    "extra": "dr_collection%5Bfrom_date%5D=06%20februari%202018&dr_collection%5Bto_date%5D=11%20april%202018"
},{
    "action": "log_data",
    "login": {
        "uid": "2",
        "date_time": "2018-04-11 20:22:03",
        "client_ip": "10.22.39.156"
    },
    "window": "Users",
    "extra": "extra Data"
},{
    "action": "log_data",
    "login": {
        "uid": "2",
        "date_time": "2018-04-11 20:22:08",
        "client_ip": "10.22.39.156"
    },
    "window": "Doctor Collectin",
    "extra": "dr_collection%5Bfrom_date%5D=10%20april%202018&dr_collection%5Bto_date%5D=11%20april%202018"
},{
    "action": "log_data",
    "login": {
        "uid": "1",
        "date_time": "2018-04-11 20:23:23",
        "client_ip": "10.22.39.157"
    },
    "window": "InPatient",
    "extra": "Getting Total Out Patients"
},{
    "action": "log_data",
    "login": {
        "uid": "1",
        "date_time": "2018-04-11 20:23:34",
        "client_ip": "10.22.39.157"
    },
    "window": "Users",
    "extra": "extra Data"
},{
    "action": "log_data",
    "login": {
        "uid": "1",
        "date_time": "2018-04-11 20:23:35",
        "client_ip": "10.22.39.157"
    },
    "window": "Doctor_ConsultData is Loaded",
    "extra": ""
},{
    "action": "log_data",
    "login": {
        "uid": "1",
        "date_time": "2018-04-11 20:23:38",
        "client_ip": "10.22.39.157"
    },
    "window": "Add New Consult",
    "extra": ""
},{
    "action": "log_data",
    "login": {
        "uid": "2",
        "date_time": "2018-04-11 20:24:44",
        "client_ip": "10.22.39.156"
    },
    "window": "Users",
    "extra": "extra Data"
},{
    "action": "log_data",
    "login": {
        "uid": "2",
        "date_time": "2018-04-11 20:24:49",
        "client_ip": "10.22.39.156"
    },
    "window": "Doctor Collectin",
    "extra": "dr_collection%5Bfrom_date%5D=10%20april%202018&dr_collection%5Bto_date%5D=11%20april%202018"
},{
    "action": "log_data",
    "login": {
        "uid": "2",
        "date_time": "2018-04-11 20:25:22",
        "client_ip": "10.22.39.156"
    },
    "window": "Users",
    "extra": "extra Data"
},{
    "action": "log_data",
    "login": {
        "uid": "2",
        "date_time": "2018-04-11 20:25:26",
        "client_ip": "10.22.39.156"
    },
    "window": "Doctor Collectin",
    "extra": "dr_collection%5Bfrom_date%5D=10%20april%202018&dr_collection%5Bto_date%5D=11%20april%202018"
},{
    "action": "log_data",
    "login": {
        "uid": "2",
        "date_time": "2018-04-11 20:26:40",
        "client_ip": "10.22.39.156"
    },
    "window": " New Patient ",
    "extra": "New patient Opened"
},{
    "action": "log_data",
    "login": {
        "uid": "2",
        "date_time": "2018-04-11 20:26:44",
        "client_ip": "10.22.39.156"
    },
    "window": " New Patient ",
    "extra": "New patient Opened"
},{
    "action": "log_data",
    "login": {
        "uid": "2",
        "date_time": "2018-04-11 20:27:00",
        "client_ip": "10.22.39.156"
    },
    "window": " New Patient ",
    "extra": "New patient Opened"
},{
    "action": "log_data",
    "login": {
        "uid": "2",
        "date_time": "2018-04-11 20:27:10",
        "client_ip": "10.22.39.156"
    },
    "window": "Users",
    "extra": "extra Data"
},{
    "action": "log_data",
    "login": {
        "uid": "2",
        "date_time": "2018-04-11 20:27:16",
        "client_ip": "10.22.39.156"
    },
    "window": "Users",
    "extra": "extra Data"
},{
    "action": "log_data",
    "login": {
        "uid": "2",
        "date_time": "2018-04-11 20:29:30",
        "client_ip": "10.22.39.156"
    },
    "window": "Doctor_ConsultData is Loaded",
    "extra": ""
},{
    "action": "log_data",
    "login": {
        "uid": "2",
        "date_time": "2018-04-11 20:29:33",
        "client_ip": "10.22.39.156"
    },
    "window": " New Patient ",
    "extra": "New patient Opened"
},{
    "action": "log_data",
    "login": {
        "uid": "2",
        "date_time": "2018-04-11 20:34:13",
        "client_ip": "10.22.39.156"
    },
    "window": " New Patient ",
    "extra": "New patient Opened"
},{
    "action": "log_data",
    "login": {
        "uid": "2",
        "date_time": "2018-04-11 20:34:44",
        "client_ip": "10.22.39.156"
    },
    "window": " New Patient ",
    "extra": "New patient Opened"
},{
    "action": "log_data",
    "login": {
        "uid": "2",
        "date_time": "2018-04-11 20:36:55",
        "client_ip": "10.22.39.156"
    },
    "window": " New Patient ",
    "extra": "New patient Opened"
},{
    "action": "log_data",
    "login": {
        "uid": "2",
        "date_time": "2018-04-11 20:37:11",
        "client_ip": "10.22.39.156"
    },
    "window": " New Patient ",
    "extra": "New patient Opened"
},{
    "action": "log_data",
    "login": {
        "uid": "2",
        "date_time": "2018-04-11 20:38:55",
        "client_ip": "10.22.39.156"
    },
    "window": " New Patient ",
    "extra": "New patient Opened"
},{
    "action": "log_data",
    "login": {
        "uid": "2",
        "date_time": "2018-04-11 20:39:19",
        "client_ip": "10.22.39.156"
    },
    "window": "Users",
    "extra": "extra Data"
},{
    "action": "log_data",
    "login": {
        "uid": "2",
        "date_time": "2018-04-11 20:39:22",
        "client_ip": "10.22.39.156"
    },
    "window": "Users",
    "extra": "extra Data"
},{
    "action": "log_data",
    "login": {
        "uid": "2",
        "date_time": "2018-04-11 20:39:30",
        "client_ip": "10.22.39.156"
    },
    "window": "Doctor Collectin",
    "extra": "dr_collection%5Bfrom_date%5D=10%20april%202018&dr_collection%5Bto_date%5D=11%20april%202018"
},{
    "action": "log_data",
    "login": {
        "uid": "2",
        "date_time": "2018-04-11 20:40:30",
        "client_ip": "10.22.39.156"
    },
    "window": "Users",
    "extra": "extra Data"
},{
    "action": "log_data",
    "login": {
        "uid": "2",
        "date_time": "2018-04-11 20:40:34",
        "client_ip": "10.22.39.156"
    },
    "window": "Users",
    "extra": "extra Data"
},{
    "action": "log_data",
    "login": {
        "uid": "2",
        "date_time": "2018-04-11 20:41:00",
        "client_ip": "10.22.39.156"
    },
    "window": "InPatient",
    "extra": "Getting Total Out Patients"
},{
    "action": "log_data",
    "login": {
        "uid": "2",
        "date_time": "2018-04-11 20:41:05",
        "client_ip": "10.22.39.156"
    },
    "window": "Users",
    "extra": "extra Data"
},{
    "action": "log_data",
    "login": {
        "uid": "2",
        "date_time": "2018-04-11 20:42:10",
        "client_ip": "10.22.39.156"
    },
    "window": "Users",
    "extra": "extra Data"
},{
    "action": "log_data",
    "login": {
        "uid": "2",
        "date_time": "2018-04-11 20:42:16",
        "client_ip": "10.22.39.156"
    },
    "window": "Doctor Collectin",
    "extra": "dr_collection%5Bfrom_date%5D=11%20april%202018&dr_collection%5Bto_date%5D=11%20april%202018"
},{
    "action": "log_data",
    "login": {
        "uid": "2",
        "date_time": "2018-04-11 20:42:25",
        "client_ip": "10.22.39.156"
    },
    "window": "Doctor Collectin",
    "extra": "dr_collection%5Bfrom_date%5D=10%20april%202018&dr_collection%5Bto_date%5D=11%20april%202018"
},{
    "action": "log_data",
    "login": {
        "uid": "2",
        "date_time": "2018-04-11 20:44:06",
        "client_ip": "10.22.39.156"
    },
    "window": "Users",
    "extra": "extra Data"
},{
    "action": "log_data",
    "login": {
        "uid": "2",
        "date_time": "2018-04-11 20:44:10",
        "client_ip": "10.22.39.156"
    },
    "window": "Doctor Collectin",
    "extra": "dr_collection%5Bfrom_date%5D=11%20april%202018&dr_collection%5Bto_date%5D=11%20april%202018"
},{
    "action": "log_data",
    "login": {
        "uid": "2",
        "date_time": "2018-04-11 20:44:54",
        "client_ip": "10.22.39.156"
    },
    "window": "Users",
    "extra": "extra Data"
},{
    "action": "log_data",
    "login": {
        "uid": "2",
        "date_time": "2018-04-11 20:44:55",
        "client_ip": "10.22.39.156"
    },
    "window": "Doctor Collectin",
    "extra": "dr_collection%5Bfrom_date%5D=11%20april%202018&dr_collection%5Bto_date%5D=11%20april%202018"
},{
    "action": "log_data",
    "login": {
        "uid": "2",
        "date_time": "2018-04-11 20:46:15",
        "client_ip": "10.22.39.156"
    },
    "window": "Users",
    "extra": "extra Data"
},{
    "action": "log_data",
    "login": {
        "uid": "2",
        "date_time": "2018-04-11 20:46:16",
        "client_ip": "10.22.39.156"
    },
    "window": "Doctor Collectin",
    "extra": "dr_collection%5Bfrom_date%5D=11%20april%202018&dr_collection%5Bto_date%5D=11%20april%202018"
},{
    "action": "log_data",
    "login": {
        "uid": "2",
        "date_time": "2018-04-11 20:46:49",
        "client_ip": "10.22.39.156"
    },
    "window": "Users",
    "extra": "extra Data"
},{
    "action": "log_data",
    "login": {
        "uid": "2",
        "date_time": "2018-04-11 20:46:49",
        "client_ip": "10.22.39.156"
    },
    "window": "Doctor Collectin",
    "extra": "dr_collection%5Bfrom_date%5D=11%20april%202018&dr_collection%5Bto_date%5D=11%20april%202018"
},{
    "action": "log_data",
    "login": {
        "uid": "2",
        "date_time": "2018-04-11 20:47:32",
        "client_ip": "10.22.39.156"
    },
    "window": "Users",
    "extra": "extra Data"
},{
    "action": "log_data",
    "login": {
        "uid": "2",
        "date_time": "2018-04-11 20:47:33",
        "client_ip": "10.22.39.156"
    },
    "window": "Doctor Collectin",
    "extra": "dr_collection%5Bfrom_date%5D=11%20april%202018&dr_collection%5Bto_date%5D=11%20april%202018"
},{
    "action": "log_data",
    "login": {
        "uid": "2",
        "date_time": "2018-04-11 20:51:32",
        "client_ip": "10.22.39.156"
    },
    "window": "Users",
    "extra": "extra Data"
},{
    "action": "log_data",
    "login": {
        "uid": "2",
        "date_time": "2018-04-11 20:51:33",
        "client_ip": "10.22.39.156"
    },
    "window": "Doctor Collectin",
    "extra": "dr_collection%5Bfrom_date%5D=11%20april%202018&dr_collection%5Bto_date%5D=11%20april%202018"
},{
    "action": "log_data",
    "login": {
        "uid": "2",
        "date_time": "2018-04-11 20:52:18",
        "client_ip": "10.22.39.156"
    },
    "window": "Users",
    "extra": "extra Data"
},{
    "action": "log_data",
    "login": {
        "uid": "2",
        "date_time": "2018-04-11 20:52:19",
        "client_ip": "10.22.39.156"
    },
    "window": "Doctor Collectin",
    "extra": "dr_collection%5Bfrom_date%5D=11%20april%202018&dr_collection%5Bto_date%5D=11%20april%202018"
},{
    "action": "log_data",
    "login": {
        "uid": "2",
        "date_time": "2018-04-11 20:52:36",
        "client_ip": "10.22.39.156"
    },
    "window": "Users",
    "extra": "extra Data"
},{
    "action": "log_data",
    "login": {
        "uid": "2",
        "date_time": "2018-04-11 20:52:38",
        "client_ip": "10.22.39.156"
    },
    "window": "Doctor Collectin",
    "extra": "dr_collection%5Bfrom_date%5D=11%20april%202018&dr_collection%5Bto_date%5D=11%20april%202018"
},{
    "action": "log_data",
    "login": {
        "uid": "2",
        "date_time": "2018-04-11 20:53:42",
        "client_ip": "10.22.39.156"
    },
    "window": "Users",
    "extra": "extra Data"
},{
    "action": "log_data",
    "login": {
        "uid": "2",
        "date_time": "2018-04-11 20:53:44",
        "client_ip": "10.22.39.156"
    },
    "window": "Doctor Collectin",
    "extra": "dr_collection%5Bfrom_date%5D=11%20april%202018&dr_collection%5Bto_date%5D=11%20april%202018"
},{
    "action": "log_data",
    "login": {
        "uid": "2",
        "date_time": "2018-04-11 20:54:27",
        "client_ip": "10.22.39.156"
    },
    "window": "Users",
    "extra": "extra Data"
},{
    "action": "log_data",
    "login": {
        "uid": "2",
        "date_time": "2018-04-11 20:54:30",
        "client_ip": "10.22.39.156"
    },
    "window": "Doctor Collectin",
    "extra": "dr_collection%5Bfrom_date%5D=11%20april%202018&dr_collection%5Bto_date%5D=11%20april%202018"
},{
    "action": "log_data",
    "login": {
        "uid": "2",
        "date_time": "2018-04-11 20:55:06",
        "client_ip": "10.22.39.156"
    },
    "window": "Users",
    "extra": "extra Data"
},{
    "action": "log_data",
    "login": {
        "uid": "2",
        "date_time": "2018-04-11 20:55:07",
        "client_ip": "10.22.39.156"
    },
    "window": "Doctor Collectin",
    "extra": "dr_collection%5Bfrom_date%5D=11%20april%202018&dr_collection%5Bto_date%5D=11%20april%202018"
},{
    "action": "log_data",
    "login": {
        "uid": "2",
        "date_time": "2018-04-11 20:55:33",
        "client_ip": "10.22.39.156"
    },
    "window": "Users",
    "extra": "extra Data"
},{
    "action": "log_data",
    "login": {
        "uid": "2",
        "date_time": "2018-04-11 20:55:35",
        "client_ip": "10.22.39.156"
    },
    "window": "Doctor Collectin",
    "extra": "dr_collection%5Bfrom_date%5D=11%20april%202018&dr_collection%5Bto_date%5D=11%20april%202018"
},{
    "action": "log_data",
    "login": {
        "uid": "2",
        "date_time": "2018-04-11 21:00:45",
        "client_ip": "10.22.39.156"
    },
    "window": "Users",
    "extra": "extra Data"
},{
    "action": "log_data",
    "login": {
        "uid": "2",
        "date_time": "2018-04-11 21:01:32",
        "client_ip": "10.22.39.156"
    },
    "window": "Users",
    "extra": "extra Data"
},{
    "action": "log_data",
    "login": {
        "uid": "2",
        "date_time": "2018-04-11 21:05:11",
        "client_ip": "10.22.39.156"
    },
    "window": "Users",
    "extra": "extra Data"
},