{
    "action": "log_data",
    "login": {
        "uid": "2",
        "date_time": "2018-02-28 11:25:16",
        "client_ip": "10.22.39.23"
    },
    "window": " New Patient ",
    "extra": "New patient Opened"
},{
    "action": "log_data",
    "login": {
        "uid": "2",
        "date_time": "2018-02-28 11:25:19",
        "client_ip": "10.22.39.23"
    },
    "window": "Doctor_ConsultData is Loaded",
    "extra": ""
},{
    "action": "log_data",
    "login": {
        "uid": "2",
        "date_time": "2018-02-28 11:25:27",
        "client_ip": "10.22.39.23"
    },
    "window": " New Patient ",
    "extra": "New patient Opened"
},{
    "action": "log_data",
    "login": {
        "uid": "2",
        "date_time": "2018-02-28 11:25:30",
        "client_ip": "10.22.39.23",
        "isEmpty": "false"
    },
    "window": "Users",
    "extra": "extra Data",
    "isEmpty": "false"
},{
    "action": "log_data",
    "login": {
        "uid": "2",
        "date_time": "2018-02-28 11:26:46",
        "client_ip": "10.22.39.23",
        "isEmpty": "false"
    },
    "window": " New Patient ",
    "extra": "New patient Opened",
    "isEmpty": "false"
},{
    "action": "log_data",
    "login": {
        "uid": "2",
        "date_time": "2018-02-28 11:27:14",
        "client_ip": "10.22.39.23",
        "isEmpty": "false"
    },
    "window": "Users",
    "extra": "extra Data",
    "isEmpty": "false"
},{
    "action": "log_data",
    "login": {
        "uid": "2",
        "date_time": "2018-02-28 11:27:33",
        "client_ip": "10.22.39.23",
        "isEmpty": "false"
    },
    "window": " New Patient ",
    "extra": "New patient Opened",
    "isEmpty": "false"
},{
    "action": "log_data",
    "login": {
        "uid": "2",
        "date_time": "2018-02-28 11:30:31",
        "client_ip": "10.22.39.23"
    },
    "window": " New Patient ",
    "extra": "New patient Opened"
},{
    "action": "log_data",
    "login": {
        "uid": "2",
        "date_time": "2018-02-28 11:30:48",
        "client_ip": "10.22.39.23"
    },
    "window": " New Patient ",
    "extra": "New patient Opened"
},{
    "action": "log_data",
    "login": {
        "uid": "2",
        "date_time": "2018-02-28 11:30:50",
        "client_ip": "10.22.39.23",
        "isEmpty": "false"
    },
    "window": "Users",
    "extra": "extra Data",
    "isEmpty": "false"
},{
    "action": "log_data",
    "login": {
        "uid": "2",
        "date_time": "2018-02-28 11:33:19",
        "client_ip": "10.22.39.23",
        "isEmpty": "false"
    },
    "window": " New Patient ",
    "extra": "New patient Opened",
    "isEmpty": "false"
},{
    "action": "log_data",
    "login": {
        "uid": "2",
        "date_time": "2018-02-28 11:33:30",
        "client_ip": "10.22.39.23"
    },
    "window": " New Patient ",
    "extra": "New patient Opened"
},{
    "action": "log_data",
    "login": {
        "uid": "2",
        "date_time": "2018-02-28 11:33:34",
        "client_ip": "10.22.39.23"
    },
    "window": " New Patient ",
    "extra": "New patient Opened"
},{
    "action": "log_data",
    "login": {
        "uid": "2",
        "date_time": "2018-02-28 11:33:36",
        "client_ip": "10.22.39.23",
        "isEmpty": "false"
    },
    "window": "Users",
    "extra": "extra Data",
    "isEmpty": "false"
},{
    "action": "log_data",
    "login": {
        "uid": "2",
        "date_time": "2018-02-28 11:34:03",
        "client_ip": "10.22.39.23",
        "isEmpty": "false"
    },
    "window": " New Patient ",
    "extra": "New patient Opened",
    "isEmpty": "false"
},{
    "action": "log_data",
    "login": {
        "uid": "2",
        "date_time": "2018-02-28 11:34:11",
        "client_ip": "10.22.39.23",
        "isEmpty": "false"
    },
    "window": "Users",
    "extra": "extra Data",
    "isEmpty": "false"
},{
    "action": "log_data",
    "login": {
        "uid": "2",
        "date_time": "2018-02-28 11:34:26",
        "client_ip": "10.22.39.23",
        "isEmpty": "false"
    },
    "window": " New Patient ",
    "extra": "New patient Opened",
    "isEmpty": "false"
},{
    "action": "log_data",
    "login": {
        "uid": "2",
        "date_time": "2018-02-28 11:34:29",
        "client_ip": "10.22.39.23",
        "isEmpty": "false"
    },
    "window": "Users",
    "extra": "extra Data",
    "isEmpty": "false"
},{
    "action": "log_data",
    "login": {
        "uid": "2",
        "date_time": "2018-02-28 11:34:39",
        "client_ip": "10.22.39.23",
        "isEmpty": "false"
    },
    "window": " New Patient ",
    "extra": "New patient Opened",
    "isEmpty": "false"
},{
    "action": "log_data",
    "login": {
        "uid": "2",
        "date_time": "2018-02-28 11:34:48",
        "client_ip": "10.22.39.23",
        "isEmpty": "false"
    },
    "window": "Users",
    "extra": "extra Data",
    "isEmpty": "false"
},{
    "action": "log_data",
    "login": {
        "uid": "2",
        "date_time": "2018-02-28 11:35:17",
        "client_ip": "10.22.39.23",
        "isEmpty": "false"
    },
    "window": " New Patient ",
    "extra": "New patient Opened",
    "isEmpty": "false"
},{
    "action": "log_data",
    "login": {
        "uid": "2",
        "date_time": "2018-02-28 11:35:20",
        "client_ip": "10.22.39.23",
        "isEmpty": "false"
    },
    "window": "Users",
    "extra": "extra Data",
    "isEmpty": "false"
},{
    "action": "log_data",
    "login": {
        "uid": "2",
        "date_time": "2018-02-28 11:38:48",
        "client_ip": "10.22.39.23",
        "isEmpty": "false"
    },
    "window": "Users",
    "extra": "extra Data",
    "isEmpty": "false"
},{
    "action": "log_data",
    "login": {
        "uid": "2",
        "date_time": "2018-02-28 11:39:39",
        "client_ip": "10.22.39.23",
        "isEmpty": "false"
    },
    "window": "Users",
    "extra": "extra Data",
    "isEmpty": "false"
},{
    "action": "log_data",
    "login": {
        "uid": "2",
        "date_time": "2018-02-28 11:40:27",
        "client_ip": "10.22.39.23"
    },
    "window": " New Patient ",
    "extra": "New patient Opened"
},{
    "action": "log_data",
    "login": {
        "uid": "2",
        "date_time": "2018-02-28 11:40:34",
        "client_ip": "10.22.39.23",
        "isEmpty": "false"
    },
    "window": "Users",
    "extra": "extra Data",
    "isEmpty": "false"
},{
    "action": "log_data",
    "login": {
        "uid": "2",
        "date_time": "2018-02-28 11:41:58",
        "client_ip": "10.22.39.23",
        "isEmpty": "false"
    },
    "window": "Users",
    "extra": "extra Data",
    "isEmpty": "false"
},{
    "action": "log_data",
    "login": {
        "uid": "2",
        "date_time": "2018-02-28 11:45:49",
        "client_ip": "10.22.39.23",
        "isEmpty": "false"
    },
    "window": "Users",
    "extra": "extra Data",
    "isEmpty": "false"
},{
    "action": "log_data",
    "login": {
        "uid": "2",
        "date_time": "2018-02-28 11:46:09",
        "client_ip": "10.22.39.23",
        "isEmpty": "false"
    },
    "window": "Users",
    "extra": "extra Data",
    "isEmpty": "false"
},{
    "action": "log_data",
    "login": {
        "uid": "2",
        "date_time": "2018-02-28 11:46:20",
        "client_ip": "10.22.39.23",
        "isEmpty": "false"
    },
    "window": "Users",
    "extra": "extra Data",
    "isEmpty": "false"
},{
    "action": "log_data",
    "login": {
        "uid": "2",
        "date_time": "2018-02-28 11:46:40",
        "client_ip": "10.22.39.23",
        "isEmpty": "false"
    },
    "window": "Users",
    "extra": "extra Data",
    "isEmpty": "false"
},{
    "action": "log_data",
    "login": {
        "uid": "2",
        "date_time": "2018-02-28 11:47:04",
        "client_ip": "10.22.39.23",
        "isEmpty": "false"
    },
    "window": "Users",
    "extra": "extra Data",
    "isEmpty": "false"
},{
    "action": "log_data",
    "login": {
        "uid": "2",
        "date_time": "2018-02-28 11:47:36",
        "client_ip": "10.22.39.23",
        "isEmpty": "false"
    },
    "window": "Users",
    "extra": "extra Data",
    "isEmpty": "false"
},{
    "action": "log_data",
    "login": {
        "uid": "2",
        "date_time": "2018-02-28 11:48:06",
        "client_ip": "10.22.39.23",
        "isEmpty": "false"
    },
    "window": "Users",
    "extra": "extra Data",
    "isEmpty": "false"
},{
    "action": "log_data",
    "login": {
        "uid": "2",
        "date_time": "2018-02-28 11:48:47",
        "client_ip": "10.22.39.23",
        "isEmpty": "false"
    },
    "window": "Users",
    "extra": "extra Data",
    "isEmpty": "false"
},{
    "action": "log_data",
    "login": {
        "uid": "2",
        "date_time": "2018-02-28 11:49:27",
        "client_ip": "10.22.39.23",
        "isEmpty": "false"
    },
    "window": "Users",
    "extra": "extra Data",
    "isEmpty": "false"
},{
    "action": "log_data",
    "login": {
        "uid": "2",
        "date_time": "2018-02-28 11:49:51",
        "client_ip": "10.22.39.23",
        "isEmpty": "false"
    },
    "window": "Users",
    "extra": "extra Data",
    "isEmpty": "false"
},{
    "action": "log_data",
    "login": {
        "uid": "2",
        "date_time": "2018-02-28 11:50:30",
        "client_ip": "10.22.39.23",
        "isEmpty": "false"
    },
    "window": "Users",
    "extra": "extra Data",
    "isEmpty": "false"
},{
    "action": "log_data",
    "login": {
        "uid": "2",
        "date_time": "2018-02-28 11:51:35",
        "client_ip": "10.22.39.23",
        "isEmpty": "false"
    },
    "window": "Users",
    "extra": "extra Data",
    "isEmpty": "false"
},{
    "action": "log_data",
    "login": {
        "uid": "2",
        "date_time": "2018-02-28 11:51:56",
        "client_ip": "10.22.39.23",
        "isEmpty": "false"
    },
    "window": "Users",
    "extra": "extra Data",
    "isEmpty": "false"
},{
    "action": "log_data",
    "login": {
        "uid": "2",
        "date_time": "2018-02-28 11:52:02",
        "client_ip": "10.22.39.23",
        "isEmpty": "false"
    },
    "window": "Users",
    "extra": "extra Data",
    "isEmpty": "false"
},{
    "action": "log_data",
    "login": {
        "uid": "2",
        "date_time": "2018-02-28 11:56:06",
        "client_ip": "10.22.39.23",
        "isEmpty": "false"
    },
    "window": "Users",
    "extra": "extra Data",
    "isEmpty": "false"
},{
    "action": "log_data",
    "login": {
        "uid": "2",
        "date_time": "2018-02-28 11:56:19",
        "client_ip": "10.22.39.23",
        "isEmpty": "false"
    },
    "window": " New Patient ",
    "extra": "New patient Opened",
    "isEmpty": "false"
},{
    "action": "log_data",
    "login": {
        "uid": "2",
        "date_time": "2018-02-28 11:56:57",
        "client_ip": "10.22.39.23"
    },
    "window": " New Patient ",
    "extra": "New patient Opened"
},{
    "action": "log_data",
    "login": {
        "uid": "2",
        "date_time": "2018-02-28 11:57:00",
        "client_ip": "10.22.39.23",
        "isEmpty": "false"
    },
    "window": "Users",
    "extra": "extra Data",
    "isEmpty": "false"
},{
    "action": "log_data",
    "login": {
        "uid": "2",
        "date_time": "2018-02-28 11:57:07",
        "client_ip": "10.22.39.23",
        "isEmpty": "false"
    },
    "window": " New Patient ",
    "extra": "New patient Opened",
    "isEmpty": "false"
},{
    "action": "log_data",
    "login": {
        "uid": "2",
        "date_time": "2018-02-28 12:01:26",
        "client_ip": "10.22.39.23"
    },
    "window": " New Patient ",
    "extra": "New patient Opened"
},{
    "action": "log_data",
    "login": {
        "uid": "2",
        "date_time": "2018-02-28 12:01:29",
        "client_ip": "10.22.39.23",
        "isEmpty": "false"
    },
    "window": "Users",
    "extra": "extra Data",
    "isEmpty": "false"
},{
    "action": "log_data",
    "login": {
        "uid": "2",
        "date_time": "2018-02-28 12:04:15",
        "client_ip": "10.22.39.23",
        "isEmpty": "false"
    },
    "window": "Users",
    "extra": "extra Data",
    "isEmpty": "false"
},{
    "action": "log_data",
    "login": {
        "uid": "2",
        "date_time": "2018-02-28 12:05:44",
        "client_ip": "10.22.39.23",
        "isEmpty": "false"
    },
    "window": "Users",
    "extra": "extra Data",
    "isEmpty": "false"
},{
    "action": "log_data",
    "login": {
        "uid": "2",
        "date_time": "2018-02-28 12:06:41",
        "client_ip": "10.22.39.23",
        "isEmpty": "false"
    },
    "window": "Users",
    "extra": "extra Data",
    "isEmpty": "false"
},{
    "action": "log_data",
    "login": {
        "uid": "2",
        "date_time": "2018-02-28 12:07:43",
        "client_ip": "10.22.39.23",
        "isEmpty": "false"
    },
    "window": "Users",
    "extra": "extra Data",
    "isEmpty": "false"
},{
    "action": "log_data",
    "login": {
        "uid": "2",
        "date_time": "2018-02-28 12:08:49",
        "client_ip": "10.22.39.23",
        "isEmpty": "false"
    },
    "window": "Users",
    "extra": "extra Data",
    "isEmpty": "false"
},{
    "action": "log_data",
    "login": {
        "uid": "2",
        "date_time": "2018-02-28 12:09:33",
        "client_ip": "10.22.39.23",
        "isEmpty": "false"
    },
    "window": "Users",
    "extra": "extra Data",
    "isEmpty": "false"
},{
    "action": "log_data",
    "login": {
        "uid": "2",
        "date_time": "2018-02-28 12:09:38",
        "client_ip": "10.22.39.23",
        "isEmpty": "false"
    },
    "window": " New Patient ",
    "extra": "New patient Opened",
    "isEmpty": "false"
},{
    "action": "log_data",
    "login": {
        "uid": "2",
        "date_time": "2018-02-28 12:09:45",
        "client_ip": "10.22.39.23",
        "isEmpty": "false"
    },
    "window": "Users",
    "extra": "extra Data",
    "isEmpty": "false"
},{
    "action": "log_data",
    "login": {
        "uid": "2",
        "date_time": "2018-02-28 12:10:17",
        "client_ip": "10.22.39.23",
        "isEmpty": "false"
    },
    "window": "Users",
    "extra": "extra Data",
    "isEmpty": "false"
},{
    "action": "log_data",
    "login": {
        "uid": "2",
        "date_time": "2018-02-28 12:10:43",
        "client_ip": "10.22.39.23",
        "isEmpty": "false"
    },
    "window": "Users",
    "extra": "extra Data",
    "isEmpty": "false"
},{
    "action": "log_data",
    "login": {
        "uid": "2",
        "date_time": "2018-02-28 12:10:55",
        "client_ip": "10.22.39.23",
        "isEmpty": "false"
    },
    "window": "Users",
    "extra": "extra Data",
    "isEmpty": "false"
},{
    "action": "log_data",
    "login": {
        "uid": "2",
        "date_time": "2018-02-28 12:11:56",
        "client_ip": "10.22.39.23",
        "isEmpty": "false"
    },
    "window": "Users",
    "extra": "extra Data",
    "isEmpty": "false"
},{
    "action": "log_data",
    "login": {
        "uid": "2",
        "date_time": "2018-02-28 12:15:33",
        "client_ip": "10.22.39.23",
        "isEmpty": "false"
    },
    "window": "Users",
    "extra": "extra Data",
    "isEmpty": "false"
},{
    "action": "log_data",
    "login": {
        "uid": "2",
        "date_time": "2018-02-28 12:18:17",
        "client_ip": "10.22.39.23",
        "isEmpty": "false"
    },
    "window": "Users",
    "extra": "extra Data",
    "isEmpty": "false"
},{
    "action": "log_data",
    "login": {
        "uid": "2",
        "date_time": "2018-02-28 12:19:14",
        "client_ip": "10.22.39.23",
        "isEmpty": "false"
    },
    "window": "Users",
    "extra": "extra Data",
    "isEmpty": "false"
},{
    "action": "log_data",
    "login": {
        "uid": "2",
        "date_time": "2018-02-28 12:23:14",
        "client_ip": "10.22.39.23",
        "isEmpty": "false"
    },
    "window": "Users",
    "extra": "extra Data",
    "isEmpty": "false"
},{
    "action": "log_data",
    "login": {
        "uid": "2",
        "date_time": "2018-02-28 12:27:18",
        "client_ip": "10.22.39.23",
        "isEmpty": "false"
    },
    "window": "Users",
    "extra": "extra Data",
    "isEmpty": "false"
},{
    "action": "log_data",
    "login": {
        "uid": "2",
        "date_time": "2018-02-28 12:27:46",
        "client_ip": "10.22.39.23",
        "isEmpty": "false"
    },
    "window": "Users",
    "extra": "extra Data",
    "isEmpty": "false"
},{
    "action": "log_data",
    "login": {
        "uid": "2",
        "date_time": "2018-02-28 12:28:14",
        "client_ip": "10.22.39.23",
        "isEmpty": "false"
    },
    "window": "Users",
    "extra": "extra Data",
    "isEmpty": "false"
},{
    "action": "log_data",
    "login": {
        "uid": "2",
        "date_time": "2018-02-28 12:28:37",
        "client_ip": "10.22.39.23",
        "isEmpty": "false"
    },
    "window": "Users",
    "extra": "extra Data",
    "isEmpty": "false"
},{
    "action": "log_data",
    "login": {
        "uid": "2",
        "date_time": "2018-02-28 12:28:51",
        "client_ip": "10.22.39.23",
        "isEmpty": "false"
    },
    "window": "Users",
    "extra": "extra Data",
    "isEmpty": "false"
},{
    "action": "log_data",
    "login": {
        "uid": "2",
        "date_time": "2018-02-28 12:29:37",
        "client_ip": "10.22.39.23",
        "isEmpty": "false"
    },
    "window": "Users",
    "extra": "extra Data",
    "isEmpty": "false"
},{
    "action": "log_data",
    "login": {
        "uid": "2",
        "date_time": "2018-02-28 12:30:21",
        "client_ip": "10.22.39.23",
        "isEmpty": "false"
    },
    "window": "Users",
    "extra": "extra Data",
    "isEmpty": "false"
},{
    "action": "log_data",
    "login": {
        "uid": "2",
        "date_time": "2018-02-28 12:30:45",
        "client_ip": "10.22.39.23",
        "isEmpty": "false"
    },
    "window": "Users",
    "extra": "extra Data",
    "isEmpty": "false"
},{
    "action": "log_data",
    "login": {
        "uid": "2",
        "date_time": "2018-02-28 12:31:16",
        "client_ip": "10.22.39.23",
        "isEmpty": "false"
    },
    "window": "Users",
    "extra": "extra Data",
    "isEmpty": "false"
},{
    "action": "log_data",
    "login": {
        "uid": "2",
        "date_time": "2018-02-28 12:32:52",
        "client_ip": "10.22.39.23",
        "isEmpty": "false"
    },
    "window": "Users",
    "extra": "extra Data",
    "isEmpty": "false"
},{
    "action": "log_data",
    "login": {
        "uid": "2",
        "date_time": "2018-02-28 12:33:39",
        "client_ip": "10.22.39.23",
        "isEmpty": "false"
    },
    "window": "Users",
    "extra": "extra Data",
    "isEmpty": "false"
},{
    "action": "log_data",
    "login": {
        "uid": "2",
        "date_time": "2018-02-28 12:34:41",
        "client_ip": "10.22.39.23",
        "isEmpty": "false"
    },
    "window": "Users",
    "extra": "extra Data",
    "isEmpty": "false"
},{
    "action": "log_data",
    "login": {
        "uid": "2",
        "date_time": "2018-02-28 12:35:56",
        "client_ip": "10.22.39.23",
        "isEmpty": "false"
    },
    "window": "Users",
    "extra": "extra Data",
    "isEmpty": "false"
},{
    "action": "log_data",
    "login": {
        "uid": "2",
        "date_time": "2018-02-28 12:37:02",
        "client_ip": "10.22.39.23",
        "isEmpty": "false"
    },
    "window": " New Patient ",
    "extra": "New patient Opened",
    "isEmpty": "false"
},{
    "action": "log_data",
    "login": {
        "uid": "2",
        "date_time": "2018-02-28 12:37:12",
        "client_ip": "10.22.39.23",
        "isEmpty": "false"
    },
    "window": "Users",
    "extra": "extra Data",
    "isEmpty": "false"
},{
    "action": "log_data",
    "login": {
        "uid": "2",
        "date_time": "2018-02-28 12:44:14",
        "client_ip": "10.22.39.23",
        "isEmpty": "false"
    },
    "window": "Users",
    "extra": "extra Data",
    "isEmpty": "false"
},{
    "action": "log_data",
    "login": {
        "uid": "1",
        "date_time": "2018-02-28 12:47:08",
        "client_ip": "203.193.173.148",
        "isEmpty": "false"
    },
    "window": "Users",
    "extra": "extra Data",
    "isEmpty": "false"
},{
    "action": "log_data",
    "login": {
        "uid": "1",
        "date_time": "2018-02-28 12:47:45",
        "client_ip": "203.193.173.148",
        "isEmpty": "false"
    },
    "window": "Users",
    "extra": "extra Data",
    "isEmpty": "false"
},{
    "action": "log_data",
    "login": {
        "uid": "1",
        "date_time": "2018-02-28 12:47:56",
        "client_ip": "203.193.173.148",
        "isEmpty": "false"
    },
    "window": "Users",
    "extra": "extra Data",
    "isEmpty": "false"
},{
    "action": "log_data",
    "login": {
        "uid": "1",
        "date_time": "2018-02-28 12:49:35",
        "client_ip": "203.193.173.148",
        "isEmpty": "false"
    },
    "window": "Users",
    "extra": "extra Data",
    "isEmpty": "false"
},{
    "action": "log_data",
    "login": {
        "uid": "1",
        "date_time": "2018-02-28 12:50:26",
        "client_ip": "203.193.173.148",
        "isEmpty": "false"
    },
    "window": "Users",
    "extra": "extra Data",
    "isEmpty": "false"
},{
    "action": "log_data",
    "login": {
        "uid": "1",
        "date_time": "2018-02-28 12:50:56",
        "client_ip": "10.22.39.23",
        "isEmpty": "false"
    },
    "window": "Users",
    "extra": "extra Data",
    "isEmpty": "false"
},{
    "action": "log_data",
    "login": {
        "uid": "1",
        "date_time": "2018-02-28 12:51:11",
        "client_ip": "203.193.173.148",
        "isEmpty": "false"
    },
    "window": "Users",
    "extra": "extra Data",
    "isEmpty": "false"
},{
    "action": "log_data",
    "login": {
        "uid": "1",
        "date_time": "2018-02-28 12:51:34",
        "client_ip": "10.22.39.23",
        "isEmpty": "false"
    },
    "window": "Users",
    "extra": "extra Data",
    "isEmpty": "false"
},{
    "action": "log_data",
    "login": {
        "uid": "1",
        "date_time": "2018-02-28 12:51:56",
        "client_ip": "10.22.39.23",
        "isEmpty": "false"
    },
    "window": "Users",
    "extra": "extra Data",
    "isEmpty": "false"
},{
    "action": "log_data",
    "login": {
        "uid": "1",
        "date_time": "2018-02-28 12:51:55",
        "client_ip": "203.193.173.148",
        "isEmpty": "false"
    },
    "window": "Users",
    "extra": "extra Data",
    "isEmpty": "false"
},{
    "action": "log_data",
    "login": {
        "uid": "1",
        "date_time": "2018-02-28 12:52:10",
        "client_ip": "203.193.173.148",
        "isEmpty": "false"
    },
    "window": "Users",
    "extra": "extra Data",
    "isEmpty": "false"
},{
    "action": "log_data",
    "login": {
        "uid": "1",
        "date_time": "2018-02-28 12:52:37",
        "client_ip": "10.22.39.23",
        "isEmpty": "false"
    },
    "window": "Users",
    "extra": "extra Data",
    "isEmpty": "false"
},{
    "action": "log_data",
    "login": {
        "uid": "1",
        "date_time": "2018-02-28 12:52:52",
        "client_ip": "203.193.173.148",
        "isEmpty": "false"
    },
    "window": "Users",
    "extra": "extra Data",
    "isEmpty": "false"
},{
    "action": "log_data",
    "login": {
        "uid": "4",
        "date_time": "2018-02-28 12:54:13",
        "client_ip": "10.22.39.22"
    },
    "window": " New Patient ",
    "extra": "New patient Opened"
},{
    "action": "log_data",
    "login": {
        "uid": "4",
        "date_time": "2018-02-28 12:55:10",
        "client_ip": "10.22.39.22"
    },
    "window": " New Patient ",
    "extra": "New patient Opened"
},{
    "action": "log_data",
    "login": {
        "uid": "2",
        "date_time": "2018-02-28 12:57:00",
        "client_ip": "203.193.173.148",
        "isEmpty": "false"
    },
    "window": "Users",
    "extra": "extra Data",
    "isEmpty": "false"
},{
    "action": "log_data",
    "login": {
        "uid": "1",
        "date_time": "2018-02-28 12:57:39",
        "client_ip": "10.22.39.23",
        "isEmpty": "false"
    },
    "window": "Users",
    "extra": "extra Data",
    "isEmpty": "false"
},{
    "action": "log_data",
    "login": {
        "uid": "2",
        "date_time": "2018-02-28 12:57:57",
        "client_ip": "203.193.173.148",
        "isEmpty": "false"
    },
    "window": "Users",
    "extra": "extra Data",
    "isEmpty": "false"
},{
    "action": "log_data",
    "login": {
        "uid": "1",
        "date_time": "2018-02-28 12:58:55",
        "client_ip": "10.22.39.23",
        "isEmpty": "false"
    },
    "window": "Users",
    "extra": "extra Data",
    "isEmpty": "false"
},{
    "action": "log_data",
    "login": {
        "uid": "2",
        "date_time": "2018-02-28 12:59:05",
        "client_ip": "203.193.173.148",
        "isEmpty": "false"
    },
    "window": "Users",
    "extra": "extra Data",
    "isEmpty": "false"
},{
    "action": "log_data",
    "login": {
        "uid": "2",
        "date_time": "2018-02-28 12:59:31",
        "client_ip": "203.193.173.148",
        "isEmpty": "false"
    },
    "window": "Users",
    "extra": "extra Data",
    "isEmpty": "false"
},{
    "action": "log_data",
    "login": {
        "uid": "1",
        "date_time": "2018-02-28 13:02:17",
        "client_ip": "10.22.39.23",
        "isEmpty": "false"
    },
    "window": "Users",
    "extra": "extra Data",
    "isEmpty": "false"
},{
    "action": "log_data",
    "login": {
        "uid": "1",
        "date_time": "2018-02-28 13:02:48",
        "client_ip": "10.22.39.23",
        "isEmpty": "false"
    },
    "window": "Users",
    "extra": "extra Data",
    "isEmpty": "false"
},{
    "action": "log_data",
    "login": {
        "uid": "1",
        "date_time": "2018-02-28 13:03:39",
        "client_ip": "10.22.39.23",
        "isEmpty": "false"
    },
    "window": "Users",
    "extra": "extra Data",
    "isEmpty": "false"
},{
    "action": "log_data",
    "login": {
        "uid": "1",
        "date_time": "2018-02-28 13:05:42",
        "client_ip": "10.22.39.23",
        "isEmpty": "false"
    },
    "window": "Users",
    "extra": "extra Data",
    "isEmpty": "false"
},{
    "action": "log_data",
    "login": {
        "uid": "1",
        "date_time": "2018-02-28 13:06:12",
        "client_ip": "10.22.39.23",
        "isEmpty": "false"
    },
    "window": "Users",
    "extra": "extra Data",
    "isEmpty": "false"
},{
    "action": "log_data",
    "login": {
        "uid": "2",
        "date_time": "2018-02-28 13:06:44",
        "client_ip": "10.22.39.23"
    },
    "window": "Users",
    "extra": "extra Data"
},{
    "action": "log_data",
    "login": {
        "uid": "2",
        "date_time": "2018-02-28 13:07:01",
        "client_ip": "10.22.39.23",
        "isEmpty": "false"
    },
    "window": "Users",
    "extra": "extra Data",
    "isEmpty": "false"
},{
    "action": "log_data",
    "login": {
        "uid": "2",
        "date_time": "2018-02-28 13:07:12",
        "client_ip": "203.193.173.148",
        "isEmpty": "false"
    },
    "window": "Users",
    "extra": "extra Data",
    "isEmpty": "false"
},{
    "action": "log_data",
    "login": {
        "uid": "2",
        "date_time": "2018-02-28 13:07:43",
        "client_ip": "203.193.173.148",
        "isEmpty": "false"
    },
    "window": "Users",
    "extra": "extra Data",
    "isEmpty": "false"
},{
    "action": "log_data",
    "login": {
        "uid": "1",
        "date_time": "2018-02-28 14:25:47",
        "client_ip": "202.62.71.157",
        "isEmpty": "false"
    },
    "window": "Users",
    "extra": "extra Data",
    "isEmpty": "false"
},{
    "action": "log_data",
    "login": {
        "uid": "2",
        "date_time": "2018-02-28 19:33:34",
        "client_ip": "10.22.39.23",
        "isEmpty": "false"
    },
    "window": "Users",
    "extra": "extra Data",
    "isEmpty": "false"
},{
    "action": "log_data",
    "login": {
        "uid": "1",
        "date_time": "2018-02-28 19:34:32",
        "client_ip": "10.22.39.44",
        "isEmpty": "false"
    },
    "window": "Users",
    "extra": "extra Data",
    "isEmpty": "false"
},{
    "action": "log_data",
    "login": {
        "uid": "1",
        "date_time": "2018-02-28 19:35:14",
        "client_ip": "10.22.39.44",
        "isEmpty": "false"
    },
    "window": "Users",
    "extra": "extra Data",
    "isEmpty": "false"
},{
    "action": "log_data",
    "login": {
        "uid": "1",
        "date_time": "2018-02-28 19:35:35",
        "client_ip": "10.22.39.44"
    },
    "window": "Doctor_ConsultData is Loaded",
    "extra": ""
},{
    "action": "log_data",
    "login": {
        "uid": "1",
        "date_time": "2018-02-28 19:35:40",
        "client_ip": "10.22.39.44"
    },
    "window": " New Patient ",
    "extra": "New patient Opened"
},{
    "action": "log_data",
    "login": {
        "uid": "1",
        "date_time": "2018-02-28 19:36:15",
        "client_ip": "10.22.39.44",
        "isEmpty": "false"
    },
    "window": "Users",
    "extra": "extra Data",
    "isEmpty": "false"
},{
    "action": "log_data",
    "login": {
        "uid": "1",
        "date_time": "2018-02-28 19:36:41",
        "client_ip": "10.22.39.44",
        "isEmpty": "false"
    },
    "window": "Doctor_ConsultData is Loaded",
    "extra": "",
    "isEmpty": "false"
},{
    "action": "log_data",
    "login": {
        "uid": "1",
        "date_time": "2018-02-28 19:36:43",
        "client_ip": "10.22.39.44",
        "isEmpty": "false"
    },
    "window": " New Patient ",
    "extra": "New patient Opened",
    "isEmpty": "false"
},{
    "action": "log_data",
    "login": {
        "uid": "1",
        "date_time": "2018-02-28 19:42:24",
        "client_ip": "10.22.39.44"
    },
    "window": " New Patient ",
    "extra": "New patient Opened"
},{
    "action": "log_data",
    "login": {
        "uid": "1",
        "date_time": "2018-02-28 19:42:35",
        "client_ip": "10.22.39.44",
        "isEmpty": "false"
    },
    "window": "Users",
    "extra": "extra Data",
    "isEmpty": "false"
},{
    "action": "log_data",
    "login": {
        "uid": "1",
        "date_time": "2018-02-28 19:43:13",
        "client_ip": "10.22.39.44",
        "isEmpty": "false"
    },
    "window": "Users",
    "extra": "extra Data",
    "isEmpty": "false"
},{
    "action": "log_data",
    "login": {
        "uid": "1",
        "date_time": "2018-02-28 19:43:25",
        "client_ip": "10.22.39.44",
        "isEmpty": "false"
    },
    "window": "Users",
    "extra": "extra Data",
    "isEmpty": "false"
},{
    "action": "log_data",
    "login": {
        "uid": "1",
        "date_time": "2018-02-28 19:43:31",
        "client_ip": "10.22.39.44",
        "isEmpty": "false"
    },
    "window": "Users",
    "extra": "extra Data",
    "isEmpty": "false"
},{
    "action": "log_data",
    "login": {
        "uid": "1",
        "date_time": "2018-02-28 19:43:41",
        "client_ip": "10.22.39.44"
    },
    "window": " New Patient ",
    "extra": "New patient Opened"
},{
    "action": "log_data",
    "login": {
        "uid": "1",
        "date_time": "2018-02-28 19:43:48",
        "client_ip": "10.22.39.44",
        "isEmpty": "false"
    },
    "window": "Users",
    "extra": "extra Data",
    "isEmpty": "false"
},{
    "action": "log_data",
    "login": {
        "uid": "1",
        "date_time": "2018-02-28 19:46:10",
        "client_ip": "10.22.39.44",
        "isEmpty": "false"
    },
    "window": "Users",
    "extra": "extra Data",
    "isEmpty": "false"
},{
    "action": "log_data",
    "login": {
        "uid": "1",
        "date_time": "2018-02-28 19:46:22",
        "client_ip": "10.22.39.44"
    },
    "window": " New Patient ",
    "extra": "New patient Opened"
},{
    "action": "log_data",
    "login": {
        "uid": "1",
        "date_time": "2018-02-28 19:46:29",
        "client_ip": "10.22.39.44",
        "isEmpty": "false"
    },
    "window": "Users",
    "extra": "extra Data",
    "isEmpty": "false"
},{
    "action": "log_data",
    "login": {
        "uid": "1",
        "date_time": "2018-02-28 19:48:29",
        "client_ip": "10.22.39.44",
        "isEmpty": "false"
    },
    "window": "Doctor_ConsultData is Loaded",
    "extra": "",
    "isEmpty": "false"
},{
    "action": "log_data",
    "login": {
        "uid": "1",
        "date_time": "2018-02-28 19:48:33",
        "client_ip": "10.22.39.44"
    },
    "window": "Doctor_ConsultData is Loaded",
    "extra": ""
},{
    "action": "log_data",
    "login": {
        "uid": "1",
        "date_time": "2018-02-28 19:48:39",
        "client_ip": "10.22.39.44"
    },
    "window": " New Patient ",
    "extra": "New patient Opened"
},{
    "action": "log_data",
    "login": {
        "uid": "1",
        "date_time": "2018-02-28 19:48:44",
        "client_ip": "10.22.39.44",
        "isEmpty": "false"
    },
    "window": "Users",
    "extra": "extra Data",
    "isEmpty": "false"
},{
    "action": "log_data",
    "login": {
        "uid": "1",
        "date_time": "2018-02-28 19:50:14",
        "client_ip": "10.22.39.44",
        "isEmpty": "false"
    },
    "window": "Users",
    "extra": "extra Data",
    "isEmpty": "false"
},{
    "action": "log_data",
    "login": {
        "uid": "1",
        "date_time": "2018-02-28 19:56:07",
        "client_ip": "10.22.39.44",
        "isEmpty": "false"
    },
    "window": "Users",
    "extra": "extra Data",
    "isEmpty": "false"
},{
    "action": "log_data",
    "login": {
        "uid": "1",
        "date_time": "2018-02-28 19:56:21",
        "client_ip": "10.22.39.44",
        "isEmpty": "false"
    },
    "window": "Users",
    "extra": "extra Data",
    "isEmpty": "false"
},{
    "action": "log_data",
    "login": {
        "uid": "1",
        "date_time": "2018-02-28 19:56:52",
        "client_ip": "10.22.39.44",
        "isEmpty": "false"
    },
    "window": "Users",
    "extra": "extra Data",
    "isEmpty": "false"
},{
    "action": "log_data",
    "login": {
        "uid": "1",
        "date_time": "2018-02-28 19:57:56",
        "client_ip": "10.22.39.44",
        "isEmpty": "false"
    },
    "window": "Users",
    "extra": "extra Data",
    "isEmpty": "false"
},{
    "action": "log_data",
    "login": {
        "uid": "1",
        "date_time": "2018-02-28 19:59:07",
        "client_ip": "10.22.39.44",
        "isEmpty": "false"
    },
    "window": "Users",
    "extra": "extra Data",
    "isEmpty": "false"
},{
    "action": "log_data",
    "login": {
        "uid": "1",
        "date_time": "2018-02-28 19:59:19",
        "client_ip": "10.22.39.44",
        "isEmpty": "false"
    },
    "window": "Users",
    "extra": "extra Data",
    "isEmpty": "false"
},{
    "action": "log_data",
    "login": {
        "uid": "1",
        "date_time": "2018-02-28 20:00:44",
        "client_ip": "10.22.39.44",
        "isEmpty": "false"
    },
    "window": "Users",
    "extra": "extra Data",
    "isEmpty": "false"
},{
    "action": "log_data",
    "login": {
        "uid": "1",
        "date_time": "2018-02-28 20:02:10",
        "client_ip": "10.22.39.44",
        "isEmpty": "false"
    },
    "window": "Users",
    "extra": "extra Data",
    "isEmpty": "false"
},{
    "action": "log_data",
    "login": {
        "uid": "2",
        "date_time": "2018-02-28 20:03:52",
        "client_ip": "10.22.39.23",
        "isEmpty": "false"
    },
    "window": "Users",
    "extra": "extra Data",
    "isEmpty": "false"
},{
    "action": "log_data",
    "login": {
        "uid": "2",
        "date_time": "2018-02-28 20:04:01",
        "client_ip": "10.22.39.23",
        "isEmpty": "false"
    },
    "window": "Users",
    "extra": "extra Data",
    "isEmpty": "false"
},{
    "action": "log_data",
    "login": {
        "uid": "2",
        "date_time": "2018-02-28 20:05:05",
        "client_ip": "10.22.39.23",
        "isEmpty": "false"
    },
    "window": "Users",
    "extra": "extra Data",
    "isEmpty": "false"
},{
    "action": "log_data",
    "login": {
        "uid": "2",
        "date_time": "2018-02-28 20:06:49",
        "client_ip": "10.22.39.23",
        "isEmpty": "false"
    },
    "window": "Users",
    "extra": "extra Data",
    "isEmpty": "false"
},{
    "action": "log_data",
    "login": {
        "uid": "2",
        "date_time": "2018-02-28 20:07:36",
        "client_ip": "10.22.39.23",
        "isEmpty": "false"
    },
    "window": "Users",
    "extra": "extra Data",
    "isEmpty": "false"
},{
    "action": "log_data",
    "login": {
        "uid": "2",
        "date_time": "2018-02-28 20:08:37",
        "client_ip": "10.22.39.23",
        "isEmpty": "false"
    },
    "window": "Users",
    "extra": "extra Data",
    "isEmpty": "false"
},{
    "action": "log_data",
    "login": {
        "uid": "2",
        "date_time": "2018-02-28 20:10:03",
        "client_ip": "10.22.39.23",
        "isEmpty": "false"
    },
    "window": "Users",
    "extra": "extra Data",
    "isEmpty": "false"
},{
    "action": "log_data",
    "login": {
        "uid": "2",
        "date_time": "2018-02-28 20:11:05",
        "client_ip": "10.22.39.23",
        "isEmpty": "false"
    },
    "window": "Users",
    "extra": "extra Data",
    "isEmpty": "false"
},{
    "action": "log_data",
    "login": {
        "uid": "2",
        "date_time": "2018-02-28 20:11:13",
        "client_ip": "10.22.39.23"
    },
    "window": " New Patient ",
    "extra": "New patient Opened"
},{
    "action": "log_data",
    "login": {
        "uid": "2",
        "date_time": "2018-02-28 20:11:19",
        "client_ip": "10.22.39.23",
        "isEmpty": "false"
    },
    "window": "Users",
    "extra": "extra Data",
    "isEmpty": "false"
},{
    "action": "log_data",
    "login": {
        "uid": "2",
        "date_time": "2018-02-28 20:11:27",
        "client_ip": "10.22.39.23",
        "isEmpty": "false"
    },
    "window": "Users",
    "extra": "extra Data",
    "isEmpty": "false"
},{
    "action": "log_data",
    "login": {
        "uid": "2",
        "date_time": "2018-02-28 20:13:43",
        "client_ip": "10.22.39.23",
        "isEmpty": "false"
    },
    "window": "Users",
    "extra": "extra Data",
    "isEmpty": "false"
},{
    "action": "log_data",
    "login": {
        "uid": "2",
        "date_time": "2018-02-28 20:14:58",
        "client_ip": "10.22.39.23",
        "isEmpty": "false"
    },
    "window": "Users",
    "extra": "extra Data",
    "isEmpty": "false"
},{
    "action": "log_data",
    "login": {
        "uid": "2",
        "date_time": "2018-02-28 20:16:16",
        "client_ip": "10.22.39.23",
        "isEmpty": "false"
    },
    "window": "Users",
    "extra": "extra Data",
    "isEmpty": "false"
},{
    "action": "log_data",
    "login": {
        "uid": "2",
        "date_time": "2018-02-28 20:16:44",
        "client_ip": "10.22.39.23",
        "isEmpty": "false"
    },
    "window": "Users",
    "extra": "extra Data",
    "isEmpty": "false"
},{
    "action": "log_data",
    "login": {
        "uid": "2",
        "date_time": "2018-02-28 20:19:01",
        "client_ip": "10.22.39.23",
        "isEmpty": "false"
    },
    "window": "Users",
    "extra": "extra Data",
    "isEmpty": "false"
},{
    "action": "log_data",
    "login": {
        "uid": "2",
        "date_time": "2018-02-28 20:19:29",
        "client_ip": "10.22.39.23"
    },
    "window": " New Patient ",
    "extra": "New patient Opened"
},{
    "action": "log_data",
    "login": {
        "uid": "2",
        "date_time": "2018-02-28 20:19:40",
        "client_ip": "10.22.39.23",
        "isEmpty": "false"
    },
    "window": "Users",
    "extra": "extra Data",
    "isEmpty": "false"
},{
    "action": "log_data",
    "login": {
        "uid": "2",
        "date_time": "2018-02-28 20:21:43",
        "client_ip": "10.22.39.23",
        "isEmpty": "false"
    },
    "window": "Users",
    "extra": "extra Data",
    "isEmpty": "false"
},{
    "action": "log_data",
    "login": {
        "uid": "2",
        "date_time": "2018-02-28 20:22:19",
        "client_ip": "10.22.39.23",
        "isEmpty": "false"
    },
    "window": "Users",
    "extra": "extra Data",
    "isEmpty": "false"
},{
    "action": "log_data",
    "login": {
        "uid": "2",
        "date_time": "2018-02-28 20:23:15",
        "client_ip": "10.22.39.23",
        "isEmpty": "false"
    },
    "window": "Users",
    "extra": "extra Data",
    "isEmpty": "false"
},{
    "action": "log_data",
    "login": {
        "uid": "2",
        "date_time": "2018-02-28 20:23:29",
        "client_ip": "10.22.39.23",
        "isEmpty": "false"
    },
    "window": " New Patient ",
    "extra": "New patient Opened",
    "isEmpty": "false"
},{
    "action": "log_data",
    "login": {
        "uid": "2",
        "date_time": "2018-02-28 20:23:33",
        "client_ip": "10.22.39.23"
    },
    "window": " New Patient ",
    "extra": "New patient Opened"
},{
    "action": "log_data",
    "login": {
        "uid": "2",
        "date_time": "2018-02-28 20:23:37",
        "client_ip": "10.22.39.23",
        "isEmpty": "false"
    },
    "window": "Users",
    "extra": "extra Data",
    "isEmpty": "false"
},{
    "action": "log_data",
    "login": {
        "uid": "2",
        "date_time": "2018-02-28 20:27:56",
        "client_ip": "10.22.39.23",
        "isEmpty": "false"
    },
    "window": "Users",
    "extra": "extra Data",
    "isEmpty": "false"
},{
    "action": "log_data",
    "login": {
        "uid": "1",
        "date_time": "2018-02-28 20:29:07",
        "client_ip": "10.22.39.45",
        "isEmpty": "false"
    },
    "window": "Users",
    "extra": "extra Data",
    "isEmpty": "false"
},{
    "action": "log_data",
    "login": {
        "uid": "2",
        "date_time": "2018-02-28 20:31:10",
        "client_ip": "10.22.39.23",
        "isEmpty": "false"
    },
    "window": "Users",
    "extra": "extra Data",
    "isEmpty": "false"
},{
    "action": "log_data",
    "login": {
        "uid": "1",
        "date_time": "2018-02-28 20:30:42",
        "client_ip": "10.22.39.45",
        "isEmpty": "false"
    },
    "window": "Users",
    "extra": "extra Data",
    "isEmpty": "false"
},{
    "action": "log_data",
    "login": {
        "uid": "2",
        "date_time": "2018-02-28 20:31:43",
        "client_ip": "10.22.39.23",
        "isEmpty": "false"
    },
    "window": "Users",
    "extra": "extra Data",
    "isEmpty": "false"
},{
    "action": "log_data",
    "login": {
        "uid": "2",
        "date_time": "2018-02-28 20:31:53",
        "client_ip": "10.22.39.23",
        "isEmpty": "false"
    },
    "window": " New Patient ",
    "extra": "New patient Opened",
    "isEmpty": "false"
},{
    "action": "log_data",
    "login": {
        "uid": "2",
        "date_time": "2018-02-28 20:31:58",
        "client_ip": "10.22.39.23"
    },
    "window": " New Patient ",
    "extra": "New patient Opened"
},{
    "action": "log_data",
    "login": {
        "uid": "2",
        "date_time": "2018-02-28 20:32:01",
        "client_ip": "10.22.39.23",
        "isEmpty": "false"
    },
    "window": "Users",
    "extra": "extra Data",
    "isEmpty": "false"
},{
    "action": "log_data",
    "login": {
        "uid": "2",
        "date_time": "2018-02-28 20:32:14",
        "client_ip": "10.22.39.23",
        "isEmpty": "false"
    },
    "window": "Doctor_ConsultData is Loaded",
    "extra": "",
    "isEmpty": "false"
},{
    "action": "log_data",
    "login": {
        "uid": "2",
        "date_time": "2018-02-28 20:32:45",
        "client_ip": "10.22.39.23",
        "isEmpty": "false"
    },
    "window": "Users",
    "extra": "extra Data",
    "isEmpty": "false"
},{
    "action": "log_data",
    "login": {
        "uid": "2",
        "date_time": "2018-02-28 20:37:18",
        "client_ip": "10.22.39.23",
        "isEmpty": "false"
    },
    "window": "Users",
    "extra": "extra Data",
    "isEmpty": "false"
},{
    "action": "log_data",
    "login": {
        "uid": "2",
        "date_time": "2018-02-28 20:37:36",
        "client_ip": "10.22.39.23",
        "isEmpty": "false"
    },
    "window": "Users",
    "extra": "extra Data",
    "isEmpty": "false"
},{
    "action": "log_data",
    "login": {
        "uid": "2",
        "date_time": "2018-02-28 20:38:08",
        "client_ip": "10.22.39.23"
    },
    "window": " New Patient ",
    "extra": "New patient Opened"
},{
    "action": "log_data",
    "login": {
        "uid": "2",
        "date_time": "2018-02-28 20:38:14",
        "client_ip": "10.22.39.23",
        "isEmpty": "false"
    },
    "window": "Users",
    "extra": "extra Data",
    "isEmpty": "false"
},{
    "action": "log_data",
    "login": {
        "uid": "2",
        "date_time": "2018-02-28 20:38:41",
        "client_ip": "10.22.39.23",
        "isEmpty": "false"
    },
    "window": "Users",
    "extra": "extra Data",
    "isEmpty": "false"
},{
    "action": "log_data",
    "login": {
        "uid": "2",
        "date_time": "2018-02-28 20:39:03",
        "client_ip": "10.22.39.23",
        "isEmpty": "false"
    },
    "window": "Users",
    "extra": "extra Data",
    "isEmpty": "false"
},{
    "action": "log_data",
    "login": {
        "uid": "2",
        "date_time": "2018-02-28 20:39:52",
        "client_ip": "10.22.39.23",
        "isEmpty": "false"
    },
    "window": "Users",
    "extra": "extra Data",
    "isEmpty": "false"
},{
    "action": "log_data",
    "login": {
        "uid": "2",
        "date_time": "2018-02-28 20:40:32",
        "client_ip": "10.22.39.23",
        "isEmpty": "false"
    },
    "window": "Users",
    "extra": "extra Data",
    "isEmpty": "false"
},{
    "action": "log_data",
    "login": {
        "uid": "2",
        "date_time": "2018-02-28 20:41:18",
        "client_ip": "10.22.39.23",
        "isEmpty": "false"
    },
    "window": "Users",
    "extra": "extra Data",
    "isEmpty": "false"
},{
    "action": "log_data",
    "login": {
        "uid": "2",
        "date_time": "2018-02-28 20:41:44",
        "client_ip": "10.22.39.23",
        "isEmpty": "false"
    },
    "window": "Users",
    "extra": "extra Data",
    "isEmpty": "false"
},{
    "action": "log_data",
    "login": {
        "uid": "2",
        "date_time": "2018-02-28 20:43:04",
        "client_ip": "10.22.39.23",
        "isEmpty": "false"
    },
    "window": "Users",
    "extra": "extra Data",
    "isEmpty": "false"
},{
    "action": "log_data",
    "login": {
        "uid": "2",
        "date_time": "2018-02-28 20:43:48",
        "client_ip": "10.22.39.23",
        "isEmpty": "false"
    },
    "window": "Users",
    "extra": "extra Data",
    "isEmpty": "false"
},{
    "action": "log_data",
    "login": {
        "uid": "2",
        "date_time": "2018-02-28 20:45:52",
        "client_ip": "10.22.39.23",
        "isEmpty": "false"
    },
    "window": "Users",
    "extra": "extra Data",
    "isEmpty": "false"
},{
    "action": "log_data",
    "login": {
        "uid": "2",
        "date_time": "2018-02-28 20:46:23",
        "client_ip": "10.22.39.23",
        "isEmpty": "false"
    },
    "window": "Users",
    "extra": "extra Data",
    "isEmpty": "false"
},{
    "action": "log_data",
    "login": {
        "uid": "2",
        "date_time": "2018-02-28 20:46:36",
        "client_ip": "10.22.39.23",
        "isEmpty": "false"
    },
    "window": "Users",
    "extra": "extra Data",
    "isEmpty": "false"
},{
    "action": "log_data",
    "login": {
        "uid": "2",
        "date_time": "2018-02-28 20:47:29",
        "client_ip": "10.22.39.23",
        "isEmpty": "false"
    },
    "window": "Users",
    "extra": "extra Data",
    "isEmpty": "false"
},{
    "action": "log_data",
    "login": {
        "uid": "2",
        "date_time": "2018-02-28 20:48:24",
        "client_ip": "10.22.39.23",
        "isEmpty": "false"
    },
    "window": "Users",
    "extra": "extra Data",
    "isEmpty": "false"
},{
    "action": "log_data",
    "login": {
        "uid": "2",
        "date_time": "2018-02-28 20:52:33",
        "client_ip": "10.22.39.23",
        "isEmpty": "false"
    },
    "window": "Users",
    "extra": "extra Data",
    "isEmpty": "false"
},{
    "action": "log_data",
    "login": {
        "uid": "2",
        "date_time": "2018-02-28 20:53:04",
        "client_ip": "10.22.39.23",
        "isEmpty": "false"
    },
    "window": "Users",
    "extra": "extra Data",
    "isEmpty": "false"
},{
    "action": "log_data",
    "login": {
        "uid": "2",
        "date_time": "2018-02-28 20:55:11",
        "client_ip": "10.22.39.23",
        "isEmpty": "false"
    },
    "window": "Users",
    "extra": "extra Data",
    "isEmpty": "false"
},{
    "action": "log_data",
    "login": {
        "uid": "2",
        "date_time": "2018-02-28 20:56:34",
        "client_ip": "10.22.39.23",
        "isEmpty": "false"
    },
    "window": "Users",
    "extra": "extra Data",
    "isEmpty": "false"
},{
    "action": "log_data",
    "login": {
        "uid": "2",
        "date_time": "2018-02-28 21:00:55",
        "client_ip": "10.22.39.23",
        "isEmpty": "false"
    },
    "window": "Users",
    "extra": "extra Data",
    "isEmpty": "false"
},{
    "action": "log_data",
    "login": {
        "uid": "2",
        "date_time": "2018-02-28 21:01:35",
        "client_ip": "10.22.39.23",
        "isEmpty": "false"
    },
    "window": "Users",
    "extra": "extra Data",
    "isEmpty": "false"
},{
    "action": "log_data",
    "login": {
        "uid": "2",
        "date_time": "2018-02-28 21:02:48",
        "client_ip": "10.22.39.23"
    },
    "window": "Users",
    "extra": "extra Data"
},{
    "action": "log_data",
    "login": {
        "uid": "2",
        "date_time": "2018-02-28 21:03:08",
        "client_ip": "10.22.39.23",
        "isEmpty": "false"
    },
    "window": "Users",
    "extra": "extra Data",
    "isEmpty": "false"
},{
    "action": "log_data",
    "login": {
        "uid": "2",
        "date_time": "2018-02-28 21:07:26",
        "client_ip": "10.22.39.23",
        "isEmpty": "false"
    },
    "window": "Users",
    "extra": "extra Data",
    "isEmpty": "false"
},{
    "action": "log_data",
    "login": {
        "uid": "2",
        "date_time": "2018-02-28 21:07:53",
        "client_ip": "10.22.39.23",
        "isEmpty": "false"
    },
    "window": "Users",
    "extra": "extra Data",
    "isEmpty": "false"
},