{
    "action": "log_data",
    "login": {
        "uid": "2",
        "date_time": "2018-03-08 11:28:40",
        "client_ip": "10.22.39.23"
    },
    "window": "InPatient",
    "extra": "Getting Total Out Patients"
},{
    "action": "log_data",
    "login": {
        "uid": "2",
        "date_time": "2018-03-08 11:29:49",
        "client_ip": "10.22.39.23"
    },
    "window": " New Patient ",
    "extra": "New patient Opened"
},{
    "action": "log_data",
    "login": {
        "uid": "2",
        "date_time": "2018-03-08 11:29:52",
        "client_ip": "10.22.39.23"
    },
    "window": "Date Change",
    "extra": ""
},{
    "action": "log_data",
    "login": {
        "uid": "2",
        "date_time": "2018-03-08 11:31:30",
        "client_ip": "10.22.39.23"
    },
    "window": " New Patient ",
    "extra": "New patient Opened"
},{
    "action": "log_data",
    "login": {
        "uid": "2",
        "date_time": "2018-03-08 11:31:34",
        "client_ip": "10.22.39.23"
    },
    "window": "Date Change",
    "extra": ""
},{
    "action": "log_data",
    "login": {
        "uid": "2",
        "date_time": "2018-03-08 11:31:52",
        "client_ip": "10.22.39.23"
    },
    "window": " New Patient ",
    "extra": "New patient Opened"
},{
    "action": "log_data",
    "login": {
        "uid": "2",
        "date_time": "2018-03-08 11:31:54",
        "client_ip": "10.22.39.23"
    },
    "window": "InPatient",
    "extra": "Getting Total Out Patients"
},{
    "action": "log_data",
    "login": {
        "uid": "2",
        "date_time": "2018-03-08 11:34:45",
        "client_ip": "10.22.39.23"
    },
    "window": "InPatient",
    "extra": "Getting Total Out Patients"
},{
    "action": "log_data",
    "login": {
        "uid": "2",
        "date_time": "2018-03-08 11:55:23",
        "client_ip": "10.22.39.23"
    },
    "window": "InPatient",
    "extra": "Getting Total Out Patients"
},{
    "action": "log_data",
    "login": {
        "uid": "2",
        "date_time": "2018-03-08 11:55:39",
        "client_ip": "10.22.39.23"
    },
    "window": "Stores",
    "extra": "Stores is opened"
},{
    "action": "log_data",
    "login": {
        "uid": "2",
        "date_time": "2018-03-08 11:55:44",
        "client_ip": "10.22.39.23"
    },
    "window": "Medicine Stock",
    "extra": ""
},{
    "action": "log_data",
    "login": {
        "uid": "2",
        "date_time": "2018-03-08 11:56:03",
        "client_ip": "10.22.39.23"
    },
    "window": "InPatient",
    "extra": "Getting Total Out Patients"
},{
    "action": "log_data",
    "login": {
        "uid": "2",
        "date_time": "2018-03-08 11:56:39",
        "client_ip": "10.22.39.23"
    },
    "window": "InPatient",
    "extra": "Getting Total Out Patients"
},{
    "action": "log_data",
    "login": {
        "uid": "2",
        "date_time": "2018-03-08 11:56:50",
        "client_ip": "10.22.39.23"
    },
    "window": "InPatient",
    "extra": "Getting Total Out Patients"
},{
    "action": "log_data",
    "login": {
        "uid": "2",
        "date_time": "2018-03-08 11:57:09",
        "client_ip": "10.22.39.23"
    },
    "window": "Medicine Stock",
    "extra": ""
},{
    "action": "log_data",
    "login": {
        "uid": "2",
        "date_time": "2018-03-08 11:58:10",
        "client_ip": "10.22.39.23"
    },
    "window": "Medicine Stock",
    "extra": ""
},{
    "action": "log_data",
    "login": {
        "uid": "2",
        "date_time": "2018-03-08 11:58:57",
        "client_ip": "10.22.39.23"
    },
    "window": "InPatient",
    "extra": "Getting Beds"
},{
    "action": "log_data",
    "login": {
        "uid": "2",
        "date_time": "2018-03-08 11:59:00",
        "client_ip": "10.22.39.23"
    },
    "window": "OutPatient",
    "extra": "OutPatient Data Loaded"
},{
    "action": "log_data",
    "login": {
        "uid": "2",
        "date_time": "2018-03-08 11:59:19",
        "client_ip": "10.22.39.23"
    },
    "window": "InPatient",
    "extra": "Getting Beds"
},{
    "action": "log_data",
    "login": {
        "uid": "2",
        "date_time": "2018-03-08 11:59:23",
        "client_ip": "10.22.39.23"
    },
    "window": "Supplier",
    "extra": "Supplier data is opened"
},{
    "action": "log_data",
    "login": {
        "uid": "2",
        "date_time": "2018-03-08 12:00:02",
        "client_ip": "10.22.39.23"
    },
    "window": "Supplier",
    "extra": "Supplier data is opened"
},{
    "action": "log_data",
    "login": {
        "uid": "2",
        "date_time": "2018-03-08 12:00:07",
        "client_ip": "10.22.39.23"
    },
    "window": "Supplier",
    "extra": "Supplier data is opened"
},{
    "action": "log_data",
    "login": {
        "uid": "2",
        "date_time": "2018-03-08 12:00:55",
        "client_ip": "10.22.39.23"
    },
    "window": "Supplier",
    "extra": "Supplier data is opened"
},{
    "action": "log_data",
    "login": {
        "uid": "2",
        "date_time": "2018-03-08 12:08:57",
        "client_ip": "10.22.39.23"
    },
    "window": "Supplier",
    "extra": "Supplier data is opened"
},{
    "action": "log_data",
    "login": {
        "uid": "2",
        "date_time": "2018-03-08 12:19:11",
        "client_ip": "10.22.39.23"
    },
    "window": "Supplier",
    "extra": "Supplier data is opened"
},{
    "action": "log_data",
    "login": {
        "uid": "2",
        "date_time": "2018-03-08 12:19:54",
        "client_ip": "10.22.39.23"
    },
    "window": "Supplier",
    "extra": "Supplier data is opened"
},{
    "action": "log_data",
    "login": {
        "uid": "2",
        "date_time": "2018-03-08 12:20:56",
        "client_ip": "10.22.39.23"
    },
    "window": "Supplier",
    "extra": "Supplier data is opened"
},{
    "action": "log_data",
    "login": {
        "uid": "1",
        "date_time": "2018-03-08 12:26:18",
        "client_ip": "10.22.39.27"
    },
    "window": "InPatient",
    "extra": "Getting Total Out Patients"
},{
    "action": "log_data",
    "login": {
        "uid": "1",
        "date_time": "2018-03-08 12:27:00",
        "client_ip": "10.22.39.27"
    },
    "window": "Users",
    "extra": "extra Data"
},{
    "action": "log_data",
    "login": {
        "uid": "1",
        "date_time": "2018-03-08 12:27:02",
        "client_ip": "10.22.39.27"
    },
    "window": "InPatient",
    "extra": "Getting Total Out Patients"
},{
    "action": "log_data",
    "login": {
        "uid": "1",
        "date_time": "2018-03-08 12:28:52",
        "client_ip": "10.22.39.27"
    },
    "window": "OutPatient",
    "extra": "OutPatient Data Loaded"
},{
    "action": "log_data",
    "login": {
        "uid": "1",
        "date_time": "2018-03-08 12:28:59",
        "client_ip": "10.22.39.27"
    },
    "window": "InPatient",
    "extra": "Getting Beds"
},{
    "action": "log_data",
    "login": {
        "uid": "1",
        "date_time": "2018-03-08 12:35:16",
        "client_ip": "10.22.39.27"
    },
    "window": "InPatient",
    "extra": "Getting Total Out Patients"
},{
    "action": "log_data",
    "login": {
        "uid": "1",
        "date_time": "2018-03-08 12:35:22",
        "client_ip": "10.22.39.27"
    },
    "window": "InPatient",
    "extra": "Getting Beds"
},{
    "action": "log_data",
    "login": {
        "uid": "1",
        "date_time": "2018-03-08 12:35:32",
        "client_ip": "10.22.39.27"
    },
    "window": "InPatient",
    "extra": "Getting Beds"
},{
    "action": "log_data",
    "login": {
        "uid": "1",
        "date_time": "2018-03-08 12:35:38",
        "client_ip": "10.22.39.27"
    },
    "window": " New Patient ",
    "extra": "New patient Opened"
},{
    "action": "log_data",
    "login": {
        "uid": "1",
        "date_time": "2018-03-08 12:35:39",
        "client_ip": "10.22.39.27"
    },
    "window": "InPatient",
    "extra": "Getting Beds"
},{
    "action": "log_data",
    "login": {
        "uid": "1",
        "date_time": "2018-03-08 12:36:20",
        "client_ip": "10.22.39.27"
    },
    "window": "InPatient",
    "extra": "Getting Beds"
},{
    "action": "log_data",
    "login": {
        "uid": "1",
        "date_time": "2018-03-08 12:39:15",
        "client_ip": "10.22.39.27"
    },
    "window": "InPatient",
    "extra": "Getting Beds"
},{
    "action": "log_data",
    "login": {
        "uid": "1",
        "date_time": "2018-03-08 12:43:07",
        "client_ip": "10.22.39.27"
    },
    "window": "InPatient",
    "extra": "Getting Beds"
},{
    "action": "log_data",
    "login": {
        "uid": "1",
        "date_time": "2018-03-08 12:43:17",
        "client_ip": "10.22.39.27"
    },
    "window": "InPatient",
    "extra": "Getting Total Out Patients"
},{
    "action": "log_data",
    "login": {
        "uid": "1",
        "date_time": "2018-03-08 12:44:12",
        "client_ip": "10.22.39.27"
    },
    "window": "InPatient",
    "extra": "Getting Total Out Patients"
},{
    "action": "log_data",
    "login": {
        "uid": "1",
        "date_time": "2018-03-08 12:44:25",
        "client_ip": "10.22.39.27"
    },
    "window": " New Patient ",
    "extra": "New patient Opened"
},{
    "action": "log_data",
    "login": {
        "uid": "1",
        "date_time": "2018-03-08 12:44:26",
        "client_ip": "10.22.39.27"
    },
    "window": "InPatient",
    "extra": "Getting Total Out Patients"
},{
    "action": "log_data",
    "login": {
        "uid": "1",
        "date_time": "2018-03-08 12:44:29",
        "client_ip": "10.22.39.27"
    },
    "window": " New Patient ",
    "extra": "New patient Opened"
},{
    "action": "log_data",
    "login": {
        "uid": "1",
        "date_time": "2018-03-08 12:44:31",
        "client_ip": "10.22.39.27"
    },
    "window": "InPatient",
    "extra": "Getting Beds"
},{
    "action": "log_data",
    "login": {
        "uid": "1",
        "date_time": "2018-03-08 12:44:39",
        "client_ip": "10.22.39.27"
    },
    "window": "OutPatient",
    "extra": "OutPatient Data Loaded"
},{
    "action": "log_data",
    "login": {
        "uid": "1",
        "date_time": "2018-03-08 12:45:25",
        "client_ip": "10.22.39.27"
    },
    "window": "Users",
    "extra": "extra Data"
},{
    "action": "log_data",
    "login": {
        "uid": "1",
        "date_time": "2018-03-08 12:46:08",
        "client_ip": "10.22.39.27"
    },
    "window": "InPatient",
    "extra": "Getting Total Out Patients"
},{
    "action": "log_data",
    "login": {
        "uid": "1",
        "date_time": "2018-03-08 12:47:10",
        "client_ip": "10.22.39.27"
    },
    "window": " New Patient ",
    "extra": "New patient Opened"
},{
    "action": "log_data",
    "login": {
        "uid": "1",
        "date_time": "2018-03-08 12:47:17",
        "client_ip": "10.22.39.27"
    },
    "window": "Doctor_ConsultData is Loaded",
    "extra": ""
},{
    "action": "log_data",
    "login": {
        "uid": "1",
        "date_time": "2018-03-08 12:47:21",
        "client_ip": "10.22.39.27"
    },
    "window": "OutPatient",
    "extra": "OutPatient Data Loaded"
},{
    "action": "log_data",
    "login": {
        "uid": "1",
        "date_time": "2018-03-08 12:47:41",
        "client_ip": "10.22.39.27"
    },
    "window": "Users",
    "extra": "extra Data"
},{
    "action": "log_data",
    "login": {
        "uid": "1",
        "date_time": "2018-03-08 12:47:55",
        "client_ip": "10.22.39.27"
    },
    "window": "Users",
    "extra": "extra Data"
},{
    "action": "log_data",
    "login": {
        "uid": "1",
        "date_time": "2018-03-08 12:48:26",
        "client_ip": "10.22.39.27"
    },
    "window": " New Patient ",
    "extra": "New patient Opened"
},{
    "action": "log_data",
    "login": {
        "uid": "2",
        "date_time": "2018-03-08 12:58:44",
        "client_ip": "10.22.39.23"
    },
    "window": "Supplier",
    "extra": "Supplier data is opened"
},{
    "action": "log_data",
    "login": {
        "uid": "2",
        "date_time": "2018-03-08 12:58:54",
        "client_ip": "10.22.39.23"
    },
    "window": "Supplier",
    "extra": "Supplier data is opened"
},{
    "action": "log_data",
    "login": {
        "uid": "2",
        "date_time": "2018-03-08 12:58:58",
        "client_ip": "10.22.39.23"
    },
    "window": "InPatient",
    "extra": "Getting Beds"
},{
    "action": "log_data",
    "login": {
        "uid": "2",
        "date_time": "2018-03-08 12:59:07",
        "client_ip": "10.22.39.23"
    },
    "window": "InPatient",
    "extra": "Getting Total Out Patients"
},{
    "action": "log_data",
    "login": {
        "uid": "2",
        "date_time": "2018-03-08 13:00:45",
        "client_ip": "10.22.39.23"
    },
    "window": "Doctor_ConsultData is Loaded",
    "extra": ""
},{
    "action": "log_data",
    "login": {
        "uid": "2",
        "date_time": "2018-03-08 13:00:55",
        "client_ip": "10.22.39.23"
    },
    "window": " New Patient ",
    "extra": "New patient Opened"
},{
    "action": "log_data",
    "login": {
        "uid": "2",
        "date_time": "2018-03-08 13:02:57",
        "client_ip": "10.22.39.23"
    },
    "window": "New Patient",
    "extra": "patient_new_reg%5Bbasic_info%5D%5B0%5D%5Bname%5D=sunny&patient_new_reg%5Bbasic_info%5D%5B0%5D%5Bfather_name%5D=prem%20singh&patient_new_reg%5Bbasic_info%5D%5B0%5D%5Bgender%5D=M&patient_new_reg%5Bbasic_info%5D%5B0%5D%5Bdate_of_birth%5D=09%2F02%2F96&patient_new_reg%5Bbasic_info%5D%5B0%5D%5Bage%5D=22&patient_new_reg%5Bbasic_info%5D%5B0%5D%5Bhouse_no%5D=56&patient_new_reg%5Bbasic_info%5D%5B0%5D%5Bstreet%5D=mahqal&patient_new_reg%5Bbasic_info%5D%5B0%5D%5Bloc%5D=mathura&patient_new_reg%5Bbasic_info%5D%5B0%5D%5Bcity%5D=goverdhan&patient_new_reg%5Bbasic_info%5D%5B0%5D%5Bdistrict%5D=mathura&patient_new_reg%5Bbasic_info%5D%5B0%5D%5Bstate%5D=up&patient_new_reg%5Bbasic_info%5D%5B0%5D%5Bpincode%5D=281502&patient_new_reg%5Bbasic_info%5D%5B0%5D%5Bmobile%5D=3223232323&patient_new_reg%5Bbasic_info%5D%5B0%5D%5Baadhar_no%5D=423234324234&patient_new_reg%5Bbasic_info%5D%5B0%5D%5Bemail%5D=saik%40gmail.com&patient_new_reg%5Bconsultation%5D%5B0%5D%5Bdr_consult_id%5D=5&patient_new_reg%5Bconsultation%5D%5B0%5D%5Bdr_id%5D=8&patient_new_reg%5Bconsultation%5D%5B0%5D%5Bref_id%5D=&patient_new_reg%5Bconsultation%5D%5B0%5D%5Bconsultation_amount%5D=600&patient_new_reg%5Bconsultation%5D%5B0%5D%5Buser_id%5D=2&patient_new_reg%5Bvisit_type%5D=op"
},{
    "action": "log_data",
    "login": {
        "uid": "2",
        "date_time": "2018-03-08 13:02:57",
        "client_ip": "10.22.39.23"
    },
    "window": " New Patient ",
    "extra": "New patient Opened"
},{
    "action": "log_data",
    "login": {
        "uid": "2",
        "date_time": "2018-03-08 13:03:18",
        "client_ip": "10.22.39.23"
    },
    "window": "InPatient",
    "extra": "Getting Beds"
},{
    "action": "log_data",
    "login": {
        "uid": "2",
        "date_time": "2018-03-08 13:03:26",
        "client_ip": "10.22.39.23"
    },
    "window": "InPatient",
    "extra": "Bed Section"
},{
    "action": "log_data",
    "login": {
        "uid": "2",
        "date_time": "2018-03-08 13:03:33",
        "client_ip": "10.22.39.23"
    },
    "window": "InPatient",
    "extra": "Allocate Bed"
},{
    "action": "log_data",
    "login": {
        "uid": "2",
        "date_time": "2018-03-08 13:03:40",
        "client_ip": "10.22.39.23"
    },
    "window": "InPatient",
    "extra": "Allocate Bed"
},{
    "action": "log_data",
    "login": {
        "uid": "2",
        "date_time": "2018-03-08 13:03:40",
        "client_ip": "10.22.39.23"
    },
    "window": " New Patient ",
    "extra": "New patient Opened"
},{
    "action": "log_data",
    "login": {
        "uid": "2",
        "date_time": "2018-03-08 13:04:52",
        "client_ip": "10.22.39.23"
    },
    "window": "Doctor_ConsultData is Loaded",
    "extra": ""
},{
    "action": "log_data",
    "login": {
        "uid": "2",
        "date_time": "2018-03-08 13:04:59",
        "client_ip": "10.22.39.23"
    },
    "window": "Add New Consult",
    "extra": ""
},{
    "action": "log_data",
    "login": {
        "uid": "2",
        "date_time": "2018-03-08 13:05:22",
        "client_ip": "10.22.39.23"
    },
    "window": "Item Group",
    "extra": "Item Group is opened"
},{
    "action": "log_data",
    "login": {
        "uid": "2",
        "date_time": "2018-03-08 13:05:51",
        "client_ip": "10.22.39.23"
    },
    "window": "Supplier",
    "extra": "Supplier data is opened"
},{
    "action": "log_data",
    "login": {
        "uid": "2",
        "date_time": "2018-03-08 13:05:53",
        "client_ip": "10.22.39.23"
    },
    "window": "Stores",
    "extra": "Stores is opened"
},{
    "action": "log_data",
    "login": {
        "uid": "2",
        "date_time": "2018-03-08 13:05:53",
        "client_ip": "10.22.39.23"
    },
    "window": "Item Group",
    "extra": "Item Group is opened"
},{
    "action": "log_data",
    "login": {
        "uid": "2",
        "date_time": "2018-03-08 13:05:55",
        "client_ip": "10.22.39.23"
    },
    "window": "Assets",
    "extra": "Assets is opened"
},{
    "action": "log_data",
    "login": {
        "uid": "2",
        "date_time": "2018-03-08 13:06:34",
        "client_ip": "10.22.39.23"
    },
    "window": "Assets",
    "extra": "asset_id = 2, asset_status = 1"
},{
    "action": "log_data",
    "login": {
        "uid": "2",
        "date_time": "2018-03-08 13:06:34",
        "client_ip": "10.22.39.23"
    },
    "window": "Assets",
    "extra": "Assets is opened"
},{
    "action": "log_data",
    "login": {
        "uid": "2",
        "date_time": "2018-03-08 13:06:39",
        "client_ip": "10.22.39.23"
    },
    "window": "Assets",
    "extra": "asset_id = 2, asset_status = 0"
},{
    "action": "log_data",
    "login": {
        "uid": "2",
        "date_time": "2018-03-08 13:06:39",
        "client_ip": "10.22.39.23"
    },
    "window": "Assets",
    "extra": "Assets is opened"
},{
    "action": "log_data",
    "login": {
        "uid": "2",
        "date_time": "2018-03-08 13:06:45",
        "client_ip": "10.22.39.23"
    },
    "window": "Asset PO",
    "extra": "Asset PO opened"
},{
    "action": "log_data",
    "login": {
        "uid": "2",
        "date_time": "2018-03-08 13:06:53",
        "client_ip": "10.22.39.23"
    },
    "window": "Items added To Object",
    "extra": ""
},{
    "action": "log_data",
    "login": {
        "uid": "2",
        "date_time": "2018-03-08 13:06:53",
        "client_ip": "10.22.39.23"
    },
    "window": "Clicked on Add New AssetPO",
    "extra": ""
},{
    "action": "log_data",
    "login": {
        "uid": "2",
        "date_time": "2018-03-08 13:07:13",
        "client_ip": "10.22.39.23"
    },
    "window": "Assets",
    "extra": "Assets is opened"
},{
    "action": "log_data",
    "login": {
        "uid": "2",
        "date_time": "2018-03-08 13:07:20",
        "client_ip": "10.22.39.23"
    },
    "window": "Asset PO",
    "extra": "Asset PO opened"
},{
    "action": "log_data",
    "login": {
        "uid": "2",
        "date_time": "2018-03-08 13:07:23",
        "client_ip": "10.22.39.23"
    },
    "window": "Items added To Object",
    "extra": ""
},{
    "action": "log_data",
    "login": {
        "uid": "2",
        "date_time": "2018-03-08 13:07:23",
        "client_ip": "10.22.39.23"
    },
    "window": "Clicked on Add New AssetPO",
    "extra": ""
},{
    "action": "log_data",
    "login": {
        "uid": "2",
        "date_time": "2018-03-08 13:07:33",
        "client_ip": "10.22.39.23"
    },
    "window": "Assets",
    "extra": "Assets is opened"
},{
    "action": "log_data",
    "login": {
        "uid": "2",
        "date_time": "2018-03-08 13:07:45",
        "client_ip": "10.22.39.23"
    },
    "window": "Stores",
    "extra": "Stores is opened"
},{
    "action": "log_data",
    "login": {
        "uid": "2",
        "date_time": "2018-03-08 13:07:47",
        "client_ip": "10.22.39.23"
    },
    "window": "Add Unit",
    "extra": ""
},{
    "action": "log_data",
    "login": {
        "uid": "2",
        "date_time": "2018-03-08 13:07:51",
        "client_ip": "10.22.39.23"
    },
    "window": "Assets",
    "extra": "Assets is opened"
},{
    "action": "log_data",
    "login": {
        "uid": "2",
        "date_time": "2018-03-08 13:07:53",
        "client_ip": "10.22.39.23"
    },
    "window": "Asset PO",
    "extra": "Asset PO opened"
},{
    "action": "log_data",
    "login": {
        "uid": "2",
        "date_time": "2018-03-08 13:07:55",
        "client_ip": "10.22.39.23"
    },
    "window": "Items added To Object",
    "extra": ""
},{
    "action": "log_data",
    "login": {
        "uid": "2",
        "date_time": "2018-03-08 13:07:55",
        "client_ip": "10.22.39.23"
    },
    "window": "Clicked on Add New AssetPO",
    "extra": ""
},{
    "action": "log_data",
    "login": {
        "uid": "2",
        "date_time": "2018-03-08 13:07:59",
        "client_ip": "10.22.39.23"
    },
    "window": "Items added To Object",
    "extra": ""
},{
    "action": "log_data",
    "login": {
        "uid": "2",
        "date_time": "2018-03-08 13:08:00",
        "client_ip": "10.22.39.23"
    },
    "window": "Items added To Object",
    "extra": ""
},{
    "action": "log_data",
    "login": {
        "uid": "2",
        "date_time": "2018-03-08 13:08:00",
        "client_ip": "10.22.39.23"
    },
    "window": "Items added To Object",
    "extra": ""
},{
    "action": "log_data",
    "login": {
        "uid": "2",
        "date_time": "2018-03-08 13:08:02",
        "client_ip": "10.22.39.23"
    },
    "window": "Removed Previous Item Data",
    "extra": "1"
},{
    "action": "log_data",
    "login": {
        "uid": "2",
        "date_time": "2018-03-08 13:08:03",
        "client_ip": "10.22.39.23"
    },
    "window": "Removed Previous Item Data",
    "extra": "1"
},{
    "action": "log_data",
    "login": {
        "uid": "2",
        "date_time": "2018-03-08 13:08:03",
        "client_ip": "10.22.39.23"
    },
    "window": "Removed Previous Item Data",
    "extra": "1"
},{
    "action": "log_data",
    "login": {
        "uid": "2",
        "date_time": "2018-03-08 13:08:06",
        "client_ip": "10.22.39.23"
    },
    "window": "Removed Previous Item Data",
    "extra": "0"
},{
    "action": "log_data",
    "login": {
        "uid": "2",
        "date_time": "2018-03-08 13:08:07",
        "client_ip": "10.22.39.23"
    },
    "window": "Items added To Object",
    "extra": ""
},{
    "action": "log_data",
    "login": {
        "uid": "2",
        "date_time": "2018-03-08 13:09:15",
        "client_ip": "10.22.39.23"
    },
    "window": "Asset Outward",
    "extra": "Asset outward opened"
},{
    "action": "log_data",
    "login": {
        "uid": "2",
        "date_time": "2018-03-08 13:10:53",
        "client_ip": "10.22.39.23"
    },
    "window": "Asset Stock",
    "extra": "Asset Stock Opened"
},{
    "action": "log_data",
    "login": {
        "uid": "2",
        "date_time": "2018-03-08 13:11:20",
        "client_ip": "10.22.39.23"
    },
    "window": "Medicine PO",
    "extra": "Medicine PO opened"
},{
    "action": "log_data",
    "login": {
        "uid": "2",
        "date_time": "2018-03-08 13:11:29",
        "client_ip": "10.22.39.23"
    },
    "window": "Medicines",
    "extra": "Medicines is opened"
},{
    "action": "log_data",
    "login": {
        "uid": "2",
        "date_time": "2018-03-08 13:11:38",
        "client_ip": "10.22.39.23"
    },
    "window": "Medicine PO",
    "extra": "Medicine PO opened"
},{
    "action": "log_data",
    "login": {
        "uid": "2",
        "date_time": "2018-03-08 13:11:41",
        "client_ip": "10.22.39.23"
    },
    "window": "Items added To Object",
    "extra": ""
},{
    "action": "log_data",
    "login": {
        "uid": "2",
        "date_time": "2018-03-08 13:11:41",
        "client_ip": "10.22.39.23"
    },
    "window": "Clicked on Add New MedicinetPO",
    "extra": ""
},{
    "action": "log_data",
    "login": {
        "uid": "2",
        "date_time": "2018-03-08 13:11:43",
        "client_ip": "10.22.39.23"
    },
    "window": "Items added To Object",
    "extra": ""
},{
    "action": "log_data",
    "login": {
        "uid": "2",
        "date_time": "2018-03-08 13:11:43",
        "client_ip": "10.22.39.23"
    },
    "window": "Items added To Object",
    "extra": ""
},{
    "action": "log_data",
    "login": {
        "uid": "2",
        "date_time": "2018-03-08 13:11:44",
        "client_ip": "10.22.39.23"
    },
    "window": "Items added To Object",
    "extra": ""
},{
    "action": "log_data",
    "login": {
        "uid": "2",
        "date_time": "2018-03-08 13:11:44",
        "client_ip": "10.22.39.23"
    },
    "window": "Items added To Object",
    "extra": ""
},{
    "action": "log_data",
    "login": {
        "uid": "2",
        "date_time": "2018-03-08 13:11:49",
        "client_ip": "10.22.39.23"
    },
    "window": "Retrieved Previous Item Po Data",
    "extra": "1"
},{
    "action": "log_data",
    "login": {
        "uid": "2",
        "date_time": "2018-03-08 13:11:49",
        "client_ip": "10.22.39.23"
    },
    "window": "Changed Quantity of item",
    "extra": "0"
},{
    "action": "log_data",
    "login": {
        "uid": "2",
        "date_time": "2018-03-08 13:11:53",
        "client_ip": "10.22.39.23"
    },
    "window": "Removed Previous Item Data",
    "extra": "1"
},{
    "action": "log_data",
    "login": {
        "uid": "2",
        "date_time": "2018-03-08 13:11:54",
        "client_ip": "10.22.39.23"
    },
    "window": "Removed Previous Item Data",
    "extra": "1"
},{
    "action": "log_data",
    "login": {
        "uid": "2",
        "date_time": "2018-03-08 13:11:54",
        "client_ip": "10.22.39.23"
    },
    "window": "Removed Previous Item Data",
    "extra": "1"
},{
    "action": "log_data",
    "login": {
        "uid": "2",
        "date_time": "2018-03-08 13:11:54",
        "client_ip": "10.22.39.23"
    },
    "window": "Removed Previous Item Data",
    "extra": "1"
},{
    "action": "log_data",
    "login": {
        "uid": "2",
        "date_time": "2018-03-08 13:11:57",
        "client_ip": "10.22.39.23"
    },
    "window": "Items added To Object",
    "extra": ""
},{
    "action": "log_data",
    "login": {
        "uid": "2",
        "date_time": "2018-03-08 13:12:02",
        "client_ip": "10.22.39.23"
    },
    "window": "Retrieved Previous Item Po Data",
    "extra": "3"
},{
    "action": "log_data",
    "login": {
        "uid": "2",
        "date_time": "2018-03-08 13:12:02",
        "client_ip": "10.22.39.23"
    },
    "window": "Changed Quantity of item",
    "extra": "1"
},{
    "action": "log_data",
    "login": {
        "uid": "2",
        "date_time": "2018-03-08 13:12:16",
        "client_ip": "10.22.39.23"
    },
    "window": "Removed Previous Item Data",
    "extra": "1"
},{
    "action": "log_data",
    "login": {
        "uid": "2",
        "date_time": "2018-03-08 13:12:28",
        "client_ip": "10.22.39.23"
    },
    "window": "Retrieved the Items of PO",
    "extra": "4"
},{
    "action": "log_data",
    "login": {
        "uid": "2",
        "date_time": "2018-03-08 13:12:37",
        "client_ip": "10.22.39.23"
    },
    "window": "Retrieved the Items of PO",
    "extra": "4"
},{
    "action": "log_data",
    "login": {
        "uid": "2",
        "date_time": "2018-03-08 13:12:56",
        "client_ip": "10.22.39.23"
    },
    "window": "medicine Inward",
    "extra": "medicine Inward is opened"
},{
    "action": "log_data",
    "login": {
        "uid": "2",
        "date_time": "2018-03-08 13:13:01",
        "client_ip": "10.22.39.23"
    },
    "window": "Asset Inward",
    "extra": "Asset Inward is opened"
},{
    "action": "log_data",
    "login": {
        "uid": "2",
        "date_time": "2018-03-08 13:14:40",
        "client_ip": "10.22.39.23"
    },
    "window": "Asset Inward",
    "extra": "Asset Inward is opened"
},{
    "action": "log_data",
    "login": {
        "uid": "4",
        "date_time": "2018-03-08 13:15:12",
        "client_ip": "10.22.39.22"
    },
    "window": "InPatient",
    "extra": "Getting Total Out Patients"
},{
    "action": "log_data",
    "login": {
        "uid": "4",
        "date_time": "2018-03-08 13:15:15",
        "client_ip": "10.22.39.22"
    },
    "window": " New Patient ",
    "extra": "New patient Opened"
},{
    "action": "log_data",
    "login": {
        "uid": "2",
        "date_time": "2018-03-08 13:15:39",
        "client_ip": "10.22.39.23"
    },
    "window": "Asset Inward",
    "extra": "Asset Inward is opened"
},{
    "action": "log_data",
    "login": {
        "uid": "2",
        "date_time": "2018-03-08 13:16:44",
        "client_ip": "10.22.39.23"
    },
    "window": "Medicine PO",
    "extra": "Medicine PO opened"
},{
    "action": "log_data",
    "login": {
        "uid": "2",
        "date_time": "2018-03-08 13:16:45",
        "client_ip": "10.22.39.23"
    },
    "window": "Items added To Object",
    "extra": ""
},{
    "action": "log_data",
    "login": {
        "uid": "2",
        "date_time": "2018-03-08 13:16:45",
        "client_ip": "10.22.39.23"
    },
    "window": "Clicked on Add New MedicinetPO",
    "extra": ""
},{
    "action": "log_data",
    "login": {
        "uid": "2",
        "date_time": "2018-03-08 13:16:51",
        "client_ip": "10.22.39.23"
    },
    "window": "medicine Inward",
    "extra": "medicine Inward is opened"
},{
    "action": "log_data",
    "login": {
        "uid": "2",
        "date_time": "2018-03-08 13:16:52",
        "client_ip": "10.22.39.23"
    },
    "window": "To Add New Inward",
    "extra": ""
},{
    "action": "log_data",
    "login": {
        "uid": "2",
        "date_time": "2018-03-08 13:16:59",
        "client_ip": "10.22.39.23"
    },
    "window": "To Show the Items",
    "extra": "6"
},{
    "action": "log_data",
    "login": {
        "uid": "2",
        "date_time": "2018-03-08 13:17:06",
        "client_ip": "10.22.39.23"
    },
    "window": "To Show the Items",
    "extra": "5"
},{
    "action": "log_data",
    "login": {
        "uid": "2",
        "date_time": "2018-03-08 13:17:10",
        "client_ip": "10.22.39.23"
    },
    "window": "To Show the Items",
    "extra": "6"
},{
    "action": "log_data",
    "login": {
        "uid": "2",
        "date_time": "2018-03-08 13:17:10",
        "client_ip": "10.22.39.23"
    },
    "window": "To Show the Items",
    "extra": "6"
},{
    "action": "log_data",
    "login": {
        "uid": "2",
        "date_time": "2018-03-08 13:17:13",
        "client_ip": "10.22.39.23"
    },
    "window": "To Show the Items",
    "extra": "6"
},{
    "action": "log_data",
    "login": {
        "uid": "2",
        "date_time": "2018-03-08 13:17:14",
        "client_ip": "10.22.39.23"
    },
    "window": "To Show the Items",
    "extra": "6"
},{
    "action": "log_data",
    "login": {
        "uid": "2",
        "date_time": "2018-03-08 13:17:19",
        "client_ip": "10.22.39.23"
    },
    "window": "To Show the Items",
    "extra": "3"
},{
    "action": "log_data",
    "login": {
        "uid": "2",
        "date_time": "2018-03-08 13:18:35",
        "client_ip": "10.22.39.23"
    },
    "window": "Medicine Stock",
    "extra": ""
},{
    "action": "log_data",
    "login": {
        "uid": "2",
        "date_time": "2018-03-08 13:19:05",
        "client_ip": "10.22.39.23"
    },
    "window": "Medicines",
    "extra": "Medicines is opened"
},{
    "action": "log_data",
    "login": {
        "uid": "2",
        "date_time": "2018-03-08 13:19:38",
        "client_ip": "10.22.39.23"
    },
    "window": "Supplier",
    "extra": "Supplier data is opened"
},{
    "action": "log_data",
    "login": {
        "uid": "2",
        "date_time": "2018-03-08 13:19:47",
        "client_ip": "10.22.39.23"
    },
    "window": "Users",
    "extra": "extra Data"
},{
    "action": "log_data",
    "login": {
        "uid": "1",
        "date_time": "2018-03-08 13:20:29",
        "client_ip": "10.22.39.53"
    },
    "window": "InPatient",
    "extra": "Getting Total Out Patients"
},{
    "action": "log_data",
    "login": {
        "uid": "1",
        "date_time": "2018-03-08 13:20:34",
        "client_ip": "10.22.39.53"
    },
    "window": " New Patient ",
    "extra": "New patient Opened"
},{
    "action": "log_data",
    "login": {
        "uid": "2",
        "date_time": "2018-03-08 13:20:35",
        "client_ip": "10.22.39.23"
    },
    "window": "Supplier",
    "extra": "Supplier data is opened"
},{
    "action": "log_data",
    "login": {
        "uid": "2",
        "date_time": "2018-03-08 13:20:44",
        "client_ip": "10.22.39.23"
    },
    "window": "Supplier",
    "extra": "Supplier data is opened"
},{
    "action": "log_data",
    "login": {
        "uid": "2",
        "date_time": "2018-03-08 13:20:49",
        "client_ip": "10.22.39.23"
    },
    "window": "Users",
    "extra": "extra Data"
},{
    "action": "log_data",
    "login": {
        "uid": "2",
        "date_time": "2018-03-08 13:21:08",
        "client_ip": "10.22.39.23"
    },
    "window": "InPatient",
    "extra": "Getting Total Out Patients"
},{
    "action": "log_data",
    "login": {
        "uid": "2",
        "date_time": "2018-03-08 13:21:22",
        "client_ip": "10.22.39.23"
    },
    "window": "OutPatient",
    "extra": "OutPatient Data Loaded"
},{
    "action": "log_data",
    "login": {
        "uid": "1",
        "date_time": "2018-03-08 13:22:28",
        "client_ip": "10.22.39.53"
    },
    "window": " New Patient ",
    "extra": "New patient Opened"
},{
    "action": "log_data",
    "login": {
        "uid": "1",
        "date_time": "2018-03-08 13:22:46",
        "client_ip": "10.22.39.53"
    },
    "window": " New Patient ",
    "extra": "New patient Opened"
},{
    "action": "log_data",
    "login": {
        "uid": "2",
        "date_time": "2018-03-08 13:23:28",
        "client_ip": "10.22.39.23"
    },
    "window": "OutPatient",
    "extra": "OutPatient Data Loaded"
},{
    "action": "log_data",
    "login": {
        "uid": "2",
        "date_time": "2018-03-08 13:24:06",
        "client_ip": "10.22.39.23"
    },
    "window": "OutPatient",
    "extra": "OutPatient Data Loaded"
},{
    "action": "log_data",
    "login": {
        "uid": "2",
        "date_time": "2018-03-08 13:24:23",
        "client_ip": "10.22.39.23"
    },
    "window": "OutPatient",
    "extra": "OutPatient Data Loaded"
},{
    "action": "log_data",
    "login": {
        "uid": "2",
        "date_time": "2018-03-08 13:24:36",
        "client_ip": "10.22.39.23"
    },
    "window": "OutPatient",
    "extra": "OutPatient Data Loaded"
},{
    "action": "log_data",
    "login": {
        "uid": "2",
        "date_time": "2018-03-08 13:24:46",
        "client_ip": "10.22.39.23"
    },
    "window": "Users",
    "extra": "extra Data"
},{
    "action": "log_data",
    "login": {
        "uid": "4",
        "date_time": "2018-03-08 13:25:14",
        "client_ip": "10.22.39.22"
    },
    "window": " New Patient ",
    "extra": "New patient Opened"
},{
    "action": "log_data",
    "login": {
        "uid": "2",
        "date_time": "2018-03-08 13:25:29",
        "client_ip": "10.22.39.23"
    },
    "window": "Users",
    "extra": "extra Data"
},{
    "action": "log_data",
    "login": {
        "uid": "2",
        "date_time": "2018-03-08 13:25:37",
        "client_ip": "10.22.39.23"
    },
    "window": "InPatient",
    "extra": "Getting Total Out Patients"
},{
    "action": "log_data",
    "login": {
        "uid": "4",
        "date_time": "2018-03-08 14:01:27",
        "client_ip": "10.22.39.22"
    },
    "window": " New Patient ",
    "extra": "New patient Opened"
},{
    "action": "log_data",
    "login": {
        "uid": "4",
        "date_time": "2018-03-08 14:02:20",
        "client_ip": "10.22.39.22"
    },
    "window": " New Patient ",
    "extra": "New patient Opened"
},{
    "action": "log_data",
    "login": {
        "uid": "4",
        "date_time": "2018-03-08 14:02:38",
        "client_ip": "10.22.39.22"
    },
    "window": " New Patient ",
    "extra": "New patient Opened"
},{
    "action": "log_data",
    "login": {
        "uid": "4",
        "date_time": "2018-03-08 14:04:18",
        "client_ip": "10.22.39.22"
    },
    "window": " New Patient ",
    "extra": "New patient Opened"
},{
    "action": "log_data",
    "login": {
        "uid": "4",
        "date_time": "2018-03-08 14:04:59",
        "client_ip": "10.22.39.22"
    },
    "window": " New Patient ",
    "extra": "New patient Opened"
},{
    "action": "log_data",
    "login": {
        "uid": "4",
        "date_time": "2018-03-08 14:15:50",
        "client_ip": "10.22.39.22"
    },
    "window": " New Patient ",
    "extra": "New patient Opened"
},{
    "action": "log_data",
    "login": {
        "uid": "4",
        "date_time": "2018-03-08 14:21:02",
        "client_ip": "10.22.39.22"
    },
    "window": " New Patient ",
    "extra": "New patient Opened"
},{
    "action": "log_data",
    "login": {
        "uid": "4",
        "date_time": "2018-03-08 14:30:23",
        "client_ip": "10.22.39.22"
    },
    "window": " New Patient ",
    "extra": "New patient Opened"
},{
    "action": "log_data",
    "login": {
        "uid": "4",
        "date_time": "2018-03-08 14:31:25",
        "client_ip": "10.22.39.22"
    },
    "window": " New Patient ",
    "extra": "New patient Opened"
},{
    "action": "log_data",
    "login": {
        "uid": "4",
        "date_time": "2018-03-08 14:39:57",
        "client_ip": "10.22.39.22"
    },
    "window": " New Patient ",
    "extra": "New patient Opened"
},{
    "action": "log_data",
    "login": {
        "uid": "4",
        "date_time": "2018-03-08 14:42:03",
        "client_ip": "10.22.39.22"
    },
    "window": " New Patient ",
    "extra": "New patient Opened"
},{
    "action": "log_data",
    "login": {
        "uid": "4",
        "date_time": "2018-03-08 14:42:36",
        "client_ip": "10.22.39.22"
    },
    "window": " New Patient ",
    "extra": "New patient Opened"
},{
    "action": "log_data",
    "login": {
        "uid": "4",
        "date_time": "2018-03-08 14:42:52",
        "client_ip": "10.22.39.22"
    },
    "window": " New Patient ",
    "extra": "New patient Opened"
},{
    "action": "log_data",
    "login": {
        "uid": "4",
        "date_time": "2018-03-08 14:42:58",
        "client_ip": "10.22.39.22"
    },
    "window": " New Patient ",
    "extra": "New patient Opened"
},{
    "action": "log_data",
    "login": {
        "uid": "4",
        "date_time": "2018-03-08 14:43:09",
        "client_ip": "10.22.39.22"
    },
    "window": " New Patient ",
    "extra": "New patient Opened"
},{
    "action": "log_data",
    "login": {
        "uid": "4",
        "date_time": "2018-03-08 14:43:17",
        "client_ip": "10.22.39.22"
    },
    "window": " New Patient ",
    "extra": "New patient Opened"
},{
    "action": "log_data",
    "login": {
        "uid": "4",
        "date_time": "2018-03-08 14:47:37",
        "client_ip": "10.22.39.22"
    },
    "window": " New Patient ",
    "extra": "New patient Opened"
},{
    "action": "log_data",
    "login": {
        "uid": "4",
        "date_time": "2018-03-08 14:47:47",
        "client_ip": "10.22.39.22"
    },
    "window": " New Patient ",
    "extra": "New patient Opened"
},{
    "action": "log_data",
    "login": {
        "uid": "4",
        "date_time": "2018-03-08 14:51:11",
        "client_ip": "10.22.39.22"
    },
    "window": " New Patient ",
    "extra": "New patient Opened"
},{
    "action": "log_data",
    "login": {
        "uid": "4",
        "date_time": "2018-03-08 14:51:39",
        "client_ip": "10.22.39.22"
    },
    "window": "InPatient",
    "extra": "Getting Beds"
},{
    "action": "log_data",
    "login": {
        "uid": "4",
        "date_time": "2018-03-08 14:52:04",
        "client_ip": "10.22.39.22"
    },
    "window": " New Patient ",
    "extra": "New patient Opened"
},{
    "action": "log_data",
    "login": {
        "uid": "4",
        "date_time": "2018-03-08 14:55:09",
        "client_ip": "10.22.39.22"
    },
    "window": " New Patient ",
    "extra": "New patient Opened"
},{
    "action": "log_data",
    "login": {
        "uid": "4",
        "date_time": "2018-03-08 14:55:29",
        "client_ip": "10.22.39.22"
    },
    "window": " New Patient ",
    "extra": "New patient Opened"
},{
    "action": "log_data",
    "login": {
        "uid": "4",
        "date_time": "2018-03-08 14:55:47",
        "client_ip": "10.22.39.22"
    },
    "window": " New Patient ",
    "extra": "New patient Opened"
},{
    "action": "log_data",
    "login": {
        "uid": "4",
        "date_time": "2018-03-08 14:56:57",
        "client_ip": "10.22.39.22"
    },
    "window": " New Patient ",
    "extra": "New patient Opened"
},{
    "action": "log_data",
    "login": {
        "uid": "1",
        "date_time": "2018-03-08 15:08:29",
        "client_ip": "10.22.39.53"
    },
    "window": "InPatient",
    "extra": "Getting Total Out Patients"
},{
    "action": "log_data",
    "login": {
        "uid": "1",
        "date_time": "2018-03-08 15:08:32",
        "client_ip": "10.22.39.53"
    },
    "window": " New Patient ",
    "extra": "New patient Opened"
},{
    "action": "log_data",
    "login": {
        "uid": "1",
        "date_time": "2018-03-08 15:09:18",
        "client_ip": "10.22.39.53"
    },
    "window": " New Patient ",
    "extra": "New patient Opened"
},{
    "action": "log_data",
    "login": {
        "uid": "1",
        "date_time": "2018-03-08 15:10:32",
        "client_ip": "10.22.39.53"
    },
    "window": " New Patient ",
    "extra": "New patient Opened"
},{
    "action": "log_data",
    "login": {
        "uid": "2",
        "date_time": "2018-03-08 19:55:26",
        "client_ip": "10.22.39.23"
    },
    "window": "InPatient",
    "extra": "Getting Total Out Patients"
},