{
    "action": "log_data",
    "login": {
        "uid": "1",
        "date_time": "2018-06-03 10:31:57",
        "client_ip": "202.62.71.158"
    },
    "window": "InPatient",
    "extra": "Getting Total Out Patients"
},{
    "action": "log_data",
    "login": {
        "uid": "1",
        "date_time": "2018-06-03 10:33:03",
        "client_ip": "202.62.71.158"
    },
    "window": "Users",
    "extra": "extra Data"
},{
    "action": "log_data",
    "login": {
        "uid": "1",
        "date_time": "2018-06-03 10:33:18",
        "client_ip": "202.62.71.158"
    },
    "window": "Users",
    "extra": "extra Data"
},{
    "action": "log_data",
    "login": {
        "uid": "1",
        "date_time": "2018-06-03 10:33:20",
        "client_ip": "202.62.71.158"
    },
    "window": "Users",
    "extra": "extra Data"
},{
    "action": "log_data",
    "login": {
        "uid": "1",
        "date_time": "2018-06-03 10:33:21",
        "client_ip": "202.62.71.158"
    },
    "window": "Users",
    "extra": "extra Data"
},{
    "action": "log_data",
    "login": {
        "uid": "1",
        "date_time": "2018-06-03 10:33:25",
        "client_ip": "202.62.71.158"
    },
    "window": "Users",
    "extra": "extra Data"
},{
    "action": "log_data",
    "login": {
        "uid": "1",
        "date_time": "2018-06-03 10:33:31",
        "client_ip": "202.62.71.158"
    },
    "window": "Users",
    "extra": "extra Data"
},{
    "action": "log_data",
    "login": {
        "uid": "1",
        "date_time": "2018-06-03 10:33:34",
        "client_ip": "202.62.71.158"
    },
    "window": "Users",
    "extra": "extra Data"
},{
    "action": "log_data",
    "login": {
        "uid": "1",
        "date_time": "2018-06-03 10:33:37",
        "client_ip": "202.62.71.158"
    },
    "window": "Users",
    "extra": "extra Data"
},{
    "action": "log_data",
    "login": {
        "uid": "1",
        "date_time": "2018-06-03 10:33:40",
        "client_ip": "202.62.71.158"
    },
    "window": "Users",
    "extra": "extra Data"
},{
    "action": "log_data",
    "login": {
        "uid": "1",
        "date_time": "2018-06-03 10:33:45",
        "client_ip": "202.62.71.158"
    },
    "window": "Users",
    "extra": "extra Data"
},{
    "action": "log_data",
    "login": {
        "uid": "1",
        "date_time": "2018-06-03 10:33:48",
        "client_ip": "202.62.71.158"
    },
    "window": "Supplier",
    "extra": "Supplier data is opened"
},{
    "action": "log_data",
    "login": {
        "uid": "1",
        "date_time": "2018-06-03 10:33:50",
        "client_ip": "202.62.71.158"
    },
    "window": "Stores",
    "extra": "Stores is opened"
},{
    "action": "log_data",
    "login": {
        "uid": "1",
        "date_time": "2018-06-03 10:33:52",
        "client_ip": "202.62.71.158"
    },
    "window": "Item Group",
    "extra": "Item Group is opened"
},{
    "action": "log_data",
    "login": {
        "uid": "1",
        "date_time": "2018-06-03 10:33:55",
        "client_ip": "202.62.71.158"
    },
    "window": "Assets",
    "extra": "Assets is opened"
},{
    "action": "log_data",
    "login": {
        "uid": "17",
        "date_time": "2018-06-03 11:44:33",
        "client_ip": "unknown"
    },
    "window": "InPatient",
    "extra": "Getting Total Out Patients"
},{
    "action": "log_data",
    "login": {
        "uid": "1",
        "date_time": "2018-06-03 14:44:52",
        "client_ip": "157.48.103.85"
    },
    "window": "InPatient",
    "extra": "Getting Total Out Patients"
},{
    "action": "log_data",
    "login": {
        "uid": "1",
        "date_time": "2018-06-03 20:11:35",
        "client_ip": "157.48.76.154"
    },
    "window": "InPatient",
    "extra": "Getting Total Out Patients"
},{
    "action": "log_data",
    "login": {
        "uid": "1",
        "date_time": "2018-06-03 20:15:16",
        "client_ip": "157.48.76.154"
    },
    "window": "Users",
    "extra": "extra Data"
},{
    "action": "log_data",
    "login": {
        "uid": "1",
        "date_time": "2018-06-03 20:15:25",
        "client_ip": "157.48.76.154"
    },
    "window": "Users",
    "extra": "extra Data"
},{
    "action": "log_data",
    "login": {
        "uid": "1",
        "date_time": "2018-06-03 20:15:59",
        "client_ip": "157.48.76.154"
    },
    "window": "Users",
    "extra": "extra Data"
},{
    "action": "log_data",
    "login": {
        "uid": "1",
        "date_time": "2018-06-03 20:22:09",
        "client_ip": "157.48.76.154"
    },
    "window": "New Patient",
    "extra": "patient_new_reg%5Bbasic_info%5D%5B0%5D%5Bname%5D=Ramesh&patient_new_reg%5Bbasic_info%5D%5B0%5D%5Bfather_name%5D=Ramesh%20Father&patient_new_reg%5Bbasic_info%5D%5B0%5D%5Bgender%5D=M&patient_new_reg%5Bbasic_info%5D%5B0%5D%5Bage%5D=30&patient_new_reg%5Bbasic_info%5D%5B0%5D%5Bcity%5D=Kakinada&patient_new_reg%5Bbasic_info%5D%5B0%5D%5Bmobile%5D=7386071070&patient_new_reg%5Bconsultation%5D%5B0%5D%5Bdr_consult_id%5D=1&patient_new_reg%5Bconsultation%5D%5B0%5D%5Bdr_id%5D=16&patient_new_reg%5Bconsultation%5D%5B0%5D%5Bpro_id%5D=18&patient_new_reg%5Bconsultation%5D%5B0%5D%5Bref_id%5D=2&patient_new_reg%5Bconsultation%5D%5B0%5D%5Bconsultation_amount%5D=200&patient_new_reg%5Bconsultation%5D%5B0%5D%5Bdiagnosis%5D=This%20patient%20is%20suffering%20from%20skin%20problems%20and%20suffering%20from%20daily%20fever&patient_new_reg%5Bconsultation%5D%5B0%5D%5Bfcid%5D=2&patient_new_reg%5Bconsultation%5D%5B0%5D%5Bdate_of_op%5D=June%2003%2C%202018%2C%2020%3A16%3A02&patient_new_reg%5Bconsultation%5D%5B0%5D%5Buser_id%5D=1&patient_new_reg%5Bvisit_type%5D=op"
},{
    "action": "log_data",
    "login": {
        "uid": "1",
        "date_time": "2018-06-03 20:22:37",
        "client_ip": "157.48.76.154"
    },
    "window": "InPatient",
    "extra": "Getting Beds"
},{
    "action": "log_data",
    "login": {
        "uid": "1",
        "date_time": "2018-06-03 20:23:11",
        "client_ip": "157.48.76.154"
    },
    "window": "Users",
    "extra": "extra Data"
},{
    "action": "log_data",
    "login": {
        "uid": "1",
        "date_time": "2018-06-03 20:25:10",
        "client_ip": "157.48.76.154"
    },
    "window": "InPatient",
    "extra": "Getting Beds"
},{
    "action": "log_data",
    "login": {
        "uid": "1",
        "date_time": "2018-06-03 20:25:18",
        "client_ip": "157.48.76.154"
    },
    "window": "InPatient",
    "extra": "Getting Beds"
},{
    "action": "log_data",
    "login": {
        "uid": "1",
        "date_time": "2018-06-03 20:25:31",
        "client_ip": "157.48.76.154"
    },
    "window": "Users",
    "extra": "extra Data"
},{
    "action": "log_data",
    "login": {
        "uid": "1",
        "date_time": "2018-06-03 20:28:39",
        "client_ip": "157.48.76.154"
    },
    "window": "InPatient",
    "extra": "Getting Beds"
},{
    "action": "log_data",
    "login": {
        "uid": "1",
        "date_time": "2018-06-03 20:28:44",
        "client_ip": "157.48.76.154"
    },
    "window": "InPatient",
    "extra": "To Select surgery"
},{
    "action": "log_data",
    "login": {
        "uid": "1",
        "date_time": "2018-06-03 20:28:46",
        "client_ip": "157.48.76.154"
    },
    "window": "InPatient",
    "extra": "To Select surgery"
},{
    "action": "log_data",
    "login": {
        "uid": "1",
        "date_time": "2018-06-03 20:29:49",
        "client_ip": "157.48.76.154"
    },
    "window": "InPatient",
    "extra": "Getting Beds"
},{
    "action": "log_data",
    "login": {
        "uid": "1",
        "date_time": "2018-06-03 20:30:06",
        "client_ip": "157.48.76.154"
    },
    "window": "InPatient",
    "extra": "To Select surgery"
},{
    "action": "log_data",
    "login": {
        "uid": "1",
        "date_time": "2018-06-03 20:30:07",
        "client_ip": "157.48.76.154"
    },
    "window": "InPatient",
    "extra": "To Select surgery"
},{
    "action": "log_data",
    "login": {
        "uid": "1",
        "date_time": "2018-06-03 20:30:08",
        "client_ip": "157.48.76.154"
    },
    "window": "InPatient",
    "extra": "To Select surgery"
},{
    "action": "log_data",
    "login": {
        "uid": "1",
        "date_time": "2018-06-03 20:30:10",
        "client_ip": "157.48.76.154"
    },
    "window": "InPatient",
    "extra": "To Select surgery"
},{
    "action": "log_data",
    "login": {
        "uid": "1",
        "date_time": "2018-06-03 20:30:12",
        "client_ip": "157.48.76.154"
    },
    "window": "InPatient",
    "extra": "To Select surgery"
},{
    "action": "log_data",
    "login": {
        "uid": "1",
        "date_time": "2018-06-03 20:30:15",
        "client_ip": "157.48.76.154"
    },
    "window": "InPatient",
    "extra": "To Select surgery"
},{
    "action": "log_data",
    "login": {
        "uid": "1",
        "date_time": "2018-06-03 20:30:19",
        "client_ip": "157.48.76.154"
    },
    "window": "InPatient",
    "extra": "To Select surgery"
},{
    "action": "log_data",
    "login": {
        "uid": "1",
        "date_time": "2018-06-03 20:30:21",
        "client_ip": "157.48.76.154"
    },
    "window": "InPatient",
    "extra": "To Select surgery"
},{
    "action": "log_data",
    "login": {
        "uid": "1",
        "date_time": "2018-06-03 20:35:05",
        "client_ip": "157.48.76.154"
    },
    "window": "InPatient",
    "extra": "Getting Total Out Patients"
},{
    "action": "log_data",
    "login": {
        "uid": "1",
        "date_time": "2018-06-03 20:35:21",
        "client_ip": "157.48.76.154"
    },
    "window": "InPatient",
    "extra": "Getting Beds"
},{
    "action": "log_data",
    "login": {
        "uid": "1",
        "date_time": "2018-06-03 20:35:23",
        "client_ip": "157.48.76.154"
    },
    "window": "InPatient",
    "extra": "To Select surgery"
},{
    "action": "log_data",
    "login": {
        "uid": "1",
        "date_time": "2018-06-03 20:35:24",
        "client_ip": "157.48.76.154"
    },
    "window": "InPatient",
    "extra": "To Select surgery"
},{
    "action": "log_data",
    "login": {
        "uid": "1",
        "date_time": "2018-06-03 20:39:42",
        "client_ip": "157.48.76.154"
    },
    "window": "Users",
    "extra": "extra Data"
},{
    "action": "log_data",
    "login": {
        "uid": "1",
        "date_time": "2018-06-03 20:40:16",
        "client_ip": "157.48.76.154"
    },
    "window": "Users",
    "extra": "extra Data"
},{
    "action": "log_data",
    "login": {
        "uid": "1",
        "date_time": "2018-06-03 20:40:41",
        "client_ip": "157.48.76.154"
    },
    "window": "Users",
    "extra": "extra Data"
},{
    "action": "log_data",
    "login": {
        "uid": "1",
        "date_time": "2018-06-03 20:40:48",
        "client_ip": "157.48.76.154"
    },
    "window": "Users",
    "extra": "extra Data"
},{
    "action": "log_data",
    "login": {
        "uid": "1",
        "date_time": "2018-06-03 20:41:29",
        "client_ip": "157.48.76.154"
    },
    "window": "Users",
    "extra": "extra Data"
},{
    "action": "log_data",
    "login": {
        "uid": "1",
        "date_time": "2018-06-03 20:41:30",
        "client_ip": "157.48.76.154"
    },
    "window": "Users",
    "extra": "extra Data"
},{
    "action": "log_data",
    "login": {
        "uid": "1",
        "date_time": "2018-06-03 20:41:51",
        "client_ip": "157.48.76.154"
    },
    "window": "Users",
    "extra": "extra Data"
},{
    "action": "log_data",
    "login": {
        "uid": "1",
        "date_time": "2018-06-03 20:43:07",
        "client_ip": "157.48.76.154"
    },
    "window": "Collection",
    "extra": "collection_data%5Bpaid_details%5D%5B0%5D%5B%24%24hashKey%5D=object%3A1648&collection_data%5Bpaid_details%5D%5B0%5D%5Bobj%5D%5Bbcid%5D=2&collection_data%5Bpaid_details%5D%5B0%5D%5Bobj%5D%5Bbcgroup%5D=Hospital&collection_data%5Bpaid_details%5D%5B0%5D%5Bobj%5D%5Bbcname%5D=Advance&collection_data%5Bpaid_details%5D%5B0%5D%5Bobj%5D%5Bbccode%5D=ADV&collection_data%5Bpaid_details%5D%5B0%5D%5Bbill_id%5D=2&collection_data%5Bpaid_details%5D%5B0%5D%5BpaidAmount%5D=5000&collection_data%5Bpaid_details%5D%5B1%5D%5B%24%24hashKey%5D=object%3A1716&collection_data%5Bpaid_details%5D%5B1%5D%5Bobj%5D%5Bbcid%5D=1&collection_data%5Bpaid_details%5D%5B1%5D%5Bobj%5D%5Bbcgroup%5D=Hospital&collection_data%5Bpaid_details%5D%5B1%5D%5Bobj%5D%5Bbcname%5D=OP%20Consultation&collection_data%5Bpaid_details%5D%5B1%5D%5Bobj%5D%5Bbccode%5D=OPC&collection_data%5Bpaid_details%5D%5B1%5D%5Bbill_id%5D=1&collection_data%5Bpaid_details%5D%5B1%5D%5BpaidAmount%5D=200&collection_data%5Bpayment_type%5D=Cash&collection_data%5Btransaction_date%5D=06%2F03%2F2018&collection_data%5Bhospital_id%5D=1&collection_data%5Btotal_paid_amount%5D=5200&collection_data%5Bremark%5D=Paid%20advance%20and%20Consultation%20fee&collection_data%5Bdr_id%5D=16&collection_data%5Bpatient_id%5D=134&collection_data%5Bp_visit_id%5D=139&collection_data%5Buser_id%5D=1"
},{
    "action": "log_data",
    "login": {
        "uid": "1",
        "date_time": "2018-06-03 20:43:20",
        "client_ip": "157.48.76.154"
    },
    "window": "Collection",
    "extra": "collection_data%5Bpaid_details%5D%5B0%5D%5B%24%24hashKey%5D=object%3A1648&collection_data%5Bpaid_details%5D%5B0%5D%5Bobj%5D%5Bbcid%5D=2&collection_data%5Bpaid_details%5D%5B0%5D%5Bobj%5D%5Bbcgroup%5D=Hospital&collection_data%5Bpaid_details%5D%5B0%5D%5Bobj%5D%5Bbcname%5D=Advance&collection_data%5Bpaid_details%5D%5B0%5D%5Bobj%5D%5Bbccode%5D=ADV&collection_data%5Bpaid_details%5D%5B0%5D%5Bbill_id%5D=2&collection_data%5Bpaid_details%5D%5B0%5D%5BpaidAmount%5D=5000&collection_data%5Bpaid_details%5D%5B1%5D%5B%24%24hashKey%5D=object%3A1716&collection_data%5Bpaid_details%5D%5B1%5D%5Bobj%5D%5Bbcid%5D=1&collection_data%5Bpaid_details%5D%5B1%5D%5Bobj%5D%5Bbcgroup%5D=Hospital&collection_data%5Bpaid_details%5D%5B1%5D%5Bobj%5D%5Bbcname%5D=OP%20Consultation&collection_data%5Bpaid_details%5D%5B1%5D%5Bobj%5D%5Bbccode%5D=OPC&collection_data%5Bpaid_details%5D%5B1%5D%5Bbill_id%5D=1&collection_data%5Bpaid_details%5D%5B1%5D%5BpaidAmount%5D=200&collection_data%5Bpayment_type%5D=Cash&collection_data%5Btransaction_date%5D=06%2F03%2F2018&collection_data%5Bhospital_id%5D=1&collection_data%5Btotal_paid_amount%5D=5200&collection_data%5Bremark%5D=Paid%20advance%20and%20Consultation%20fee&collection_data%5Bdr_id%5D=16&collection_data%5Bpatient_id%5D=134&collection_data%5Bp_visit_id%5D=139&collection_data%5Buser_id%5D=1"
},{
    "action": "log_data",
    "login": {
        "uid": "1",
        "date_time": "2018-06-03 20:43:32",
        "client_ip": "157.48.76.154"
    },
    "window": "Collection",
    "extra": "collection_data%5Bpaid_details%5D%5B0%5D%5B%24%24hashKey%5D=object%3A1648&collection_data%5Bpaid_details%5D%5B0%5D%5Bobj%5D%5Bbcid%5D=2&collection_data%5Bpaid_details%5D%5B0%5D%5Bobj%5D%5Bbcgroup%5D=Hospital&collection_data%5Bpaid_details%5D%5B0%5D%5Bobj%5D%5Bbcname%5D=Advance&collection_data%5Bpaid_details%5D%5B0%5D%5Bobj%5D%5Bbccode%5D=ADV&collection_data%5Bpaid_details%5D%5B0%5D%5Bbill_id%5D=2&collection_data%5Bpaid_details%5D%5B0%5D%5BpaidAmount%5D=5000&collection_data%5Bpaid_details%5D%5B1%5D%5B%24%24hashKey%5D=object%3A1716&collection_data%5Bpaid_details%5D%5B1%5D%5Bobj%5D%5Bbcid%5D=1&collection_data%5Bpaid_details%5D%5B1%5D%5Bobj%5D%5Bbcgroup%5D=Hospital&collection_data%5Bpaid_details%5D%5B1%5D%5Bobj%5D%5Bbcname%5D=OP%20Consultation&collection_data%5Bpaid_details%5D%5B1%5D%5Bobj%5D%5Bbccode%5D=OPC&collection_data%5Bpaid_details%5D%5B1%5D%5Bbill_id%5D=1&collection_data%5Bpaid_details%5D%5B1%5D%5BpaidAmount%5D=200&collection_data%5Bpayment_type%5D=Cash&collection_data%5Btransaction_date%5D=06%2F03%2F2018&collection_data%5Bhospital_id%5D=1&collection_data%5Btotal_paid_amount%5D=5200&collection_data%5Bremark%5D=Paid%20advance%20and%20Consultation%20fee&collection_data%5Bdr_id%5D=16&collection_data%5Bpatient_id%5D=134&collection_data%5Bp_visit_id%5D=139&collection_data%5Buser_id%5D=1"
},{
    "action": "log_data",
    "login": {
        "uid": "1",
        "date_time": "2018-06-03 20:47:59",
        "client_ip": "157.48.76.154"
    },
    "window": "Users",
    "extra": "extra Data"
},{
    "action": "log_data",
    "login": {
        "uid": "1",
        "date_time": "2018-06-03 20:50:41",
        "client_ip": "157.48.76.154"
    },
    "window": "Users",
    "extra": "extra Data"
},{
    "action": "log_data",
    "login": {
        "uid": "1",
        "date_time": "2018-06-03 20:50:48",
        "client_ip": "157.48.76.154"
    },
    "window": "Users",
    "extra": "extra Data"
},{
    "action": "log_data",
    "login": {
        "uid": "1",
        "date_time": "2018-06-03 20:52:56",
        "client_ip": "157.48.76.154"
    },
    "window": "CancelRec",
    "extra": "Get Receipt data"
},{
    "action": "log_data",
    "login": {
        "uid": "1",
        "date_time": "2018-06-03 20:53:06",
        "client_ip": "157.48.76.154"
    },
    "window": "CancelRec",
    "extra": "Receipt Canceled"
},{
    "action": "log_data",
    "login": {
        "uid": "1",
        "date_time": "2018-06-03 20:54:30",
        "client_ip": "157.48.76.154"
    },
    "window": "CancelRec",
    "extra": "Get Receipt data"
},{
    "action": "log_data",
    "login": {
        "uid": "1",
        "date_time": "2018-06-03 20:54:31",
        "client_ip": "157.48.76.154"
    },
    "window": "CancelRec",
    "extra": "Receipt Canceled"
},{
    "action": "log_data",
    "login": {
        "uid": "1",
        "date_time": "2018-06-03 20:54:37",
        "client_ip": "157.48.76.154"
    },
    "window": "CancelRec",
    "extra": "Get Receipt data"
},{
    "action": "log_data",
    "login": {
        "uid": "1",
        "date_time": "2018-06-03 20:54:38",
        "client_ip": "157.48.76.154"
    },
    "window": "CancelRec",
    "extra": "Receipt Canceled"
},{
    "action": "log_data",
    "login": {
        "uid": "1",
        "date_time": "2018-06-03 20:54:40",
        "client_ip": "157.48.76.154"
    },
    "window": "CancelRec",
    "extra": "Get Receipt data"
},{
    "action": "log_data",
    "login": {
        "uid": "1",
        "date_time": "2018-06-03 20:54:41",
        "client_ip": "157.48.76.154"
    },
    "window": "CancelRec",
    "extra": "Receipt Canceled"
},{
    "action": "log_data",
    "login": {
        "uid": "1",
        "date_time": "2018-06-03 20:55:41",
        "client_ip": "157.48.76.154"
    },
    "window": "Users",
    "extra": "extra Data"
},{
    "action": "log_data",
    "login": {
        "uid": "1",
        "date_time": "2018-06-03 21:18:09",
        "client_ip": "157.48.76.154"
    },
    "window": "Users",
    "extra": "extra Data"
},{
    "action": "log_data",
    "login": {
        "uid": "1",
        "date_time": "2018-06-03 21:21:00",
        "client_ip": "157.48.76.154"
    },
    "window": "New Patient",
    "extra": "patient_new_reg%5Bbasic_info%5D%5B0%5D%5Bname%5D=Suresh&patient_new_reg%5Bbasic_info%5D%5B0%5D%5Bfather_name%5D=Suresh&patient_new_reg%5Bbasic_info%5D%5B0%5D%5Bgender%5D=M&patient_new_reg%5Bbasic_info%5D%5B0%5D%5Bage%5D=25&patient_new_reg%5Bbasic_info%5D%5B0%5D%5Bcity%5D=Eluru&patient_new_reg%5Bbasic_info%5D%5B0%5D%5Bmobile%5D=8855225588&patient_new_reg%5Bconsultation%5D%5B0%5D%5Bdr_consult_id%5D=3&patient_new_reg%5Bconsultation%5D%5B0%5D%5Bdr_id%5D=19&patient_new_reg%5Bconsultation%5D%5B0%5D%5Bpro_id%5D=&patient_new_reg%5Bconsultation%5D%5B0%5D%5Bref_id%5D=&patient_new_reg%5Bconsultation%5D%5B0%5D%5Bconsultation_amount%5D=200&patient_new_reg%5Bconsultation%5D%5B0%5D%5Bdiagnosis%5D=There%20are%20many%20variations%20of%20passages%20of%20Lorem%20Ipsum%20available%2C%20but%20the%20majority%20have%20suffered%20alteration%20in%20some%20form%2C%20by%20injected%20humour%2C%20or%20randomised%20words%20which%20don't%20look%20even%20slightly%20believable.%20If%20you%20are%20going%20to%20use%20a%20passage%20of%20Lorem%20Ipsum%2C%20you%20need%20to%20be%20sure%20there%20isn't%20anything%20embarrassing%20hidden%20in%20the%20middle%20of%20text&patient_new_reg%5Bconsultation%5D%5B0%5D%5Bfcid%5D=2&patient_new_reg%5Bconsultation%5D%5B0%5D%5Bdate_of_op%5D=June%2003%2C%202018%2C%2021%3A18%3A12&patient_new_reg%5Bconsultation%5D%5B0%5D%5Buser_id%5D=1&patient_new_reg%5Bvisit_type%5D=op"
},{
    "action": "log_data",
    "login": {
        "uid": "1",
        "date_time": "2018-06-03 21:21:09",
        "client_ip": "157.48.76.154"
    },
    "window": "Users",
    "extra": "extra Data"
},{
    "action": "log_data",
    "login": {
        "uid": "1",
        "date_time": "2018-06-03 21:21:19",
        "client_ip": "157.48.76.154"
    },
    "window": "Users",
    "extra": "extra Data"
},{
    "action": "log_data",
    "login": {
        "uid": "1",
        "date_time": "2018-06-03 21:22:17",
        "client_ip": "157.48.76.154"
    },
    "window": "New Patient",
    "extra": "patient_new_reg%5Bbasic_info%5D%5B0%5D%5Bname%5D=Suresh&patient_new_reg%5Bbasic_info%5D%5B0%5D%5Bfather_name%5D=Suresh%20Father&patient_new_reg%5Bbasic_info%5D%5B0%5D%5Bgender%5D=M&patient_new_reg%5Bbasic_info%5D%5B0%5D%5Bage%5D=25&patient_new_reg%5Bbasic_info%5D%5B0%5D%5Bcity%5D=Kakinada&patient_new_reg%5Bbasic_info%5D%5B0%5D%5Bmobile%5D=8855556655&patient_new_reg%5Bconsultation%5D%5B0%5D%5Bdr_consult_id%5D=6&patient_new_reg%5Bconsultation%5D%5B0%5D%5Bdr_id%5D=21&patient_new_reg%5Bconsultation%5D%5B0%5D%5Bpro_id%5D=&patient_new_reg%5Bconsultation%5D%5B0%5D%5Bref_id%5D=&patient_new_reg%5Bconsultation%5D%5B0%5D%5Bconsultation_amount%5D=300&patient_new_reg%5Bconsultation%5D%5B0%5D%5Bdiagnosis%5D=There%20are%20many%20variations%20of%20passages%20of%20Lorem%20Ipsum%20available%2C%20but%20the%20majority%20have%20suffered%20alteration%20in%20some%20form%2C%20by%20injected%20humour%2C%20or%20randomised%20words%20which%20don't%20look%20even%20slightly%20believable.%20If%20you%20are%20going%20to%20use%20a%20passage%20of%20Lorem%20Ipsum%2C%20you%20need%20to%20be%20sure%20there%20isn't%20anything%20embarrassing%20hidden%20in%20the%20middle%20of%20text&patient_new_reg%5Bconsultation%5D%5B0%5D%5Bfcid%5D=2&patient_new_reg%5Bconsultation%5D%5B0%5D%5Bdate_of_op%5D=June%2003%2C%202018%2C%2021%3A21%3A22&patient_new_reg%5Bconsultation%5D%5B0%5D%5Buser_id%5D=1&patient_new_reg%5Bvisit_type%5D=op"
},{
    "action": "log_data",
    "login": {
        "uid": "1",
        "date_time": "2018-06-03 21:23:54",
        "client_ip": "157.48.76.154"
    },
    "window": "New Patient",
    "extra": "patient_new_reg%5Bbasic_info%5D%5B0%5D%5Bname%5D=Suresh&patient_new_reg%5Bbasic_info%5D%5B0%5D%5Bfather_name%5D=Suresh%20Father&patient_new_reg%5Bbasic_info%5D%5B0%5D%5Bgender%5D=M&patient_new_reg%5Bbasic_info%5D%5B0%5D%5Bage%5D=25&patient_new_reg%5Bbasic_info%5D%5B0%5D%5Bcity%5D=Kakinada&patient_new_reg%5Bbasic_info%5D%5B0%5D%5Bmobile%5D=7386092626&patient_new_reg%5Bconsultation%5D%5B0%5D%5Bdr_consult_id%5D=6&patient_new_reg%5Bconsultation%5D%5B0%5D%5Bdr_id%5D=21&patient_new_reg%5Bconsultation%5D%5B0%5D%5Bpro_id%5D=18&patient_new_reg%5Bconsultation%5D%5B0%5D%5Bref_id%5D=&patient_new_reg%5Bconsultation%5D%5B0%5D%5Bconsultation_amount%5D=300&patient_new_reg%5Bconsultation%5D%5B0%5D%5Bdiagnosis%5D=There%20are%20many%20variations%20of%20passages%20of%20Lorem%20Ipsum%20available%2C%20but%20the%20majority%20have%20suffered%20alteration%20in%20some%20form%2C%20by%20injected%20humour%2C%20or%20randomised%20words%20which%20don't%20look%20even%20slightly%20believable.%20If%20you%20are%20going%20to%20use%20a%20passage%20of%20Lorem%20Ipsum%2C%20you%20need%20to%20be%20sure%20there%20isn't%20anything%20embarrassing%20hidden%20in%20the%20middle%20of%20text&patient_new_reg%5Bconsultation%5D%5B0%5D%5Bfcid%5D=2&patient_new_reg%5Bconsultation%5D%5B0%5D%5Bdate_of_op%5D=June%2003%2C%202018%2C%2021%3A22%3A18&patient_new_reg%5Bconsultation%5D%5B0%5D%5Buser_id%5D=1&patient_new_reg%5Bvisit_type%5D=op"
},{
    "action": "log_data",
    "login": {
        "uid": "1",
        "date_time": "2018-06-03 21:24:39",
        "client_ip": "157.48.76.154"
    },
    "window": "New Patient",
    "extra": "patient_new_reg%5Bbasic_info%5D%5B0%5D%5Bname%5D=Suresh&patient_new_reg%5Bbasic_info%5D%5B0%5D%5Bfather_name%5D=Suresh%20Father&patient_new_reg%5Bbasic_info%5D%5B0%5D%5Bgender%5D=M&patient_new_reg%5Bbasic_info%5D%5B0%5D%5Bage%5D=25&patient_new_reg%5Bbasic_info%5D%5B0%5D%5Bcity%5D=HYDERABAD&patient_new_reg%5Bbasic_info%5D%5B0%5D%5Bmobile%5D=5548484848&patient_new_reg%5Bconsultation%5D%5B0%5D%5Bdr_consult_id%5D=6&patient_new_reg%5Bconsultation%5D%5B0%5D%5Bdr_id%5D=21&patient_new_reg%5Bconsultation%5D%5B0%5D%5Bpro_id%5D=18&patient_new_reg%5Bconsultation%5D%5B0%5D%5Bref_id%5D=1&patient_new_reg%5Bconsultation%5D%5B0%5D%5Bconsultation_amount%5D=300&patient_new_reg%5Bconsultation%5D%5B0%5D%5Bdiagnosis%5D=There%20are%20many%20variations%20of%20passages%20of%20Lorem%20Ipsum%20available%2C%20but%20the%20majority%20have%20suffered%20alteration%20in%20some%20form%2C%20by%20injected%20humour%2C%20or%20randomised%20words%20which%20don't%20look%20even%20slightly%20believable.%20If%20you%20are%20going%20to%20use%20a%20passage%20of%20Lorem%20Ipsum%2C%20you%20need%20to%20be%20sure%20there%20isn't%20anything%20embarrassing%20hidden%20in%20the%20middle%20of%20text&patient_new_reg%5Bconsultation%5D%5B0%5D%5Bfcid%5D=2&patient_new_reg%5Bconsultation%5D%5B0%5D%5Bdate_of_op%5D=June%2003%2C%202018%2C%2021%3A23%3A54&patient_new_reg%5Bconsultation%5D%5B0%5D%5Buser_id%5D=1&patient_new_reg%5Bvisit_type%5D=op"
},{
    "action": "log_data",
    "login": {
        "uid": "1",
        "date_time": "2018-06-03 21:25:43",
        "client_ip": "157.48.76.154"
    },
    "window": "New Patient",
    "extra": "patient_new_reg%5Bbasic_info%5D%5B0%5D%5Bname%5D=Suresh&patient_new_reg%5Bbasic_info%5D%5B0%5D%5Bfather_name%5D=Suresh%20Father&patient_new_reg%5Bbasic_info%5D%5B0%5D%5Bgender%5D=M&patient_new_reg%5Bbasic_info%5D%5B0%5D%5Bage%5D=25&patient_new_reg%5Bbasic_info%5D%5B0%5D%5Bcity%5D=HYDERABAD&patient_new_reg%5Bbasic_info%5D%5B0%5D%5Bmobile%5D=9995959595&patient_new_reg%5Bconsultation%5D%5B0%5D%5Bdr_consult_id%5D=1&patient_new_reg%5Bconsultation%5D%5B0%5D%5Bdr_id%5D=16&patient_new_reg%5Bconsultation%5D%5B0%5D%5Bpro_id%5D=&patient_new_reg%5Bconsultation%5D%5B0%5D%5Bref_id%5D=&patient_new_reg%5Bconsultation%5D%5B0%5D%5Bconsultation_amount%5D=200&patient_new_reg%5Bconsultation%5D%5B0%5D%5Bdiagnosis%5D=There%20are%20many%20variations%20of%20passages%20of%20Lorem%20Ipsum%20available%2C%20but%20the%20majority%20have%20suffered%20alteration%20in%20some%20form%2C%20by%20injected%20humour%2C%20or%20randomised%20words%20which%20don't%20look%20even%20slightly%20believable.%20If%20you%20are%20going%20to%20use%20a%20passage%20of%20Lorem%20Ipsum%2C%20you%20need%20to%20be%20sure%20there%20isn't%20anything%20embarrassing%20hidden%20in%20the%20middle%20of%20text&patient_new_reg%5Bconsultation%5D%5B0%5D%5Bfcid%5D=2&patient_new_reg%5Bconsultation%5D%5B0%5D%5Bdate_of_op%5D=June%2003%2C%202018%2C%2021%3A25%3A07&patient_new_reg%5Bconsultation%5D%5B0%5D%5Buser_id%5D=1&patient_new_reg%5Bvisit_type%5D=op"
},{
    "action": "log_data",
    "login": {
        "uid": "1",
        "date_time": "2018-06-03 21:27:14",
        "client_ip": "157.48.76.154"
    },
    "window": "New Patient",
    "extra": "patient_new_reg%5Bbasic_info%5D%5B0%5D%5Bname%5D=Suresh&patient_new_reg%5Bbasic_info%5D%5B0%5D%5Bfather_name%5D=Suresh%20Father&patient_new_reg%5Bbasic_info%5D%5B0%5D%5Bgender%5D=M&patient_new_reg%5Bbasic_info%5D%5B0%5D%5Bage%5D=30&patient_new_reg%5Bbasic_info%5D%5B0%5D%5Bcity%5D=Kakinada&patient_new_reg%5Bbasic_info%5D%5B0%5D%5Bmobile%5D=7386071000&patient_new_reg%5Bconsultation%5D%5B0%5D%5Bdr_consult_id%5D=1&patient_new_reg%5Bconsultation%5D%5B0%5D%5Bdr_id%5D=16&patient_new_reg%5Bconsultation%5D%5B0%5D%5Bpro_id%5D=18&patient_new_reg%5Bconsultation%5D%5B0%5D%5Bref_id%5D=15&patient_new_reg%5Bconsultation%5D%5B0%5D%5Bconsultation_amount%5D=200&patient_new_reg%5Bconsultation%5D%5B0%5D%5Bdiagnosis%5D=There%20are%20many%20variations%20of%20passages%20of%20Lorem%20Ipsum%20available%2C%20but%20the%20majority%20have%20suffered%20alteration%20in%20some%20form%2C%20by%20injected%20humour%2C%20or%20randomised%20words%20which&patient_new_reg%5Bconsultation%5D%5B0%5D%5Bfcid%5D=2&patient_new_reg%5Bconsultation%5D%5B0%5D%5Bdate_of_op%5D=June%2003%2C%202018%2C%2021%3A25%3A43&patient_new_reg%5Bconsultation%5D%5B0%5D%5Buser_id%5D=1&patient_new_reg%5Bvisit_type%5D=op"
},{
    "action": "log_data",
    "login": {
        "uid": "1",
        "date_time": "2018-06-03 21:32:35",
        "client_ip": "157.48.76.154"
    },
    "window": "Users",
    "extra": "extra Data"
},{
    "action": "log_data",
    "login": {
        "uid": "1",
        "date_time": "2018-06-03 21:34:01",
        "client_ip": "157.48.76.154"
    },
    "window": "Users",
    "extra": "extra Data"
},{
    "action": "log_data",
    "login": {
        "uid": "1",
        "date_time": "2018-06-03 21:34:53",
        "client_ip": "157.48.76.154"
    },
    "window": "Collection",
    "extra": "collection_data%5Bpaid_details%5D%5B0%5D%5B%24%24hashKey%5D=object%3A3609&collection_data%5Bpaid_details%5D%5B0%5D%5Bobj%5D%5Bbcid%5D=1&collection_data%5Bpaid_details%5D%5B0%5D%5Bobj%5D%5Bbcgroup%5D=Hospital&collection_data%5Bpaid_details%5D%5B0%5D%5Bobj%5D%5Bbcname%5D=OP%20Consultation&collection_data%5Bpaid_details%5D%5B0%5D%5Bobj%5D%5Bbccode%5D=OPC&collection_data%5Bpaid_details%5D%5B0%5D%5Bbill_id%5D=1&collection_data%5Bpaid_details%5D%5B0%5D%5BpaidAmount%5D=200&collection_data%5Bpaid_details%5D%5B1%5D%5B%24%24hashKey%5D=object%3A3645&collection_data%5Bpaid_details%5D%5B1%5D%5Bobj%5D%5Bbcid%5D=2&collection_data%5Bpaid_details%5D%5B1%5D%5Bobj%5D%5Bbcgroup%5D=Hospital&collection_data%5Bpaid_details%5D%5B1%5D%5Bobj%5D%5Bbcname%5D=Advance&collection_data%5Bpaid_details%5D%5B1%5D%5Bobj%5D%5Bbccode%5D=ADV&collection_data%5Bpaid_details%5D%5B1%5D%5Bbill_id%5D=2&collection_data%5Bpaid_details%5D%5B1%5D%5BpaidAmount%5D=150&collection_data%5Bpayment_type%5D=Cash&collection_data%5Btransaction_date%5D=06%2F03%2F2018&collection_data%5Bhospital_id%5D=1&collection_data%5Btotal_paid_amount%5D=350&collection_data%5Bremark%5D=sample&collection_data%5Bdr_id%5D=16&collection_data%5Bpatient_id%5D=134&collection_data%5Bp_visit_id%5D=139&collection_data%5Buser_id%5D=1"
},{
    "action": "log_data",
    "login": {
        "uid": "1",
        "date_time": "2018-06-03 21:37:25",
        "client_ip": "157.48.76.154"
    },
    "window": "InPatient",
    "extra": "Getting Beds"
},{
    "action": "log_data",
    "login": {
        "uid": "1",
        "date_time": "2018-06-03 21:38:38",
        "client_ip": "157.48.76.154"
    },
    "window": "InPatient",
    "extra": "To Select surgery"
},{
    "action": "log_data",
    "login": {
        "uid": "1",
        "date_time": "2018-06-03 21:38:39",
        "client_ip": "157.48.76.154"
    },
    "window": "InPatient",
    "extra": "To Select surgery"
},{
    "action": "log_data",
    "login": {
        "uid": "1",
        "date_time": "2018-06-03 21:39:52",
        "client_ip": "157.48.76.154"
    },
    "window": "InPatient",
    "extra": "To Select surgery"
},{
    "action": "log_data",
    "login": {
        "uid": "1",
        "date_time": "2018-06-03 21:39:58",
        "client_ip": "157.48.76.154"
    },
    "window": "InPatient",
    "extra": "To Select surgery"
},{
    "action": "log_data",
    "login": {
        "uid": "1",
        "date_time": "2018-06-03 21:40:01",
        "client_ip": "157.48.76.154"
    },
    "window": "InPatient",
    "extra": "To Select surgery"
},{
    "action": "log_data",
    "login": {
        "uid": "1",
        "date_time": "2018-06-03 21:43:41",
        "client_ip": "157.48.76.154"
    },
    "window": "InPatient",
    "extra": "Bed Section"
},{
    "action": "log_data",
    "login": {
        "uid": "1",
        "date_time": "2018-06-03 21:44:19",
        "client_ip": "157.48.76.154"
    },
    "window": "InPatient",
    "extra": "Bed Section"
},{
    "action": "log_data",
    "login": {
        "uid": "1",
        "date_time": "2018-06-03 21:44:25",
        "client_ip": "157.48.76.154"
    },
    "window": "InPatient",
    "extra": "Bed Section"
},{
    "action": "log_data",
    "login": {
        "uid": "1",
        "date_time": "2018-06-03 21:45:08",
        "client_ip": "157.48.76.154"
    },
    "window": "InPatient",
    "extra": "Bed Section"
},{
    "action": "log_data",
    "login": {
        "uid": "1",
        "date_time": "2018-06-03 21:45:11",
        "client_ip": "157.48.76.154"
    },
    "window": "InPatient",
    "extra": "Bed Section"
},{
    "action": "log_data",
    "login": {
        "uid": "1",
        "date_time": "2018-06-03 21:47:24",
        "client_ip": "157.48.76.154"
    },
    "window": "Users",
    "extra": "extra Data"
},{
    "action": "log_data",
    "login": {
        "uid": "1",
        "date_time": "2018-06-03 21:47:24",
        "client_ip": "157.48.76.154"
    },
    "window": "Users",
    "extra": "extra Data"
},{
    "action": "log_data",
    "login": {
        "uid": "1",
        "date_time": "2018-06-03 21:47:28",
        "client_ip": "157.48.76.154"
    },
    "window": "Users",
    "extra": "extra Data"
},{
    "action": "log_data",
    "login": {
        "uid": "1",
        "date_time": "2018-06-03 21:47:41",
        "client_ip": "157.48.76.154"
    },
    "window": "Users",
    "extra": "extra Data"
},{
    "action": "log_data",
    "login": {
        "uid": "1",
        "date_time": "2018-06-03 21:47:48",
        "client_ip": "157.48.76.154"
    },
    "window": "Users",
    "extra": "extra Data"
},{
    "action": "log_data",
    "login": {
        "uid": "1",
        "date_time": "2018-06-03 21:48:06",
        "client_ip": "157.48.76.154"
    },
    "window": "Users",
    "extra": "extra Data"
},{
    "action": "log_data",
    "login": {
        "uid": "1",
        "date_time": "2018-06-03 21:50:39",
        "client_ip": "157.48.76.154"
    },
    "window": "Users",
    "extra": "extra Data"
},{
    "action": "log_data",
    "login": {
        "uid": "1",
        "date_time": "2018-06-03 21:53:11",
        "client_ip": "157.48.76.154"
    },
    "window": "Users",
    "extra": "extra Data"
},{
    "action": "log_data",
    "login": {
        "uid": "1",
        "date_time": "2018-06-03 22:05:21",
        "client_ip": "157.48.76.154"
    },
    "window": "Users",
    "extra": "extra Data"
},{
    "action": "log_data",
    "login": {
        "uid": "1",
        "date_time": "2018-06-03 22:11:49",
        "client_ip": "157.48.76.154"
    },
    "window": "Users",
    "extra": "extra Data"
},{
    "action": "log_data",
    "login": {
        "uid": "1",
        "date_time": "2018-06-03 22:11:49",
        "client_ip": "157.48.76.154"
    },
    "window": "Users",
    "extra": "extra Data"
},{
    "action": "log_data",
    "login": {
        "uid": "1",
        "date_time": "2018-06-03 22:11:50",
        "client_ip": "157.48.76.154"
    },
    "window": "Users",
    "extra": "extra Data"
},{
    "action": "log_data",
    "login": {
        "uid": "1",
        "date_time": "2018-06-03 22:13:04",
        "client_ip": "157.48.76.154"
    },
    "window": "CaseSheet Added",
    "extra": "casesheet%5Binv_details%5D%5B0%5D%5Btest_id%5D=1&casesheet%5Binv_details%5D%5B0%5D%5Btest_name%5D=COMPLETE%20BLOOD%20PICTURE&casesheet%5Binv_details%5D%5B0%5D%5Bprice%5D=350&casesheet%5Binv_details%5D%5B0%5D%5Bref_values%5D%5B0%5D%5BGender%5D=All&casesheet%5Binv_details%5D%5B0%5D%5Bref_values%5D%5B0%5D%5BendRange%5D=17&casesheet%5Binv_details%5D%5B0%5D%5Bref_values%5D%5B0%5D%5B%24%24hashKey%5D=object%3A386&casesheet%5Binv_details%5D%5B0%5D%5Bref_values%5D%5B0%5D%5BrangeType%5D=Range&casesheet%5Binv_details%5D%5B0%5D%5Bref_values%5D%5B0%5D%5Bunit_name%5D=gms%25&casesheet%5Binv_details%5D%5B0%5D%5Bref_values%5D%5B0%5D%5BstartRange%5D=13&casesheet%5Binv_details%5D%5B0%5D%5Bref_values%5D%5B0%5D%5BsubInvestigation%5D=HEMOGLOBIN&casesheet%5Binv_details%5D%5B0%5D%5Bref_values%5D%5B1%5D%5BGender%5D=All&casesheet%5Binv_details%5D%5B0%5D%5Bref_values%5D%5B1%5D%5BendRange%5D=5.5&casesheet%5Binv_details%5D%5B0%5D%5Bref_values%5D%5B1%5D%5B%24%24hashKey%5D=object%3A540&casesheet%5Binv_details%5D%5B0%5D%5Bref_values%5D%5B1%5D%5BrangeType%5D=Range&casesheet%5Binv_details%5D%5B0%5D%5Bref_values%5D%5B1%5D%5Bunit_name%5D=million%20cells%2Fcu.mm&casesheet%5Binv_details%5D%5B0%5D%5Bref_values%5D%5B1%5D%5BstartRange%5D=4.5&casesheet%5Binv_details%5D%5B0%5D%5Bref_values%5D%5B1%5D%5BsubInvestigation%5D=RBC%20COUNT&casesheet%5Binv_details%5D%5B0%5D%5Bref_values%5D%5B2%5D%5BGender%5D=All&casesheet%5Binv_details%5D%5B0%5D%5Bref_values%5D%5B2%5D%5BendRange%5D=50&casesheet%5Binv_details%5D%5B0%5D%5Bref_values%5D%5B2%5D%5B%24%24hashKey%5D=object%3A556&casesheet%5Binv_details%5D%5B0%5D%5Bref_values%5D%5B2%5D%5BrangeType%5D=Range&casesheet%5Binv_details%5D%5B0%5D%5Bref_values%5D%5B2%5D%5Bunit_name%5D=%25&casesheet%5Binv_details%5D%5B0%5D%5Bref_values%5D%5B2%5D%5BstartRange%5D=40&casesheet%5Binv_details%5D%5B0%5D%5Bref_values%5D%5B2%5D%5BsubInvestigation%5D=HCT&casesheet%5Binv_details%5D%5B0%5D%5Bref_values%5D%5B3%5D%5BGender%5D=All&casesheet%5Binv_details%5D%5B0%5D%5Bref_values%5D%5B3%5D%5BendRange%5D=101&casesheet%5Binv_details%5D%5B0%5D%5Bref_values%5D%5B3%5D%5B%24%24hashKey%5D=object%3A572&casesheet%5Binv_details%5D%5B0%5D%5Bref_values%5D%5B3%5D%5BrangeType%5D=Range&casesheet%5Binv_details%5D%5B0%5D%5Bref_values%5D%5B3%5D%5Bunit_name%5D=fl&casesheet%5Binv_details%5D%5B0%5D%5Bref_values%5D%5B3%5D%5BstartRange%5D=83&casesheet%5Binv_details%5D%5B0%5D%5Bref_values%5D%5B3%5D%5BsubInvestigation%5D=MCV&casesheet%5Binv_details%5D%5B0%5D%5Bref_values%5D%5B4%5D%5BGender%5D=All&casesheet%5Binv_details%5D%5B0%5D%5Bref_values%5D%5B4%5D%5BendRange%5D=32&casesheet%5Binv_details%5D%5B0%5D%5Bref_values%5D%5B4%5D%5B%24%24hashKey%5D=object%3A588&casesheet%5Binv_details%5D%5B0%5D%5Bref_values%5D%5B4%5D%5BrangeType%5D=Range&casesheet%5Binv_details%5D%5B0%5D%5Bref_values%5D%5B4%5D%5Bunit_name%5D=pg&casesheet%5Binv_details%5D%5B0%5D%5Bref_values%5D%5B4%5D%5BstartRange%5D=27&casesheet%5Binv_details%5D%5B0%5D%5Bref_values%5D%5B4%5D%5BsubInvestigation%5D=MCH&casesheet%5Binv_details%5D%5B0%5D%5Bref_values%5D%5B5%5D%5BGender%5D=All&casesheet%5Binv_details%5D%5B0%5D%5Bref_values%5D%5B5%5D%5BendRange%5D=34&casesheet%5Binv_details%5D%5B0%5D%5Bref_values%5D%5B5%5D%5B%24%24hashKey%5D=object%3A604&casesheet%5Binv_details%5D%5B0%5D%5Bref_values%5D%5B5%5D%5BrangeType%5D=Range&casesheet%5Binv_details%5D%5B0%5D%5Bref_values%5D%5B5%5D%5Bunit_name%5D=gm%2Fdl&casesheet%5Binv_details%5D%5B0%5D%5Bref_values%5D%5B5%5D%5BstartRange%5D=31&casesheet%5Binv_details%5D%5B0%5D%5Bref_values%5D%5B5%5D%5BsubInvestigation%5D=MCHC&casesheet%5Binv_details%5D%5B0%5D%5Bref_values%5D%5B6%5D%5BGender%5D=All&casesheet%5Binv_details%5D%5B0%5D%5Bref_values%5D%5B6%5D%5BendRange%5D=12000&casesheet%5Binv_details%5D%5B0%5D%5Bref_values%5D%5B6%5D%5B%24%24hashKey%5D=object%3A620&casesheet%5Binv_details%5D%5B0%5D%5Bref_values%5D%5B6%5D%5BrangeType%5D=Range&casesheet%5Binv_details%5D%5B0%5D%5Bref_values%5D%5B6%5D%5Bunit_name%5D=cells%2Fcu.mm&casesheet%5Binv_details%5D%5B0%5D%5Bref_values%5D%5B6%5D%5BstartRange%5D=4%2C000&casesheet%5Binv_details%5D%5B0%5D%5Bref_values%5D%5B6%5D%5BsubInvestigation%5D=TWBC%20COUNT&casesheet%5Binv_details%5D%5B0%5D%5Bref_values%5D%5B7%5D%5BGender%5D=All&casesheet%5Binv_details%5D%5B0%5D%5Bref_values%5D%5B7%5D%5BendRange%5D=70&casesheet%5Binv_details%5D%5B0%5D%5Bref_values%5D%5B7%5D%5B%24%24hashKey%5D=object%3A636&casesheet%5Binv_details%5D%5B0%5D%5Bref_values%5D%5B7%5D%5BrangeType%5D=Range&casesheet%5Binv_details%5D%5B0%5D%5Bref_values%5D%5B7%5D%5Bunit_name%5D=%25&casesheet%5Binv_details%5D%5B0%5D%5Bref_values%5D%5B7%5D%5BstartRange%5D=40&casesheet%5Binv_details%5D%5B0%5D%5Bref_values%5D%5B7%5D%5BsubInvestigation%5D=NEUTROPHILS&casesheet%5Binv_details%5D%5B0%5D%5Bref_values%5D%5B8%5D%5BGender%5D=All&casesheet%5Binv_details%5D%5B0%5D%5Bref_values%5D%5B8%5D%5BendRange%5D=45&casesheet%5Binv_details%5D%5B0%5D%5Bref_values%5D%5B8%5D%5B%24%24hashKey%5D=object%3A652&casesheet%5Binv_details%5D%5B0%5D%5Bref_values%5D%5B8%5D%5BrangeType%5D=Range&casesheet%5Binv_details%5D%5B0%5D%5Bref_values%5D%5B8%5D%5Bunit_name%5D=%25&casesheet%5Binv_details%5D%5B0%5D%5Bref_values%5D%5B8%5D%5BstartRange%5D=20&casesheet%5Binv_details%5D%5B0%5D%5Bref_values%5D%5B8%5D%5BsubInvestigation%5D=LYMPHOCYTES&casesheet%5Binv_details%5D%5B0%5D%5Bref_values%5D%5B9%5D%5BGender%5D=All&casesheet%5Binv_details%5D%5B0%5D%5Bref_values%5D%5B9%5D%5BendRange%5D=10&casesheet%5Binv_details%5D%5B0%5D%5Bref_values%5D%5B9%5D%5B%24%24hashKey%5D=object%3A668&casesheet%5Binv_details%5D%5B0%5D%5Bref_values%5D%5B9%5D%5BrangeType%5D=Range&casesheet%5Binv_details%5D%5B0%5D%5Bref_values%5D%5B9%5D%5Bunit_name%5D=%25&casesheet%5Binv_details%5D%5B0%5D%5Bref_values%5D%5B9%5D%5BstartRange%5D=2&casesheet%5Binv_details%5D%5B0%5D%5Bref_values%5D%5B9%5D%5BsubInvestigation%5D=MONOCYTES&casesheet%5Binv_details%5D%5B0%5D%5Bref_values%5D%5B10%5D%5BGender%5D=All&casesheet%5Binv_details%5D%5B0%5D%5Bref_values%5D%5B10%5D%5BendRange%5D=6&casesheet%5Binv_details%5D%5B0%5D%5Bref_values%5D%5B10%5D%5B%24%24hashKey%5D=object%3A684&casesheet%5Binv_details%5D%5B0%5D%5Bref_values%5D%5B10%5D%5BrangeType%5D=Range&casesheet%5Binv_details%5D%5B0%5D%5Bref_values%5D%5B10%5D%5Bunit_name%5D=%25&casesheet%5Binv_details%5D%5B0%5D%5Bref_values%5D%5B10%5D%5BstartRange%5D=2&casesheet%5Binv_details%5D%5B0%5D%5Bref_values%5D%5B10%5D%5BsubInvestigation%5D=EOSINOPHILS&casesheet%5Binv_details%5D%5B0%5D%5Bref_values%5D%5B11%5D%5BGender%5D=All&casesheet%5Binv_details%5D%5B0%5D%5Bref_values%5D%5B11%5D%5BendRange%5D=4.0&casesheet%5Binv_details%5D%5B0%5D%5Bref_values%5D%5B11%5D%5B%24%24hashKey%5D=object%3A700&casesheet%5Binv_details%5D%5B0%5D%5Bref_values%5D%5B11%5D%5BrangeType%5D=Range&casesheet%5Binv_details%5D%5B0%5D%5Bref_values%5D%5B11%5D%5Bunit_name%5D=lakhs%2Fcu.mm&casesheet%5Binv_details%5D%5B0%5D%5Bref_values%5D%5B11%5D%5BstartRange%5D=1.5&casesheet%5Binv_details%5D%5B0%5D%5Bref_values%5D%5B11%5D%5BsubInvestigation%5D=PLATELET%20COUNT&casesheet%5Binv_details%5D%5B0%5D%5Bref_values%5D%5B12%5D%5BGender%5D=All&casesheet%5Binv_details%5D%5B0%5D%5Bref_values%5D%5B12%5D%5BendRange%5D=10&casesheet%5Binv_details%5D%5B0%5D%5Bref_values%5D%5B12%5D%5B%24%24hashKey%5D=object%3A716&casesheet%5Binv_details%5D%5B0%5D%5Bref_values%5D%5B12%5D%5BrangeType%5D=Range&casesheet%5Binv_details%5D%5B0%5D%5Bref_values%5D%5B12%5D%5Bunit_name%5D=mm%20in%201st%20hour&casesheet%5Binv_details%5D%5B0%5D%5Bref_values%5D%5B12%5D%5BstartRange%5D=0&casesheet%5Binv_details%5D%5B0%5D%5Bref_values%5D%5B12%5D%5BsubInvestigation%5D=ESR&casesheet%5Binv_details%5D%5B0%5D%5Bref_values%5D%5B13%5D%5BGender%5D=All&casesheet%5Binv_details%5D%5B0%5D%5Bref_values%5D%5B13%5D%5B%24%24hashKey%5D=object%3A748&casesheet%5Binv_details%5D%5B0%5D%5Bref_values%5D%5B13%5D%5BrangeType%5D=Time&casesheet%5Binv_details%5D%5B0%5D%5Bref_values%5D%5B13%5D%5Bunit_name%5D=minutes&casesheet%5Binv_details%5D%5B0%5D%5Bref_values%5D%5B13%5D%5BendMinutes%5D=3&casesheet%5Binv_details%5D%5B0%5D%5Bref_values%5D%5B13%5D%5BendSeconds%5D=00&casesheet%5Binv_details%5D%5B0%5D%5Bref_values%5D%5B13%5D%5BstartMinutes%5D=1&casesheet%5Binv_details%5D%5B0%5D%5Bref_values%5D%5B13%5D%5BstartSeconds%5D=00&casesheet%5Binv_details%5D%5B0%5D%5Bref_values%5D%5B13%5D%5BsubInvestigation%5D=BLEEDING%20TIME&casesheet%5Binv_details%5D%5B0%5D%5Bref_values%5D%5B14%5D%5BGender%5D=All&casesheet%5Binv_details%5D%5B0%5D%5Bref_values%5D%5B14%5D%5B%24%24hashKey%5D=object%3A776&casesheet%5Binv_details%5D%5B0%5D%5Bref_values%5D%5B14%5D%5BrangeType%5D=Time&casesheet%5Binv_details%5D%5B0%5D%5Bref_values%5D%5B14%5D%5Bunit_name%5D=minutes&casesheet%5Binv_details%5D%5B0%5D%5Bref_values%5D%5B14%5D%5BendMinutes%5D=7&casesheet%5Binv_details%5D%5B0%5D%5Bref_values%5D%5B14%5D%5BendSeconds%5D=00&casesheet%5Binv_details%5D%5B0%5D%5Bref_values%5D%5B14%5D%5BstartMinutes%5D=3&casesheet%5Binv_details%5D%5B0%5D%5Bref_values%5D%5B14%5D%5BstartSeconds%5D=00&casesheet%5Binv_details%5D%5B0%5D%5Bref_values%5D%5B14%5D%5BsubInvestigation%5D=CLOTTING%20TIME&casesheet%5Binv_details%5D%5B1%5D%5Btest_id%5D=6&casesheet%5Binv_details%5D%5B1%5D%5Btest_name%5D=BLOOD%20GROUPING&casesheet%5Binv_details%5D%5B1%5D%5Bprice%5D=50&casesheet%5Binv_details%5D%5B1%5D%5Bref_values%5D%5B0%5D%5BArray%5D=A%2CB%2CAB%2C0&casesheet%5Binv_details%5D%5B1%5D%5Bref_values%5D%5B0%5D%5BGender%5D=All&casesheet%5Binv_details%5D%5B1%5D%5Bref_values%5D%5B0%5D%5B%24%24hashKey%5D=object%3A5677&casesheet%5Binv_details%5D%5B1%5D%5Bref_values%5D%5B0%5D%5BrangeType%5D=Array&casesheet%5Binv_details%5D%5B1%5D%5Bref_values%5D%5B0%5D%5Bunit_name%5D=-&casesheet%5Binv_details%5D%5B1%5D%5Bref_values%5D%5B0%5D%5BsubInvestigation%5D=BLOOD%20GROUP&casesheet%5Binv_details%5D%5B1%5D%5Bref_values%5D%5B1%5D%5BGender%5D=All&casesheet%5Binv_details%5D%5B1%5D%5Bref_values%5D%5B1%5D%5B%24%24hashKey%5D=object%3A5831&casesheet%5Binv_details%5D%5B1%5D%5Bref_values%5D%5B1%5D%5BrangeType%5D=T%2FF&casesheet%5Binv_details%5D%5B1%5D%5Bref_values%5D%5B1%5D%5BtrueValue%5D=POSITIVE&casesheet%5Binv_details%5D%5B1%5D%5Bref_values%5D%5B1%5D%5Bunit_name%5D=-&casesheet%5Binv_details%5D%5B1%5D%5Bref_values%5D%5B1%5D%5BfalseValue%5D=NEGATIVE&casesheet%5Binv_details%5D%5B1%5D%5Bref_values%5D%5B1%5D%5BsubInvestigation%5D=RH-TYPE&casesheet%5Binv_details%5D%5B2%5D%5Btest_id%5D=5&casesheet%5Binv_details%5D%5B2%5D%5Btest_name%5D=HEMOGLOBIN%20A1c&casesheet%5Binv_details%5D%5B2%5D%5Bprice%5D=500&casesheet%5Binv_details%5D%5B2%5D%5Bref_values%5D%5B0%5D%5BGender%5D=All&casesheet%5Binv_details%5D%5B2%5D%5Bref_values%5D%5B0%5D%5B%24%24hashKey%5D=object%3A5261&casesheet%5Binv_details%5D%5B2%5D%5Bref_values%5D%5B0%5D%5BrangeType%5D=Description&casesheet%5Binv_details%5D%5B2%5D%5Bref_values%5D%5B0%5D%5Bunit_name%5D=%25&casesheet%5Binv_details%5D%5B2%5D%5Bref_values%5D%5B0%5D%5BDescription%5D=NORMAL%20%3A%203.0-6.2%25%2CGOOD%20DIABATIC%20CONTROL%20%3A%205.5-6.8%25%2CFAIR%20CONTROL%20%3A%206.8%20-%207.6%25%2CPOOR%20CONTROL%20%3A%20%3E7.6%25&casesheet%5Binv_details%5D%5B2%5D%5Bref_values%5D%5B0%5D%5BsubInvestigation%5D=GLYCOSYLATED%20HEMOGLOBIN%20A1c&casesheet%5Binv_details%5D%5B2%5D%5Bref_values%5D%5B1%5D%5BGender%5D=All&casesheet%5Binv_details%5D%5B2%5D%5Bref_values%5D%5B1%5D%5B%24%24hashKey%5D=object%3A5418&casesheet%5Binv_details%5D%5B2%5D%5Bref_values%5D%5B1%5D%5BrangeType%5D=Description&casesheet%5Binv_details%5D%5B2%5D%5Bref_values%5D%5B1%5D%5Bunit_name%5D=mg%2Fdl&casesheet%5Binv_details%5D%5B2%5D%5Bref_values%5D%5B1%5D%5BDescription%5D=NORMAL%20%3A%203.0-6.2%25%2CGOOD%20DIABATIC%20CONTROL%20%3A%205.5-6.8%25%2CFAIR%20CONTROL%20%3A%206.8%20-%207.6%25%2CPOOR%20CONTROL%20%3A%20%3E7.6%25&casesheet%5Binv_details%5D%5B2%5D%5Bref_values%5D%5B1%5D%5BsubInvestigation%5D=MEAN%20BLOOD%20GLUCOSE(MBG)&casesheet%5Bmedication_details%5D%5B0%5D%5Bmed_id%5D=1&casesheet%5Bmedication_details%5D%5B0%5D%5Bmed_name%5D=D5%20DEXTROSE%20INJ&casesheet%5Bmedication_details%5D%5B0%5D%5Bquantity%5D=10&casesheet%5Bmedication_details%5D%5B0%5D%5BBB%5D=true&casesheet%5Bmedication_details%5D%5B0%5D%5BAB%5D=false&casesheet%5Bmedication_details%5D%5B0%5D%5BBL%5D=false&casesheet%5Bmedication_details%5D%5B0%5D%5BAL%5D=false&casesheet%5Bmedication_details%5D%5B0%5D%5BBD%5D=false&casesheet%5Bmedication_details%5D%5B0%5D%5BAD%5D=false&casesheet%5Bmedication_details%5D%5B0%5D%5B%24%24hashKey%5D=object%3A1944&casesheet%5Bmedication_details%5D%5B1%5D%5Bmed_id%5D=4&casesheet%5Bmedication_details%5D%5B1%5D%5Bmed_name%5D=RL%20500%20ML&casesheet%5Bmedication_details%5D%5B1%5D%5Bquantity%5D=10&casesheet%5Bmedication_details%5D%5B1%5D%5BBB%5D=false&casesheet%5Bmedication_details%5D%5B1%5D%5BAB%5D=false&casesheet%5Bmedication_details%5D%5B1%5D%5BBL%5D=true&casesheet%5Bmedication_details%5D%5B1%5D%5BAL%5D=false&casesheet%5Bmedication_details%5D%5B1%5D%5BBD%5D=false&casesheet%5Bmedication_details%5D%5B1%5D%5BAD%5D=false&casesheet%5Bmedication_details%5D%5B1%5D%5B%24%24hashKey%5D=object%3A1945&casesheet%5Bdate%5D=June%2003%2C%202018&casesheet%5Bpatient_id%5D=134&casesheet%5Bp_visit_id%5D=139&casesheet%5Bbed_id%5D=41&casesheet%5Bdiagnosis%5D=Sample&casesheet%5Bnotes%5D=Test&casesheet%5Bdoctor_id%5D=16&casesheet%5Bconsultation_id%5D=2&casesheet%5Buser_id%5D=1"
},{
    "action": "log_data",
    "login": {
        "uid": "1",
        "date_time": "2018-06-03 22:13:04",
        "client_ip": "157.48.76.154"
    },
    "window": "Users",
    "extra": "extra Data"
},{
    "action": "log_data",
    "login": {
        "uid": "1",
        "date_time": "2018-06-03 22:13:04",
        "client_ip": "157.48.76.154"
    },
    "window": "Users",
    "extra": "extra Data"
},{
    "action": "log_data",
    "login": {
        "uid": "1",
        "date_time": "2018-06-03 22:14:11",
        "client_ip": "157.48.76.154"
    },
    "window": "Users",
    "extra": "extra Data"
},{
    "action": "log_data",
    "login": {
        "uid": "1",
        "date_time": "2018-06-03 22:14:11",
        "client_ip": "157.48.76.154"
    },
    "window": "Users",
    "extra": "extra Data"
},{
    "action": "log_data",
    "login": {
        "uid": "1",
        "date_time": "2018-06-03 22:15:31",
        "client_ip": "157.48.76.154"
    },
    "window": "Users",
    "extra": "extra Data"
},{
    "action": "log_data",
    "login": {
        "uid": "1",
        "date_time": "2018-06-03 22:15:31",
        "client_ip": "157.48.76.154"
    },
    "window": "Users",
    "extra": "extra Data"
},{
    "action": "log_data",
    "login": {
        "uid": "1",
        "date_time": "2018-06-03 22:18:34",
        "client_ip": "157.48.76.154"
    },
    "window": "Users",
    "extra": "extra Data"
},{
    "action": "log_data",
    "login": {
        "uid": "1",
        "date_time": "2018-06-03 22:18:34",
        "client_ip": "157.48.76.154"
    },
    "window": "Users",
    "extra": "extra Data"
},{
    "action": "log_data",
    "login": {
        "uid": "1",
        "date_time": "2018-06-03 22:21:09",
        "client_ip": "157.48.76.154"
    },
    "window": "Users",
    "extra": "extra Data"
},{
    "action": "log_data",
    "login": {
        "uid": "1",
        "date_time": "2018-06-03 22:21:09",
        "client_ip": "157.48.76.154"
    },
    "window": "Users",
    "extra": "extra Data"
},