{
    "action": "log_data",
    "login": {
        "uid": "1",
        "date_time": "2018-05-14 07:35:25",
        "client_ip": "157.47.35.135"
    },
    "window": "InPatient",
    "extra": "Getting Total Out Patients"
},{
    "action": "log_data",
    "login": {
        "uid": "1",
        "date_time": "2018-05-14 07:35:31",
        "client_ip": "157.47.35.135"
    },
    "window": "Medicine PO",
    "extra": "Medicine PO opened"
},{
    "action": "log_data",
    "login": {
        "uid": "1",
        "date_time": "2018-05-14 07:35:36",
        "client_ip": "157.47.35.135"
    },
    "window": "Clicked on Add New MedicinetPO",
    "extra": ""
},{
    "action": "log_data",
    "login": {
        "uid": "1",
        "date_time": "2018-05-14 07:35:48",
        "client_ip": "157.47.35.135"
    },
    "window": "Retrieved Previous Item Po Data",
    "extra": "3"
},{
    "action": "log_data",
    "login": {
        "uid": "1",
        "date_time": "2018-05-14 07:36:04",
        "client_ip": "157.47.35.135"
    },
    "window": "Retrieved Previous Item Po Data",
    "extra": "1"
},{
    "action": "log_data",
    "login": {
        "uid": "1",
        "date_time": "2018-05-14 07:36:09",
        "client_ip": "157.47.35.135"
    },
    "window": "Retrieved Previous Item Po Data",
    "extra": "15"
},{
    "action": "log_data",
    "login": {
        "uid": "1",
        "date_time": "2018-05-14 07:36:12",
        "client_ip": "157.47.35.135"
    },
    "window": "Retrieved Previous Item Po Data",
    "extra": "16"
},{
    "action": "log_data",
    "login": {
        "uid": "1",
        "date_time": "2018-05-14 07:36:16",
        "client_ip": "157.47.35.135"
    },
    "window": "Retrieved Previous Item Po Data",
    "extra": "14"
},{
    "action": "log_data",
    "login": {
        "uid": "1",
        "date_time": "2018-05-14 07:36:19",
        "client_ip": "157.47.35.135"
    },
    "window": "Retrieved Previous Item Po Data",
    "extra": "15"
},{
    "action": "log_data",
    "login": {
        "uid": "1",
        "date_time": "2018-05-14 07:36:22",
        "client_ip": "157.47.35.135"
    },
    "window": "Retrieved Previous Item Po Data",
    "extra": "16"
},{
    "action": "log_data",
    "login": {
        "uid": "1",
        "date_time": "2018-05-14 07:36:29",
        "client_ip": "157.47.35.135"
    },
    "window": "Retrieved Previous Item Po Data",
    "extra": "13"
},{
    "action": "log_data",
    "login": {
        "uid": "1",
        "date_time": "2018-05-14 07:37:18",
        "client_ip": "157.47.35.135"
    },
    "window": "Stores",
    "extra": "Stores is opened"
},{
    "action": "log_data",
    "login": {
        "uid": "1",
        "date_time": "2018-05-14 07:37:45",
        "client_ip": "157.47.35.135"
    },
    "window": "Medicine PO",
    "extra": "Medicine PO opened"
},{
    "action": "log_data",
    "login": {
        "uid": "1",
        "date_time": "2018-05-14 07:37:54",
        "client_ip": "157.47.35.135"
    },
    "window": "Clicked on Add New MedicinetPO",
    "extra": ""
},{
    "action": "log_data",
    "login": {
        "uid": "1",
        "date_time": "2018-05-14 07:38:07",
        "client_ip": "157.47.35.135"
    },
    "window": "Retrieved Previous Item Po Data",
    "extra": "11"
},{
    "action": "log_data",
    "login": {
        "uid": "1",
        "date_time": "2018-05-14 07:38:29",
        "client_ip": "157.47.35.135"
    },
    "window": "Clicked on Add New MedicinetPO",
    "extra": ""
},{
    "action": "log_data",
    "login": {
        "uid": "1",
        "date_time": "2018-05-14 07:38:42",
        "client_ip": "157.47.35.135"
    },
    "window": "Retrieved Previous Item Po Data",
    "extra": "13"
},{
    "action": "log_data",
    "login": {
        "uid": "2",
        "date_time": "2018-05-14 07:43:55",
        "client_ip": "10.22.39.156"
    },
    "window": "InPatient",
    "extra": "Getting Total Out Patients"
},{
    "action": "log_data",
    "login": {
        "uid": "2",
        "date_time": "2018-05-14 07:44:06",
        "client_ip": "10.22.39.156"
    },
    "window": "Medicine PO",
    "extra": "Medicine PO opened"
},{
    "action": "log_data",
    "login": {
        "uid": "2",
        "date_time": "2018-05-14 07:44:14",
        "client_ip": "10.22.39.156"
    },
    "window": "Clicked on Add New MedicinetPO",
    "extra": ""
},{
    "action": "log_data",
    "login": {
        "uid": "2",
        "date_time": "2018-05-14 07:49:11",
        "client_ip": "10.22.39.156"
    },
    "window": "Medicine PO",
    "extra": "Medicine PO opened"
},{
    "action": "log_data",
    "login": {
        "uid": "2",
        "date_time": "2018-05-14 07:50:32",
        "client_ip": "10.22.39.156"
    },
    "window": "Medicine PO",
    "extra": "Medicine PO opened"
},{
    "action": "log_data",
    "login": {
        "uid": "2",
        "date_time": "2018-05-14 07:53:04",
        "client_ip": "10.22.39.156"
    },
    "window": "Medicine PO",
    "extra": "Medicine PO opened"
},{
    "action": "log_data",
    "login": {
        "uid": "2",
        "date_time": "2018-05-14 07:55:09",
        "client_ip": "10.22.39.156"
    },
    "window": "Medicine PO",
    "extra": "Medicine PO opened"
},{
    "action": "log_data",
    "login": {
        "uid": "2",
        "date_time": "2018-05-14 07:55:18",
        "client_ip": "10.22.39.156"
    },
    "window": "Medicine PO",
    "extra": "Medicine PO opened"
},{
    "action": "log_data",
    "login": {
        "uid": "2",
        "date_time": "2018-05-14 08:03:32",
        "client_ip": "10.22.39.156"
    },
    "window": "Medicine PO",
    "extra": "Medicine PO opened"
},{
    "action": "log_data",
    "login": {
        "uid": "2",
        "date_time": "2018-05-14 08:04:21",
        "client_ip": "10.22.39.156"
    },
    "window": "Items added To Object",
    "extra": ""
},{
    "action": "log_data",
    "login": {
        "uid": "2",
        "date_time": "2018-05-14 08:04:32",
        "client_ip": "10.22.39.156"
    },
    "window": "Removed Previous Item Data",
    "extra": "0"
},{
    "action": "log_data",
    "login": {
        "uid": "2",
        "date_time": "2018-05-14 08:06:17",
        "client_ip": "10.22.39.156"
    },
    "window": "Items added To Object",
    "extra": ""
},{
    "action": "log_data",
    "login": {
        "uid": "2",
        "date_time": "2018-05-14 08:07:52",
        "client_ip": "10.22.39.156"
    },
    "window": "Items added To Object",
    "extra": ""
},{
    "action": "log_data",
    "login": {
        "uid": "2",
        "date_time": "2018-05-14 08:08:01",
        "client_ip": "10.22.39.156"
    },
    "window": "Medicine PO",
    "extra": "Medicine PO opened"
},{
    "action": "log_data",
    "login": {
        "uid": "2",
        "date_time": "2018-05-14 08:09:19",
        "client_ip": "10.22.39.156"
    },
    "window": "Medicine PO",
    "extra": "Medicine PO opened"
},{
    "action": "log_data",
    "login": {
        "uid": "2",
        "date_time": "2018-05-14 08:10:25",
        "client_ip": "10.22.39.156"
    },
    "window": "Medicine PO",
    "extra": "Medicine PO opened"
},{
    "action": "log_data",
    "login": {
        "uid": "2",
        "date_time": "2018-05-14 08:10:47",
        "client_ip": "10.22.39.156"
    },
    "window": "Items added To Object",
    "extra": ""
},{
    "action": "log_data",
    "login": {
        "uid": "2",
        "date_time": "2018-05-14 08:10:56",
        "client_ip": "10.22.39.156"
    },
    "window": "Medicine PO",
    "extra": "directPoOs%5Bos_items_list%5D%5B0%5D%5Bfree%5D=1&directPoOs%5Bos_items_list%5D%5B0%5D%5Bexp_date%5D=May%2014%2C%202018&directPoOs%5Bos_items_list%5D%5B0%5D%5Bmed_id%5D=3&directPoOs%5Bos_items_list%5D%5B0%5D%5Bmpo_item_name%5D=torex&directPoOs%5Bos_items_list%5D%5B0%5D%5Btax_id%5D=1&directPoOs%5Bos_items_list%5D%5B0%5D%5Btax_percent%5D=18&directPoOs%5Bos_items_list%5D%5B0%5D%5Bbox_pack%5D=10&directPoOs%5Bos_items_list%5D%5B0%5D%5Bbatch_no%5D=23423&directPoOs%5Bos_items_list%5D%5B0%5D%5Bmpo_qty%5D=234&directPoOs%5Bos_items_list%5D%5B0%5D%5Bamount%5D=2340&directPoOs%5Bos_items_list%5D%5B0%5D%5Bamount_tax%5D=2761.2&directPoOs%5Bos_items_list%5D%5B0%5D%5Bac_pp%5D=9.96&directPoOs%5Bos_items_list%5D%5B0%5D%5Bmpo_mrp%5D=12&directPoOs%5Bos_items_list%5D%5B0%5D%5Bmpo_pp%5D=10&directPoOs%5Bos_items_list%5D%5B0%5D%5B%24%24hashKey%5D=object%3A381&directPoOs%5Bstore_id%5D=7&directPoOs%5Buser_id%5D=2"
},{
    "action": "log_data",
    "login": {
        "uid": "2",
        "date_time": "2018-05-14 08:10:57",
        "client_ip": "10.22.39.156"
    },
    "window": "Medicine PO",
    "extra": "Medicine PO opened"
},{
    "action": "log_data",
    "login": {
        "uid": "2",
        "date_time": "2018-05-14 08:11:31",
        "client_ip": "10.22.39.156"
    },
    "window": "Medicine PO",
    "extra": "Medicine PO opened"
},{
    "action": "log_data",
    "login": {
        "uid": "2",
        "date_time": "2018-05-14 08:12:02",
        "client_ip": "10.22.39.156"
    },
    "window": "Items added To Object",
    "extra": ""
},{
    "action": "log_data",
    "login": {
        "uid": "2",
        "date_time": "2018-05-14 08:13:50",
        "client_ip": "10.22.39.156"
    },
    "window": "Medicine PO",
    "extra": "Medicine PO opened"
},{
    "action": "log_data",
    "login": {
        "uid": "19",
        "date_time": "2018-05-14 08:14:26",
        "client_ip": "10.22.39.162"
    },
    "window": "InPatient",
    "extra": "Getting Total Out Patients"
},{
    "action": "log_data",
    "login": {
        "uid": "19",
        "date_time": "2018-05-14 08:14:39",
        "client_ip": "10.22.39.162"
    },
    "window": "Medicine PO",
    "extra": "Medicine PO opened"
},{
    "action": "log_data",
    "login": {
        "uid": "19",
        "date_time": "2018-05-14 08:15:12",
        "client_ip": "10.22.39.162"
    },
    "window": "Clicked on Add New MedicinetPO",
    "extra": ""
},{
    "action": "log_data",
    "login": {
        "uid": "19",
        "date_time": "2018-05-14 08:15:44",
        "client_ip": "10.22.39.162"
    },
    "window": "Retrieved Previous Item Po Data",
    "extra": "15"
},{
    "action": "log_data",
    "login": {
        "uid": "19",
        "date_time": "2018-05-14 08:16:01",
        "client_ip": "10.22.39.162"
    },
    "window": "Items added To Object",
    "extra": ""
},{
    "action": "log_data",
    "login": {
        "uid": "2",
        "date_time": "2018-05-14 08:16:47",
        "client_ip": "10.22.39.156"
    },
    "window": "Medicine PO",
    "extra": "Medicine PO opened"
},{
    "action": "log_data",
    "login": {
        "uid": "2",
        "date_time": "2018-05-14 08:18:46",
        "client_ip": "10.22.39.156"
    },
    "window": "Medicine PO",
    "extra": "Medicine PO opened"
},{
    "action": "log_data",
    "login": {
        "uid": "2",
        "date_time": "2018-05-14 08:19:43",
        "client_ip": "10.22.39.156"
    },
    "window": "Items added To Object",
    "extra": ""
},{
    "action": "log_data",
    "login": {
        "uid": "2",
        "date_time": "2018-05-14 08:19:47",
        "client_ip": "10.22.39.156"
    },
    "window": "Removed Previous Item Data",
    "extra": "0"
},{
    "action": "log_data",
    "login": {
        "uid": "2",
        "date_time": "2018-05-14 08:20:23",
        "client_ip": "10.22.39.156"
    },
    "window": "Items added To Object",
    "extra": ""
},{
    "action": "log_data",
    "login": {
        "uid": "2",
        "date_time": "2018-05-14 08:20:52",
        "client_ip": "10.22.39.156"
    },
    "window": "Items added To Object",
    "extra": ""
},{
    "action": "log_data",
    "login": {
        "uid": "2",
        "date_time": "2018-05-14 08:21:13",
        "client_ip": "10.22.39.156"
    },
    "window": "Medicine PO",
    "extra": "directPoOs%5Bos_items_list%5D%5B0%5D%5Bfree%5D=0&directPoOs%5Bos_items_list%5D%5B0%5D%5Bexp_date%5D=May%2014%2C%202018&directPoOs%5Bos_items_list%5D%5B0%5D%5Bmed_id%5D=3&directPoOs%5Bos_items_list%5D%5B0%5D%5Bmpo_item_name%5D=torex&directPoOs%5Bos_items_list%5D%5B0%5D%5Btax_id%5D=1&directPoOs%5Bos_items_list%5D%5B0%5D%5Btax_percent%5D=18&directPoOs%5Bos_items_list%5D%5B0%5D%5Bbox_pack%5D=10&directPoOs%5Bos_items_list%5D%5B0%5D%5Bbatch_no%5D=345534&directPoOs%5Bos_items_list%5D%5B0%5D%5Bmpo_qty%5D=12&directPoOs%5Bos_items_list%5D%5B0%5D%5Bamount%5D=120&directPoOs%5Bos_items_list%5D%5B0%5D%5Bamount_tax%5D=141.6&directPoOs%5Bos_items_list%5D%5B0%5D%5Bmpo_mrp%5D=12&directPoOs%5Bos_items_list%5D%5B0%5D%5Bmpo_pp%5D=10&directPoOs%5Bos_items_list%5D%5B0%5D%5Bac_pp%5D=10.00&directPoOs%5Bos_items_list%5D%5B0%5D%5B%24%24hashKey%5D=object%3A524&directPoOs%5Bos_items_list%5D%5B1%5D%5Bfree%5D=1&directPoOs%5Bos_items_list%5D%5B1%5D%5Bexp_date%5D=May%2014%2C%202018&directPoOs%5Bos_items_list%5D%5B1%5D%5Bbatch_no%5D=34543&directPoOs%5Bos_items_list%5D%5B1%5D%5Bmpo_qty%5D=20&directPoOs%5Bos_items_list%5D%5B1%5D%5Bamount%5D=200&directPoOs%5Bos_items_list%5D%5B1%5D%5Bamount_tax%5D=NaN&directPoOs%5Bos_items_list%5D%5B1%5D%5Bmpo_mrp%5D=12&directPoOs%5Bos_items_list%5D%5B1%5D%5Bmpo_pp%5D=10&directPoOs%5Bos_items_list%5D%5B1%5D%5Bac_pp%5D=9.52&directPoOs%5Bos_items_list%5D%5B1%5D%5B%24%24hashKey%5D=object%3A527&directPoOs%5Bstore_id%5D=6&directPoOs%5Buser_id%5D=2"
},{
    "action": "log_data",
    "login": {
        "uid": "2",
        "date_time": "2018-05-14 08:21:13",
        "client_ip": "10.22.39.156"
    },
    "window": "Medicine PO",
    "extra": "Medicine PO opened"
},{
    "action": "log_data",
    "login": {
        "uid": "2",
        "date_time": "2018-05-14 08:21:26",
        "client_ip": "10.22.39.156"
    },
    "window": "Medicine PO",
    "extra": "Medicine PO opened"
},{
    "action": "log_data",
    "login": {
        "uid": "2",
        "date_time": "2018-05-14 08:21:42",
        "client_ip": "10.22.39.156"
    },
    "window": "Items added To Object",
    "extra": ""
},{
    "action": "log_data",
    "login": {
        "uid": "2",
        "date_time": "2018-05-14 08:21:56",
        "client_ip": "10.22.39.156"
    },
    "window": "Items added To Object",
    "extra": ""
},{
    "action": "log_data",
    "login": {
        "uid": "2",
        "date_time": "2018-05-14 08:22:25",
        "client_ip": "10.22.39.156"
    },
    "window": "Items added To Object",
    "extra": ""
},{
    "action": "log_data",
    "login": {
        "uid": "2",
        "date_time": "2018-05-14 08:23:10",
        "client_ip": "10.22.39.156"
    },
    "window": "Items added To Object",
    "extra": ""
},{
    "action": "log_data",
    "login": {
        "uid": "2",
        "date_time": "2018-05-14 08:24:40",
        "client_ip": "10.22.39.156"
    },
    "window": "Medicine PO",
    "extra": "Medicine PO opened"
},{
    "action": "log_data",
    "login": {
        "uid": "2",
        "date_time": "2018-05-14 08:25:10",
        "client_ip": "10.22.39.156"
    },
    "window": "Items added To Object",
    "extra": ""
},{
    "action": "log_data",
    "login": {
        "uid": "1",
        "date_time": "2018-05-14 08:26:14",
        "client_ip": "10.22.39.155"
    },
    "window": "InPatient",
    "extra": "Getting Total Out Patients"
},{
    "action": "log_data",
    "login": {
        "uid": "2",
        "date_time": "2018-05-14 08:26:47",
        "client_ip": "10.22.39.156"
    },
    "window": "Medicine PO",
    "extra": "Medicine PO opened"
},{
    "action": "log_data",
    "login": {
        "uid": "2",
        "date_time": "2018-05-14 08:27:10",
        "client_ip": "10.22.39.156"
    },
    "window": "Items added To Object",
    "extra": ""
},{
    "action": "log_data",
    "login": {
        "uid": "2",
        "date_time": "2018-05-14 08:27:44",
        "client_ip": "10.22.39.156"
    },
    "window": "Items added To Object",
    "extra": ""
},{
    "action": "log_data",
    "login": {
        "uid": "3",
        "date_time": "2018-05-14 08:27:52",
        "client_ip": "10.22.39.157"
    },
    "window": "InPatient",
    "extra": "Getting Total Out Patients"
},{
    "action": "log_data",
    "login": {
        "uid": "1",
        "date_time": "2018-05-14 08:28:05",
        "client_ip": "10.22.39.155"
    },
    "window": "Users",
    "extra": "extra Data"
},{
    "action": "log_data",
    "login": {
        "uid": "1",
        "date_time": "2018-05-14 08:28:06",
        "client_ip": "10.22.39.155"
    },
    "window": "Users",
    "extra": "extra Data"
},{
    "action": "log_data",
    "login": {
        "uid": "1",
        "date_time": "2018-05-14 08:28:06",
        "client_ip": "10.22.39.155"
    },
    "window": "Users",
    "extra": "extra Data"
},{
    "action": "log_data",
    "login": {
        "uid": "1",
        "date_time": "2018-05-14 08:28:08",
        "client_ip": "10.22.39.155"
    },
    "window": "Users",
    "extra": "extra Data"
},{
    "action": "log_data",
    "login": {
        "uid": "2",
        "date_time": "2018-05-14 08:28:20",
        "client_ip": "10.22.39.156"
    },
    "window": "Medicine PO",
    "extra": "Medicine PO opened"
},{
    "action": "log_data",
    "login": {
        "uid": "2",
        "date_time": "2018-05-14 08:28:38",
        "client_ip": "10.22.39.156"
    },
    "window": "Items added To Object",
    "extra": ""
},{
    "action": "log_data",
    "login": {
        "uid": "1",
        "date_time": "2018-05-14 08:28:46",
        "client_ip": "10.22.39.155"
    },
    "window": "Users",
    "extra": "extra Data"
},{
    "action": "log_data",
    "login": {
        "uid": "2",
        "date_time": "2018-05-14 08:29:17",
        "client_ip": "10.22.39.156"
    },
    "window": "Items added To Object",
    "extra": ""
},{
    "action": "log_data",
    "login": {
        "uid": "2",
        "date_time": "2018-05-14 08:29:44",
        "client_ip": "10.22.39.156"
    },
    "window": "Items added To Object",
    "extra": ""
},{
    "action": "log_data",
    "login": {
        "uid": "1",
        "date_time": "2018-05-14 08:31:03",
        "client_ip": "10.22.39.155"
    },
    "window": " New Patient ",
    "extra": "New patient Opened"
},{
    "action": "log_data",
    "login": {
        "uid": "1",
        "date_time": "2018-05-14 08:31:37",
        "client_ip": "10.22.39.155"
    },
    "window": "InPatient",
    "extra": "Bed Section"
},{
    "action": "log_data",
    "login": {
        "uid": "1",
        "date_time": "2018-05-14 08:32:11",
        "client_ip": "10.22.39.155"
    },
    "window": "InPatient",
    "extra": "Bed Section"
},{
    "action": "log_data",
    "login": {
        "uid": "19",
        "date_time": "2018-05-14 08:32:21",
        "client_ip": "10.22.39.162"
    },
    "window": "Clicked on Add New MedicinetPO",
    "extra": ""
},{
    "action": "log_data",
    "login": {
        "uid": "1",
        "date_time": "2018-05-14 08:32:31",
        "client_ip": "10.22.39.155"
    },
    "window": "Users",
    "extra": "extra Data"
},{
    "action": "log_data",
    "login": {
        "uid": "1",
        "date_time": "2018-05-14 08:33:15",
        "client_ip": "10.22.39.155"
    },
    "window": "Users",
    "extra": "extra Data"
},{
    "action": "log_data",
    "login": {
        "uid": "1",
        "date_time": "2018-05-14 08:33:15",
        "client_ip": "10.22.39.155"
    },
    "window": "Users",
    "extra": "extra Data"
},{
    "action": "log_data",
    "login": {
        "uid": "19",
        "date_time": "2018-05-14 08:34:56",
        "client_ip": "10.22.39.162"
    },
    "window": "Asset PO",
    "extra": "Asset PO opened"
},{
    "action": "log_data",
    "login": {
        "uid": "19",
        "date_time": "2018-05-14 08:34:58",
        "client_ip": "10.22.39.162"
    },
    "window": "Users",
    "extra": "extra Data"
},{
    "action": "log_data",
    "login": {
        "uid": "2",
        "date_time": "2018-05-14 08:35:26",
        "client_ip": "10.22.39.156"
    },
    "window": "Medicine PO",
    "extra": "Medicine PO opened"
},{
    "action": "log_data",
    "login": {
        "uid": "2",
        "date_time": "2018-05-14 08:38:22",
        "client_ip": "10.22.39.156"
    },
    "window": "Medicine PO",
    "extra": "Medicine PO opened"
},{
    "action": "log_data",
    "login": {
        "uid": "19",
        "date_time": "2018-05-14 08:38:55",
        "client_ip": "10.22.39.162"
    },
    "window": "Users",
    "extra": "extra Data"
},{
    "action": "log_data",
    "login": {
        "uid": "2",
        "date_time": "2018-05-14 08:39:01",
        "client_ip": "10.22.39.156"
    },
    "window": "Items added To Object",
    "extra": ""
},{
    "action": "log_data",
    "login": {
        "uid": "2",
        "date_time": "2018-05-14 08:39:24",
        "client_ip": "10.22.39.156"
    },
    "window": "Items added To Object",
    "extra": ""
},{
    "action": "log_data",
    "login": {
        "uid": "2",
        "date_time": "2018-05-14 08:39:29",
        "client_ip": "10.22.39.156"
    },
    "window": "Removed Previous Item Data",
    "extra": "1"
},{
    "action": "log_data",
    "login": {
        "uid": "19",
        "date_time": "2018-05-14 08:39:35",
        "client_ip": "10.22.39.162"
    },
    "window": "Users",
    "extra": "extra Data"
},{
    "action": "log_data",
    "login": {
        "uid": "2",
        "date_time": "2018-05-14 08:40:11",
        "client_ip": "10.22.39.156"
    },
    "window": "Medicine PO",
    "extra": "Medicine PO opened"
},{
    "action": "log_data",
    "login": {
        "uid": "2",
        "date_time": "2018-05-14 08:40:27",
        "client_ip": "10.22.39.156"
    },
    "window": "Items added To Object",
    "extra": ""
},{
    "action": "log_data",
    "login": {
        "uid": "2",
        "date_time": "2018-05-14 08:40:55",
        "client_ip": "10.22.39.156"
    },
    "window": "Items added To Object",
    "extra": ""
},{
    "action": "log_data",
    "login": {
        "uid": "2",
        "date_time": "2018-05-14 08:41:49",
        "client_ip": "10.22.39.156"
    },
    "window": "Medicine PO",
    "extra": "Medicine PO opened"
},{
    "action": "log_data",
    "login": {
        "uid": "2",
        "date_time": "2018-05-14 08:43:54",
        "client_ip": "10.22.39.156"
    },
    "window": "Medicine PO",
    "extra": "Medicine PO opened"
},{
    "action": "log_data",
    "login": {
        "uid": "2",
        "date_time": "2018-05-14 08:44:09",
        "client_ip": "10.22.39.156"
    },
    "window": "Items added To Object",
    "extra": ""
},{
    "action": "log_data",
    "login": {
        "uid": "2",
        "date_time": "2018-05-14 08:44:39",
        "client_ip": "10.22.39.156"
    },
    "window": "Items added To Object",
    "extra": ""
},{
    "action": "log_data",
    "login": {
        "uid": "2",
        "date_time": "2018-05-14 08:46:32",
        "client_ip": "10.22.39.156"
    },
    "window": "Medicine PO",
    "extra": "Medicine PO opened"
},{
    "action": "log_data",
    "login": {
        "uid": "2",
        "date_time": "2018-05-14 08:47:25",
        "client_ip": "10.22.39.156"
    },
    "window": "Medicine PO",
    "extra": "Medicine PO opened"
},{
    "action": "log_data",
    "login": {
        "uid": "2",
        "date_time": "2018-05-14 08:47:41",
        "client_ip": "10.22.39.156"
    },
    "window": "Items added To Object",
    "extra": ""
},{
    "action": "log_data",
    "login": {
        "uid": "2",
        "date_time": "2018-05-14 08:48:25",
        "client_ip": "10.22.39.156"
    },
    "window": "Medicine PO",
    "extra": "Medicine PO opened"
},{
    "action": "log_data",
    "login": {
        "uid": "2",
        "date_time": "2018-05-14 08:49:45",
        "client_ip": "10.22.39.156"
    },
    "window": "Medicine PO",
    "extra": "Medicine PO opened"
},{
    "action": "log_data",
    "login": {
        "uid": "2",
        "date_time": "2018-05-14 08:51:09",
        "client_ip": "10.22.39.156"
    },
    "window": "Medicine PO",
    "extra": "Medicine PO opened"
},{
    "action": "log_data",
    "login": {
        "uid": "2",
        "date_time": "2018-05-14 08:51:24",
        "client_ip": "10.22.39.156"
    },
    "window": "Items added To Object",
    "extra": ""
},{
    "action": "log_data",
    "login": {
        "uid": "2",
        "date_time": "2018-05-14 08:52:10",
        "client_ip": "10.22.39.156"
    },
    "window": "Medicine PO",
    "extra": "Medicine PO opened"
},{
    "action": "log_data",
    "login": {
        "uid": "2",
        "date_time": "2018-05-14 08:52:25",
        "client_ip": "10.22.39.156"
    },
    "window": "Items added To Object",
    "extra": ""
},{
    "action": "log_data",
    "login": {
        "uid": "2",
        "date_time": "2018-05-14 08:52:43",
        "client_ip": "10.22.39.156"
    },
    "window": "Items added To Object",
    "extra": ""
},{
    "action": "log_data",
    "login": {
        "uid": "2",
        "date_time": "2018-05-14 08:52:46",
        "client_ip": "10.22.39.156"
    },
    "window": "Removed Previous Item Data",
    "extra": "0"
},{
    "action": "log_data",
    "login": {
        "uid": "2",
        "date_time": "2018-05-14 08:52:47",
        "client_ip": "10.22.39.156"
    },
    "window": "Removed Previous Item Data",
    "extra": "0"
},{
    "action": "log_data",
    "login": {
        "uid": "3",
        "date_time": "2018-05-14 08:54:30",
        "client_ip": "10.22.39.157"
    },
    "window": "InPatient",
    "extra": "Getting Beds"
},{
    "action": "log_data",
    "login": {
        "uid": "3",
        "date_time": "2018-05-14 08:54:31",
        "client_ip": "10.22.39.157"
    },
    "window": "InPatient",
    "extra": "Getting Beds"
},{
    "action": "log_data",
    "login": {
        "uid": "3",
        "date_time": "2018-05-14 08:54:32",
        "client_ip": "10.22.39.157"
    },
    "window": "InPatient",
    "extra": "Getting Beds"
},{
    "action": "log_data",
    "login": {
        "uid": "3",
        "date_time": "2018-05-14 08:54:35",
        "client_ip": "10.22.39.157"
    },
    "window": "InPatient",
    "extra": "Getting Beds"
},{
    "action": "log_data",
    "login": {
        "uid": "3",
        "date_time": "2018-05-14 08:54:38",
        "client_ip": "10.22.39.157"
    },
    "window": "InPatient",
    "extra": "Getting Beds"
},{
    "action": "log_data",
    "login": {
        "uid": "3",
        "date_time": "2018-05-14 08:54:39",
        "client_ip": "10.22.39.157"
    },
    "window": "InPatient",
    "extra": "Getting Beds"
},{
    "action": "log_data",
    "login": {
        "uid": "3",
        "date_time": "2018-05-14 08:54:40",
        "client_ip": "10.22.39.157"
    },
    "window": "InPatient",
    "extra": "Getting Beds"
},{
    "action": "log_data",
    "login": {
        "uid": "3",
        "date_time": "2018-05-14 08:54:41",
        "client_ip": "10.22.39.157"
    },
    "window": "InPatient",
    "extra": "Getting Beds"
},{
    "action": "log_data",
    "login": {
        "uid": "3",
        "date_time": "2018-05-14 08:54:42",
        "client_ip": "10.22.39.157"
    },
    "window": "InPatient",
    "extra": "Getting Beds"
},{
    "action": "log_data",
    "login": {
        "uid": "3",
        "date_time": "2018-05-14 08:54:43",
        "client_ip": "10.22.39.157"
    },
    "window": "InPatient",
    "extra": "Getting Beds"
},{
    "action": "log_data",
    "login": {
        "uid": "2",
        "date_time": "2018-05-14 08:54:58",
        "client_ip": "10.22.39.156"
    },
    "window": "Medicine PO",
    "extra": "Medicine PO opened"
},{
    "action": "log_data",
    "login": {
        "uid": "3",
        "date_time": "2018-05-14 08:56:28",
        "client_ip": "10.22.39.157"
    },
    "window": "InPatient",
    "extra": "Getting Beds"
},{
    "action": "log_data",
    "login": {
        "uid": "3",
        "date_time": "2018-05-14 08:56:29",
        "client_ip": "10.22.39.157"
    },
    "window": "InPatient",
    "extra": "Getting Beds"
},{
    "action": "log_data",
    "login": {
        "uid": "3",
        "date_time": "2018-05-14 08:56:29",
        "client_ip": "10.22.39.157"
    },
    "window": "InPatient",
    "extra": "Getting Beds"
},{
    "action": "log_data",
    "login": {
        "uid": "3",
        "date_time": "2018-05-14 08:56:33",
        "client_ip": "10.22.39.157"
    },
    "window": "InPatient",
    "extra": "Getting Beds"
},{
    "action": "log_data",
    "login": {
        "uid": "3",
        "date_time": "2018-05-14 08:56:49",
        "client_ip": "10.22.39.157"
    },
    "window": "InPatient",
    "extra": "Getting Beds"
},{
    "action": "log_data",
    "login": {
        "uid": "3",
        "date_time": "2018-05-14 08:56:48",
        "client_ip": "10.22.39.157"
    },
    "window": "InPatient",
    "extra": "Getting Beds"
},{
    "action": "log_data",
    "login": {
        "uid": "3",
        "date_time": "2018-05-14 08:56:49",
        "client_ip": "10.22.39.157"
    },
    "window": "InPatient",
    "extra": "Getting Beds"
},{
    "action": "log_data",
    "login": {
        "uid": "3",
        "date_time": "2018-05-14 08:56:50",
        "client_ip": "10.22.39.157"
    },
    "window": "InPatient",
    "extra": "Getting Beds"
},{
    "action": "log_data",
    "login": {
        "uid": "3",
        "date_time": "2018-05-14 08:56:51",
        "client_ip": "10.22.39.157"
    },
    "window": "InPatient",
    "extra": "Getting Beds"
},{
    "action": "log_data",
    "login": {
        "uid": "3",
        "date_time": "2018-05-14 08:56:52",
        "client_ip": "10.22.39.157"
    },
    "window": "InPatient",
    "extra": "Getting Beds"
},{
    "action": "log_data",
    "login": {
        "uid": "3",
        "date_time": "2018-05-14 08:56:52",
        "client_ip": "10.22.39.157"
    },
    "window": "InPatient",
    "extra": "Getting Beds"
},{
    "action": "log_data",
    "login": {
        "uid": "3",
        "date_time": "2018-05-14 08:56:53",
        "client_ip": "10.22.39.157"
    },
    "window": "InPatient",
    "extra": "Getting Beds"
},{
    "action": "log_data",
    "login": {
        "uid": "3",
        "date_time": "2018-05-14 08:56:54",
        "client_ip": "10.22.39.157"
    },
    "window": "InPatient",
    "extra": "Getting Beds"
},{
    "action": "log_data",
    "login": {
        "uid": "3",
        "date_time": "2018-05-14 08:56:55",
        "client_ip": "10.22.39.157"
    },
    "window": "InPatient",
    "extra": "Getting Beds"
},{
    "action": "log_data",
    "login": {
        "uid": "3",
        "date_time": "2018-05-14 08:56:57",
        "client_ip": "10.22.39.157"
    },
    "window": "InPatient",
    "extra": "Getting Beds"
},{
    "action": "log_data",
    "login": {
        "uid": "3",
        "date_time": "2018-05-14 08:56:59",
        "client_ip": "10.22.39.157"
    },
    "window": "InPatient",
    "extra": "Getting Beds"
},{
    "action": "log_data",
    "login": {
        "uid": "3",
        "date_time": "2018-05-14 08:57:00",
        "client_ip": "10.22.39.157"
    },
    "window": "InPatient",
    "extra": "Getting Beds"
},{
    "action": "log_data",
    "login": {
        "uid": "3",
        "date_time": "2018-05-14 08:57:01",
        "client_ip": "10.22.39.157"
    },
    "window": "InPatient",
    "extra": "Getting Beds"
},{
    "action": "log_data",
    "login": {
        "uid": "3",
        "date_time": "2018-05-14 08:57:08",
        "client_ip": "10.22.39.157"
    },
    "window": "InPatient",
    "extra": "Getting Beds"
},{
    "action": "log_data",
    "login": {
        "uid": "3",
        "date_time": "2018-05-14 08:57:09",
        "client_ip": "10.22.39.157"
    },
    "window": "InPatient",
    "extra": "Getting Beds"
},{
    "action": "log_data",
    "login": {
        "uid": "3",
        "date_time": "2018-05-14 08:57:10",
        "client_ip": "10.22.39.157"
    },
    "window": "InPatient",
    "extra": "Getting Beds"
},{
    "action": "log_data",
    "login": {
        "uid": "3",
        "date_time": "2018-05-14 08:57:10",
        "client_ip": "10.22.39.157"
    },
    "window": "InPatient",
    "extra": "Getting Beds"
},{
    "action": "log_data",
    "login": {
        "uid": "3",
        "date_time": "2018-05-14 08:57:15",
        "client_ip": "10.22.39.157"
    },
    "window": "InPatient",
    "extra": "Getting Consult"
},{
    "action": "log_data",
    "login": {
        "uid": "3",
        "date_time": "2018-05-14 08:57:47",
        "client_ip": "10.22.39.157"
    },
    "window": "InPatient",
    "extra": "Getting Consult"
},{
    "action": "log_data",
    "login": {
        "uid": "3",
        "date_time": "2018-05-14 08:57:51",
        "client_ip": "10.22.39.157"
    },
    "window": "InPatient",
    "extra": "Getting Beds"
},{
    "action": "log_data",
    "login": {
        "uid": "3",
        "date_time": "2018-05-14 08:57:52",
        "client_ip": "10.22.39.157"
    },
    "window": "InPatient",
    "extra": "Getting Beds"
},{
    "action": "log_data",
    "login": {
        "uid": "3",
        "date_time": "2018-05-14 08:57:54",
        "client_ip": "10.22.39.157"
    },
    "window": "InPatient",
    "extra": "Getting Beds"
},{
    "action": "log_data",
    "login": {
        "uid": "3",
        "date_time": "2018-05-14 08:57:54",
        "client_ip": "10.22.39.157"
    },
    "window": "InPatient",
    "extra": "Getting Beds"
},{
    "action": "log_data",
    "login": {
        "uid": "3",
        "date_time": "2018-05-14 08:57:56",
        "client_ip": "10.22.39.157"
    },
    "window": "InPatient",
    "extra": "Getting Beds"
},{
    "action": "log_data",
    "login": {
        "uid": "3",
        "date_time": "2018-05-14 08:57:57",
        "client_ip": "10.22.39.157"
    },
    "window": "InPatient",
    "extra": "Getting Beds"
},