{
    "action": "log_data",
    "login": {
        "uid": "1",
        "date_time": "2018-03-05 09:08:36",
        "client_ip": "202.62.71.158"
    },
    "window": " New Patient ",
    "extra": "New patient Opened"
},{
    "action": "log_data",
    "login": {
        "uid": "1",
        "date_time": "2018-03-05 09:08:40",
        "client_ip": "202.62.71.158"
    },
    "window": "Supplier",
    "extra": "Supplier data is opened"
},{
    "action": "log_data",
    "login": {
        "uid": "1",
        "date_time": "2018-03-05 09:08:43",
        "client_ip": "202.62.71.158"
    },
    "window": "Stores",
    "extra": "Stores is opened"
},{
    "action": "log_data",
    "login": {
        "uid": "1",
        "date_time": "2018-03-05 09:08:45",
        "client_ip": "202.62.71.158"
    },
    "window": "Item Group",
    "extra": "Item Group is opened"
},{
    "action": "log_data",
    "login": {
        "uid": "1",
        "date_time": "2018-03-05 09:08:47",
        "client_ip": "202.62.71.158"
    },
    "window": "Assets",
    "extra": "Assets is opened"
},{
    "action": "log_data",
    "login": {
        "uid": "1",
        "date_time": "2018-03-05 09:08:50",
        "client_ip": "202.62.71.158"
    },
    "window": "Asset PO",
    "extra": "Asset PO opened"
},{
    "action": "log_data",
    "login": {
        "uid": "2",
        "date_time": "2018-03-05 11:03:08",
        "client_ip": "10.22.39.23"
    },
    "window": " New Patient ",
    "extra": "New patient Opened"
},{
    "action": "log_data",
    "login": {
        "uid": "2",
        "date_time": "2018-03-05 11:03:10",
        "client_ip": "10.22.39.23"
    },
    "window": "Doctor_ConsultData is Loaded",
    "extra": ""
},{
    "action": "log_data",
    "login": {
        "uid": "2",
        "date_time": "2018-03-05 11:03:12",
        "client_ip": "10.22.39.23"
    },
    "window": "InPatient",
    "extra": "Getting Beds"
},{
    "action": "log_data",
    "login": {
        "uid": "2",
        "date_time": "2018-03-05 11:03:15",
        "client_ip": "10.22.39.23"
    },
    "window": "OutPatient",
    "extra": "OutPatient Data Loaded"
},{
    "action": "log_data",
    "login": {
        "uid": "2",
        "date_time": "2018-03-05 11:03:38",
        "client_ip": "10.22.39.23"
    },
    "window": "Users",
    "extra": "extra Data"
},{
    "action": "log_data",
    "login": {
        "uid": "2",
        "date_time": "2018-03-05 11:03:40",
        "client_ip": "10.22.39.23"
    },
    "window": "Users",
    "extra": "extra Data"
},{
    "action": "log_data",
    "login": {
        "uid": "2",
        "date_time": "2018-03-05 11:03:42",
        "client_ip": "10.22.39.23"
    },
    "window": "Users",
    "extra": "extra Data"
},{
    "action": "log_data",
    "login": {
        "uid": "2",
        "date_time": "2018-03-05 11:03:43",
        "client_ip": "10.22.39.23"
    },
    "window": "Users",
    "extra": "extra Data"
},{
    "action": "log_data",
    "login": {
        "uid": "2",
        "date_time": "2018-03-05 11:03:44",
        "client_ip": "10.22.39.23"
    },
    "window": "Users",
    "extra": "extra Data"
},{
    "action": "log_data",
    "login": {
        "uid": "2",
        "date_time": "2018-03-05 11:03:45",
        "client_ip": "10.22.39.23"
    },
    "window": "Users",
    "extra": "extra Data"
},{
    "action": "log_data",
    "login": {
        "uid": "2",
        "date_time": "2018-03-05 11:04:12",
        "client_ip": "10.22.39.23"
    },
    "window": "Users",
    "extra": "extra Data"
},{
    "action": "log_data",
    "login": {
        "uid": "2",
        "date_time": "2018-03-05 11:04:25",
        "client_ip": "10.22.39.23"
    },
    "window": "Users",
    "extra": "extra Data"
},{
    "action": "log_data",
    "login": {
        "uid": "2",
        "date_time": "2018-03-05 11:04:45",
        "client_ip": "10.22.39.23"
    },
    "window": "Users",
    "extra": "extra Data"
},{
    "action": "log_data",
    "login": {
        "uid": "2",
        "date_time": "2018-03-05 11:04:56",
        "client_ip": "10.22.39.23"
    },
    "window": "Users",
    "extra": "extra Data"
},{
    "action": "log_data",
    "login": {
        "uid": "2",
        "date_time": "2018-03-05 11:05:09",
        "client_ip": "10.22.39.23"
    },
    "window": "Users",
    "extra": "extra Data"
},{
    "action": "log_data",
    "login": {
        "uid": "2",
        "date_time": "2018-03-05 11:48:02",
        "client_ip": "10.22.39.23"
    },
    "window": "Users",
    "extra": "extra Data"
},{
    "action": "log_data",
    "login": {
        "uid": "2",
        "date_time": "2018-03-05 11:48:07",
        "client_ip": "10.22.39.23"
    },
    "window": "OutPatient",
    "extra": "OutPatient Data Loaded"
},{
    "action": "log_data",
    "login": {
        "uid": "2",
        "date_time": "2018-03-05 11:49:42",
        "client_ip": "10.22.39.23"
    },
    "window": "OutPatient",
    "extra": "OutPatient Data Loaded"
},{
    "action": "log_data",
    "login": {
        "uid": "2",
        "date_time": "2018-03-05 11:49:52",
        "client_ip": "10.22.39.23"
    },
    "window": "OutPatient",
    "extra": "OutPatient Data Loaded"
},{
    "action": "log_data",
    "login": {
        "uid": "2",
        "date_time": "2018-03-05 11:50:27",
        "client_ip": "10.22.39.23"
    },
    "window": "OutPatient",
    "extra": "OutPatient Data Loaded"
},{
    "action": "log_data",
    "login": {
        "uid": "2",
        "date_time": "2018-03-05 11:50:39",
        "client_ip": "10.22.39.23"
    },
    "window": "OutPatient",
    "extra": "OutPatient Data Loaded"
},{
    "action": "log_data",
    "login": {
        "uid": "2",
        "date_time": "2018-03-05 11:53:11",
        "client_ip": "10.22.39.23"
    },
    "window": "OutPatient",
    "extra": "OutPatient Data Loaded"
},{
    "action": "log_data",
    "login": {
        "uid": "2",
        "date_time": "2018-03-05 11:55:00",
        "client_ip": "10.22.39.23"
    },
    "window": "OutPatient",
    "extra": "OutPatient Data Loaded"
},{
    "action": "log_data",
    "login": {
        "uid": "2",
        "date_time": "2018-03-05 11:55:48",
        "client_ip": "10.22.39.23"
    },
    "window": "OutPatient",
    "extra": "OutPatient Data Loaded"
},{
    "action": "log_data",
    "login": {
        "uid": "2",
        "date_time": "2018-03-05 11:56:57",
        "client_ip": "10.22.39.23"
    },
    "window": "Users",
    "extra": "extra Data"
},{
    "action": "log_data",
    "login": {
        "uid": "2",
        "date_time": "2018-03-05 11:57:15",
        "client_ip": "10.22.39.23"
    },
    "window": "Users",
    "extra": "extra Data"
},{
    "action": "log_data",
    "login": {
        "uid": "2",
        "date_time": "2018-03-05 11:57:18",
        "client_ip": "10.22.39.23"
    },
    "window": "Users",
    "extra": "extra Data"
},{
    "action": "log_data",
    "login": {
        "uid": "2",
        "date_time": "2018-03-05 11:57:30",
        "client_ip": "10.22.39.23"
    },
    "window": "Users",
    "extra": "extra Data"
},{
    "action": "log_data",
    "login": {
        "uid": "2",
        "date_time": "2018-03-05 11:57:34",
        "client_ip": "10.22.39.23"
    },
    "window": "Users",
    "extra": "extra Data"
},{
    "action": "log_data",
    "login": {
        "uid": "2",
        "date_time": "2018-03-05 11:57:39",
        "client_ip": "10.22.39.23"
    },
    "window": "Users",
    "extra": "extra Data"
},{
    "action": "log_data",
    "login": {
        "uid": "2",
        "date_time": "2018-03-05 11:57:43",
        "client_ip": "10.22.39.23"
    },
    "window": "OutPatient",
    "extra": "OutPatient Data Loaded"
},{
    "action": "log_data",
    "login": {
        "uid": "2",
        "date_time": "2018-03-05 11:59:19",
        "client_ip": "10.22.39.23"
    },
    "window": "OutPatient",
    "extra": "OutPatient Data Loaded"
},{
    "action": "log_data",
    "login": {
        "uid": "2",
        "date_time": "2018-03-05 12:43:10",
        "client_ip": "10.22.39.45"
    },
    "window": "OutPatient",
    "extra": "OutPatient Data Loaded"
},{
    "action": "log_data",
    "login": {
        "uid": "2",
        "date_time": "2018-03-05 14:36:32",
        "client_ip": "10.22.39.23"
    },
    "window": " New Patient ",
    "extra": "New patient Opened"
},{
    "action": "log_data",
    "login": {
        "uid": "2",
        "date_time": "2018-03-05 14:36:34",
        "client_ip": "10.22.39.23"
    },
    "window": "Doctor_ConsultData is Loaded",
    "extra": ""
},{
    "action": "log_data",
    "login": {
        "uid": "2",
        "date_time": "2018-03-05 14:36:35",
        "client_ip": "10.22.39.23"
    },
    "window": "InPatient",
    "extra": "Getting Beds"
},{
    "action": "log_data",
    "login": {
        "uid": "2",
        "date_time": "2018-03-05 14:36:35",
        "client_ip": "10.22.39.23"
    },
    "window": "OutPatient",
    "extra": "OutPatient Data Loaded"
},{
    "action": "log_data",
    "login": {
        "uid": "2",
        "date_time": "2018-03-05 20:15:38",
        "client_ip": "10.22.39.23"
    },
    "window": " New Patient ",
    "extra": "New patient Opened"
},{
    "action": "log_data",
    "login": {
        "uid": "2",
        "date_time": "2018-03-05 20:20:14",
        "client_ip": "10.22.39.23"
    },
    "window": " New Patient ",
    "extra": "New patient Opened"
},{
    "action": "log_data",
    "login": {
        "uid": "2",
        "date_time": "2018-03-05 20:22:10",
        "client_ip": "10.22.39.23"
    },
    "window": " New Patient ",
    "extra": "New patient Opened"
},{
    "action": "log_data",
    "login": {
        "uid": "2",
        "date_time": "2018-03-05 20:22:31",
        "client_ip": "10.22.39.23"
    },
    "window": " New Patient ",
    "extra": "New patient Opened"
},{
    "action": "log_data",
    "login": {
        "uid": "2",
        "date_time": "2018-03-05 20:23:08",
        "client_ip": "10.22.39.23"
    },
    "window": " New Patient ",
    "extra": "New patient Opened"
},{
    "action": "log_data",
    "login": {
        "uid": "2",
        "date_time": "2018-03-05 20:23:51",
        "client_ip": "10.22.39.23"
    },
    "window": " New Patient ",
    "extra": "New patient Opened"
},{
    "action": "log_data",
    "login": {
        "uid": "2",
        "date_time": "2018-03-05 20:24:20",
        "client_ip": "10.22.39.23"
    },
    "window": " New Patient ",
    "extra": "New patient Opened"
},{
    "action": "log_data",
    "login": {
        "uid": "2",
        "date_time": "2018-03-05 20:25:25",
        "client_ip": "10.22.39.23"
    },
    "window": " New Patient ",
    "extra": "New patient Opened"
},{
    "action": "log_data",
    "login": {
        "uid": "2",
        "date_time": "2018-03-05 20:25:36",
        "client_ip": "10.22.39.23"
    },
    "window": " New Patient ",
    "extra": "New patient Opened"
},{
    "action": "log_data",
    "login": {
        "uid": "2",
        "date_time": "2018-03-05 20:26:17",
        "client_ip": "10.22.39.23"
    },
    "window": " New Patient ",
    "extra": "New patient Opened"
},{
    "action": "log_data",
    "login": {
        "uid": "2",
        "date_time": "2018-03-05 20:27:19",
        "client_ip": "10.22.39.23"
    },
    "window": " New Patient ",
    "extra": "New patient Opened"
},{
    "action": "log_data",
    "login": {
        "uid": "2",
        "date_time": "2018-03-05 20:27:50",
        "client_ip": "10.22.39.23"
    },
    "window": " New Patient ",
    "extra": "New patient Opened"
},{
    "action": "log_data",
    "login": {
        "uid": "2",
        "date_time": "2018-03-05 20:29:53",
        "client_ip": "10.22.39.23"
    },
    "window": " New Patient ",
    "extra": "New patient Opened"
},{
    "action": "log_data",
    "login": {
        "uid": "2",
        "date_time": "2018-03-05 20:31:47",
        "client_ip": "10.22.39.23"
    },
    "window": " New Patient ",
    "extra": "New patient Opened"
},{
    "action": "log_data",
    "login": {
        "uid": "2",
        "date_time": "2018-03-05 20:32:35",
        "client_ip": "10.22.39.23"
    },
    "window": " New Patient ",
    "extra": "New patient Opened"
},{
    "action": "log_data",
    "login": {
        "uid": "2",
        "date_time": "2018-03-05 20:33:15",
        "client_ip": "10.22.39.23"
    },
    "window": " New Patient ",
    "extra": "New patient Opened"
},{
    "action": "log_data",
    "login": {
        "uid": "2",
        "date_time": "2018-03-05 20:33:35",
        "client_ip": "10.22.39.23"
    },
    "window": " New Patient ",
    "extra": "New patient Opened"
},{
    "action": "log_data",
    "login": {
        "uid": "2",
        "date_time": "2018-03-05 20:34:57",
        "client_ip": "10.22.39.23"
    },
    "window": " New Patient ",
    "extra": "New patient Opened"
},{
    "action": "log_data",
    "login": {
        "uid": "2",
        "date_time": "2018-03-05 20:35:33",
        "client_ip": "10.22.39.23"
    },
    "window": " New Patient ",
    "extra": "New patient Opened"
},{
    "action": "log_data",
    "login": {
        "uid": "2",
        "date_time": "2018-03-05 20:36:27",
        "client_ip": "10.22.39.23"
    },
    "window": " New Patient ",
    "extra": "New patient Opened"
},{
    "action": "log_data",
    "login": {
        "uid": "2",
        "date_time": "2018-03-05 20:36:57",
        "client_ip": "10.22.39.23"
    },
    "window": " New Patient ",
    "extra": "New patient Opened"
},{
    "action": "log_data",
    "login": {
        "uid": "2",
        "date_time": "2018-03-05 20:37:42",
        "client_ip": "10.22.39.23"
    },
    "window": " New Patient ",
    "extra": "New patient Opened"
},{
    "action": "log_data",
    "login": {
        "uid": "2",
        "date_time": "2018-03-05 20:38:20",
        "client_ip": "10.22.39.23"
    },
    "window": " New Patient ",
    "extra": "New patient Opened"
},{
    "action": "log_data",
    "login": {
        "uid": "2",
        "date_time": "2018-03-05 20:38:43",
        "client_ip": "10.22.39.23"
    },
    "window": " New Patient ",
    "extra": "New patient Opened"
},{
    "action": "log_data",
    "login": {
        "uid": "2",
        "date_time": "2018-03-05 20:40:16",
        "client_ip": "10.22.39.23"
    },
    "window": " New Patient ",
    "extra": "New patient Opened"
},{
    "action": "log_data",
    "login": {
        "uid": "1",
        "date_time": "2018-03-05 20:44:49",
        "client_ip": "10.22.39.53"
    },
    "window": " New Patient ",
    "extra": "New patient Opened"
},{
    "action": "log_data",
    "login": {
        "uid": "2",
        "date_time": "2018-03-05 20:51:20",
        "client_ip": "10.22.39.23"
    },
    "window": " New Patient ",
    "extra": "New patient Opened"
},{
    "action": "log_data",
    "login": {
        "uid": "2",
        "date_time": "2018-03-05 20:51:30",
        "client_ip": "10.22.39.23"
    },
    "window": " New Patient ",
    "extra": "New patient Opened"
},{
    "action": "log_data",
    "login": {
        "uid": "1",
        "date_time": "2018-03-05 20:51:51",
        "client_ip": "10.22.39.53"
    },
    "window": " New Patient ",
    "extra": "New patient Opened"
},{
    "action": "log_data",
    "login": {
        "uid": "2",
        "date_time": "2018-03-05 20:52:41",
        "client_ip": "10.22.39.23"
    },
    "window": " New Patient ",
    "extra": "New patient Opened"
},{
    "action": "log_data",
    "login": {
        "uid": "2",
        "date_time": "2018-03-05 20:53:08",
        "client_ip": "10.22.39.23"
    },
    "window": " New Patient ",
    "extra": "New patient Opened"
},{
    "action": "log_data",
    "login": {
        "uid": "1",
        "date_time": "2018-03-05 20:57:22",
        "client_ip": "10.22.39.53"
    },
    "window": " New Patient ",
    "extra": "New patient Opened"
},{
    "action": "log_data",
    "login": {
        "uid": "2",
        "date_time": "2018-03-05 20:59:56",
        "client_ip": "10.22.39.23"
    },
    "window": " New Patient ",
    "extra": "New patient Opened"
},{
    "action": "log_data",
    "login": {
        "uid": "2",
        "date_time": "2018-03-05 21:02:55",
        "client_ip": "10.22.39.23"
    },
    "window": " New Patient ",
    "extra": "New patient Opened"
},