{
    "action": "log_data",
    "login": {
        "uid": "2",
        "date_time": "2018-04-10 11:17:16",
        "client_ip": "10.22.39.156"
    },
    "window": "InPatient",
    "extra": "Getting Total Out Patients"
},{
    "action": "log_data",
    "login": {
        "uid": "2",
        "date_time": "2018-04-10 11:17:29",
        "client_ip": "10.22.39.156"
    },
    "window": "Users",
    "extra": "extra Data"
},{
    "action": "log_data",
    "login": {
        "uid": "2",
        "date_time": "2018-04-10 11:33:33",
        "client_ip": "10.22.39.156"
    },
    "window": "Users",
    "extra": "extra Data"
},{
    "action": "log_data",
    "login": {
        "uid": "2",
        "date_time": "2018-04-10 11:34:02",
        "client_ip": "10.22.39.156"
    },
    "window": "Users",
    "extra": "extra Data"
},{
    "action": "log_data",
    "login": {
        "uid": "2",
        "date_time": "2018-04-10 11:34:16",
        "client_ip": "10.22.39.156"
    },
    "window": "Users",
    "extra": "extra Data"
},{
    "action": "log_data",
    "login": {
        "uid": "2",
        "date_time": "2018-04-10 11:34:18",
        "client_ip": "10.22.39.156"
    },
    "window": "Users",
    "extra": "extra Data"
},{
    "action": "log_data",
    "login": {
        "uid": "2",
        "date_time": "2018-04-10 11:36:20",
        "client_ip": "10.22.39.156"
    },
    "window": "Users",
    "extra": "extra Data"
},{
    "action": "log_data",
    "login": {
        "uid": "2",
        "date_time": "2018-04-10 11:36:23",
        "client_ip": "10.22.39.156"
    },
    "window": "Users",
    "extra": "extra Data"
},{
    "action": "log_data",
    "login": {
        "uid": "2",
        "date_time": "2018-04-10 11:36:42",
        "client_ip": "10.22.39.156"
    },
    "window": "Users",
    "extra": "extra Data"
},{
    "action": "log_data",
    "login": {
        "uid": "2",
        "date_time": "2018-04-10 11:37:34",
        "client_ip": "10.22.39.156"
    },
    "window": "Users",
    "extra": "extra Data"
},{
    "action": "log_data",
    "login": {
        "uid": "2",
        "date_time": "2018-04-10 11:37:42",
        "client_ip": "10.22.39.156"
    },
    "window": "Users",
    "extra": "extra Data"
},{
    "action": "log_data",
    "login": {
        "uid": "2",
        "date_time": "2018-04-10 11:39:40",
        "client_ip": "10.22.39.156"
    },
    "window": "Users",
    "extra": "extra Data"
},{
    "action": "log_data",
    "login": {
        "uid": "2",
        "date_time": "2018-04-10 11:40:16",
        "client_ip": "10.22.39.156"
    },
    "window": "Users",
    "extra": "extra Data"
},{
    "action": "log_data",
    "login": {
        "uid": "2",
        "date_time": "2018-04-10 11:40:56",
        "client_ip": "10.22.39.156"
    },
    "window": "Users",
    "extra": "extra Data"
},{
    "action": "log_data",
    "login": {
        "uid": "2",
        "date_time": "2018-04-10 11:43:02",
        "client_ip": "10.22.39.156"
    },
    "window": "Users",
    "extra": "extra Data"
},{
    "action": "log_data",
    "login": {
        "uid": "2",
        "date_time": "2018-04-10 11:43:05",
        "client_ip": "10.22.39.156"
    },
    "window": "Users",
    "extra": "extra Data"
},{
    "action": "log_data",
    "login": {
        "uid": "2",
        "date_time": "2018-04-10 11:44:13",
        "client_ip": "10.22.39.156"
    },
    "window": "Users",
    "extra": "extra Data"
},{
    "action": "log_data",
    "login": {
        "uid": "2",
        "date_time": "2018-04-10 11:44:15",
        "client_ip": "10.22.39.156"
    },
    "window": "Users",
    "extra": "extra Data"
},{
    "action": "log_data",
    "login": {
        "uid": "2",
        "date_time": "2018-04-10 11:44:32",
        "client_ip": "10.22.39.156"
    },
    "window": "Users",
    "extra": "extra Data"
},{
    "action": "log_data",
    "login": {
        "uid": "2",
        "date_time": "2018-04-10 11:46:15",
        "client_ip": "10.22.39.156"
    },
    "window": "Users",
    "extra": "extra Data"
},{
    "action": "log_data",
    "login": {
        "uid": "2",
        "date_time": "2018-04-10 11:46:29",
        "client_ip": "10.22.39.156"
    },
    "window": "Users",
    "extra": "extra Data"
},{
    "action": "log_data",
    "login": {
        "uid": "2",
        "date_time": "2018-04-10 11:46:32",
        "client_ip": "10.22.39.156"
    },
    "window": "Users",
    "extra": "extra Data"
},{
    "action": "log_data",
    "login": {
        "uid": "2",
        "date_time": "2018-04-10 11:47:17",
        "client_ip": "10.22.39.156"
    },
    "window": "Users",
    "extra": "extra Data"
},{
    "action": "log_data",
    "login": {
        "uid": "2",
        "date_time": "2018-04-10 11:48:45",
        "client_ip": "10.22.39.156"
    },
    "window": "Users",
    "extra": "extra Data"
},{
    "action": "log_data",
    "login": {
        "uid": "2",
        "date_time": "2018-04-10 11:48:47",
        "client_ip": "10.22.39.156"
    },
    "window": "Users",
    "extra": "extra Data"
},{
    "action": "log_data",
    "login": {
        "uid": "2",
        "date_time": "2018-04-10 11:49:02",
        "client_ip": "10.22.39.156"
    },
    "window": "Users",
    "extra": "extra Data"
},{
    "action": "log_data",
    "login": {
        "uid": "2",
        "date_time": "2018-04-10 11:53:20",
        "client_ip": "10.22.39.156"
    },
    "window": "Users",
    "extra": "extra Data"
},{
    "action": "log_data",
    "login": {
        "uid": "2",
        "date_time": "2018-04-10 11:53:23",
        "client_ip": "10.22.39.156"
    },
    "window": "Users",
    "extra": "extra Data"
},{
    "action": "log_data",
    "login": {
        "uid": "2",
        "date_time": "2018-04-10 11:53:44",
        "client_ip": "10.22.39.156"
    },
    "window": "Users",
    "extra": "extra Data"
},{
    "action": "log_data",
    "login": {
        "uid": "2",
        "date_time": "2018-04-10 11:55:49",
        "client_ip": "10.22.39.156"
    },
    "window": "Users",
    "extra": "extra Data"
},{
    "action": "log_data",
    "login": {
        "uid": "2",
        "date_time": "2018-04-10 11:55:56",
        "client_ip": "10.22.39.156"
    },
    "window": "Users",
    "extra": "extra Data"
},{
    "action": "log_data",
    "login": {
        "uid": "2",
        "date_time": "2018-04-10 11:57:43",
        "client_ip": "10.22.39.156"
    },
    "window": "Users",
    "extra": "extra Data"
},{
    "action": "log_data",
    "login": {
        "uid": "2",
        "date_time": "2018-04-10 11:57:56",
        "client_ip": "10.22.39.156"
    },
    "window": "Users",
    "extra": "extra Data"
},{
    "action": "log_data",
    "login": {
        "uid": "2",
        "date_time": "2018-04-10 11:58:13",
        "client_ip": "10.22.39.156"
    },
    "window": "Users",
    "extra": "extra Data"
},{
    "action": "log_data",
    "login": {
        "uid": "2",
        "date_time": "2018-04-10 12:00:07",
        "client_ip": "10.22.39.156"
    },
    "window": "Users",
    "extra": "extra Data"
},{
    "action": "log_data",
    "login": {
        "uid": "2",
        "date_time": "2018-04-10 12:00:10",
        "client_ip": "10.22.39.156"
    },
    "window": "Users",
    "extra": "extra Data"
},{
    "action": "log_data",
    "login": {
        "uid": "2",
        "date_time": "2018-04-10 12:07:41",
        "client_ip": "10.22.39.156"
    },
    "window": "Users",
    "extra": "extra Data"
},{
    "action": "log_data",
    "login": {
        "uid": "2",
        "date_time": "2018-04-10 12:07:44",
        "client_ip": "10.22.39.156"
    },
    "window": "Users",
    "extra": "extra Data"
},{
    "action": "log_data",
    "login": {
        "uid": "2",
        "date_time": "2018-04-10 12:08:09",
        "client_ip": "10.22.39.156"
    },
    "window": "Users",
    "extra": "extra Data"
},{
    "action": "log_data",
    "login": {
        "uid": "2",
        "date_time": "2018-04-10 12:10:27",
        "client_ip": "10.22.39.156"
    },
    "window": "Users",
    "extra": "extra Data"
},{
    "action": "log_data",
    "login": {
        "uid": "2",
        "date_time": "2018-04-10 12:10:29",
        "client_ip": "10.22.39.156"
    },
    "window": "Users",
    "extra": "extra Data"
},{
    "action": "log_data",
    "login": {
        "uid": "2",
        "date_time": "2018-04-10 12:10:47",
        "client_ip": "10.22.39.156"
    },
    "window": "Users",
    "extra": "extra Data"
},{
    "action": "log_data",
    "login": {
        "uid": "2",
        "date_time": "2018-04-10 12:11:10",
        "client_ip": "10.22.39.156"
    },
    "window": "Users",
    "extra": "extra Data"
},{
    "action": "log_data",
    "login": {
        "uid": "2",
        "date_time": "2018-04-10 12:11:11",
        "client_ip": "10.22.39.156"
    },
    "window": "Users",
    "extra": "extra Data"
},{
    "action": "log_data",
    "login": {
        "uid": "2",
        "date_time": "2018-04-10 12:12:12",
        "client_ip": "10.22.39.156"
    },
    "window": "Users",
    "extra": "extra Data"
},{
    "action": "log_data",
    "login": {
        "uid": "2",
        "date_time": "2018-04-10 12:12:17",
        "client_ip": "10.22.39.156"
    },
    "window": "Users",
    "extra": "extra Data"
},{
    "action": "log_data",
    "login": {
        "uid": "2",
        "date_time": "2018-04-10 12:12:40",
        "client_ip": "10.22.39.156"
    },
    "window": "Users",
    "extra": "extra Data"
},{
    "action": "log_data",
    "login": {
        "uid": "2",
        "date_time": "2018-04-10 12:13:10",
        "client_ip": "10.22.39.156"
    },
    "window": "Users",
    "extra": "extra Data"
},{
    "action": "log_data",
    "login": {
        "uid": "2",
        "date_time": "2018-04-10 12:13:44",
        "client_ip": "10.22.39.156"
    },
    "window": "Users",
    "extra": "extra Data"
},{
    "action": "log_data",
    "login": {
        "uid": "2",
        "date_time": "2018-04-10 12:14:55",
        "client_ip": "10.22.39.156"
    },
    "window": "Users",
    "extra": "extra Data"
},{
    "action": "log_data",
    "login": {
        "uid": "2",
        "date_time": "2018-04-10 12:15:14",
        "client_ip": "10.22.39.156"
    },
    "window": "Users",
    "extra": "extra Data"
},{
    "action": "log_data",
    "login": {
        "uid": "2",
        "date_time": "2018-04-10 12:17:40",
        "client_ip": "10.22.39.156"
    },
    "window": "Users",
    "extra": "extra Data"
},{
    "action": "log_data",
    "login": {
        "uid": "2",
        "date_time": "2018-04-10 12:18:09",
        "client_ip": "10.22.39.156"
    },
    "window": "Users",
    "extra": "extra Data"
},{
    "action": "log_data",
    "login": {
        "uid": "2",
        "date_time": "2018-04-10 12:19:53",
        "client_ip": "10.22.39.156"
    },
    "window": "Users",
    "extra": "extra Data"
},{
    "action": "log_data",
    "login": {
        "uid": "2",
        "date_time": "2018-04-10 12:20:01",
        "client_ip": "10.22.39.156"
    },
    "window": "Users",
    "extra": "extra Data"
},{
    "action": "log_data",
    "login": {
        "uid": "2",
        "date_time": "2018-04-10 12:20:41",
        "client_ip": "10.22.39.156"
    },
    "window": "Users",
    "extra": "extra Data"
},{
    "action": "log_data",
    "login": {
        "uid": "2",
        "date_time": "2018-04-10 12:20:54",
        "client_ip": "10.22.39.156"
    },
    "window": "Users",
    "extra": "extra Data"
},{
    "action": "log_data",
    "login": {
        "uid": "2",
        "date_time": "2018-04-10 12:20:57",
        "client_ip": "10.22.39.156"
    },
    "window": "Users",
    "extra": "extra Data"
},{
    "action": "log_data",
    "login": {
        "uid": "2",
        "date_time": "2018-04-10 12:37:00",
        "client_ip": "10.22.39.156"
    },
    "window": "Users",
    "extra": "extra Data"
},{
    "action": "log_data",
    "login": {
        "uid": "2",
        "date_time": "2018-04-10 12:37:02",
        "client_ip": "10.22.39.156"
    },
    "window": "Users",
    "extra": "extra Data"
},{
    "action": "log_data",
    "login": {
        "uid": "2",
        "date_time": "2018-04-10 12:37:55",
        "client_ip": "10.22.39.156"
    },
    "window": "Users",
    "extra": "extra Data"
},{
    "action": "log_data",
    "login": {
        "uid": "2",
        "date_time": "2018-04-10 13:02:04",
        "client_ip": "10.22.39.156"
    },
    "window": "InPatient",
    "extra": "Getting Total Out Patients"
},{
    "action": "log_data",
    "login": {
        "uid": "2",
        "date_time": "2018-04-10 14:04:00",
        "client_ip": "10.22.39.156"
    },
    "window": "Users",
    "extra": "extra Data"
},{
    "action": "log_data",
    "login": {
        "uid": "2",
        "date_time": "2018-04-10 14:04:08",
        "client_ip": "10.22.39.156"
    },
    "window": "Users",
    "extra": "extra Data"
},{
    "action": "log_data",
    "login": {
        "uid": "2",
        "date_time": "2018-04-10 14:04:18",
        "client_ip": "10.22.39.156"
    },
    "window": "Users",
    "extra": "extra Data"
},{
    "action": "log_data",
    "login": {
        "uid": "2",
        "date_time": "2018-04-10 14:04:54",
        "client_ip": "10.22.39.156"
    },
    "window": "Users",
    "extra": "extra Data"
},{
    "action": "log_data",
    "login": {
        "uid": "2",
        "date_time": "2018-04-10 14:06:39",
        "client_ip": "10.22.39.156"
    },
    "window": "Users",
    "extra": "extra Data"
},{
    "action": "log_data",
    "login": {
        "uid": "2",
        "date_time": "2018-04-10 14:08:09",
        "client_ip": "10.22.39.156"
    },
    "window": "Users",
    "extra": "extra Data"
},{
    "action": "log_data",
    "login": {
        "uid": "2",
        "date_time": "2018-04-10 14:08:13",
        "client_ip": "10.22.39.156"
    },
    "window": "Users",
    "extra": "extra Data"
},{
    "action": "log_data",
    "login": {
        "uid": "2",
        "date_time": "2018-04-10 14:08:40",
        "client_ip": "10.22.39.156"
    },
    "window": "Users",
    "extra": "extra Data"
},{
    "action": "log_data",
    "login": {
        "uid": "2",
        "date_time": "2018-04-10 14:08:44",
        "client_ip": "10.22.39.156"
    },
    "window": "Users",
    "extra": "extra Data"
},{
    "action": "log_data",
    "login": {
        "uid": "2",
        "date_time": "2018-04-10 14:09:51",
        "client_ip": "10.22.39.156"
    },
    "window": "Users",
    "extra": "extra Data"
},{
    "action": "log_data",
    "login": {
        "uid": "2",
        "date_time": "2018-04-10 14:09:57",
        "client_ip": "10.22.39.156"
    },
    "window": "Users",
    "extra": "extra Data"
},{
    "action": "log_data",
    "login": {
        "uid": "2",
        "date_time": "2018-04-10 14:10:45",
        "client_ip": "10.22.39.156"
    },
    "window": "Users",
    "extra": "extra Data"
},{
    "action": "log_data",
    "login": {
        "uid": "2",
        "date_time": "2018-04-10 14:10:50",
        "client_ip": "10.22.39.156"
    },
    "window": "Users",
    "extra": "extra Data"
},{
    "action": "log_data",
    "login": {
        "uid": "2",
        "date_time": "2018-04-10 14:11:22",
        "client_ip": "10.22.39.156"
    },
    "window": "Users",
    "extra": "extra Data"
},{
    "action": "log_data",
    "login": {
        "uid": "2",
        "date_time": "2018-04-10 14:11:25",
        "client_ip": "10.22.39.156"
    },
    "window": "Users",
    "extra": "extra Data"
},{
    "action": "log_data",
    "login": {
        "uid": "2",
        "date_time": "2018-04-10 14:52:56",
        "client_ip": "10.22.39.156"
    },
    "window": "Asset PO",
    "extra": "Asset PO opened"
},{
    "action": "log_data",
    "login": {
        "uid": "2",
        "date_time": "2018-04-10 14:53:09",
        "client_ip": "10.22.39.156"
    },
    "window": "Asset PO",
    "extra": "Asset PO opened"
},{
    "action": "log_data",
    "login": {
        "uid": "2",
        "date_time": "2018-04-10 14:53:15",
        "client_ip": "10.22.39.156"
    },
    "window": "medicine Inward",
    "extra": "medicine Inward is opened"
},{
    "action": "log_data",
    "login": {
        "uid": "2",
        "date_time": "2018-04-10 14:55:59",
        "client_ip": "10.22.39.156"
    },
    "window": "medicine Inward",
    "extra": "medicine Inward is opened"
},{
    "action": "log_data",
    "login": {
        "uid": "2",
        "date_time": "2018-04-10 14:56:39",
        "client_ip": "10.22.39.156"
    },
    "window": "medicine Inward",
    "extra": "medicine Inward is opened"
},{
    "action": "log_data",
    "login": {
        "uid": "2",
        "date_time": "2018-04-10 14:56:45",
        "client_ip": "10.22.39.156"
    },
    "window": "Push Item Into Array",
    "extra": ""
},{
    "action": "log_data",
    "login": {
        "uid": "2",
        "date_time": "2018-04-10 14:57:02",
        "client_ip": "10.22.39.156"
    },
    "window": "medicine Inward",
    "extra": "medicine Inward is opened"
},{
    "action": "log_data",
    "login": {
        "uid": "2",
        "date_time": "2018-04-10 14:57:37",
        "client_ip": "10.22.39.156"
    },
    "window": "Users",
    "extra": "extra Data"
},{
    "action": "log_data",
    "login": {
        "uid": "2",
        "date_time": "2018-04-10 14:59:11",
        "client_ip": "10.22.39.156"
    },
    "window": "Users",
    "extra": "extra Data"
},{
    "action": "log_data",
    "login": {
        "uid": "2",
        "date_time": "2018-04-10 15:00:17",
        "client_ip": "10.22.39.156"
    },
    "window": "Users",
    "extra": "extra Data"
},{
    "action": "log_data",
    "login": {
        "uid": "2",
        "date_time": "2018-04-10 15:01:40",
        "client_ip": "10.22.39.156"
    },
    "window": "Users",
    "extra": "extra Data"
},{
    "action": "log_data",
    "login": {
        "uid": "2",
        "date_time": "2018-04-10 15:02:37",
        "client_ip": "10.22.39.156"
    },
    "window": "Users",
    "extra": "extra Data"
},{
    "action": "log_data",
    "login": {
        "uid": "2",
        "date_time": "2018-04-10 15:07:15",
        "client_ip": "10.22.39.156"
    },
    "window": "Users",
    "extra": "extra Data"
},{
    "action": "log_data",
    "login": {
        "uid": "2",
        "date_time": "2018-04-10 15:07:42",
        "client_ip": "10.22.39.156"
    },
    "window": "Users",
    "extra": "extra Data"
},{
    "action": "log_data",
    "login": {
        "uid": "2",
        "date_time": "2018-04-10 15:14:16",
        "client_ip": "10.22.39.156"
    },
    "window": "Users",
    "extra": "extra Data"
},{
    "action": "log_data",
    "login": {
        "uid": "2",
        "date_time": "2018-04-10 15:14:55",
        "client_ip": "10.22.39.156"
    },
    "window": "Users",
    "extra": "extra Data"
},{
    "action": "log_data",
    "login": {
        "uid": "2",
        "date_time": "2018-04-10 15:15:39",
        "client_ip": "10.22.39.156"
    },
    "window": "Users",
    "extra": "extra Data"
},{
    "action": "log_data",
    "login": {
        "uid": "2",
        "date_time": "2018-04-10 15:16:27",
        "client_ip": "10.22.39.156"
    },
    "window": "Users",
    "extra": "extra Data"
},{
    "action": "log_data",
    "login": {
        "uid": "2",
        "date_time": "2018-04-10 15:16:51",
        "client_ip": "10.22.39.156"
    },
    "window": "Users",
    "extra": "extra Data"
},{
    "action": "log_data",
    "login": {
        "uid": "2",
        "date_time": "2018-04-10 15:18:16",
        "client_ip": "10.22.39.156"
    },
    "window": "Users",
    "extra": "extra Data"
},{
    "action": "log_data",
    "login": {
        "uid": "2",
        "date_time": "2018-04-10 15:18:47",
        "client_ip": "10.22.39.156"
    },
    "window": "Users",
    "extra": "extra Data"
},{
    "action": "log_data",
    "login": {
        "uid": "2",
        "date_time": "2018-04-10 15:22:10",
        "client_ip": "10.22.39.156"
    },
    "window": "Users",
    "extra": "extra Data"
},{
    "action": "log_data",
    "login": {
        "uid": "2",
        "date_time": "2018-04-10 15:25:17",
        "client_ip": "10.22.39.156"
    },
    "window": "Users",
    "extra": "extra Data"
},{
    "action": "log_data",
    "login": {
        "uid": "2",
        "date_time": "2018-04-10 15:27:32",
        "client_ip": "10.22.39.156"
    },
    "window": "Users",
    "extra": "extra Data"
},{
    "action": "log_data",
    "login": {
        "uid": "2",
        "date_time": "2018-04-10 15:28:39",
        "client_ip": "10.22.39.156"
    },
    "window": "Users",
    "extra": "extra Data"
},{
    "action": "log_data",
    "login": {
        "uid": "2",
        "date_time": "2018-04-10 15:28:58",
        "client_ip": "10.22.39.156"
    },
    "window": "Users",
    "extra": "extra Data"
},{
    "action": "log_data",
    "login": {
        "uid": "2",
        "date_time": "2018-04-10 15:48:42",
        "client_ip": "10.22.39.156"
    },
    "window": " New Patient ",
    "extra": "New patient Opened"
},{
    "action": "log_data",
    "login": {
        "uid": "2",
        "date_time": "2018-04-10 15:48:56",
        "client_ip": "10.22.39.156"
    },
    "window": "Date Change",
    "extra": ""
},{
    "action": "log_data",
    "login": {
        "uid": "2",
        "date_time": "2018-04-10 15:49:01",
        "client_ip": "10.22.39.156"
    },
    "window": "Date Change",
    "extra": ""
},{
    "action": "log_data",
    "login": {
        "uid": "2",
        "date_time": "2018-04-10 15:51:44",
        "client_ip": "10.22.39.156"
    },
    "window": " New Patient ",
    "extra": "New patient Opened"
},{
    "action": "log_data",
    "login": {
        "uid": "2",
        "date_time": "2018-04-10 15:51:49",
        "client_ip": "10.22.39.156"
    },
    "window": "Date Change",
    "extra": ""
},{
    "action": "log_data",
    "login": {
        "uid": "2",
        "date_time": "2018-04-10 15:52:13",
        "client_ip": "10.22.39.156"
    },
    "window": "Doctor_ConsultData is Loaded",
    "extra": ""
},{
    "action": "log_data",
    "login": {
        "uid": "2",
        "date_time": "2018-04-10 15:52:50",
        "client_ip": "10.22.39.156"
    },
    "window": "Users",
    "extra": "extra Data"
},{
    "action": "log_data",
    "login": {
        "uid": "2",
        "date_time": "2018-04-10 15:54:20",
        "client_ip": "10.22.39.156"
    },
    "window": "Users",
    "extra": "extra Data"
},{
    "action": "log_data",
    "login": {
        "uid": "2",
        "date_time": "2018-04-10 15:54:50",
        "client_ip": "10.22.39.156"
    },
    "window": "Supplier",
    "extra": "Supplier data is opened"
},{
    "action": "log_data",
    "login": {
        "uid": "2",
        "date_time": "2018-04-10 15:55:27",
        "client_ip": "10.22.39.156"
    },
    "window": "Stores",
    "extra": "Stores is opened"
},{
    "action": "log_data",
    "login": {
        "uid": "2",
        "date_time": "2018-04-10 15:56:09",
        "client_ip": "10.22.39.156"
    },
    "window": "Item Group",
    "extra": "Item Group is opened"
},{
    "action": "log_data",
    "login": {
        "uid": "2",
        "date_time": "2018-04-10 15:57:15",
        "client_ip": "10.22.39.156"
    },
    "window": "Assets",
    "extra": "Assets is opened"
},{
    "action": "log_data",
    "login": {
        "uid": "2",
        "date_time": "2018-04-10 15:57:39",
        "client_ip": "10.22.39.156"
    },
    "window": "Asset PO",
    "extra": "Asset PO opened"
},{
    "action": "log_data",
    "login": {
        "uid": "2",
        "date_time": "2018-04-10 15:58:15",
        "client_ip": "10.22.39.156"
    },
    "window": "Asset Inward",
    "extra": "Asset Inward is opened"
},{
    "action": "log_data",
    "login": {
        "uid": "2",
        "date_time": "2018-04-10 15:59:08",
        "client_ip": "10.22.39.156"
    },
    "window": "Asset Outward",
    "extra": "Asset outward opened"
},{
    "action": "log_data",
    "login": {
        "uid": "2",
        "date_time": "2018-04-10 15:59:45",
        "client_ip": "10.22.39.156"
    },
    "window": "Asset Stock",
    "extra": "Asset Stock Opened"
},{
    "action": "log_data",
    "login": {
        "uid": "2",
        "date_time": "2018-04-10 16:00:01",
        "client_ip": "10.22.39.156"
    },
    "window": "Medicines",
    "extra": "Medicines is opened"
},{
    "action": "log_data",
    "login": {
        "uid": "2",
        "date_time": "2018-04-10 16:00:46",
        "client_ip": "10.22.39.156"
    },
    "window": "Medicine PO",
    "extra": "Medicine PO opened"
},{
    "action": "log_data",
    "login": {
        "uid": "2",
        "date_time": "2018-04-10 16:01:21",
        "client_ip": "10.22.39.156"
    },
    "window": "medicine Inward",
    "extra": "medicine Inward is opened"
},{
    "action": "log_data",
    "login": {
        "uid": "2",
        "date_time": "2018-04-10 16:02:40",
        "client_ip": "10.22.39.156"
    },
    "window": "Medicine Stock",
    "extra": ""
},{
    "action": "log_data",
    "login": {
        "uid": "2",
        "date_time": "2018-04-10 16:03:33",
        "client_ip": "10.22.39.156"
    },
    "window": "Users",
    "extra": "extra Data"
},{
    "action": "log_data",
    "login": {
        "uid": "2",
        "date_time": "2018-04-10 16:04:28",
        "client_ip": "10.22.39.156"
    },
    "window": "Users",
    "extra": "extra Data"
},{
    "action": "log_data",
    "login": {
        "uid": "2",
        "date_time": "2018-04-10 16:04:44",
        "client_ip": "10.22.39.156"
    },
    "window": "Users",
    "extra": "extra Data"
},{
    "action": "log_data",
    "login": {
        "uid": "2",
        "date_time": "2018-04-10 16:05:03",
        "client_ip": "10.22.39.156"
    },
    "window": "Users",
    "extra": "extra Data"
},{
    "action": "log_data",
    "login": {
        "uid": "2",
        "date_time": "2018-04-10 16:05:14",
        "client_ip": "10.22.39.156"
    },
    "window": "Users",
    "extra": "extra Data"
},{
    "action": "log_data",
    "login": {
        "uid": "2",
        "date_time": "2018-04-10 16:05:37",
        "client_ip": "10.22.39.156"
    },
    "window": "Users",
    "extra": "extra Data"
},{
    "action": "log_data",
    "login": {
        "uid": "2",
        "date_time": "2018-04-10 16:06:57",
        "client_ip": "10.22.39.156"
    },
    "window": "Users",
    "extra": "extra Data"
},{
    "action": "log_data",
    "login": {
        "uid": "2",
        "date_time": "2018-04-10 16:07:45",
        "client_ip": "10.22.39.156"
    },
    "window": "Users",
    "extra": "extra Data"
},{
    "action": "log_data",
    "login": {
        "uid": "2",
        "date_time": "2018-04-10 16:07:51",
        "client_ip": "10.22.39.156"
    },
    "window": " New Patient ",
    "extra": "New patient Opened"
},{
    "action": "log_data",
    "login": {
        "uid": "2",
        "date_time": "2018-04-10 16:07:54",
        "client_ip": "10.22.39.156"
    },
    "window": "Users",
    "extra": "extra Data"
},{
    "action": "log_data",
    "login": {
        "uid": "2",
        "date_time": "2018-04-10 16:07:55",
        "client_ip": "10.22.39.156"
    },
    "window": "Supplier",
    "extra": "Supplier data is opened"
},{
    "action": "log_data",
    "login": {
        "uid": "2",
        "date_time": "2018-04-10 16:07:55",
        "client_ip": "10.22.39.156"
    },
    "window": "Stores",
    "extra": "Stores is opened"
},{
    "action": "log_data",
    "login": {
        "uid": "2",
        "date_time": "2018-04-10 16:31:01",
        "client_ip": "10.22.39.156"
    },
    "window": "Stores",
    "extra": "Stores is opened"
},{
    "action": "log_data",
    "login": {
        "uid": "2",
        "date_time": "2018-04-10 16:31:30",
        "client_ip": "10.22.39.156"
    },
    "window": "Stores",
    "extra": "Stores is opened"
},{
    "action": "log_data",
    "login": {
        "uid": "2",
        "date_time": "2018-04-10 16:32:48",
        "client_ip": "10.22.39.156"
    },
    "window": " New Patient ",
    "extra": "New patient Opened"
},{
    "action": "log_data",
    "login": {
        "uid": "1",
        "date_time": "2018-04-10 19:31:06",
        "client_ip": "157.48.232.33"
    },
    "window": "InPatient",
    "extra": "Getting Total Out Patients"
},{
    "action": "log_data",
    "login": {
        "uid": "1",
        "date_time": "2018-04-10 19:31:24",
        "client_ip": "157.48.232.33"
    },
    "window": "Users",
    "extra": "extra Data"
},{
    "action": "log_data",
    "login": {
        "uid": "1",
        "date_time": "2018-04-10 19:31:38",
        "client_ip": "157.48.232.33"
    },
    "window": " New Patient ",
    "extra": "New patient Opened"
},{
    "action": "log_data",
    "login": {
        "uid": "1",
        "date_time": "2018-04-10 19:31:44",
        "client_ip": "157.48.232.33"
    },
    "window": "Users",
    "extra": "extra Data"
},{
    "action": "log_data",
    "login": {
        "uid": "1",
        "date_time": "2018-04-10 19:31:46",
        "client_ip": "157.48.232.33"
    },
    "window": "Users",
    "extra": "extra Data"
},{
    "action": "log_data",
    "login": {
        "uid": "1",
        "date_time": "2018-04-10 19:32:01",
        "client_ip": "157.48.232.33"
    },
    "window": "InPatient",
    "extra": "Getting Total Out Patients"
},{
    "action": "log_data",
    "login": {
        "uid": "1",
        "date_time": "2018-04-10 19:32:13",
        "client_ip": "157.48.232.33"
    },
    "window": " New Patient ",
    "extra": "New patient Opened"
},{
    "action": "log_data",
    "login": {
        "uid": "1",
        "date_time": "2018-04-10 19:32:32",
        "client_ip": "157.48.232.33"
    },
    "window": "Users",
    "extra": "extra Data"
},{
    "action": "log_data",
    "login": {
        "uid": "2",
        "date_time": "2018-04-10 19:44:52",
        "client_ip": "10.22.39.156"
    },
    "window": " New Patient ",
    "extra": "New patient Opened"
},{
    "action": "log_data",
    "login": {
        "uid": "2",
        "date_time": "2018-04-10 19:45:26",
        "client_ip": "10.22.39.156"
    },
    "window": "Users",
    "extra": "extra Data"
},{
    "action": "log_data",
    "login": {
        "uid": "2",
        "date_time": "2018-04-10 19:46:39",
        "client_ip": "10.22.39.156"
    },
    "window": "Users",
    "extra": "extra Data"
},{
    "action": "log_data",
    "login": {
        "uid": "2",
        "date_time": "2018-04-10 19:46:47",
        "client_ip": "10.22.39.156"
    },
    "window": "Users",
    "extra": "extra Data"
},{
    "action": "log_data",
    "login": {
        "uid": "2",
        "date_time": "2018-04-10 19:47:43",
        "client_ip": "10.22.39.156"
    },
    "window": "Users",
    "extra": "extra Data"
},{
    "action": "log_data",
    "login": {
        "uid": "2",
        "date_time": "2018-04-10 19:47:53",
        "client_ip": "10.22.39.156"
    },
    "window": "Users",
    "extra": "extra Data"
},{
    "action": "log_data",
    "login": {
        "uid": "2",
        "date_time": "2018-04-10 19:49:35",
        "client_ip": "10.22.39.156"
    },
    "window": "Users",
    "extra": "extra Data"
},{
    "action": "log_data",
    "login": {
        "uid": "2",
        "date_time": "2018-04-10 19:51:57",
        "client_ip": "10.22.39.156"
    },
    "window": "Users",
    "extra": "extra Data"
},{
    "action": "log_data",
    "login": {
        "uid": "2",
        "date_time": "2018-04-10 19:52:07",
        "client_ip": "10.22.39.156"
    },
    "window": "Users",
    "extra": "extra Data"
},{
    "action": "log_data",
    "login": {
        "uid": "2",
        "date_time": "2018-04-10 19:52:34",
        "client_ip": "10.22.39.156"
    },
    "window": "Users",
    "extra": "extra Data"
},{
    "action": "log_data",
    "login": {
        "uid": "2",
        "date_time": "2018-04-10 19:53:10",
        "client_ip": "10.22.39.156"
    },
    "window": "Users",
    "extra": "extra Data"
},{
    "action": "log_data",
    "login": {
        "uid": "2",
        "date_time": "2018-04-10 19:55:00",
        "client_ip": "10.22.39.156"
    },
    "window": "Users",
    "extra": "extra Data"
},{
    "action": "log_data",
    "login": {
        "uid": "2",
        "date_time": "2018-04-10 19:55:02",
        "client_ip": "10.22.39.156"
    },
    "window": "Users",
    "extra": "extra Data"
},{
    "action": "log_data",
    "login": {
        "uid": "2",
        "date_time": "2018-04-10 19:55:04",
        "client_ip": "10.22.39.156"
    },
    "window": "Users",
    "extra": "extra Data"
},{
    "action": "log_data",
    "login": {
        "uid": "2",
        "date_time": "2018-04-10 19:56:31",
        "client_ip": "10.22.39.156"
    },
    "window": "Users",
    "extra": "extra Data"
},{
    "action": "log_data",
    "login": {
        "uid": "2",
        "date_time": "2018-04-10 19:57:07",
        "client_ip": "10.22.39.156"
    },
    "window": "Users",
    "extra": "extra Data"
},{
    "action": "log_data",
    "login": {
        "uid": "2",
        "date_time": "2018-04-10 19:58:24",
        "client_ip": "10.22.39.156"
    },
    "window": "Users",
    "extra": "extra Data"
},{
    "action": "log_data",
    "login": {
        "uid": "2",
        "date_time": "2018-04-10 19:58:42",
        "client_ip": "10.22.39.156"
    },
    "window": "Users",
    "extra": "extra Data"
},{
    "action": "log_data",
    "login": {
        "uid": "2",
        "date_time": "2018-04-10 19:58:57",
        "client_ip": "10.22.39.156"
    },
    "window": "Users",
    "extra": "extra Data"
},{
    "action": "log_data",
    "login": {
        "uid": "2",
        "date_time": "2018-04-10 19:58:59",
        "client_ip": "10.22.39.156"
    },
    "window": "Users",
    "extra": "extra Data"
},{
    "action": "log_data",
    "login": {
        "uid": "2",
        "date_time": "2018-04-10 19:59:01",
        "client_ip": "10.22.39.156"
    },
    "window": "Users",
    "extra": "extra Data"
},{
    "action": "log_data",
    "login": {
        "uid": "2",
        "date_time": "2018-04-10 20:00:45",
        "client_ip": "10.22.39.156"
    },
    "window": "Users",
    "extra": "extra Data"
},{
    "action": "log_data",
    "login": {
        "uid": "2",
        "date_time": "2018-04-10 20:02:22",
        "client_ip": "10.22.39.156"
    },
    "window": "Users",
    "extra": "extra Data"
},{
    "action": "log_data",
    "login": {
        "uid": "2",
        "date_time": "2018-04-10 20:05:39",
        "client_ip": "10.22.39.156"
    },
    "window": "Users",
    "extra": "extra Data"
},{
    "action": "log_data",
    "login": {
        "uid": "2",
        "date_time": "2018-04-10 20:05:40",
        "client_ip": "10.22.39.156"
    },
    "window": "Users",
    "extra": "extra Data"
},{
    "action": "log_data",
    "login": {
        "uid": "2",
        "date_time": "2018-04-10 20:06:48",
        "client_ip": "10.22.39.156"
    },
    "window": "Users",
    "extra": "extra Data"
},{
    "action": "log_data",
    "login": {
        "uid": "2",
        "date_time": "2018-04-10 20:07:06",
        "client_ip": "10.22.39.156"
    },
    "window": "Users",
    "extra": "extra Data"
},{
    "action": "log_data",
    "login": {
        "uid": "2",
        "date_time": "2018-04-10 20:07:43",
        "client_ip": "10.22.39.156"
    },
    "window": "Users",
    "extra": "extra Data"
},{
    "action": "log_data",
    "login": {
        "uid": "2",
        "date_time": "2018-04-10 20:09:00",
        "client_ip": "10.22.39.156"
    },
    "window": "Users",
    "extra": "extra Data"
},{
    "action": "log_data",
    "login": {
        "uid": "2",
        "date_time": "2018-04-10 20:09:01",
        "client_ip": "10.22.39.156"
    },
    "window": "Users",
    "extra": "extra Data"
},{
    "action": "log_data",
    "login": {
        "uid": "2",
        "date_time": "2018-04-10 20:10:10",
        "client_ip": "10.22.39.156"
    },
    "window": "Users",
    "extra": "extra Data"
},{
    "action": "log_data",
    "login": {
        "uid": "2",
        "date_time": "2018-04-10 20:10:16",
        "client_ip": "10.22.39.156"
    },
    "window": "Users",
    "extra": "extra Data"
},{
    "action": "log_data",
    "login": {
        "uid": "2",
        "date_time": "2018-04-10 20:10:25",
        "client_ip": "10.22.39.156"
    },
    "window": "Users",
    "extra": "extra Data"
},{
    "action": "log_data",
    "login": {
        "uid": "2",
        "date_time": "2018-04-10 20:10:45",
        "client_ip": "10.22.39.156"
    },
    "window": " New Patient ",
    "extra": "New patient Opened"
},{
    "action": "log_data",
    "login": {
        "uid": "2",
        "date_time": "2018-04-10 20:11:05",
        "client_ip": "10.22.39.156"
    },
    "window": " New Patient ",
    "extra": "New patient Opened"
},{
    "action": "log_data",
    "login": {
        "uid": "2",
        "date_time": "2018-04-10 20:11:07",
        "client_ip": "10.22.39.156"
    },
    "window": "Users",
    "extra": "extra Data"
},{
    "action": "log_data",
    "login": {
        "uid": "2",
        "date_time": "2018-04-10 20:11:10",
        "client_ip": "10.22.39.156"
    },
    "window": "Users",
    "extra": "extra Data"
},{
    "action": "log_data",
    "login": {
        "uid": "2",
        "date_time": "2018-04-10 20:12:35",
        "client_ip": "10.22.39.156"
    },
    "window": "Users",
    "extra": "extra Data"
},{
    "action": "log_data",
    "login": {
        "uid": "2",
        "date_time": "2018-04-10 20:15:12",
        "client_ip": "10.22.39.156"
    },
    "window": "Users",
    "extra": "extra Data"
},{
    "action": "log_data",
    "login": {
        "uid": "2",
        "date_time": "2018-04-10 20:15:17",
        "client_ip": "10.22.39.156"
    },
    "window": "Users",
    "extra": "extra Data"
},{
    "action": "log_data",
    "login": {
        "uid": "2",
        "date_time": "2018-04-10 20:16:15",
        "client_ip": "10.22.39.156"
    },
    "window": "Users",
    "extra": "extra Data"
},{
    "action": "log_data",
    "login": {
        "uid": "2",
        "date_time": "2018-04-10 20:16:18",
        "client_ip": "10.22.39.156"
    },
    "window": "Users",
    "extra": "extra Data"
},{
    "action": "log_data",
    "login": {
        "uid": "2",
        "date_time": "2018-04-10 20:16:57",
        "client_ip": "10.22.39.156"
    },
    "window": "Users",
    "extra": "extra Data"
},{
    "action": "log_data",
    "login": {
        "uid": "2",
        "date_time": "2018-04-10 20:18:23",
        "client_ip": "10.22.39.156"
    },
    "window": "Users",
    "extra": "extra Data"
},{
    "action": "log_data",
    "login": {
        "uid": "2",
        "date_time": "2018-04-10 20:18:28",
        "client_ip": "10.22.39.156"
    },
    "window": "Users",
    "extra": "extra Data"
},{
    "action": "log_data",
    "login": {
        "uid": "2",
        "date_time": "2018-04-10 20:19:39",
        "client_ip": "10.22.39.156"
    },
    "window": "Users",
    "extra": "extra Data"
},{
    "action": "log_data",
    "login": {
        "uid": "2",
        "date_time": "2018-04-10 20:19:40",
        "client_ip": "10.22.39.156"
    },
    "window": "Users",
    "extra": "extra Data"
},{
    "action": "log_data",
    "login": {
        "uid": "2",
        "date_time": "2018-04-10 20:20:01",
        "client_ip": "10.22.39.156"
    },
    "window": "CancelRec",
    "extra": "Get Receipt data"
},{
    "action": "log_data",
    "login": {
        "uid": "2",
        "date_time": "2018-04-10 20:20:02",
        "client_ip": "10.22.39.156"
    },
    "window": "CancelRec",
    "extra": "Receipt Canceled"
},{
    "action": "log_data",
    "login": {
        "uid": "2",
        "date_time": "2018-04-10 20:20:04",
        "client_ip": "10.22.39.156"
    },
    "window": "Users",
    "extra": "extra Data"
},{
    "action": "log_data",
    "login": {
        "uid": "2",
        "date_time": "2018-04-10 20:20:13",
        "client_ip": "10.22.39.156"
    },
    "window": "Users",
    "extra": "extra Data"
},{
    "action": "log_data",
    "login": {
        "uid": "2",
        "date_time": "2018-04-10 20:21:01",
        "client_ip": "10.22.39.156"
    },
    "window": "Users",
    "extra": "extra Data"
},{
    "action": "log_data",
    "login": {
        "uid": "2",
        "date_time": "2018-04-10 20:21:03",
        "client_ip": "10.22.39.156"
    },
    "window": "Users",
    "extra": "extra Data"
},{
    "action": "log_data",
    "login": {
        "uid": "2",
        "date_time": "2018-04-10 20:24:44",
        "client_ip": "10.22.39.156"
    },
    "window": "Users",
    "extra": "extra Data"
},{
    "action": "log_data",
    "login": {
        "uid": "2",
        "date_time": "2018-04-10 20:25:28",
        "client_ip": "10.22.39.156"
    },
    "window": "Users",
    "extra": "extra Data"
},{
    "action": "log_data",
    "login": {
        "uid": "2",
        "date_time": "2018-04-10 20:25:32",
        "client_ip": "10.22.39.156"
    },
    "window": "Users",
    "extra": "extra Data"
},{
    "action": "log_data",
    "login": {
        "uid": "2",
        "date_time": "2018-04-10 20:26:11",
        "client_ip": "10.22.39.156"
    },
    "window": "Users",
    "extra": "extra Data"
},{
    "action": "log_data",
    "login": {
        "uid": "2",
        "date_time": "2018-04-10 20:27:02",
        "client_ip": "10.22.39.156"
    },
    "window": "Users",
    "extra": "extra Data"
},{
    "action": "log_data",
    "login": {
        "uid": "2",
        "date_time": "2018-04-10 20:27:14",
        "client_ip": "10.22.39.156"
    },
    "window": "Users",
    "extra": "extra Data"
},{
    "action": "log_data",
    "login": {
        "uid": "2",
        "date_time": "2018-04-10 20:29:38",
        "client_ip": "10.22.39.156"
    },
    "window": "Users",
    "extra": "extra Data"
},{
    "action": "log_data",
    "login": {
        "uid": "2",
        "date_time": "2018-04-10 20:29:42",
        "client_ip": "10.22.39.156"
    },
    "window": "Users",
    "extra": "extra Data"
},{
    "action": "log_data",
    "login": {
        "uid": "2",
        "date_time": "2018-04-10 20:31:02",
        "client_ip": "10.22.39.156"
    },
    "window": "Users",
    "extra": "extra Data"
},{
    "action": "log_data",
    "login": {
        "uid": "2",
        "date_time": "2018-04-10 20:33:16",
        "client_ip": "10.22.39.156"
    },
    "window": "Users",
    "extra": "extra Data"
},{
    "action": "log_data",
    "login": {
        "uid": "2",
        "date_time": "2018-04-10 20:33:18",
        "client_ip": "10.22.39.156"
    },
    "window": "Users",
    "extra": "extra Data"
},{
    "action": "log_data",
    "login": {
        "uid": "2",
        "date_time": "2018-04-10 20:33:32",
        "client_ip": "10.22.39.156"
    },
    "window": "Users",
    "extra": "extra Data"
},{
    "action": "log_data",
    "login": {
        "uid": "2",
        "date_time": "2018-04-10 20:34:08",
        "client_ip": "10.22.39.156"
    },
    "window": "Users",
    "extra": "extra Data"
},{
    "action": "log_data",
    "login": {
        "uid": "2",
        "date_time": "2018-04-10 20:34:24",
        "client_ip": "10.22.39.156"
    },
    "window": "Users",
    "extra": "extra Data"
},{
    "action": "log_data",
    "login": {
        "uid": "2",
        "date_time": "2018-04-10 20:34:26",
        "client_ip": "10.22.39.156"
    },
    "window": "Users",
    "extra": "extra Data"
},{
    "action": "log_data",
    "login": {
        "uid": "2",
        "date_time": "2018-04-10 20:34:38",
        "client_ip": "10.22.39.156"
    },
    "window": "Users",
    "extra": "extra Data"
},{
    "action": "log_data",
    "login": {
        "uid": "2",
        "date_time": "2018-04-10 20:35:17",
        "client_ip": "10.22.39.156"
    },
    "window": "Users",
    "extra": "extra Data"
},{
    "action": "log_data",
    "login": {
        "uid": "2",
        "date_time": "2018-04-10 20:35:36",
        "client_ip": "10.22.39.156"
    },
    "window": " New Patient ",
    "extra": "New patient Opened"
},{
    "action": "log_data",
    "login": {
        "uid": "2",
        "date_time": "2018-04-10 20:35:44",
        "client_ip": "10.22.39.156"
    },
    "window": "InPatient",
    "extra": "Getting Beds"
},{
    "action": "log_data",
    "login": {
        "uid": "2",
        "date_time": "2018-04-10 20:36:02",
        "client_ip": "10.22.39.156"
    },
    "window": "InPatient",
    "extra": "Bed Section"
},{
    "action": "log_data",
    "login": {
        "uid": "2",
        "date_time": "2018-04-10 20:36:31",
        "client_ip": "10.22.39.156"
    },
    "window": "InPatient",
    "extra": "To Select surgery"
},{
    "action": "log_data",
    "login": {
        "uid": "2",
        "date_time": "2018-04-10 20:36:31",
        "client_ip": "10.22.39.156"
    },
    "window": "InPatient",
    "extra": "To Select surgery"
},{
    "action": "log_data",
    "login": {
        "uid": "2",
        "date_time": "2018-04-10 20:36:34",
        "client_ip": "10.22.39.156"
    },
    "window": "InPatient",
    "extra": "Allocate Bed"
},{
    "action": "log_data",
    "login": {
        "uid": "2",
        "date_time": "2018-04-10 20:36:34",
        "client_ip": "10.22.39.156"
    },
    "window": " New Patient ",
    "extra": "New patient Opened"
},{
    "action": "log_data",
    "login": {
        "uid": "2",
        "date_time": "2018-04-10 20:36:39",
        "client_ip": "10.22.39.156"
    },
    "window": "Users",
    "extra": "extra Data"
},{
    "action": "log_data",
    "login": {
        "uid": "2",
        "date_time": "2018-04-10 20:36:44",
        "client_ip": "10.22.39.156"
    },
    "window": "Users",
    "extra": "extra Data"
},{
    "action": "log_data",
    "login": {
        "uid": "2",
        "date_time": "2018-04-10 20:37:03",
        "client_ip": "10.22.39.156"
    },
    "window": "Users",
    "extra": "extra Data"
},{
    "action": "log_data",
    "login": {
        "uid": "2",
        "date_time": "2018-04-10 20:37:07",
        "client_ip": "10.22.39.156"
    },
    "window": "InPatient",
    "extra": "Getting Total Out Patients"
},{
    "action": "log_data",
    "login": {
        "uid": "2",
        "date_time": "2018-04-10 20:37:22",
        "client_ip": "10.22.39.156"
    },
    "window": "Users",
    "extra": "extra Data"
},{
    "action": "log_data",
    "login": {
        "uid": "2",
        "date_time": "2018-04-10 20:37:32",
        "client_ip": "10.22.39.156"
    },
    "window": " New Patient ",
    "extra": "New patient Opened"
},{
    "action": "log_data",
    "login": {
        "uid": "2",
        "date_time": "2018-04-10 20:37:47",
        "client_ip": "10.22.39.156"
    },
    "window": "Users",
    "extra": "extra Data"
},{
    "action": "log_data",
    "login": {
        "uid": "2",
        "date_time": "2018-04-10 20:38:37",
        "client_ip": "10.22.39.156"
    },
    "window": " New Patient ",
    "extra": "New patient Opened"
},{
    "action": "log_data",
    "login": {
        "uid": "2",
        "date_time": "2018-04-10 20:38:41",
        "client_ip": "10.22.39.156"
    },
    "window": "InPatient",
    "extra": "Getting Beds"
},{
    "action": "log_data",
    "login": {
        "uid": "2",
        "date_time": "2018-04-10 20:38:43",
        "client_ip": "10.22.39.156"
    },
    "window": "InPatient",
    "extra": "To Select surgery"
},{
    "action": "log_data",
    "login": {
        "uid": "2",
        "date_time": "2018-04-10 20:38:44",
        "client_ip": "10.22.39.156"
    },
    "window": "InPatient",
    "extra": "To Select surgery"
},{
    "action": "log_data",
    "login": {
        "uid": "2",
        "date_time": "2018-04-10 20:38:46",
        "client_ip": "10.22.39.156"
    },
    "window": "InPatient",
    "extra": "Bed Section"
},{
    "action": "log_data",
    "login": {
        "uid": "2",
        "date_time": "2018-04-10 20:39:00",
        "client_ip": "10.22.39.156"
    },
    "window": "InPatient",
    "extra": "Getting Beds"
},{
    "action": "log_data",
    "login": {
        "uid": "2",
        "date_time": "2018-04-10 20:39:07",
        "client_ip": "10.22.39.156"
    },
    "window": "Users",
    "extra": "extra Data"
},{
    "action": "log_data",
    "login": {
        "uid": "2",
        "date_time": "2018-04-10 20:39:11",
        "client_ip": "10.22.39.156"
    },
    "window": "Users",
    "extra": "extra Data"
},{
    "action": "log_data",
    "login": {
        "uid": "2",
        "date_time": "2018-04-10 20:39:19",
        "client_ip": "10.22.39.156"
    },
    "window": " New Patient ",
    "extra": "New patient Opened"
},{
    "action": "log_data",
    "login": {
        "uid": "2",
        "date_time": "2018-04-10 20:39:27",
        "client_ip": "10.22.39.156"
    },
    "window": "InPatient",
    "extra": "Getting Beds"
},{
    "action": "log_data",
    "login": {
        "uid": "2",
        "date_time": "2018-04-10 20:39:29",
        "client_ip": "10.22.39.156"
    },
    "window": "InPatient",
    "extra": "To Select surgery"
},{
    "action": "log_data",
    "login": {
        "uid": "2",
        "date_time": "2018-04-10 20:39:30",
        "client_ip": "10.22.39.156"
    },
    "window": "InPatient",
    "extra": "To Select surgery"
},{
    "action": "log_data",
    "login": {
        "uid": "2",
        "date_time": "2018-04-10 20:39:35",
        "client_ip": "10.22.39.156"
    },
    "window": "InPatient",
    "extra": "Bed Section"
},{
    "action": "log_data",
    "login": {
        "uid": "2",
        "date_time": "2018-04-10 20:39:37",
        "client_ip": "10.22.39.156"
    },
    "window": "InPatient",
    "extra": "Allocate Bed"
},{
    "action": "log_data",
    "login": {
        "uid": "2",
        "date_time": "2018-04-10 20:39:37",
        "client_ip": "10.22.39.156"
    },
    "window": " New Patient ",
    "extra": "New patient Opened"
},{
    "action": "log_data",
    "login": {
        "uid": "2",
        "date_time": "2018-04-10 20:39:43",
        "client_ip": "10.22.39.156"
    },
    "window": "Users",
    "extra": "extra Data"
},{
    "action": "log_data",
    "login": {
        "uid": "2",
        "date_time": "2018-04-10 20:40:56",
        "client_ip": "10.22.39.156"
    },
    "window": "Users",
    "extra": "extra Data"
},{
    "action": "log_data",
    "login": {
        "uid": "2",
        "date_time": "2018-04-10 20:41:28",
        "client_ip": "10.22.39.156"
    },
    "window": " New Patient ",
    "extra": "New patient Opened"
},{
    "action": "log_data",
    "login": {
        "uid": "2",
        "date_time": "2018-04-10 20:41:35",
        "client_ip": "10.22.39.156"
    },
    "window": "Users",
    "extra": "extra Data"
},{
    "action": "log_data",
    "login": {
        "uid": "2",
        "date_time": "2018-04-10 20:41:42",
        "client_ip": "10.22.39.156"
    },
    "window": "Users",
    "extra": "extra Data"
},{
    "action": "log_data",
    "login": {
        "uid": "2",
        "date_time": "2018-04-10 20:42:54",
        "client_ip": "10.22.39.156"
    },
    "window": "Users",
    "extra": "extra Data"
},{
    "action": "log_data",
    "login": {
        "uid": "2",
        "date_time": "2018-04-10 20:42:56",
        "client_ip": "10.22.39.156"
    },
    "window": "InPatient",
    "extra": "Getting Total Out Patients"
},{
    "action": "log_data",
    "login": {
        "uid": "2",
        "date_time": "2018-04-10 20:43:06",
        "client_ip": "10.22.39.156"
    },
    "window": "Users",
    "extra": "extra Data"
},{
    "action": "log_data",
    "login": {
        "uid": "2",
        "date_time": "2018-04-10 20:43:07",
        "client_ip": "10.22.39.156"
    },
    "window": "Users",
    "extra": "extra Data"
},{
    "action": "log_data",
    "login": {
        "uid": "2",
        "date_time": "2018-04-10 20:43:31",
        "client_ip": "10.22.39.156"
    },
    "window": "Collection",
    "extra": "collection_data%5Bpaid_details%5D%5B0%5D%5B%24%24hashKey%5D=object%3A232&collection_data%5Bpaid_details%5D%5B0%5D%5Bobj%5D%5Bbcid%5D=3&collection_data%5Bpaid_details%5D%5B0%5D%5Bobj%5D%5Bbcname%5D=LABS&collection_data%5Bpaid_details%5D%5B0%5D%5Bobj%5D%5Bbccode%5D=LAB&collection_data%5Bpaid_details%5D%5B0%5D%5Bbill_id%5D=3&collection_data%5Bpaid_details%5D%5B0%5D%5Bpaid_amount%5D=200&collection_data%5Bpayment_type%5D=Cash&collection_data%5Bhospital_id%5D=1&collection_data%5Btransaction_date%5D=4%2F10%2F2018&collection_data%5Bpatient_id%5D=5&collection_data%5Bp_visit_id%5D=20&collection_data%5Bdr_id%5D=7&collection_data%5Buser_id%5D=2"
},{
    "action": "log_data",
    "login": {
        "uid": "2",
        "date_time": "2018-04-10 20:43:35",
        "client_ip": "10.22.39.156"
    },
    "window": "Users",
    "extra": "extra Data"
},{
    "action": "log_data",
    "login": {
        "uid": "2",
        "date_time": "2018-04-10 20:43:39",
        "client_ip": "10.22.39.156"
    },
    "window": "Users",
    "extra": "extra Data"
},{
    "action": "log_data",
    "login": {
        "uid": "2",
        "date_time": "2018-04-10 20:43:50",
        "client_ip": "10.22.39.156"
    },
    "window": "Users",
    "extra": "extra Data"
},{
    "action": "log_data",
    "login": {
        "uid": "2",
        "date_time": "2018-04-10 20:45:38",
        "client_ip": "10.22.39.156"
    },
    "window": "Users",
    "extra": "extra Data"
},{
    "action": "log_data",
    "login": {
        "uid": "2",
        "date_time": "2018-04-10 20:46:01",
        "client_ip": "10.22.39.156"
    },
    "window": "Users",
    "extra": "extra Data"
},{
    "action": "log_data",
    "login": {
        "uid": "2",
        "date_time": "2018-04-10 20:46:04",
        "client_ip": "10.22.39.156"
    },
    "window": "CancelRec",
    "extra": "Get Receipt data"
},{
    "action": "log_data",
    "login": {
        "uid": "2",
        "date_time": "2018-04-10 20:46:06",
        "client_ip": "10.22.39.156"
    },
    "window": "CancelRec",
    "extra": "Receipt Canceled"
},{
    "action": "log_data",
    "login": {
        "uid": "2",
        "date_time": "2018-04-10 20:46:09",
        "client_ip": "10.22.39.156"
    },
    "window": "Users",
    "extra": "extra Data"
},{
    "action": "log_data",
    "login": {
        "uid": "2",
        "date_time": "2018-04-10 20:46:26",
        "client_ip": "10.22.39.156"
    },
    "window": "Users",
    "extra": "extra Data"
},{
    "action": "log_data",
    "login": {
        "uid": "1",
        "date_time": "2018-04-10 20:46:30",
        "client_ip": "106.76.205.158"
    },
    "window": "InPatient",
    "extra": "Getting Total Out Patients"
},{
    "action": "log_data",
    "login": {
        "uid": "2",
        "date_time": "2018-04-10 20:46:40",
        "client_ip": "10.22.39.156"
    },
    "window": " New Patient ",
    "extra": "New patient Opened"
},{
    "action": "log_data",
    "login": {
        "uid": "2",
        "date_time": "2018-04-10 20:46:49",
        "client_ip": "10.22.39.156"
    },
    "window": " New Patient ",
    "extra": "New patient Opened"
},{
    "action": "log_data",
    "login": {
        "uid": "2",
        "date_time": "2018-04-10 20:46:51",
        "client_ip": "10.22.39.156"
    },
    "window": "Users",
    "extra": "extra Data"
},{
    "action": "log_data",
    "login": {
        "uid": "2",
        "date_time": "2018-04-10 20:46:53",
        "client_ip": "10.22.39.156"
    },
    "window": "Users",
    "extra": "extra Data"
},{
    "action": "log_data",
    "login": {
        "uid": "2",
        "date_time": "2018-04-10 20:47:26",
        "client_ip": "10.22.39.156"
    },
    "window": "CancelRec",
    "extra": "Get Receipt data"
},{
    "action": "log_data",
    "login": {
        "uid": "2",
        "date_time": "2018-04-10 20:47:28",
        "client_ip": "10.22.39.156"
    },
    "window": "CancelRec",
    "extra": "Receipt Canceled"
},{
    "action": "log_data",
    "login": {
        "uid": "2",
        "date_time": "2018-04-10 20:47:30",
        "client_ip": "10.22.39.156"
    },
    "window": "Users",
    "extra": "extra Data"
},{
    "action": "log_data",
    "login": {
        "uid": "2",
        "date_time": "2018-04-10 20:47:33",
        "client_ip": "10.22.39.156"
    },
    "window": "Users",
    "extra": "extra Data"
},{
    "action": "log_data",
    "login": {
        "uid": "2",
        "date_time": "2018-04-10 20:49:24",
        "client_ip": "10.22.39.156"
    },
    "window": "Users",
    "extra": "extra Data"
},{
    "action": "log_data",
    "login": {
        "uid": "2",
        "date_time": "2018-04-10 20:51:05",
        "client_ip": "10.22.39.156"
    },
    "window": "Users",
    "extra": "extra Data"
},{
    "action": "log_data",
    "login": {
        "uid": "2",
        "date_time": "2018-04-10 20:52:08",
        "client_ip": "10.22.39.156"
    },
    "window": "Users",
    "extra": "extra Data"
},{
    "action": "log_data",
    "login": {
        "uid": "2",
        "date_time": "2018-04-10 20:52:47",
        "client_ip": "10.22.39.156"
    },
    "window": "InPatient",
    "extra": "Getting Total Out Patients"
},{
    "action": "log_data",
    "login": {
        "uid": "2",
        "date_time": "2018-04-10 20:52:51",
        "client_ip": "10.22.39.156"
    },
    "window": "Users",
    "extra": "extra Data"
},{
    "action": "log_data",
    "login": {
        "uid": "2",
        "date_time": "2018-04-10 20:53:24",
        "client_ip": "10.22.39.156"
    },
    "window": "Users",
    "extra": "extra Data"
},{
    "action": "log_data",
    "login": {
        "uid": "2",
        "date_time": "2018-04-10 20:54:00",
        "client_ip": "10.22.39.156"
    },
    "window": "Users",
    "extra": "extra Data"
},{
    "action": "log_data",
    "login": {
        "uid": "2",
        "date_time": "2018-04-10 20:54:27",
        "client_ip": "10.22.39.156"
    },
    "window": "Users",
    "extra": "extra Data"
},{
    "action": "log_data",
    "login": {
        "uid": "2",
        "date_time": "2018-04-10 20:55:26",
        "client_ip": "10.22.39.156"
    },
    "window": "Users",
    "extra": "extra Data"
},{
    "action": "log_data",
    "login": {
        "uid": "2",
        "date_time": "2018-04-10 20:55:51",
        "client_ip": "10.22.39.156"
    },
    "window": "Users",
    "extra": "extra Data"
},{
    "action": "log_data",
    "login": {
        "uid": "2",
        "date_time": "2018-04-10 20:56:38",
        "client_ip": "10.22.39.156"
    },
    "window": "Users",
    "extra": "extra Data"
},{
    "action": "log_data",
    "login": {
        "uid": "2",
        "date_time": "2018-04-10 20:57:07",
        "client_ip": "10.22.39.156"
    },
    "window": "Users",
    "extra": "extra Data"
},{
    "action": "log_data",
    "login": {
        "uid": "2",
        "date_time": "2018-04-10 20:57:43",
        "client_ip": "10.22.39.156"
    },
    "window": "Users",
    "extra": "extra Data"
},{
    "action": "log_data",
    "login": {
        "uid": "2",
        "date_time": "2018-04-10 20:58:58",
        "client_ip": "10.22.39.156"
    },
    "window": "Users",
    "extra": "extra Data"
},{
    "action": "log_data",
    "login": {
        "uid": "2",
        "date_time": "2018-04-10 21:00:23",
        "client_ip": "10.22.39.156"
    },
    "window": "Users",
    "extra": "extra Data"
},{
    "action": "log_data",
    "login": {
        "uid": "2",
        "date_time": "2018-04-10 21:01:21",
        "client_ip": "10.22.39.156"
    },
    "window": "Users",
    "extra": "extra Data"
},{
    "action": "log_data",
    "login": {
        "uid": "2",
        "date_time": "2018-04-10 21:02:13",
        "client_ip": "10.22.39.156"
    },
    "window": "Users",
    "extra": "extra Data"
},{
    "action": "log_data",
    "login": {
        "uid": "2",
        "date_time": "2018-04-10 21:02:59",
        "client_ip": "10.22.39.156"
    },
    "window": "Users",
    "extra": "extra Data"
},{
    "action": "log_data",
    "login": {
        "uid": "2",
        "date_time": "2018-04-10 21:03:47",
        "client_ip": "10.22.39.156"
    },
    "window": "Users",
    "extra": "extra Data"
},