{
    "action": "log_data",
    "login": {
        "uid": "3",
        "date_time": "2018-04-22 10:45:02",
        "client_ip": "202.62.71.158"
    },
    "window": "InPatient",
    "extra": "Getting Total Out Patients"
},{
    "action": "log_data",
    "login": {
        "uid": "3",
        "date_time": "2018-04-22 10:45:34",
        "client_ip": "202.62.71.158"
    },
    "window": " New Patient ",
    "extra": "New patient Opened"
},{
    "action": "log_data",
    "login": {
        "uid": "3",
        "date_time": "2018-04-22 10:45:43",
        "client_ip": "202.62.71.158"
    },
    "window": "Date Change",
    "extra": ""
},