{
    "action": "log_data",
    "login": {
        "uid": "2",
        "date_time": "2018-04-04 11:35:40",
        "client_ip": "10.22.39.156"
    },
    "window": "InPatient",
    "extra": "Getting Total Out Patients"
},{
    "action": "log_data",
    "login": {
        "uid": "4",
        "date_time": "2018-04-04 11:38:02",
        "client_ip": "10.22.39.152"
    },
    "window": "Asset Outward",
    "extra": "Asset outward opened"
},{
    "action": "log_data",
    "login": {
        "uid": "2",
        "date_time": "2018-04-04 11:39:01",
        "client_ip": "10.22.39.156"
    },
    "window": "Users",
    "extra": "extra Data"
},{
    "action": "log_data",
    "login": {
        "uid": "2",
        "date_time": "2018-04-04 11:44:38",
        "client_ip": "10.22.39.156"
    },
    "window": " New Patient ",
    "extra": "New patient Opened"
},{
    "action": "log_data",
    "login": {
        "uid": "2",
        "date_time": "2018-04-04 11:44:43",
        "client_ip": "10.22.39.156"
    },
    "window": "Date Change",
    "extra": ""
},{
    "action": "log_data",
    "login": {
        "uid": "2",
        "date_time": "2018-04-04 11:57:57",
        "client_ip": "10.22.39.156"
    },
    "window": " New Patient ",
    "extra": "New patient Opened"
},{
    "action": "log_data",
    "login": {
        "uid": "2",
        "date_time": "2018-04-04 11:58:06",
        "client_ip": "10.22.39.156"
    },
    "window": " New Patient ",
    "extra": "New patient Opened"
},{
    "action": "log_data",
    "login": {
        "uid": "2",
        "date_time": "2018-04-04 11:58:09",
        "client_ip": "10.22.39.156"
    },
    "window": "Users",
    "extra": "extra Data"
},{
    "action": "log_data",
    "login": {
        "uid": "2",
        "date_time": "2018-04-04 11:58:31",
        "client_ip": "10.22.39.156"
    },
    "window": "Collection",
    "extra": "collection_data%5Btransaction_date%5D=4%2F4%2F2018&collection_data%5Bpatient_id%5D=2&collection_data%5Bp_visit_id%5D=12&collection_data%5Bdr_id%5D=6&collection_data%5Buser_id%5D=2&collection_data%5Bbill_id%5D=3&collection_data%5Bpaid_amount%5D=100&collection_data%5Bpayment_type%5D=Cash"
},{
    "action": "log_data",
    "login": {
        "uid": "2",
        "date_time": "2018-04-04 11:58:40",
        "client_ip": "10.22.39.156"
    },
    "window": "Users",
    "extra": "extra Data"
},{
    "action": "log_data",
    "login": {
        "uid": "2",
        "date_time": "2018-04-04 12:01:31",
        "client_ip": "10.22.39.156"
    },
    "window": "Users",
    "extra": "extra Data"
},{
    "action": "log_data",
    "login": {
        "uid": "2",
        "date_time": "2018-04-04 12:01:46",
        "client_ip": "10.22.39.156"
    },
    "window": "Collection",
    "extra": "collection_data%5Btransaction_date%5D=4%2F4%2F2018&collection_data%5Bpatient_id%5D=2&collection_data%5Bp_visit_id%5D=12&collection_data%5Bdr_id%5D=6&collection_data%5Buser_id%5D=2&collection_data%5Bbill_id%5D=2&collection_data%5Bpayment_type%5D=Cash&collection_data%5Bpaid_amount%5D=100"
},{
    "action": "log_data",
    "login": {
        "uid": "2",
        "date_time": "2018-04-04 12:01:55",
        "client_ip": "10.22.39.156"
    },
    "window": "Users",
    "extra": "extra Data"
},{
    "action": "log_data",
    "login": {
        "uid": "2",
        "date_time": "2018-04-04 12:02:56",
        "client_ip": "10.22.39.156"
    },
    "window": "Collection",
    "extra": "collection_data%5Btransaction_date%5D=4%2F4%2F2018&collection_data%5Bpatient_id%5D=2&collection_data%5Bp_visit_id%5D=12&collection_data%5Bdr_id%5D=6&collection_data%5Buser_id%5D=2&collection_data%5Bbill_id%5D=2&collection_data%5Bpaid_amount%5D=100&collection_data%5Bpayment_type%5D=Card"
},{
    "action": "log_data",
    "login": {
        "uid": "2",
        "date_time": "2018-04-04 12:02:59",
        "client_ip": "10.22.39.156"
    },
    "window": "Users",
    "extra": "extra Data"
},{
    "action": "log_data",
    "login": {
        "uid": "2",
        "date_time": "2018-04-04 12:03:15",
        "client_ip": "10.22.39.156"
    },
    "window": "Collection",
    "extra": "collection_data%5Btransaction_date%5D=4%2F4%2F2018&collection_data%5Bpatient_id%5D=2&collection_data%5Bp_visit_id%5D=12&collection_data%5Bdr_id%5D=6&collection_data%5Buser_id%5D=2&collection_data%5Bbill_id%5D=2&collection_data%5Bpaid_amount%5D=100&collection_data%5Bpayment_type%5D=Card"
},{
    "action": "log_data",
    "login": {
        "uid": "2",
        "date_time": "2018-04-04 12:06:55",
        "client_ip": "10.22.39.156"
    },
    "window": "Users",
    "extra": "extra Data"
},{
    "action": "log_data",
    "login": {
        "uid": "2",
        "date_time": "2018-04-04 12:07:09",
        "client_ip": "10.22.39.156"
    },
    "window": "Collection",
    "extra": "collection_data%5Btransaction_date%5D=4%2F4%2F2018&collection_data%5Bpatient_id%5D=2&collection_data%5Bp_visit_id%5D=12&collection_data%5Bdr_id%5D=6&collection_data%5Buser_id%5D=2&collection_data%5Bbill_id%5D=2&collection_data%5Bpaid_amount%5D=100&collection_data%5Bpayment_type%5D=Card"
},{
    "action": "log_data",
    "login": {
        "uid": "2",
        "date_time": "2018-04-04 12:07:10",
        "client_ip": "10.22.39.156"
    },
    "window": "Users",
    "extra": "extra Data"
},{
    "action": "log_data",
    "login": {
        "uid": "2",
        "date_time": "2018-04-04 12:09:43",
        "client_ip": "10.22.39.156"
    },
    "window": "Users",
    "extra": "extra Data"
},{
    "action": "log_data",
    "login": {
        "uid": "2",
        "date_time": "2018-04-04 12:11:06",
        "client_ip": "10.22.39.156"
    },
    "window": "Users",
    "extra": "extra Data"
},{
    "action": "log_data",
    "login": {
        "uid": "2",
        "date_time": "2018-04-04 12:11:42",
        "client_ip": "10.22.39.156"
    },
    "window": "Users",
    "extra": "extra Data"
},{
    "action": "log_data",
    "login": {
        "uid": "2",
        "date_time": "2018-04-04 12:16:55",
        "client_ip": "10.22.39.156"
    },
    "window": " New Patient ",
    "extra": "New patient Opened"
},{
    "action": "log_data",
    "login": {
        "uid": "2",
        "date_time": "2018-04-04 12:29:51",
        "client_ip": "10.22.39.156"
    },
    "window": "Users",
    "extra": "extra Data"
},{
    "action": "log_data",
    "login": {
        "uid": "2",
        "date_time": "2018-04-04 12:30:05",
        "client_ip": "10.22.39.156"
    },
    "window": "Users",
    "extra": "extra Data"
},{
    "action": "log_data",
    "login": {
        "uid": "2",
        "date_time": "2018-04-04 12:30:07",
        "client_ip": "10.22.39.156"
    },
    "window": "Users",
    "extra": "extra Data"
},{
    "action": "log_data",
    "login": {
        "uid": "2",
        "date_time": "2018-04-04 12:30:09",
        "client_ip": "10.22.39.156"
    },
    "window": "Doctor_ConsultData is Loaded",
    "extra": ""
},{
    "action": "log_data",
    "login": {
        "uid": "2",
        "date_time": "2018-04-04 12:33:16",
        "client_ip": "10.22.39.156"
    },
    "window": "Users",
    "extra": "extra Data"
},{
    "action": "log_data",
    "login": {
        "uid": "2",
        "date_time": "2018-04-04 12:33:20",
        "client_ip": "10.22.39.156"
    },
    "window": " New Patient ",
    "extra": "New patient Opened"
},{
    "action": "log_data",
    "login": {
        "uid": "2",
        "date_time": "2018-04-04 12:33:30",
        "client_ip": "10.22.39.156"
    },
    "window": " New Patient ",
    "extra": "New patient Opened"
},{
    "action": "log_data",
    "login": {
        "uid": "2",
        "date_time": "2018-04-04 12:34:32",
        "client_ip": "10.22.39.156"
    },
    "window": "Users",
    "extra": "extra Data"
},{
    "action": "log_data",
    "login": {
        "uid": "2",
        "date_time": "2018-04-04 12:35:32",
        "client_ip": "10.22.39.156"
    },
    "window": "Users",
    "extra": "extra Data"
},{
    "action": "log_data",
    "login": {
        "uid": "2",
        "date_time": "2018-04-04 12:40:09",
        "client_ip": "10.22.39.156"
    },
    "window": "Users",
    "extra": "extra Data"
},{
    "action": "log_data",
    "login": {
        "uid": "2",
        "date_time": "2018-04-04 12:41:05",
        "client_ip": "10.22.39.156"
    },
    "window": "Users",
    "extra": "extra Data"
},{
    "action": "log_data",
    "login": {
        "uid": "2",
        "date_time": "2018-04-04 12:41:49",
        "client_ip": "10.22.39.156"
    },
    "window": "Users",
    "extra": "extra Data"
},{
    "action": "log_data",
    "login": {
        "uid": "2",
        "date_time": "2018-04-04 12:42:49",
        "client_ip": "10.22.39.156"
    },
    "window": "Users",
    "extra": "extra Data"
},{
    "action": "log_data",
    "login": {
        "uid": "2",
        "date_time": "2018-04-04 12:43:27",
        "client_ip": "10.22.39.156"
    },
    "window": "Users",
    "extra": "extra Data"
},{
    "action": "log_data",
    "login": {
        "uid": "2",
        "date_time": "2018-04-04 12:50:23",
        "client_ip": "10.22.39.156"
    },
    "window": "Users",
    "extra": "extra Data"
},{
    "action": "log_data",
    "login": {
        "uid": "2",
        "date_time": "2018-04-04 12:50:55",
        "client_ip": "10.22.39.156"
    },
    "window": "Users",
    "extra": "extra Data"
},{
    "action": "log_data",
    "login": {
        "uid": "2",
        "date_time": "2018-04-04 12:52:13",
        "client_ip": "10.22.39.156"
    },
    "window": "Users",
    "extra": "extra Data"
},{
    "action": "log_data",
    "login": {
        "uid": "2",
        "date_time": "2018-04-04 12:53:08",
        "client_ip": "10.22.39.156"
    },
    "window": "Users",
    "extra": "extra Data"
},{
    "action": "log_data",
    "login": {
        "uid": "2",
        "date_time": "2018-04-04 12:53:30",
        "client_ip": "10.22.39.156"
    },
    "window": "Users",
    "extra": "extra Data"
},{
    "action": "log_data",
    "login": {
        "uid": "2",
        "date_time": "2018-04-04 12:53:59",
        "client_ip": "10.22.39.156"
    },
    "window": "Users",
    "extra": "extra Data"
},{
    "action": "log_data",
    "login": {
        "uid": "2",
        "date_time": "2018-04-04 13:09:57",
        "client_ip": "10.22.39.156"
    },
    "window": "Users",
    "extra": "extra Data"
},{
    "action": "log_data",
    "login": {
        "uid": "2",
        "date_time": "2018-04-04 13:10:38",
        "client_ip": "10.22.39.156"
    },
    "window": "Users",
    "extra": "extra Data"
},{
    "action": "log_data",
    "login": {
        "uid": "2",
        "date_time": "2018-04-04 13:17:07",
        "client_ip": "10.22.39.156"
    },
    "window": "Users",
    "extra": "extra Data"
},{
    "action": "log_data",
    "login": {
        "uid": "2",
        "date_time": "2018-04-04 13:17:52",
        "client_ip": "10.22.39.156"
    },
    "window": "Users",
    "extra": "extra Data"
},{
    "action": "log_data",
    "login": {
        "uid": "2",
        "date_time": "2018-04-04 13:22:17",
        "client_ip": "10.22.39.156"
    },
    "window": "Users",
    "extra": "extra Data"
},{
    "action": "log_data",
    "login": {
        "uid": "2",
        "date_time": "2018-04-04 13:22:38",
        "client_ip": "10.22.39.156"
    },
    "window": "Users",
    "extra": "extra Data"
},{
    "action": "log_data",
    "login": {
        "uid": "2",
        "date_time": "2018-04-04 13:24:55",
        "client_ip": "10.22.39.156"
    },
    "window": "Users",
    "extra": "extra Data"
},{
    "action": "log_data",
    "login": {
        "uid": "2",
        "date_time": "2018-04-04 13:25:10",
        "client_ip": "10.22.39.156"
    },
    "window": "Users",
    "extra": "extra Data"
},{
    "action": "log_data",
    "login": {
        "uid": "2",
        "date_time": "2018-04-04 13:26:04",
        "client_ip": "10.22.39.156"
    },
    "window": "Users",
    "extra": "extra Data"
},{
    "action": "log_data",
    "login": {
        "uid": "2",
        "date_time": "2018-04-04 13:30:54",
        "client_ip": "10.22.39.156"
    },
    "window": "Users",
    "extra": "extra Data"
},{
    "action": "log_data",
    "login": {
        "uid": "2",
        "date_time": "2018-04-04 13:31:47",
        "client_ip": "10.22.39.156"
    },
    "window": "Users",
    "extra": "extra Data"
},{
    "action": "log_data",
    "login": {
        "uid": "2",
        "date_time": "2018-04-04 13:33:29",
        "client_ip": "10.22.39.156"
    },
    "window": "Users",
    "extra": "extra Data"
},{
    "action": "log_data",
    "login": {
        "uid": "2",
        "date_time": "2018-04-04 13:34:51",
        "client_ip": "10.22.39.156"
    },
    "window": "Users",
    "extra": "extra Data"
},{
    "action": "log_data",
    "login": {
        "uid": "2",
        "date_time": "2018-04-04 13:35:38",
        "client_ip": "10.22.39.156"
    },
    "window": "Users",
    "extra": "extra Data"
},{
    "action": "log_data",
    "login": {
        "uid": "2",
        "date_time": "2018-04-04 14:23:33",
        "client_ip": "10.22.39.156"
    },
    "window": "Users",
    "extra": "extra Data"
},{
    "action": "log_data",
    "login": {
        "uid": "2",
        "date_time": "2018-04-04 14:26:17",
        "client_ip": "10.22.39.156"
    },
    "window": "Users",
    "extra": "extra Data"
},{
    "action": "log_data",
    "login": {
        "uid": "2",
        "date_time": "2018-04-04 14:27:49",
        "client_ip": "10.22.39.156"
    },
    "window": "Users",
    "extra": "extra Data"
},{
    "action": "log_data",
    "login": {
        "uid": "2",
        "date_time": "2018-04-04 14:29:02",
        "client_ip": "10.22.39.156"
    },
    "window": "Users",
    "extra": "extra Data"
},{
    "action": "log_data",
    "login": {
        "uid": "2",
        "date_time": "2018-04-04 14:29:51",
        "client_ip": "10.22.39.156"
    },
    "window": "Users",
    "extra": "extra Data"
},{
    "action": "log_data",
    "login": {
        "uid": "1",
        "date_time": "2018-04-04 14:56:21",
        "client_ip": "10.22.39.157"
    },
    "window": "InPatient",
    "extra": "Getting Total Out Patients"
},{
    "action": "log_data",
    "login": {
        "uid": "1",
        "date_time": "2018-04-04 14:56:24",
        "client_ip": "10.22.39.157"
    },
    "window": "Users",
    "extra": "extra Data"
},{
    "action": "log_data",
    "login": {
        "uid": "1",
        "date_time": "2018-04-04 14:56:26",
        "client_ip": "10.22.39.157"
    },
    "window": "Users",
    "extra": "extra Data"
},{
    "action": "log_data",
    "login": {
        "uid": "2",
        "date_time": "2018-04-04 15:01:57",
        "client_ip": "10.22.39.156"
    },
    "window": "Users",
    "extra": "extra Data"
},{
    "action": "log_data",
    "login": {
        "uid": "1",
        "date_time": "2018-04-04 15:02:46",
        "client_ip": "10.22.39.157"
    },
    "window": "InPatient",
    "extra": "Getting Total Out Patients"
},{
    "action": "log_data",
    "login": {
        "uid": "1",
        "date_time": "2018-04-04 15:02:49",
        "client_ip": "10.22.39.157"
    },
    "window": "Users",
    "extra": "extra Data"
},{
    "action": "log_data",
    "login": {
        "uid": "1",
        "date_time": "2018-04-04 15:02:54",
        "client_ip": "10.22.39.157"
    },
    "window": " New Patient ",
    "extra": "New patient Opened"
},{
    "action": "log_data",
    "login": {
        "uid": "1",
        "date_time": "2018-04-04 15:02:57",
        "client_ip": "10.22.39.157"
    },
    "window": "Doctor_ConsultData is Loaded",
    "extra": ""
},{
    "action": "log_data",
    "login": {
        "uid": "1",
        "date_time": "2018-04-04 15:02:59",
        "client_ip": "10.22.39.157"
    },
    "window": "Users",
    "extra": "extra Data"
},{
    "action": "log_data",
    "login": {
        "uid": "1",
        "date_time": "2018-04-04 15:03:02",
        "client_ip": "10.22.39.157"
    },
    "window": "Users",
    "extra": "extra Data"
},{
    "action": "log_data",
    "login": {
        "uid": "1",
        "date_time": "2018-04-04 15:03:05",
        "client_ip": "10.22.39.157"
    },
    "window": " New Patient ",
    "extra": "New patient Opened"
},{
    "action": "log_data",
    "login": {
        "uid": "1",
        "date_time": "2018-04-04 15:03:07",
        "client_ip": "10.22.39.157"
    },
    "window": "Doctor_ConsultData is Loaded",
    "extra": ""
},{
    "action": "log_data",
    "login": {
        "uid": "1",
        "date_time": "2018-04-04 15:03:09",
        "client_ip": "10.22.39.157"
    },
    "window": "Users",
    "extra": "extra Data"
},{
    "action": "log_data",
    "login": {
        "uid": "1",
        "date_time": "2018-04-04 15:03:11",
        "client_ip": "10.22.39.157"
    },
    "window": "Users",
    "extra": "extra Data"
},{
    "action": "log_data",
    "login": {
        "uid": "1",
        "date_time": "2018-04-04 15:03:12",
        "client_ip": "10.22.39.157"
    },
    "window": "Users",
    "extra": "extra Data"
},{
    "action": "log_data",
    "login": {
        "uid": "1",
        "date_time": "2018-04-04 15:03:14",
        "client_ip": "10.22.39.157"
    },
    "window": "Doctor_ConsultData is Loaded",
    "extra": ""
},{
    "action": "log_data",
    "login": {
        "uid": "1",
        "date_time": "2018-04-04 15:03:16",
        "client_ip": "10.22.39.157"
    },
    "window": " New Patient ",
    "extra": "New patient Opened"
},{
    "action": "log_data",
    "login": {
        "uid": "1",
        "date_time": "2018-04-04 15:03:18",
        "client_ip": "10.22.39.157"
    },
    "window": "Doctor_ConsultData is Loaded",
    "extra": ""
},{
    "action": "log_data",
    "login": {
        "uid": "2",
        "date_time": "2018-04-04 15:04:30",
        "client_ip": "10.22.39.156"
    },
    "window": "Users",
    "extra": "extra Data"
},{
    "action": "log_data",
    "login": {
        "uid": "2",
        "date_time": "2018-04-04 15:05:24",
        "client_ip": "10.22.39.156"
    },
    "window": "Users",
    "extra": "extra Data"
},{
    "action": "log_data",
    "login": {
        "uid": "2",
        "date_time": "2018-04-04 15:06:17",
        "client_ip": "10.22.39.156"
    },
    "window": "Users",
    "extra": "extra Data"
},{
    "action": "log_data",
    "login": {
        "uid": "1",
        "date_time": "2018-04-04 15:06:20",
        "client_ip": "10.22.39.157"
    },
    "window": "Users",
    "extra": "extra Data"
},{
    "action": "log_data",
    "login": {
        "uid": "2",
        "date_time": "2018-04-04 15:06:38",
        "client_ip": "10.22.39.156"
    },
    "window": "Users",
    "extra": "extra Data"
},{
    "action": "log_data",
    "login": {
        "uid": "1",
        "date_time": "2018-04-04 15:06:48",
        "client_ip": "10.22.39.157"
    },
    "window": "InPatient",
    "extra": "Getting Total Out Patients"
},{
    "action": "log_data",
    "login": {
        "uid": "1",
        "date_time": "2018-04-04 15:06:51",
        "client_ip": "10.22.39.157"
    },
    "window": " New Patient ",
    "extra": "New patient Opened"
},{
    "action": "log_data",
    "login": {
        "uid": "1",
        "date_time": "2018-04-04 15:06:53",
        "client_ip": "10.22.39.157"
    },
    "window": "Doctor_ConsultData is Loaded",
    "extra": ""
},{
    "action": "log_data",
    "login": {
        "uid": "1",
        "date_time": "2018-04-04 15:06:55",
        "client_ip": "10.22.39.157"
    },
    "window": "Users",
    "extra": "extra Data"
},{
    "action": "log_data",
    "login": {
        "uid": "1",
        "date_time": "2018-04-04 15:06:57",
        "client_ip": "10.22.39.157"
    },
    "window": "Users",
    "extra": "extra Data"
},{
    "action": "log_data",
    "login": {
        "uid": "1",
        "date_time": "2018-04-04 15:06:59",
        "client_ip": "10.22.39.157"
    },
    "window": " New Patient ",
    "extra": "New patient Opened"
},{
    "action": "log_data",
    "login": {
        "uid": "1",
        "date_time": "2018-04-04 15:07:44",
        "client_ip": "10.22.39.157"
    },
    "window": "Users",
    "extra": "extra Data"
},{
    "action": "log_data",
    "login": {
        "uid": "2",
        "date_time": "2018-04-04 15:08:02",
        "client_ip": "10.22.39.156"
    },
    "window": "Users",
    "extra": "extra Data"
},{
    "action": "log_data",
    "login": {
        "uid": "1",
        "date_time": "2018-04-04 15:08:12",
        "client_ip": "10.22.39.157"
    },
    "window": " New Patient ",
    "extra": "New patient Opened"
},{
    "action": "log_data",
    "login": {
        "uid": "2",
        "date_time": "2018-04-04 15:08:23",
        "client_ip": "10.22.39.156"
    },
    "window": "Users",
    "extra": "extra Data"
},{
    "action": "log_data",
    "login": {
        "uid": "2",
        "date_time": "2018-04-04 15:13:51",
        "client_ip": "10.22.39.156"
    },
    "window": "Users",
    "extra": "extra Data"
},{
    "action": "log_data",
    "login": {
        "uid": "2",
        "date_time": "2018-04-04 15:19:50",
        "client_ip": "10.22.39.156"
    },
    "window": "Users",
    "extra": "extra Data"
},{
    "action": "log_data",
    "login": {
        "uid": "2",
        "date_time": "2018-04-04 15:20:25",
        "client_ip": "10.22.39.156"
    },
    "window": "Users",
    "extra": "extra Data"
},{
    "action": "log_data",
    "login": {
        "uid": "2",
        "date_time": "2018-04-04 15:21:47",
        "client_ip": "10.22.39.156"
    },
    "window": "Users",
    "extra": "extra Data"
},{
    "action": "log_data",
    "login": {
        "uid": "2",
        "date_time": "2018-04-04 15:22:46",
        "client_ip": "10.22.39.156"
    },
    "window": "Users",
    "extra": "extra Data"
},{
    "action": "log_data",
    "login": {
        "uid": "2",
        "date_time": "2018-04-04 15:23:23",
        "client_ip": "10.22.39.156"
    },
    "window": "Users",
    "extra": "extra Data"
},{
    "action": "log_data",
    "login": {
        "uid": "2",
        "date_time": "2018-04-04 15:24:57",
        "client_ip": "10.22.39.156"
    },
    "window": "Users",
    "extra": "extra Data"
},{
    "action": "log_data",
    "login": {
        "uid": "2",
        "date_time": "2018-04-04 15:26:03",
        "client_ip": "10.22.39.156"
    },
    "window": "Users",
    "extra": "extra Data"
},{
    "action": "log_data",
    "login": {
        "uid": "2",
        "date_time": "2018-04-04 15:28:14",
        "client_ip": "10.22.39.156"
    },
    "window": "Users",
    "extra": "extra Data"
},{
    "action": "log_data",
    "login": {
        "uid": "2",
        "date_time": "2018-04-04 15:29:07",
        "client_ip": "10.22.39.156"
    },
    "window": "Users",
    "extra": "extra Data"
},{
    "action": "log_data",
    "login": {
        "uid": "2",
        "date_time": "2018-04-04 15:33:04",
        "client_ip": "10.22.39.156"
    },
    "window": "Users",
    "extra": "extra Data"
},{
    "action": "log_data",
    "login": {
        "uid": "2",
        "date_time": "2018-04-04 15:33:53",
        "client_ip": "10.22.39.156"
    },
    "window": "Users",
    "extra": "extra Data"
},{
    "action": "log_data",
    "login": {
        "uid": "2",
        "date_time": "2018-04-04 15:34:47",
        "client_ip": "10.22.39.156"
    },
    "window": "Users",
    "extra": "extra Data"
},{
    "action": "log_data",
    "login": {
        "uid": "2",
        "date_time": "2018-04-04 15:36:35",
        "client_ip": "10.22.39.156"
    },
    "window": "Users",
    "extra": "extra Data"
},{
    "action": "log_data",
    "login": {
        "uid": "2",
        "date_time": "2018-04-04 15:37:34",
        "client_ip": "10.22.39.156"
    },
    "window": "Users",
    "extra": "extra Data"
},{
    "action": "log_data",
    "login": {
        "uid": "2",
        "date_time": "2018-04-04 15:40:30",
        "client_ip": "10.22.39.156"
    },
    "window": "Supplier",
    "extra": "Supplier data is opened"
},{
    "action": "log_data",
    "login": {
        "uid": "2",
        "date_time": "2018-04-04 15:40:32",
        "client_ip": "10.22.39.156"
    },
    "window": "Stores",
    "extra": "Stores is opened"
},{
    "action": "log_data",
    "login": {
        "uid": "2",
        "date_time": "2018-04-04 15:40:41",
        "client_ip": "10.22.39.156"
    },
    "window": "Item Group",
    "extra": "Item Group is opened"
},{
    "action": "log_data",
    "login": {
        "uid": "2",
        "date_time": "2018-04-04 15:40:42",
        "client_ip": "10.22.39.156"
    },
    "window": "Assets",
    "extra": "Assets is opened"
},{
    "action": "log_data",
    "login": {
        "uid": "2",
        "date_time": "2018-04-04 15:40:43",
        "client_ip": "10.22.39.156"
    },
    "window": "Asset PO",
    "extra": "Asset PO opened"
},{
    "action": "log_data",
    "login": {
        "uid": "2",
        "date_time": "2018-04-04 15:40:45",
        "client_ip": "10.22.39.156"
    },
    "window": "Clicked on Add New AssetPO",
    "extra": ""
},{
    "action": "log_data",
    "login": {
        "uid": "2",
        "date_time": "2018-04-04 15:40:45",
        "client_ip": "10.22.39.156"
    },
    "window": "Items added To Object",
    "extra": ""
},{
    "action": "log_data",
    "login": {
        "uid": "2",
        "date_time": "2018-04-04 15:40:53",
        "client_ip": "10.22.39.156"
    },
    "window": "Asset Inward",
    "extra": "Asset Inward is opened"
},{
    "action": "log_data",
    "login": {
        "uid": "2",
        "date_time": "2018-04-04 15:41:12",
        "client_ip": "10.22.39.156"
    },
    "window": "Users",
    "extra": "extra Data"
},{
    "action": "log_data",
    "login": {
        "uid": "2",
        "date_time": "2018-04-04 15:45:16",
        "client_ip": "10.22.39.156"
    },
    "window": "Users",
    "extra": "extra Data"
},{
    "action": "log_data",
    "login": {
        "uid": "2",
        "date_time": "2018-04-04 15:46:01",
        "client_ip": "10.22.39.156"
    },
    "window": "Users",
    "extra": "extra Data"
},{
    "action": "log_data",
    "login": {
        "uid": "2",
        "date_time": "2018-04-04 15:46:37",
        "client_ip": "10.22.39.156"
    },
    "window": "Users",
    "extra": "extra Data"
},{
    "action": "log_data",
    "login": {
        "uid": "2",
        "date_time": "2018-04-04 15:46:56",
        "client_ip": "10.22.39.156"
    },
    "window": "Users",
    "extra": "extra Data"
},{
    "action": "log_data",
    "login": {
        "uid": "2",
        "date_time": "2018-04-04 15:47:29",
        "client_ip": "10.22.39.156"
    },
    "window": "Users",
    "extra": "extra Data"
},{
    "action": "log_data",
    "login": {
        "uid": "2",
        "date_time": "2018-04-04 16:24:27",
        "client_ip": "10.22.39.156"
    },
    "window": "Users",
    "extra": "extra Data"
},{
    "action": "log_data",
    "login": {
        "uid": "2",
        "date_time": "2018-04-04 16:25:23",
        "client_ip": "10.22.39.156"
    },
    "window": "Users",
    "extra": "extra Data"
},{
    "action": "log_data",
    "login": {
        "uid": "2",
        "date_time": "2018-04-04 16:26:13",
        "client_ip": "10.22.39.156"
    },
    "window": "Users",
    "extra": "extra Data"
},{
    "action": "log_data",
    "login": {
        "uid": "2",
        "date_time": "2018-04-04 16:30:41",
        "client_ip": "10.22.39.156"
    },
    "window": "Users",
    "extra": "extra Data"
},{
    "action": "log_data",
    "login": {
        "uid": "2",
        "date_time": "2018-04-04 16:32:14",
        "client_ip": "10.22.39.156"
    },
    "window": "Users",
    "extra": "extra Data"
},{
    "action": "log_data",
    "login": {
        "uid": "2",
        "date_time": "2018-04-04 16:33:02",
        "client_ip": "10.22.39.156"
    },
    "window": "Users",
    "extra": "extra Data"
},{
    "action": "log_data",
    "login": {
        "uid": "2",
        "date_time": "2018-04-04 16:34:17",
        "client_ip": "10.22.39.156"
    },
    "window": "Users",
    "extra": "extra Data"
},{
    "action": "log_data",
    "login": {
        "uid": "2",
        "date_time": "2018-04-04 16:35:19",
        "client_ip": "10.22.39.156"
    },
    "window": "Users",
    "extra": "extra Data"
},{
    "action": "log_data",
    "login": {
        "uid": "2",
        "date_time": "2018-04-04 16:36:22",
        "client_ip": "10.22.39.156"
    },
    "window": "Users",
    "extra": "extra Data"
},{
    "action": "log_data",
    "login": {
        "uid": "2",
        "date_time": "2018-04-04 16:38:16",
        "client_ip": "10.22.39.156"
    },
    "window": "Users",
    "extra": "extra Data"
},{
    "action": "log_data",
    "login": {
        "uid": "2",
        "date_time": "2018-04-04 16:38:39",
        "client_ip": "10.22.39.156"
    },
    "window": "Assets",
    "extra": "Assets is opened"
},{
    "action": "log_data",
    "login": {
        "uid": "2",
        "date_time": "2018-04-04 16:39:53",
        "client_ip": "10.22.39.156"
    },
    "window": "Users",
    "extra": "extra Data"
},{
    "action": "log_data",
    "login": {
        "uid": "2",
        "date_time": "2018-04-04 16:40:52",
        "client_ip": "10.22.39.156"
    },
    "window": "Users",
    "extra": "extra Data"
},{
    "action": "log_data",
    "login": {
        "uid": "2",
        "date_time": "2018-04-04 16:46:45",
        "client_ip": "10.22.39.156"
    },
    "window": "Users",
    "extra": "extra Data"
},{
    "action": "log_data",
    "login": {
        "uid": "2",
        "date_time": "2018-04-04 16:48:01",
        "client_ip": "10.22.39.156"
    },
    "window": "Users",
    "extra": "extra Data"
},{
    "action": "log_data",
    "login": {
        "uid": "2",
        "date_time": "2018-04-04 16:49:25",
        "client_ip": "10.22.39.156"
    },
    "window": "Users",
    "extra": "extra Data"
},{
    "action": "log_data",
    "login": {
        "uid": "2",
        "date_time": "2018-04-04 16:50:56",
        "client_ip": "10.22.39.156"
    },
    "window": "Users",
    "extra": "extra Data"
},{
    "action": "log_data",
    "login": {
        "uid": "2",
        "date_time": "2018-04-04 16:52:55",
        "client_ip": "10.22.39.156"
    },
    "window": "Users",
    "extra": "extra Data"
},{
    "action": "log_data",
    "login": {
        "uid": "2",
        "date_time": "2018-04-04 16:53:33",
        "client_ip": "10.22.39.156"
    },
    "window": "Users",
    "extra": "extra Data"
},{
    "action": "log_data",
    "login": {
        "uid": "2",
        "date_time": "2018-04-04 16:53:43",
        "client_ip": "10.22.39.156"
    },
    "window": "Users",
    "extra": "extra Data"
},{
    "action": "log_data",
    "login": {
        "uid": "2",
        "date_time": "2018-04-04 16:55:14",
        "client_ip": "10.22.39.156"
    },
    "window": "Users",
    "extra": "extra Data"
},{
    "action": "log_data",
    "login": {
        "uid": "2",
        "date_time": "2018-04-04 16:56:39",
        "client_ip": "10.22.39.156"
    },
    "window": "Users",
    "extra": "extra Data"
},{
    "action": "log_data",
    "login": {
        "uid": "2",
        "date_time": "2018-04-04 16:57:23",
        "client_ip": "10.22.39.156"
    },
    "window": "Users",
    "extra": "extra Data"
},{
    "action": "log_data",
    "login": {
        "uid": "2",
        "date_time": "2018-04-04 16:57:51",
        "client_ip": "10.22.39.156"
    },
    "window": "Users",
    "extra": "extra Data"
},{
    "action": "log_data",
    "login": {
        "uid": "2",
        "date_time": "2018-04-04 16:58:06",
        "client_ip": "10.22.39.156"
    },
    "window": "Users",
    "extra": "extra Data"
},{
    "action": "log_data",
    "login": {
        "uid": "2",
        "date_time": "2018-04-04 16:58:12",
        "client_ip": "10.22.39.156"
    },
    "window": "Users",
    "extra": "extra Data"
},{
    "action": "log_data",
    "login": {
        "uid": "2",
        "date_time": "2018-04-04 16:58:21",
        "client_ip": "10.22.39.156"
    },
    "window": "Users",
    "extra": "extra Data"
},{
    "action": "log_data",
    "login": {
        "uid": "2",
        "date_time": "2018-04-04 16:58:29",
        "client_ip": "10.22.39.156"
    },
    "window": "Users",
    "extra": "extra Data"
},{
    "action": "log_data",
    "login": {
        "uid": "2",
        "date_time": "2018-04-04 16:58:59",
        "client_ip": "10.22.39.156"
    },
    "window": "Users",
    "extra": "extra Data"
},{
    "action": "log_data",
    "login": {
        "uid": "2",
        "date_time": "2018-04-04 16:59:05",
        "client_ip": "10.22.39.156"
    },
    "window": "Users",
    "extra": "extra Data"
},{
    "action": "log_data",
    "login": {
        "uid": "2",
        "date_time": "2018-04-04 17:02:39",
        "client_ip": "10.22.39.156"
    },
    "window": "Users",
    "extra": "extra Data"
},{
    "action": "log_data",
    "login": {
        "uid": "2",
        "date_time": "2018-04-04 17:02:49",
        "client_ip": "10.22.39.156"
    },
    "window": "Users",
    "extra": "extra Data"
},{
    "action": "log_data",
    "login": {
        "uid": "2",
        "date_time": "2018-04-04 17:02:55",
        "client_ip": "10.22.39.156"
    },
    "window": "Users",
    "extra": "extra Data"
},{
    "action": "log_data",
    "login": {
        "uid": "2",
        "date_time": "2018-04-04 17:03:01",
        "client_ip": "10.22.39.156"
    },
    "window": "Users",
    "extra": "extra Data"
},{
    "action": "log_data",
    "login": {
        "uid": "2",
        "date_time": "2018-04-04 17:03:37",
        "client_ip": "10.22.39.156"
    },
    "window": "Users",
    "extra": "extra Data"
},{
    "action": "log_data",
    "login": {
        "uid": "2",
        "date_time": "2018-04-04 17:03:38",
        "client_ip": "10.22.39.156"
    },
    "window": "Users",
    "extra": "extra Data"
},{
    "action": "log_data",
    "login": {
        "uid": "2",
        "date_time": "2018-04-04 17:03:51",
        "client_ip": "10.22.39.156"
    },
    "window": "Users",
    "extra": "extra Data"
},{
    "action": "log_data",
    "login": {
        "uid": "2",
        "date_time": "2018-04-04 17:25:29",
        "client_ip": "10.22.39.156"
    },
    "window": "Users",
    "extra": "extra Data"
},{
    "action": "log_data",
    "login": {
        "uid": "2",
        "date_time": "2018-04-04 17:26:43",
        "client_ip": "10.22.39.156"
    },
    "window": "Users",
    "extra": "extra Data"
},{
    "action": "log_data",
    "login": {
        "uid": "2",
        "date_time": "2018-04-04 17:29:25",
        "client_ip": "10.22.39.156"
    },
    "window": "Users",
    "extra": "extra Data"
},{
    "action": "log_data",
    "login": {
        "uid": "2",
        "date_time": "2018-04-04 17:30:30",
        "client_ip": "10.22.39.156"
    },
    "window": "Users",
    "extra": "extra Data"
},{
    "action": "log_data",
    "login": {
        "uid": "2",
        "date_time": "2018-04-04 17:32:34",
        "client_ip": "10.22.39.156"
    },
    "window": "Users",
    "extra": "extra Data"
},{
    "action": "log_data",
    "login": {
        "uid": "2",
        "date_time": "2018-04-04 17:33:47",
        "client_ip": "10.22.39.156"
    },
    "window": "Users",
    "extra": "extra Data"
},{
    "action": "log_data",
    "login": {
        "uid": "2",
        "date_time": "2018-04-04 17:34:41",
        "client_ip": "10.22.39.156"
    },
    "window": "Users",
    "extra": "extra Data"
},{
    "action": "log_data",
    "login": {
        "uid": "2",
        "date_time": "2018-04-04 17:36:52",
        "client_ip": "10.22.39.156"
    },
    "window": "Users",
    "extra": "extra Data"
},{
    "action": "log_data",
    "login": {
        "uid": "2",
        "date_time": "2018-04-04 17:39:36",
        "client_ip": "10.22.39.156"
    },
    "window": "Users",
    "extra": "extra Data"
},{
    "action": "log_data",
    "login": {
        "uid": "2",
        "date_time": "2018-04-04 17:42:26",
        "client_ip": "10.22.39.156"
    },
    "window": " New Patient ",
    "extra": "New patient Opened"
},{
    "action": "log_data",
    "login": {
        "uid": "2",
        "date_time": "2018-04-04 17:44:08",
        "client_ip": "10.22.39.156"
    },
    "window": "Doctor_ConsultData is Loaded",
    "extra": ""
},{
    "action": "log_data",
    "login": {
        "uid": "2",
        "date_time": "2018-04-04 17:44:16",
        "client_ip": "10.22.39.156"
    },
    "window": "Users",
    "extra": "extra Data"
},{
    "action": "log_data",
    "login": {
        "uid": "2",
        "date_time": "2018-04-04 17:44:17",
        "client_ip": "10.22.39.156"
    },
    "window": "Users",
    "extra": "extra Data"
},{
    "action": "log_data",
    "login": {
        "uid": "2",
        "date_time": "2018-04-04 17:49:16",
        "client_ip": "10.22.39.156"
    },
    "window": "Users",
    "extra": "extra Data"
},{
    "action": "log_data",
    "login": {
        "uid": "2",
        "date_time": "2018-04-04 18:02:23",
        "client_ip": "10.22.39.156"
    },
    "window": "Doctor_ConsultData is Loaded",
    "extra": ""
},{
    "action": "log_data",
    "login": {
        "uid": "2",
        "date_time": "2018-04-04 18:02:24",
        "client_ip": "10.22.39.156"
    },
    "window": " New Patient ",
    "extra": "New patient Opened"
},{
    "action": "log_data",
    "login": {
        "uid": "2",
        "date_time": "2018-04-04 18:04:21",
        "client_ip": "10.22.39.156"
    },
    "window": "Users",
    "extra": "extra Data"
},{
    "action": "log_data",
    "login": {
        "uid": "2",
        "date_time": "2018-04-04 18:12:33",
        "client_ip": "10.22.39.156"
    },
    "window": "Users",
    "extra": "extra Data"
},{
    "action": "log_data",
    "login": {
        "uid": "2",
        "date_time": "2018-04-04 18:14:12",
        "client_ip": "10.22.39.156"
    },
    "window": "Collection",
    "extra": "collection_data%5Bpaid_details%5D%5B0%5D%5B%24%24hashKey%5D=object%3A99&collection_data%5Bpaid_details%5D%5B0%5D%5Bobj%5D%5Bbcid%5D=2&collection_data%5Bpaid_details%5D%5B0%5D%5Bobj%5D%5Bbcname%5D=Advance&collection_data%5Bpaid_details%5D%5B0%5D%5Bobj%5D%5Bbccode%5D=ADV&collection_data%5Bpaid_details%5D%5B0%5D%5Bbill_id%5D=2&collection_data%5Bpaid_details%5D%5B0%5D%5Bpaid_amount%5D=200&collection_data%5Bpaid_details%5D%5B1%5D%5B%24%24hashKey%5D=object%3A350&collection_data%5Bpaid_details%5D%5B1%5D%5Bpaid_amount%5D=200&collection_data%5Bpaid_details%5D%5B1%5D%5Bobj%5D%5Bbcid%5D=3&collection_data%5Bpaid_details%5D%5B1%5D%5Bobj%5D%5Bbcname%5D=LABS&collection_data%5Bpaid_details%5D%5B1%5D%5Bobj%5D%5Bbccode%5D=LAB&collection_data%5Bpaid_details%5D%5B1%5D%5Bbill_id%5D=3&collection_data%5Btransaction_date%5D=4%2F4%2F2018&collection_data%5Bpatient_id%5D=2&collection_data%5Bp_visit_id%5D=12&collection_data%5Bdr_id%5D=6&collection_data%5Buser_id%5D=2&collection_data%5Bhospital_id%5D=1&collection_data%5Bpayment_type%5D=Cash"
},{
    "action": "log_data",
    "login": {
        "uid": "2",
        "date_time": "2018-04-04 18:14:50",
        "client_ip": "10.22.39.156"
    },
    "window": "Users",
    "extra": "extra Data"
},{
    "action": "log_data",
    "login": {
        "uid": "2",
        "date_time": "2018-04-04 18:15:01",
        "client_ip": "10.22.39.156"
    },
    "window": "Users",
    "extra": "extra Data"
},{
    "action": "log_data",
    "login": {
        "uid": "2",
        "date_time": "2018-04-04 18:15:05",
        "client_ip": "10.22.39.156"
    },
    "window": "Users",
    "extra": "extra Data"
},{
    "action": "log_data",
    "login": {
        "uid": "2",
        "date_time": "2018-04-04 18:15:38",
        "client_ip": "10.22.39.156"
    },
    "window": "Users",
    "extra": "extra Data"
},{
    "action": "log_data",
    "login": {
        "uid": "2",
        "date_time": "2018-04-04 18:21:16",
        "client_ip": "10.22.39.156"
    },
    "window": "Users",
    "extra": "extra Data"
},{
    "action": "log_data",
    "login": {
        "uid": "2",
        "date_time": "2018-04-04 18:22:05",
        "client_ip": "10.22.39.156"
    },
    "window": "Collection",
    "extra": "collection_data%5Bpaid_details%5D%5B0%5D%5B%24%24hashKey%5D=object%3A99&collection_data%5Bpaid_details%5D%5B0%5D%5Bobj%5D%5Bbcid%5D=2&collection_data%5Bpaid_details%5D%5B0%5D%5Bobj%5D%5Bbcname%5D=Advance&collection_data%5Bpaid_details%5D%5B0%5D%5Bobj%5D%5Bbccode%5D=ADV&collection_data%5Bpaid_details%5D%5B0%5D%5Bbill_id%5D=2&collection_data%5Bpaid_details%5D%5B0%5D%5Bpaid_amount%5D=100&collection_data%5Bpaid_details%5D%5B1%5D%5B%24%24hashKey%5D=object%3A362&collection_data%5Bpaid_details%5D%5B1%5D%5Bobj%5D%5Bbcid%5D=3&collection_data%5Bpaid_details%5D%5B1%5D%5Bobj%5D%5Bbcname%5D=LABS&collection_data%5Bpaid_details%5D%5B1%5D%5Bobj%5D%5Bbccode%5D=LAB&collection_data%5Bpaid_details%5D%5B1%5D%5Bbill_id%5D=3&collection_data%5Bpaid_details%5D%5B1%5D%5Bpaid_amount%5D=200&collection_data%5Btransaction_date%5D=4%2F4%2F2018&collection_data%5Bpatient_id%5D=2&collection_data%5Bp_visit_id%5D=12&collection_data%5Bdr_id%5D=6&collection_data%5Buser_id%5D=2&collection_data%5Bhospital_id%5D=2&collection_data%5Bpayment_type%5D=Cheque"
},{
    "action": "log_data",
    "login": {
        "uid": "2",
        "date_time": "2018-04-04 18:22:27",
        "client_ip": "10.22.39.156"
    },
    "window": "Users",
    "extra": "extra Data"
},{
    "action": "log_data",
    "login": {
        "uid": "2",
        "date_time": "2018-04-04 18:32:00",
        "client_ip": "10.22.39.156"
    },
    "window": "Users",
    "extra": "extra Data"
},{
    "action": "log_data",
    "login": {
        "uid": "2",
        "date_time": "2018-04-04 18:32:07",
        "client_ip": "10.22.39.156"
    },
    "window": "Users",
    "extra": "extra Data"
},{
    "action": "log_data",
    "login": {
        "uid": "2",
        "date_time": "2018-04-04 18:32:28",
        "client_ip": "10.22.39.156"
    },
    "window": "Collection",
    "extra": "collection_data%5Bpaid_details%5D%5B0%5D%5B%24%24hashKey%5D=object%3A99&collection_data%5Bpaid_details%5D%5B0%5D%5Bobj%5D%5Bbcid%5D=2&collection_data%5Bpaid_details%5D%5B0%5D%5Bobj%5D%5Bbcname%5D=Advance&collection_data%5Bpaid_details%5D%5B0%5D%5Bobj%5D%5Bbccode%5D=ADV&collection_data%5Bpaid_details%5D%5B0%5D%5Bbill_id%5D=2&collection_data%5Bpaid_details%5D%5B0%5D%5Bpaid_amount%5D=300&collection_data%5Btransaction_date%5D=4%2F4%2F2018&collection_data%5Bpatient_id%5D=&collection_data%5Bp_visit_id%5D=&collection_data%5Bdr_id%5D=&collection_data%5Buser_id%5D=2&collection_data%5Bhospital_id%5D=2&collection_data%5Bpayment_type%5D=Cash"
},{
    "action": "log_data",
    "login": {
        "uid": "2",
        "date_time": "2018-04-04 18:32:30",
        "client_ip": "10.22.39.156"
    },
    "window": "Collection",
    "extra": "collection_data%5Bpaid_details%5D%5B0%5D%5B%24%24hashKey%5D=object%3A99&collection_data%5Bpaid_details%5D%5B0%5D%5Bobj%5D%5Bbcid%5D=2&collection_data%5Bpaid_details%5D%5B0%5D%5Bobj%5D%5Bbcname%5D=Advance&collection_data%5Bpaid_details%5D%5B0%5D%5Bobj%5D%5Bbccode%5D=ADV&collection_data%5Bpaid_details%5D%5B0%5D%5Bbill_id%5D=2&collection_data%5Bpaid_details%5D%5B0%5D%5Bpaid_amount%5D=300&collection_data%5Btransaction_date%5D=4%2F4%2F2018&collection_data%5Bpatient_id%5D=&collection_data%5Bp_visit_id%5D=&collection_data%5Bdr_id%5D=&collection_data%5Buser_id%5D=2&collection_data%5Bhospital_id%5D=2&collection_data%5Bpayment_type%5D=Cash"
},{
    "action": "log_data",
    "login": {
        "uid": "2",
        "date_time": "2018-04-04 18:32:36",
        "client_ip": "10.22.39.156"
    },
    "window": "Collection",
    "extra": "collection_data%5Bpaid_details%5D%5B0%5D%5B%24%24hashKey%5D=object%3A99&collection_data%5Bpaid_details%5D%5B0%5D%5Bobj%5D%5Bbcid%5D=2&collection_data%5Bpaid_details%5D%5B0%5D%5Bobj%5D%5Bbcname%5D=Advance&collection_data%5Bpaid_details%5D%5B0%5D%5Bobj%5D%5Bbccode%5D=ADV&collection_data%5Bpaid_details%5D%5B0%5D%5Bbill_id%5D=2&collection_data%5Bpaid_details%5D%5B0%5D%5Bpaid_amount%5D=300&collection_data%5Btransaction_date%5D=4%2F4%2F2018&collection_data%5Bpatient_id%5D=&collection_data%5Bp_visit_id%5D=&collection_data%5Bdr_id%5D=&collection_data%5Buser_id%5D=2&collection_data%5Bhospital_id%5D=2&collection_data%5Bpayment_type%5D=Cash"
},{
    "action": "log_data",
    "login": {
        "uid": "2",
        "date_time": "2018-04-04 18:32:36",
        "client_ip": "10.22.39.156"
    },
    "window": "Collection",
    "extra": "collection_data%5Bpaid_details%5D%5B0%5D%5B%24%24hashKey%5D=object%3A99&collection_data%5Bpaid_details%5D%5B0%5D%5Bobj%5D%5Bbcid%5D=2&collection_data%5Bpaid_details%5D%5B0%5D%5Bobj%5D%5Bbcname%5D=Advance&collection_data%5Bpaid_details%5D%5B0%5D%5Bobj%5D%5Bbccode%5D=ADV&collection_data%5Bpaid_details%5D%5B0%5D%5Bbill_id%5D=2&collection_data%5Bpaid_details%5D%5B0%5D%5Bpaid_amount%5D=300&collection_data%5Btransaction_date%5D=4%2F4%2F2018&collection_data%5Bpatient_id%5D=&collection_data%5Bp_visit_id%5D=&collection_data%5Bdr_id%5D=&collection_data%5Buser_id%5D=2&collection_data%5Bhospital_id%5D=2&collection_data%5Bpayment_type%5D=Cash"
},{
    "action": "log_data",
    "login": {
        "uid": "2",
        "date_time": "2018-04-04 18:32:37",
        "client_ip": "10.22.39.156"
    },
    "window": "Collection",
    "extra": "collection_data%5Bpaid_details%5D%5B0%5D%5B%24%24hashKey%5D=object%3A99&collection_data%5Bpaid_details%5D%5B0%5D%5Bobj%5D%5Bbcid%5D=2&collection_data%5Bpaid_details%5D%5B0%5D%5Bobj%5D%5Bbcname%5D=Advance&collection_data%5Bpaid_details%5D%5B0%5D%5Bobj%5D%5Bbccode%5D=ADV&collection_data%5Bpaid_details%5D%5B0%5D%5Bbill_id%5D=2&collection_data%5Bpaid_details%5D%5B0%5D%5Bpaid_amount%5D=300&collection_data%5Btransaction_date%5D=4%2F4%2F2018&collection_data%5Bpatient_id%5D=&collection_data%5Bp_visit_id%5D=&collection_data%5Bdr_id%5D=&collection_data%5Buser_id%5D=2&collection_data%5Bhospital_id%5D=2&collection_data%5Bpayment_type%5D=Cash"
},{
    "action": "log_data",
    "login": {
        "uid": "2",
        "date_time": "2018-04-04 18:36:53",
        "client_ip": "10.22.39.156"
    },
    "window": "Users",
    "extra": "extra Data"
},{
    "action": "log_data",
    "login": {
        "uid": "2",
        "date_time": "2018-04-04 19:04:02",
        "client_ip": "10.22.39.156"
    },
    "window": "Users",
    "extra": "extra Data"
},{
    "action": "log_data",
    "login": {
        "uid": "2",
        "date_time": "2018-04-04 19:04:23",
        "client_ip": "10.22.39.156"
    },
    "window": "Collection",
    "extra": "collection_data%5Bpaid_details%5D%5B0%5D%5B%24%24hashKey%5D=object%3A99&collection_data%5Bpaid_details%5D%5B0%5D%5Bobj%5D%5Bbcid%5D=2&collection_data%5Bpaid_details%5D%5B0%5D%5Bobj%5D%5Bbcname%5D=Advance&collection_data%5Bpaid_details%5D%5B0%5D%5Bobj%5D%5Bbccode%5D=ADV&collection_data%5Bpaid_details%5D%5B0%5D%5Bbill_id%5D=2&collection_data%5Bpaid_details%5D%5B0%5D%5Bpaid_amount%5D=100&collection_data%5Btransaction_date%5D=4%2F4%2F2018&collection_data%5Bpatient_id%5D=2&collection_data%5Bp_visit_id%5D=12&collection_data%5Bdr_id%5D=6&collection_data%5Buser_id%5D=2&collection_data%5Bhospital_id%5D=2&collection_data%5Bpayment_type%5D=Cheque"
},{
    "action": "log_data",
    "login": {
        "uid": "2",
        "date_time": "2018-04-04 19:04:34",
        "client_ip": "10.22.39.156"
    },
    "window": "Users",
    "extra": "extra Data"
},{
    "action": "log_data",
    "login": {
        "uid": "1",
        "date_time": "2018-04-04 19:07:19",
        "client_ip": "10.22.39.157"
    },
    "window": " New Patient ",
    "extra": "New patient Opened"
},{
    "action": "log_data",
    "login": {
        "uid": "2",
        "date_time": "2018-04-04 19:08:27",
        "client_ip": "10.22.39.156"
    },
    "window": "Users",
    "extra": "extra Data"
},{
    "action": "log_data",
    "login": {
        "uid": "2",
        "date_time": "2018-04-04 19:08:44",
        "client_ip": "10.22.39.156"
    },
    "window": "Collection",
    "extra": "collection_data%5Bpaid_details%5D%5B0%5D%5B%24%24hashKey%5D=object%3A99&collection_data%5Bpaid_details%5D%5B0%5D%5Bobj%5D%5Bbcid%5D=3&collection_data%5Bpaid_details%5D%5B0%5D%5Bobj%5D%5Bbcname%5D=LABS&collection_data%5Bpaid_details%5D%5B0%5D%5Bobj%5D%5Bbccode%5D=LAB&collection_data%5Bpaid_details%5D%5B0%5D%5Bbill_id%5D=3&collection_data%5Bpaid_details%5D%5B0%5D%5Bpaid_amount%5D=100&collection_data%5Btransaction_date%5D=4%2F4%2F2018&collection_data%5Bpatient_id%5D=6&collection_data%5Bp_visit_id%5D=13&collection_data%5Bdr_id%5D=7&collection_data%5Buser_id%5D=2&collection_data%5Bhospital_id%5D=2&collection_data%5Bpayment_type%5D=Card"
},{
    "action": "log_data",
    "login": {
        "uid": "2",
        "date_time": "2018-04-04 19:11:37",
        "client_ip": "10.22.39.156"
    },
    "window": "Users",
    "extra": "extra Data"
},{
    "action": "log_data",
    "login": {
        "uid": "2",
        "date_time": "2018-04-04 19:11:52",
        "client_ip": "10.22.39.156"
    },
    "window": "Collection",
    "extra": "collection_data%5Bpaid_details%5D%5B0%5D%5B%24%24hashKey%5D=object%3A99&collection_data%5Bpaid_details%5D%5B0%5D%5Bobj%5D%5Bbcid%5D=2&collection_data%5Bpaid_details%5D%5B0%5D%5Bobj%5D%5Bbcname%5D=Advance&collection_data%5Bpaid_details%5D%5B0%5D%5Bobj%5D%5Bbccode%5D=ADV&collection_data%5Bpaid_details%5D%5B0%5D%5Bbill_id%5D=2&collection_data%5Bpaid_details%5D%5B0%5D%5Bpaid_amount%5D=100&collection_data%5Btransaction_date%5D=4%2F4%2F2018&collection_data%5Bpatient_id%5D=6&collection_data%5Bp_visit_id%5D=13&collection_data%5Bdr_id%5D=7&collection_data%5Buser_id%5D=2&collection_data%5Bhospital_id%5D=2&collection_data%5Bpayment_type%5D=Cheque"
},{
    "action": "log_data",
    "login": {
        "uid": "2",
        "date_time": "2018-04-04 19:12:07",
        "client_ip": "10.22.39.156"
    },
    "window": "Users",
    "extra": "extra Data"
},{
    "action": "log_data",
    "login": {
        "uid": "2",
        "date_time": "2018-04-04 19:12:29",
        "client_ip": "10.22.39.156"
    },
    "window": "Users",
    "extra": "extra Data"
},{
    "action": "log_data",
    "login": {
        "uid": "2",
        "date_time": "2018-04-04 19:13:21",
        "client_ip": "10.22.39.156"
    },
    "window": "Collection",
    "extra": "collection_data%5Bpaid_details%5D%5B0%5D%5B%24%24hashKey%5D=object%3A99&collection_data%5Bpaid_details%5D%5B0%5D%5Bobj%5D%5Bbcid%5D=1&collection_data%5Bpaid_details%5D%5B0%5D%5Bobj%5D%5Bbcname%5D=OP%20Consultation&collection_data%5Bpaid_details%5D%5B0%5D%5Bobj%5D%5Bbccode%5D=OPC&collection_data%5Bpaid_details%5D%5B0%5D%5Bbill_id%5D=1&collection_data%5Bpaid_details%5D%5B0%5D%5Bpaid_amount%5D=100&collection_data%5Bpaid_details%5D%5B1%5D%5B%24%24hashKey%5D=object%3A201&collection_data%5Bpaid_details%5D%5B1%5D%5Bobj%5D%5Bbcid%5D=2&collection_data%5Bpaid_details%5D%5B1%5D%5Bobj%5D%5Bbcname%5D=Advance&collection_data%5Bpaid_details%5D%5B1%5D%5Bobj%5D%5Bbccode%5D=ADV&collection_data%5Bpaid_details%5D%5B1%5D%5Bbill_id%5D=2&collection_data%5Bpaid_details%5D%5B1%5D%5Bpaid_amount%5D=200&collection_data%5Bpaid_details%5D%5B2%5D%5B%24%24hashKey%5D=object%3A232&collection_data%5Bpaid_details%5D%5B2%5D%5Bobj%5D%5Bbcid%5D=3&collection_data%5Bpaid_details%5D%5B2%5D%5Bobj%5D%5Bbcname%5D=LABS&collection_data%5Bpaid_details%5D%5B2%5D%5Bobj%5D%5Bbccode%5D=LAB&collection_data%5Bpaid_details%5D%5B2%5D%5Bbill_id%5D=3&collection_data%5Bpaid_details%5D%5B2%5D%5Bpaid_amount%5D=300&collection_data%5Bpaid_details%5D%5B3%5D%5B%24%24hashKey%5D=object%3A263&collection_data%5Bpaid_details%5D%5B3%5D%5Bobj%5D%5Bbcid%5D=4&collection_data%5Bpaid_details%5D%5B3%5D%5Bobj%5D%5Bbcname%5D=PHARMACY&collection_data%5Bpaid_details%5D%5B3%5D%5Bobj%5D%5Bbccode%5D=PHR&collection_data%5Bpaid_details%5D%5B3%5D%5Bbill_id%5D=4&collection_data%5Bpaid_details%5D%5B3%5D%5Bpaid_amount%5D=400&collection_data%5Btransaction_date%5D=4%2F4%2F2018&collection_data%5Bpatient_id%5D=1&collection_data%5Bp_visit_id%5D=1&collection_data%5Bdr_id%5D=10&collection_data%5Buser_id%5D=2&collection_data%5Bhospital_id%5D=6&collection_data%5Bpayment_type%5D=Card"
},{
    "action": "log_data",
    "login": {
        "uid": "2",
        "date_time": "2018-04-04 19:13:47",
        "client_ip": "10.22.39.156"
    },
    "window": "Users",
    "extra": "extra Data"
},{
    "action": "log_data",
    "login": {
        "uid": "2",
        "date_time": "2018-04-04 19:14:22",
        "client_ip": "10.22.39.156"
    },
    "window": "Users",
    "extra": "extra Data"
},{
    "action": "log_data",
    "login": {
        "uid": "2",
        "date_time": "2018-04-04 19:32:32",
        "client_ip": "10.22.39.156"
    },
    "window": "Users",
    "extra": "extra Data"
},{
    "action": "log_data",
    "login": {
        "uid": "1",
        "date_time": "2018-04-04 19:33:01",
        "client_ip": "10.22.39.157"
    },
    "window": "Users",
    "extra": "extra Data"
},{
    "action": "log_data",
    "login": {
        "uid": "1",
        "date_time": "2018-04-04 19:33:25",
        "client_ip": "10.22.39.157"
    },
    "window": "Users",
    "extra": "extra Data"
},{
    "action": "log_data",
    "login": {
        "uid": "1",
        "date_time": "2018-04-04 19:33:58",
        "client_ip": "10.22.39.157"
    },
    "window": "Users",
    "extra": "extra Data"
},{
    "action": "log_data",
    "login": {
        "uid": "1",
        "date_time": "2018-04-04 19:34:02",
        "client_ip": "10.22.39.157"
    },
    "window": "Users",
    "extra": "extra Data"
},{
    "action": "log_data",
    "login": {
        "uid": "1",
        "date_time": "2018-04-04 19:34:43",
        "client_ip": "10.22.39.157"
    },
    "window": "Users",
    "extra": "extra Data"
},{
    "action": "log_data",
    "login": {
        "uid": "2",
        "date_time": "2018-04-04 19:39:05",
        "client_ip": "10.22.39.156"
    },
    "window": "Users",
    "extra": "extra Data"
},{
    "action": "log_data",
    "login": {
        "uid": "2",
        "date_time": "2018-04-04 19:40:00",
        "client_ip": "10.22.39.156"
    },
    "window": "Users",
    "extra": "extra Data"
},{
    "action": "log_data",
    "login": {
        "uid": "1",
        "date_time": "2018-04-04 19:43:20",
        "client_ip": "10.22.39.167"
    },
    "window": "InPatient",
    "extra": "Getting Total Out Patients"
},{
    "action": "log_data",
    "login": {
        "uid": "1",
        "date_time": "2018-04-04 19:43:23",
        "client_ip": "10.22.39.167"
    },
    "window": "Users",
    "extra": "extra Data"
},{
    "action": "log_data",
    "login": {
        "uid": "2",
        "date_time": "2018-04-04 19:46:18",
        "client_ip": "10.22.39.156"
    },
    "window": "Users",
    "extra": "extra Data"
},{
    "action": "log_data",
    "login": {
        "uid": "2",
        "date_time": "2018-04-04 19:46:32",
        "client_ip": "10.22.39.156"
    },
    "window": "Users",
    "extra": "extra Data"
},{
    "action": "log_data",
    "login": {
        "uid": "2",
        "date_time": "2018-04-04 19:47:58",
        "client_ip": "10.22.39.156"
    },
    "window": "Users",
    "extra": "extra Data"
},{
    "action": "log_data",
    "login": {
        "uid": "2",
        "date_time": "2018-04-04 19:55:58",
        "client_ip": "10.22.39.156"
    },
    "window": "Users",
    "extra": "extra Data"
},{
    "action": "log_data",
    "login": {
        "uid": "2",
        "date_time": "2018-04-04 19:56:44",
        "client_ip": "10.22.39.156"
    },
    "window": "Users",
    "extra": "extra Data"
},{
    "action": "log_data",
    "login": {
        "uid": "2",
        "date_time": "2018-04-04 20:01:39",
        "client_ip": "10.22.39.156"
    },
    "window": "Users",
    "extra": "extra Data"
},{
    "action": "log_data",
    "login": {
        "uid": "2",
        "date_time": "2018-04-04 20:08:25",
        "client_ip": "10.22.39.156"
    },
    "window": " New Patient ",
    "extra": "New patient Opened"
},{
    "action": "log_data",
    "login": {
        "uid": "1",
        "date_time": "2018-04-04 20:09:05",
        "client_ip": "10.22.39.167"
    },
    "window": "Users",
    "extra": "extra Data"
},{
    "action": "log_data",
    "login": {
        "uid": "1",
        "date_time": "2018-04-04 20:09:54",
        "client_ip": "10.22.39.167"
    },
    "window": "Users",
    "extra": "extra Data"
},{
    "action": "log_data",
    "login": {
        "uid": "1",
        "date_time": "2018-04-04 20:14:02",
        "client_ip": "10.22.39.167"
    },
    "window": "Users",
    "extra": "extra Data"
},{
    "action": "log_data",
    "login": {
        "uid": "1",
        "date_time": "2018-04-04 20:14:06",
        "client_ip": "10.22.39.167"
    },
    "window": "Users",
    "extra": "extra Data"
},{
    "action": "log_data",
    "login": {
        "uid": "1",
        "date_time": "2018-04-04 20:15:24",
        "client_ip": "10.22.39.167"
    },
    "window": " New Patient ",
    "extra": "New patient Opened"
},{
    "action": "log_data",
    "login": {
        "uid": "2",
        "date_time": "2018-04-04 20:17:41",
        "client_ip": "10.22.39.156"
    },
    "window": "Users",
    "extra": "extra Data"
},{
    "action": "log_data",
    "login": {
        "uid": "2",
        "date_time": "2018-04-04 20:17:42",
        "client_ip": "10.22.39.156"
    },
    "window": "Users",
    "extra": "extra Data"
},{
    "action": "log_data",
    "login": {
        "uid": "1",
        "date_time": "2018-04-04 20:18:04",
        "client_ip": "10.22.39.167"
    },
    "window": "Users",
    "extra": "extra Data"
},{
    "action": "log_data",
    "login": {
        "uid": "1",
        "date_time": "2018-04-04 20:18:05",
        "client_ip": "10.22.39.167"
    },
    "window": "Doctor_ConsultData is Loaded",
    "extra": ""
},{
    "action": "log_data",
    "login": {
        "uid": "1",
        "date_time": "2018-04-04 20:18:06",
        "client_ip": "10.22.39.167"
    },
    "window": "Users",
    "extra": "extra Data"
},{
    "action": "log_data",
    "login": {
        "uid": "1",
        "date_time": "2018-04-04 20:18:08",
        "client_ip": "10.22.39.167"
    },
    "window": "Doctor_ConsultData is Loaded",
    "extra": ""
},{
    "action": "log_data",
    "login": {
        "uid": "2",
        "date_time": "2018-04-04 20:19:04",
        "client_ip": "10.22.39.156"
    },
    "window": "Users",
    "extra": "extra Data"
},{
    "action": "log_data",
    "login": {
        "uid": "1",
        "date_time": "2018-04-04 20:20:58",
        "client_ip": "10.22.39.167"
    },
    "window": "Doctor_ConsultData is Loaded",
    "extra": ""
},