{
    "action": "log_data",
    "login": {
        "uid": "2",
        "date_time": "2018-02-17 11:09:57",
        "client_ip": "10.22.39.23"
    },
    "window": "Supplier",
    "extra": "Supplier data is opened"
},{
    "action": "log_data",
    "login": {
        "uid": "2",
        "date_time": "2018-02-17 11:13:23",
        "client_ip": "10.22.39.23"
    },
    "window": "Supplier",
    "extra": "Supplier data is opened"
},{
    "action": "log_data",
    "login": {
        "uid": "2",
        "date_time": "2018-02-17 11:14:38",
        "client_ip": "10.22.39.23"
    },
    "window": "Supplier",
    "extra": "Supplier data is opened"
},{
    "action": "log_data",
    "login": {
        "uid": "2",
        "date_time": "2018-02-17 11:15:18",
        "client_ip": "10.22.39.23"
    },
    "window": "Supplier",
    "extra": "Supplier data is opened"
},{
    "action": "log_data",
    "login": {
        "uid": "2",
        "date_time": "2018-02-17 11:16:09",
        "client_ip": "10.22.39.23"
    },
    "window": "Supplier",
    "extra": "Supplier data is opened"
},{
    "action": "log_data",
    "login": {
        "uid": "2",
        "date_time": "2018-02-17 11:16:26",
        "client_ip": "10.22.39.23"
    },
    "window": "Supplier",
    "extra": "Supplier data is opened"
},{
    "action": "log_data",
    "login": {
        "uid": "2",
        "date_time": "2018-02-17 11:17:21",
        "client_ip": "10.22.39.23"
    },
    "window": "Supplier",
    "extra": "Supplier data is opened"
},{
    "action": "log_data",
    "login": {
        "uid": "2",
        "date_time": "2018-02-17 11:21:00",
        "client_ip": "10.22.39.23"
    },
    "window": "Supplier",
    "extra": "Supplier data is opened"
},{
    "action": "log_data",
    "login": {
        "uid": "2",
        "date_time": "2018-02-17 11:21:44",
        "client_ip": "10.22.39.23"
    },
    "window": "Supplier",
    "extra": "Supplier data is opened"
},{
    "action": "log_data",
    "login": {
        "uid": "2",
        "date_time": "2018-02-17 11:23:07",
        "client_ip": "10.22.39.23"
    },
    "window": "Supplier",
    "extra": "Supplier data is opened"
},{
    "action": "log_data",
    "login": {
        "uid": "2",
        "date_time": "2018-02-17 11:23:46",
        "client_ip": "10.22.39.23"
    },
    "window": "Supplier",
    "extra": "Supplier data is opened"
},{
    "action": "log_data",
    "login": {
        "uid": "2",
        "date_time": "2018-02-17 11:23:59",
        "client_ip": "10.22.39.23"
    },
    "window": "Supplier",
    "extra": "Supplier data is opened"
},{
    "action": "log_data",
    "login": {
        "uid": "2",
        "date_time": "2018-02-17 11:24:36",
        "client_ip": "10.22.39.23"
    },
    "window": "Supplier",
    "extra": "Supplier data is opened"
},{
    "action": "log_data",
    "login": {
        "uid": "2",
        "date_time": "2018-02-17 11:25:01",
        "client_ip": "10.22.39.23"
    },
    "window": "Stores",
    "extra": "Stores is opened"
},{
    "action": "log_data",
    "login": {
        "uid": "2",
        "date_time": "2018-02-17 11:27:02",
        "client_ip": "10.22.39.23"
    },
    "window": "Stores",
    "extra": "Stores is opened"
},{
    "action": "log_data",
    "login": {
        "uid": "2",
        "date_time": "2018-02-17 11:27:49",
        "client_ip": "10.22.39.23"
    },
    "window": "Stores",
    "extra": "id=12&store_type=Inventory&store_name=ww&store_account_group=6&tin_no=6666&drug_no=555&is_super_store=yes&sales_unit=No&location_id=11"
},{
    "action": "log_data",
    "login": {
        "uid": "2",
        "date_time": "2018-02-17 11:27:49",
        "client_ip": "10.22.39.23"
    },
    "window": "Stores",
    "extra": "Stores is opened"
},{
    "action": "log_data",
    "login": {
        "uid": "2",
        "date_time": "2018-02-17 11:28:15",
        "client_ip": "10.22.39.23"
    },
    "window": "Stores",
    "extra": "store_type=Inventory&store_name=wewttttt&store_account_group=1&tin_no=433&drug_no=3434&is_super_store=yes&sales_unit=yes&location_id=12"
},{
    "action": "log_data",
    "login": {
        "uid": "2",
        "date_time": "2018-02-17 11:28:15",
        "client_ip": "10.22.39.23"
    },
    "window": "Stores",
    "extra": "Stores is opened"
},{
    "action": "log_data",
    "login": {
        "uid": "2",
        "date_time": "2018-02-17 11:32:22",
        "client_ip": "10.22.39.23"
    },
    "window": "Stores",
    "extra": "Stores is opened"
},{
    "action": "log_data",
    "login": {
        "uid": "2",
        "date_time": "2018-02-17 11:35:48",
        "client_ip": "10.22.39.23"
    },
    "window": "Stores",
    "extra": "Stores is opened"
},{
    "action": "log_data",
    "login": {
        "uid": "2",
        "date_time": "2018-02-17 11:37:14",
        "client_ip": "10.22.39.23"
    },
    "window": "Stores",
    "extra": "Stores is opened"
},{
    "action": "log_data",
    "login": {
        "uid": "2",
        "date_time": "2018-02-17 11:38:25",
        "client_ip": "10.22.39.23"
    },
    "window": "Stores",
    "extra": "Stores is opened"
},{
    "action": "log_data",
    "login": {
        "uid": "2",
        "date_time": "2018-02-17 11:40:37",
        "client_ip": "10.22.39.23"
    },
    "window": "Stores",
    "extra": "Stores is opened"
},{
    "action": "log_data",
    "login": {
        "uid": "2",
        "date_time": "2018-02-17 11:41:09",
        "client_ip": "10.22.39.23"
    },
    "window": "Supplier",
    "extra": "Supplier data is opened"
},{
    "action": "log_data",
    "login": {
        "uid": "2",
        "date_time": "2018-02-17 11:43:38",
        "client_ip": "10.22.39.23"
    },
    "window": "Supplier",
    "extra": "Supplier data is opened"
},{
    "action": "log_data",
    "login": {
        "uid": "2",
        "date_time": "2018-02-17 11:43:46",
        "client_ip": "10.22.39.23"
    },
    "window": "Stores",
    "extra": "Stores is opened"
},{
    "action": "log_data",
    "login": {
        "uid": "2",
        "date_time": "2018-02-17 11:44:16",
        "client_ip": "10.22.39.23"
    },
    "window": "Item Group",
    "extra": "Item Group is opened"
},{
    "action": "log_data",
    "login": {
        "uid": "2",
        "date_time": "2018-02-17 11:47:28",
        "client_ip": "10.22.39.23"
    },
    "window": "Item Group",
    "extra": "Item Group is opened"
},{
    "action": "log_data",
    "login": {
        "uid": "2",
        "date_time": "2018-02-17 11:48:30",
        "client_ip": "10.22.39.23"
    },
    "window": "Item Group",
    "extra": "Item Group is opened"
},{
    "action": "log_data",
    "login": {
        "uid": "2",
        "date_time": "2018-02-17 11:49:01",
        "client_ip": "10.22.39.23"
    },
    "window": "Item Group",
    "extra": "Item Group is opened"
},{
    "action": "log_data",
    "login": {
        "uid": "2",
        "date_time": "2018-02-17 11:49:45",
        "client_ip": "10.22.39.23"
    },
    "window": "Assets",
    "extra": "Assets is opened"
},{
    "action": "log_data",
    "login": {
        "uid": "2",
        "date_time": "2018-02-17 11:52:14",
        "client_ip": "10.22.39.23"
    },
    "window": "Assets",
    "extra": "Assets is opened"
},{
    "action": "log_data",
    "login": {
        "uid": "2",
        "date_time": "2018-02-17 11:54:40",
        "client_ip": "10.22.39.23"
    },
    "window": "Assets",
    "extra": "Assets is opened"
},{
    "action": "log_data",
    "login": {
        "uid": "2",
        "date_time": "2018-02-17 11:56:02",
        "client_ip": "10.22.39.23"
    },
    "window": "Assets",
    "extra": "Assets is opened"
},{
    "action": "log_data",
    "login": {
        "uid": "2",
        "date_time": "2018-02-17 11:57:16",
        "client_ip": "10.22.39.23"
    },
    "window": "Assets",
    "extra": "Assets is opened"
},{
    "action": "log_data",
    "login": {
        "uid": "2",
        "date_time": "2018-02-17 11:57:50",
        "client_ip": "10.22.39.23"
    },
    "window": "Asset PO",
    "extra": "Asset PO opened"
},{
    "action": "log_data",
    "login": {
        "uid": "2",
        "date_time": "2018-02-17 12:01:50",
        "client_ip": "10.22.39.23"
    },
    "window": "Asset PO",
    "extra": "Asset PO opened"
},{
    "action": "log_data",
    "login": {
        "uid": "2",
        "date_time": "2018-02-17 12:03:23",
        "client_ip": "10.22.39.23"
    },
    "window": "Asset Inward",
    "extra": "Asset Inward is opened"
},{
    "action": "log_data",
    "login": {
        "uid": "2",
        "date_time": "2018-02-17 12:06:38",
        "client_ip": "10.22.39.23"
    },
    "window": "Asset Inward",
    "extra": "Asset Inward is opened"
},{
    "action": "log_data",
    "login": {
        "uid": "2",
        "date_time": "2018-02-17 12:08:28",
        "client_ip": "10.22.39.23"
    },
    "window": "Asset Inward",
    "extra": "Asset Inward is opened"
},{
    "action": "log_data",
    "login": {
        "uid": "2",
        "date_time": "2018-02-17 12:09:48",
        "client_ip": "10.22.39.23"
    },
    "window": "Asset Inward",
    "extra": "Asset Inward is opened"
},{
    "action": "log_data",
    "login": {
        "uid": "2",
        "date_time": "2018-02-17 12:10:18",
        "client_ip": "10.22.39.23"
    },
    "window": "Asset Inward",
    "extra": "Asset Inward is opened"
},{
    "action": "log_data",
    "login": {
        "uid": "2",
        "date_time": "2018-02-17 12:10:55",
        "client_ip": "10.22.39.23"
    },
    "window": "Asset Outward",
    "extra": "Asset outward opened"
},{
    "action": "log_data",
    "login": {
        "uid": "2",
        "date_time": "2018-02-17 12:11:34",
        "client_ip": "10.22.39.23"
    },
    "window": "Asset Outward",
    "extra": "asset_outward%5Bitems_list%5D%5B0%5D%5Bitem_id%5D=5&asset_outward%5Bitems_list%5D%5B0%5D%5Bstore_name%5D=Hetero%20Drugs&asset_outward%5Bitems_list%5D%5B0%5D%5Basset_name%5D=Table%20Fan&asset_outward%5Bitems_list%5D%5B0%5D%5Bquantity%5D=5&asset_outward%5Bitems_list%5D%5B0%5D%5Breceived_quantity%5D=2&asset_outward%5Bitems_list%5D%5B0%5D%5B%24%24hashKey%5D=object%3A233&asset_outward%5Bao_user_id%5D=1&asset_outward%5Bao_fromstore_id%5D=2&asset_outward%5Bao_fromstore_name%5D=Hetero%20Drugs&asset_outward%5Bao_tostore_id%5D=3&asset_outward%5Bao_tostore_name%5D=Medplus%20Pharmacy&asset_outward%5Bao_transactiontime%5D=2018-02-17%2012%3A11%3A14%20PM"
},{
    "action": "log_data",
    "login": {
        "uid": "2",
        "date_time": "2018-02-17 12:11:34",
        "client_ip": "10.22.39.23"
    },
    "window": "Asset Outward",
    "extra": "Asset outward opened"
},{
    "action": "log_data",
    "login": {
        "uid": "2",
        "date_time": "2018-02-17 12:11:39",
        "client_ip": "10.22.39.23"
    },
    "window": "Asset Outward",
    "extra": "Asset outward opened"
},{
    "action": "log_data",
    "login": {
        "uid": "2",
        "date_time": "2018-02-17 12:12:41",
        "client_ip": "10.22.39.23"
    },
    "window": "Asset Outward",
    "extra": "asset_outward%5Bao_user_id%5D=1&asset_outward%5Bao_fromstore_id%5D=4&asset_outward%5Bao_fromstore_name%5D=Himalaya%20Medical&asset_outward%5Bao_tostore_id%5D=11&asset_outward%5Bao_tostore_name%5D=jain%20farmacy&asset_outward%5Bao_transactiontime%5D=2018-02-13%2012%3A0%3A0%20AM"
},{
    "action": "log_data",
    "login": {
        "uid": "2",
        "date_time": "2018-02-17 12:12:41",
        "client_ip": "10.22.39.23"
    },
    "window": "Asset Outward",
    "extra": "Asset outward opened"
},{
    "action": "log_data",
    "login": {
        "uid": "2",
        "date_time": "2018-02-17 12:12:43",
        "client_ip": "10.22.39.23"
    },
    "window": "Asset Outward",
    "extra": "Asset outward opened"
},{
    "action": "log_data",
    "login": {
        "uid": "2",
        "date_time": "2018-02-17 12:12:45",
        "client_ip": "10.22.39.23"
    },
    "window": "Asset Outward",
    "extra": "Asset outward opened"
},{
    "action": "log_data",
    "login": {
        "uid": "2",
        "date_time": "2018-02-17 12:15:30",
        "client_ip": "10.22.39.23"
    },
    "window": "Asset Outward",
    "extra": "Asset outward opened"
},{
    "action": "log_data",
    "login": {
        "uid": "2",
        "date_time": "2018-02-17 12:16:04",
        "client_ip": "10.22.39.23"
    },
    "window": "Asset Outward",
    "extra": "asset_outward%5Bao_user_id%5D=1&asset_outward%5Bao_fromstore_id%5D=4&asset_outward%5Bao_fromstore_name%5D=Himalaya%20Medical&asset_outward%5Bao_tostore_id%5D=6&asset_outward%5Bao_tostore_name%5D=Medi%20Pharma&asset_outward%5Bao_transactiontime%5D=2018-02-13%2012%3A0%3A0%20AM"
},{
    "action": "log_data",
    "login": {
        "uid": "2",
        "date_time": "2018-02-17 12:16:04",
        "client_ip": "10.22.39.23"
    },
    "window": "Asset Outward",
    "extra": "Asset outward opened"
},{
    "action": "log_data",
    "login": {
        "uid": "2",
        "date_time": "2018-02-17 12:16:06",
        "client_ip": "10.22.39.23"
    },
    "window": "Asset Outward",
    "extra": "Asset outward opened"
},{
    "action": "log_data",
    "login": {
        "uid": "2",
        "date_time": "2018-02-17 12:16:18",
        "client_ip": "10.22.39.23"
    },
    "window": "Asset Stock",
    "extra": "Asset Stock Opened"
},{
    "action": "log_data",
    "login": {
        "uid": "2",
        "date_time": "2018-02-17 12:20:25",
        "client_ip": "10.22.39.23"
    },
    "window": "Asset Stock",
    "extra": "Asset Stock Opened"
},{
    "action": "log_data",
    "login": {
        "uid": "2",
        "date_time": "2018-02-17 12:21:12",
        "client_ip": "10.22.39.23"
    },
    "window": "Asset Stock",
    "extra": "Asset Stock Opened"
},{
    "action": "log_data",
    "login": {
        "uid": "2",
        "date_time": "2018-02-17 12:21:38",
        "client_ip": "10.22.39.23"
    },
    "window": "Medicines",
    "extra": "Medicines is opened"
},{
    "action": "log_data",
    "login": {
        "uid": "2",
        "date_time": "2018-02-17 12:21:49",
        "client_ip": "10.22.39.23"
    },
    "window": "Medicines",
    "extra": "Medicines is opened"
},{
    "action": "log_data",
    "login": {
        "uid": "2",
        "date_time": "2018-02-17 12:22:43",
        "client_ip": "10.22.39.23"
    },
    "window": "Medicines",
    "extra": "Medicines is opened"
},{
    "action": "log_data",
    "login": {
        "uid": "2",
        "date_time": "2018-02-17 12:26:03",
        "client_ip": "10.22.39.23"
    },
    "window": "Medicines",
    "extra": "Medicines is opened"
},{
    "action": "log_data",
    "login": {
        "uid": "2",
        "date_time": "2018-02-17 12:57:47",
        "client_ip": "10.22.39.23"
    },
    "window": "Medicines",
    "extra": "Medicines is opened"
},{
    "action": "log_data",
    "login": {
        "uid": "2",
        "date_time": "2018-02-17 13:02:45",
        "client_ip": "10.22.39.23"
    },
    "window": "Medicines",
    "extra": "Medicines is opened"
},{
    "action": "log_data",
    "login": {
        "uid": "2",
        "date_time": "2018-02-17 13:03:40",
        "client_ip": "10.22.39.23"
    },
    "window": "Medicine PO",
    "extra": "Medicine PO opened"
},{
    "action": "log_data",
    "login": {
        "uid": "2",
        "date_time": "2018-02-17 13:06:04",
        "client_ip": "10.22.39.23"
    },
    "window": "Medicine PO",
    "extra": "Medicine PO opened"
},{
    "action": "log_data",
    "login": {
        "uid": "2",
        "date_time": "2018-02-17 13:06:50",
        "client_ip": "10.22.39.23"
    },
    "window": "Medicine PO",
    "extra": "Medicine PO opened"
},{
    "action": "log_data",
    "login": {
        "uid": "2",
        "date_time": "2018-02-17 13:07:12",
        "client_ip": "10.22.39.23"
    },
    "window": "Medicine PO",
    "extra": "Medicine PO opened"
},{
    "action": "log_data",
    "login": {
        "uid": "2",
        "date_time": "2018-02-17 13:07:26",
        "client_ip": "10.22.39.23"
    },
    "window": "medicine Inward",
    "extra": "medicine Inward is opened"
},{
    "action": "log_data",
    "login": {
        "uid": "2",
        "date_time": "2018-02-17 13:10:09",
        "client_ip": "10.22.39.23"
    },
    "window": "medicine Inward",
    "extra": "medicine Inward is opened"
},{
    "action": "log_data",
    "login": {
        "uid": "2",
        "date_time": "2018-02-17 13:10:46",
        "client_ip": "10.22.39.23"
    },
    "window": "medicine Inward",
    "extra": "medicine Inward is opened"
},{
    "action": "log_data",
    "login": {
        "uid": "2",
        "date_time": "2018-02-17 13:11:43",
        "client_ip": "10.22.39.23"
    },
    "window": "medicine Inward",
    "extra": "medicine Inward is opened"
},{
    "action": "log_data",
    "login": {
        "uid": "2",
        "date_time": "2018-02-17 13:12:04",
        "client_ip": "10.22.39.23"
    },
    "window": "Medicine Stock",
    "extra": ""
},{
    "action": "log_data",
    "login": {
        "uid": "2",
        "date_time": "2018-02-17 13:14:38",
        "client_ip": "10.22.39.23"
    },
    "window": "Medicine Stock",
    "extra": ""
},{
    "action": "log_data",
    "login": {
        "uid": "2",
        "date_time": "2018-02-17 13:15:58",
        "client_ip": "10.22.39.23"
    },
    "window": "Medicine Stock",
    "extra": ""
},{
    "action": "log_data",
    "login": {
        "uid": "2",
        "date_time": "2018-02-17 13:18:13",
        "client_ip": "10.22.39.23"
    },
    "window": "Asset Inward",
    "extra": "Asset Inward is opened"
},{
    "action": "log_data",
    "login": {
        "uid": "2",
        "date_time": "2018-02-17 13:18:37",
        "client_ip": "10.22.39.23"
    },
    "window": "Supplier",
    "extra": "Supplier data is opened"
},{
    "action": "log_data",
    "login": {
        "uid": "2",
        "date_time": "2018-02-17 13:19:29",
        "client_ip": "10.22.39.23"
    },
    "window": "Supplier",
    "extra": "Supplier data is opened"
},{
    "action": "log_data",
    "login": {
        "uid": "2",
        "date_time": "2018-02-17 13:19:49",
        "client_ip": "10.22.39.23"
    },
    "window": "Supplier",
    "extra": "Supplier data is opened"
},{
    "action": "log_data",
    "login": {
        "uid": "2",
        "date_time": "2018-02-17 13:22:31",
        "client_ip": "10.22.39.23"
    },
    "window": "Supplier",
    "extra": "Supplier data is opened"
},{
    "action": "log_data",
    "login": {
        "uid": "2",
        "date_time": "2018-02-17 13:22:51",
        "client_ip": "10.22.39.23"
    },
    "window": "Supplier",
    "extra": "Supplier data is opened"
},{
    "action": "log_data",
    "login": {
        "uid": "2",
        "date_time": "2018-02-17 13:23:44",
        "client_ip": "10.22.39.23"
    },
    "window": "Supplier",
    "extra": "Supplier data is opened"
},{
    "action": "log_data",
    "login": {
        "uid": "2",
        "date_time": "2018-02-17 13:24:19",
        "client_ip": "10.22.39.23"
    },
    "window": "Supplier",
    "extra": "Supplier data is opened"
},{
    "action": "log_data",
    "login": {
        "uid": "2",
        "date_time": "2018-02-17 13:24:25",
        "client_ip": "10.22.39.23"
    },
    "window": "Supplier",
    "extra": "Supplier data is opened"
},{
    "action": "log_data",
    "login": {
        "uid": "2",
        "date_time": "2018-02-17 13:24:33",
        "client_ip": "10.22.39.23"
    },
    "window": "Stores",
    "extra": "Stores is opened"
},{
    "action": "log_data",
    "login": {
        "uid": "2",
        "date_time": "2018-02-17 13:24:35",
        "client_ip": "10.22.39.23"
    },
    "window": "Supplier",
    "extra": "Supplier data is opened"
},{
    "action": "log_data",
    "login": {
        "uid": "2",
        "date_time": "2018-02-17 13:25:48",
        "client_ip": "10.22.39.23"
    },
    "window": "Supplier",
    "extra": "Supplier data is opened"
},{
    "action": "log_data",
    "login": {
        "uid": "2",
        "date_time": "2018-02-17 13:26:17",
        "client_ip": "10.22.39.23"
    },
    "window": "Supplier",
    "extra": "Supplier data is opened"
},{
    "action": "log_data",
    "login": {
        "uid": "2",
        "date_time": "2018-02-17 13:27:01",
        "client_ip": "10.22.39.23"
    },
    "window": "Supplier",
    "extra": "Supplier data is opened"
},{
    "action": "log_data",
    "login": {
        "uid": "2",
        "date_time": "2018-02-17 13:27:30",
        "client_ip": "10.22.39.23"
    },
    "window": "Supplier",
    "extra": "Supplier data is opened"
},{
    "action": "log_data",
    "login": {
        "uid": "2",
        "date_time": "2018-02-17 13:28:03",
        "client_ip": "10.22.39.23"
    },
    "window": "Supplier",
    "extra": "Supplier data is opened"
},{
    "action": "log_data",
    "login": {
        "uid": "2",
        "date_time": "2018-02-17 13:29:35",
        "client_ip": "10.22.39.23"
    },
    "window": "Supplier",
    "extra": "Supplier data is opened"
},{
    "action": "log_data",
    "login": {
        "uid": "2",
        "date_time": "2018-02-17 13:30:21",
        "client_ip": "10.22.39.23"
    },
    "window": "Supplier",
    "extra": "Supplier data is opened"
},{
    "action": "log_data",
    "login": {
        "uid": "2",
        "date_time": "2018-02-17 13:30:37",
        "client_ip": "10.22.39.23"
    },
    "window": "Supplier",
    "extra": "Supplier data is opened"
},{
    "action": "log_data",
    "login": {
        "uid": "2",
        "date_time": "2018-02-17 13:30:51",
        "client_ip": "10.22.39.23"
    },
    "window": "Supplier",
    "extra": "Supplier data is opened"
},{
    "action": "log_data",
    "login": {
        "uid": "2",
        "date_time": "2018-02-17 13:31:31",
        "client_ip": "10.22.39.23"
    },
    "window": "Supplier",
    "extra": "Supplier data is opened"
},{
    "action": "log_data",
    "login": {
        "uid": "2",
        "date_time": "2018-02-17 13:31:56",
        "client_ip": "10.22.39.23"
    },
    "window": "Supplier",
    "extra": "Supplier data is opened"
},{
    "action": "log_data",
    "login": {
        "uid": "1",
        "date_time": "2018-02-17 15:10:41",
        "client_ip": "10.22.39.26"
    },
    "window": " New Patient ",
    "extra": "New patient Opened"
},{
    "action": "log_data",
    "login": {
        "uid": "1",
        "date_time": "2018-02-17 15:11:42",
        "client_ip": "10.22.39.26"
    },
    "window": " New Patient ",
    "extra": "New patient Opened"
},{
    "action": "log_data",
    "login": {
        "uid": "2",
        "date_time": "2018-02-17 15:13:11",
        "client_ip": "10.22.39.23"
    },
    "window": "Supplier",
    "extra": "Supplier data is opened"
},{
    "action": "log_data",
    "login": {
        "uid": "2",
        "date_time": "2018-02-17 15:13:13",
        "client_ip": "10.22.39.23"
    },
    "window": " New Patient ",
    "extra": "New patient Opened"
},{
    "action": "log_data",
    "login": {
        "uid": "2",
        "date_time": "2018-02-17 15:16:39",
        "client_ip": "10.22.39.23"
    },
    "window": " New Patient ",
    "extra": "New patient Opened"
},{
    "action": "log_data",
    "login": {
        "uid": "2",
        "date_time": "2018-02-17 15:16:58",
        "client_ip": "10.22.39.23"
    },
    "window": " New Patient ",
    "extra": "New patient Opened"
},{
    "action": "log_data",
    "login": {
        "uid": "3",
        "date_time": "2018-02-17 15:19:12",
        "client_ip": "10.22.39.25"
    },
    "window": "Users",
    "extra": "extra Data"
},{
    "action": "log_data",
    "login": {
        "uid": "2",
        "date_time": "2018-02-17 15:35:21",
        "client_ip": "10.22.39.23"
    },
    "window": "Supplier",
    "extra": "Supplier data is opened"
},{
    "action": "log_data",
    "login": {
        "uid": "2",
        "date_time": "2018-02-17 15:35:26",
        "client_ip": "10.22.39.23"
    },
    "window": "Asset Inward",
    "extra": "Asset Inward is opened"
},{
    "action": "log_data",
    "login": {
        "uid": "2",
        "date_time": "2018-02-17 15:35:59",
        "client_ip": "10.22.39.23"
    },
    "window": "Asset Stock",
    "extra": "Asset Stock Opened"
},{
    "action": "log_data",
    "login": {
        "uid": "2",
        "date_time": "2018-02-17 15:36:00",
        "client_ip": "10.22.39.23"
    },
    "window": "Medicine Stock",
    "extra": ""
},{
    "action": "log_data",
    "login": {
        "uid": "2",
        "date_time": "2018-02-17 15:36:01",
        "client_ip": "10.22.39.23"
    },
    "window": "medicine Inward",
    "extra": "medicine Inward is opened"
},{
    "action": "log_data",
    "login": {
        "uid": "2",
        "date_time": "2018-02-17 15:36:06",
        "client_ip": "10.22.39.23"
    },
    "window": "Asset PO",
    "extra": "Asset PO opened"
},{
    "action": "log_data",
    "login": {
        "uid": "2",
        "date_time": "2018-02-17 15:36:08",
        "client_ip": "10.22.39.23"
    },
    "window": "Asset Inward",
    "extra": "Asset Inward is opened"
},{
    "action": "log_data",
    "login": {
        "uid": "2",
        "date_time": "2018-02-17 15:38:04",
        "client_ip": "10.22.39.23"
    },
    "window": "Supplier",
    "extra": "Supplier data is opened"
},{
    "action": "log_data",
    "login": {
        "uid": "2",
        "date_time": "2018-02-17 15:41:17",
        "client_ip": "10.22.39.23"
    },
    "window": "Stores",
    "extra": "Stores is opened"
},{
    "action": "log_data",
    "login": {
        "uid": "2",
        "date_time": "2018-02-17 15:42:47",
        "client_ip": "10.22.39.23"
    },
    "window": "Item Group",
    "extra": "Item Group is opened"
},{
    "action": "log_data",
    "login": {
        "uid": "2",
        "date_time": "2018-02-17 15:45:42",
        "client_ip": "10.22.39.23"
    },
    "window": "Assets",
    "extra": "Assets is opened"
},{
    "action": "log_data",
    "login": {
        "uid": "2",
        "date_time": "2018-02-17 15:51:28",
        "client_ip": "10.22.39.23"
    },
    "window": "Asset PO",
    "extra": "Asset PO opened"
},{
    "action": "log_data",
    "login": {
        "uid": "2",
        "date_time": "2018-02-17 15:51:29",
        "client_ip": "10.22.39.23"
    },
    "window": "Asset Inward",
    "extra": "Asset Inward is opened"
},{
    "action": "log_data",
    "login": {
        "uid": "2",
        "date_time": "2018-02-17 15:53:43",
        "client_ip": "10.22.39.23"
    },
    "window": "Asset Outward",
    "extra": "Asset outward opened"
},{
    "action": "log_data",
    "login": {
        "uid": "2",
        "date_time": "2018-02-17 15:55:28",
        "client_ip": "10.22.39.23"
    },
    "window": "Asset Stock",
    "extra": "Asset Stock Opened"
},{
    "action": "log_data",
    "login": {
        "uid": "2",
        "date_time": "2018-02-17 15:57:14",
        "client_ip": "10.22.39.23"
    },
    "window": "Medicines",
    "extra": "Medicines is opened"
},{
    "action": "log_data",
    "login": {
        "uid": "2",
        "date_time": "2018-02-17 15:59:17",
        "client_ip": "10.22.39.23"
    },
    "window": "Medicine PO",
    "extra": "Medicine PO opened"
},{
    "action": "log_data",
    "login": {
        "uid": "2",
        "date_time": "2018-02-17 16:00:55",
        "client_ip": "10.22.39.23"
    },
    "window": "medicine Inward",
    "extra": "medicine Inward is opened"
},{
    "action": "log_data",
    "login": {
        "uid": "2",
        "date_time": "2018-02-17 16:02:15",
        "client_ip": "10.22.39.23"
    },
    "window": "Medicine Stock",
    "extra": ""
},{
    "action": "log_data",
    "login": {
        "uid": "2",
        "date_time": "2018-02-17 16:05:26",
        "client_ip": "10.22.39.23"
    },
    "window": "Asset PO",
    "extra": "Asset PO opened"
},{
    "action": "log_data",
    "login": {
        "uid": "2",
        "date_time": "2018-02-17 16:05:51",
        "client_ip": "10.22.39.23"
    },
    "window": "Item Group",
    "extra": "Item Group is opened"
},{
    "action": "log_data",
    "login": {
        "uid": "2",
        "date_time": "2018-02-17 16:09:07",
        "client_ip": "10.22.39.23"
    },
    "window": "Item Group",
    "extra": "Item Group is opened"
},{
    "action": "log_data",
    "login": {
        "uid": "2",
        "date_time": "2018-02-17 17:55:58",
        "client_ip": "10.22.39.23"
    },
    "window": "Asset Inward",
    "extra": "Asset Inward is opened"
},{
    "action": "log_data",
    "login": {
        "uid": "2",
        "date_time": "2018-02-17 18:12:58",
        "client_ip": "10.22.39.23"
    },
    "window": "Asset Inward",
    "extra": "Asset Inward is opened"
},{
    "action": "log_data",
    "login": {
        "uid": "2",
        "date_time": "2018-02-17 18:13:00",
        "client_ip": "10.22.39.23"
    },
    "window": "Supplier",
    "extra": "Supplier data is opened"
},{
    "action": "log_data",
    "login": {
        "uid": "2",
        "date_time": "2018-02-17 18:22:39",
        "client_ip": "10.22.39.23"
    },
    "window": "Supplier",
    "extra": "name=csa&address=asds&city=asd&contact_person=asda&mobile=5634645565&gst_no=2343242342&tin_no=3243242343"
},{
    "action": "log_data",
    "login": {
        "uid": "2",
        "date_time": "2018-02-17 18:22:39",
        "client_ip": "10.22.39.23"
    },
    "window": "Supplier",
    "extra": "Supplier data is opened"
},{
    "action": "log_data",
    "login": {
        "uid": "2",
        "date_time": "2018-02-17 18:23:02",
        "client_ip": "10.22.39.23"
    },
    "window": "Supplier",
    "extra": "name=3432&address=rer&city=84923676786&contact_person=455&mobile=8347593478&gst_no=7862378467&tin_no=7864237846"
},{
    "action": "log_data",
    "login": {
        "uid": "2",
        "date_time": "2018-02-17 18:23:02",
        "client_ip": "10.22.39.23"
    },
    "window": "Supplier",
    "extra": "Supplier data is opened"
},{
    "action": "log_data",
    "login": {
        "uid": "2",
        "date_time": "2018-02-17 18:23:22",
        "client_ip": "10.22.39.23"
    },
    "window": "Supplier",
    "extra": "name=643&address=5645455&city=56ftd5376&contact_person=445645656454564564&mobile=5456456454&gst_no=6562354647&tin_no=6482134623"
},{
    "action": "log_data",
    "login": {
        "uid": "2",
        "date_time": "2018-02-17 18:23:22",
        "client_ip": "10.22.39.23"
    },
    "window": "Supplier",
    "extra": "Supplier data is opened"
},{
    "action": "log_data",
    "login": {
        "uid": "2",
        "date_time": "2018-02-17 18:23:35",
        "client_ip": "10.22.39.23"
    },
    "window": "Supplier",
    "extra": "name=dfsdf&address=4535&city=ertr54&contact_person=34534&mobile=8768765432&gst_no=4534543534&tin_no=5654645645"
},{
    "action": "log_data",
    "login": {
        "uid": "2",
        "date_time": "2018-02-17 18:23:35",
        "client_ip": "10.22.39.23"
    },
    "window": "Supplier",
    "extra": "Supplier data is opened"
},{
    "action": "log_data",
    "login": {
        "uid": "2",
        "date_time": "2018-02-17 18:23:39",
        "client_ip": "10.22.39.23"
    },
    "window": "Supplier",
    "extra": "Supplier data is opened"
},{
    "action": "log_data",
    "login": {
        "uid": "2",
        "date_time": "2018-02-17 18:24:03",
        "client_ip": "10.22.39.23"
    },
    "window": "Supplier",
    "extra": "name=retert&address=tetert&city=erter&contact_person=rtet&mobile=2343242342&gst_no=3455345545&tin_no=5464564564"
},{
    "action": "log_data",
    "login": {
        "uid": "2",
        "date_time": "2018-02-17 18:24:03",
        "client_ip": "10.22.39.23"
    },
    "window": "Supplier",
    "extra": "Supplier data is opened"
},{
    "action": "log_data",
    "login": {
        "uid": "2",
        "date_time": "2018-02-17 18:24:06",
        "client_ip": "10.22.39.23"
    },
    "window": "Supplier",
    "extra": "Supplier data is opened"
},{
    "action": "log_data",
    "login": {
        "uid": "2",
        "date_time": "2018-02-17 18:25:40",
        "client_ip": "10.22.39.23"
    },
    "window": "Supplier",
    "extra": "Supplier data is opened"
},{
    "action": "log_data",
    "login": {
        "uid": "2",
        "date_time": "2018-02-17 18:52:26",
        "client_ip": "10.22.39.23"
    },
    "window": "Supplier",
    "extra": "Supplier data is opened"
},{
    "action": "log_data",
    "login": {
        "uid": "2",
        "date_time": "2018-02-17 18:54:00",
        "client_ip": "10.22.39.23"
    },
    "window": "Supplier",
    "extra": "Supplier data is opened"
},{
    "action": "log_data",
    "login": {
        "uid": "2",
        "date_time": "2018-02-17 18:56:01",
        "client_ip": "10.22.39.23"
    },
    "window": "Supplier",
    "extra": "Supplier data is opened"
},{
    "action": "log_data",
    "login": {
        "uid": "2",
        "date_time": "2018-02-17 19:00:16",
        "client_ip": "10.22.39.23"
    },
    "window": "Supplier",
    "extra": "Supplier data is opened"
},{
    "action": "log_data",
    "login": {
        "uid": "2",
        "date_time": "2018-02-17 19:00:57",
        "client_ip": "10.22.39.23"
    },
    "window": "Stores",
    "extra": "Stores is opened"
},{
    "action": "log_data",
    "login": {
        "uid": "2",
        "date_time": "2018-02-17 19:01:44",
        "client_ip": "10.22.39.23"
    },
    "window": "Stores",
    "extra": "Stores is opened"
},{
    "action": "log_data",
    "login": {
        "uid": "2",
        "date_time": "2018-02-17 19:01:56",
        "client_ip": "10.22.39.23"
    },
    "window": "Item Group",
    "extra": "Item Group is opened"
},{
    "action": "log_data",
    "login": {
        "uid": "2",
        "date_time": "2018-02-17 19:02:49",
        "client_ip": "10.22.39.23"
    },
    "window": "Item Group",
    "extra": "Item Group is opened"
},{
    "action": "log_data",
    "login": {
        "uid": "2",
        "date_time": "2018-02-17 19:03:02",
        "client_ip": "10.22.39.23"
    },
    "window": "Assets",
    "extra": "Assets is opened"
},{
    "action": "log_data",
    "login": {
        "uid": "2",
        "date_time": "2018-02-17 19:03:38",
        "client_ip": "10.22.39.23"
    },
    "window": "Assets",
    "extra": "Assets is opened"
},{
    "action": "log_data",
    "login": {
        "uid": "2",
        "date_time": "2018-02-17 19:03:49",
        "client_ip": "10.22.39.23"
    },
    "window": "Asset PO",
    "extra": "Asset PO opened"
},{
    "action": "log_data",
    "login": {
        "uid": "2",
        "date_time": "2018-02-17 19:04:33",
        "client_ip": "10.22.39.23"
    },
    "window": "Asset PO",
    "extra": "Asset PO opened"
},{
    "action": "log_data",
    "login": {
        "uid": "2",
        "date_time": "2018-02-17 19:04:46",
        "client_ip": "10.22.39.23"
    },
    "window": "Asset Inward",
    "extra": "Asset Inward is opened"
},{
    "action": "log_data",
    "login": {
        "uid": "2",
        "date_time": "2018-02-17 19:05:27",
        "client_ip": "10.22.39.23"
    },
    "window": "Asset Inward",
    "extra": "Asset Inward is opened"
},{
    "action": "log_data",
    "login": {
        "uid": "2",
        "date_time": "2018-02-17 19:05:42",
        "client_ip": "10.22.39.23"
    },
    "window": "Asset Outward",
    "extra": "Asset outward opened"
},{
    "action": "log_data",
    "login": {
        "uid": "2",
        "date_time": "2018-02-17 19:06:26",
        "client_ip": "10.22.39.23"
    },
    "window": "Asset Outward",
    "extra": "Asset outward opened"
},{
    "action": "log_data",
    "login": {
        "uid": "2",
        "date_time": "2018-02-17 19:06:33",
        "client_ip": "10.22.39.23"
    },
    "window": "Asset Stock",
    "extra": "Asset Stock Opened"
},{
    "action": "log_data",
    "login": {
        "uid": "2",
        "date_time": "2018-02-17 19:07:13",
        "client_ip": "10.22.39.23"
    },
    "window": "Asset Stock",
    "extra": "Asset Stock Opened"
},{
    "action": "log_data",
    "login": {
        "uid": "2",
        "date_time": "2018-02-17 19:07:20",
        "client_ip": "10.22.39.23"
    },
    "window": "Medicines",
    "extra": "Medicines is opened"
},{
    "action": "log_data",
    "login": {
        "uid": "2",
        "date_time": "2018-02-17 19:08:04",
        "client_ip": "10.22.39.23"
    },
    "window": "Medicines",
    "extra": "Medicines is opened"
},{
    "action": "log_data",
    "login": {
        "uid": "2",
        "date_time": "2018-02-17 19:08:14",
        "client_ip": "10.22.39.23"
    },
    "window": "Medicine PO",
    "extra": "Medicine PO opened"
},{
    "action": "log_data",
    "login": {
        "uid": "2",
        "date_time": "2018-02-17 19:08:57",
        "client_ip": "10.22.39.23"
    },
    "window": "Medicine PO",
    "extra": "Medicine PO opened"
},{
    "action": "log_data",
    "login": {
        "uid": "2",
        "date_time": "2018-02-17 19:09:15",
        "client_ip": "10.22.39.23"
    },
    "window": "medicine Inward",
    "extra": "medicine Inward is opened"
},{
    "action": "log_data",
    "login": {
        "uid": "2",
        "date_time": "2018-02-17 19:09:58",
        "client_ip": "10.22.39.23"
    },
    "window": "medicine Inward",
    "extra": "medicine Inward is opened"
},{
    "action": "log_data",
    "login": {
        "uid": "2",
        "date_time": "2018-02-17 19:10:08",
        "client_ip": "10.22.39.23"
    },
    "window": "Medicine Stock",
    "extra": ""
},{
    "action": "log_data",
    "login": {
        "uid": "2",
        "date_time": "2018-02-17 19:11:05",
        "client_ip": "10.22.39.23"
    },
    "window": "Medicine Stock",
    "extra": ""
},{
    "action": "log_data",
    "login": {
        "uid": "2",
        "date_time": "2018-02-17 19:11:17",
        "client_ip": "10.22.39.23"
    },
    "window": " New Patient ",
    "extra": "New patient Opened"
},{
    "action": "log_data",
    "login": {
        "uid": "2",
        "date_time": "2018-02-17 19:11:53",
        "client_ip": "10.22.39.23"
    },
    "window": " New Patient ",
    "extra": "New patient Opened"
},{
    "action": "log_data",
    "login": {
        "uid": "2",
        "date_time": "2018-02-17 19:15:13",
        "client_ip": "10.22.39.23"
    },
    "window": " New Patient ",
    "extra": "New patient Opened"
},{
    "action": "log_data",
    "login": {
        "uid": "2",
        "date_time": "2018-02-17 19:15:19",
        "client_ip": "10.22.39.23"
    },
    "window": "Supplier",
    "extra": "Supplier data is opened"
},{
    "action": "log_data",
    "login": {
        "uid": "2",
        "date_time": "2018-02-17 19:22:54",
        "client_ip": "10.22.39.23"
    },
    "window": "Supplier",
    "extra": "Supplier data is opened"
},{
    "action": "log_data",
    "login": {
        "uid": "2",
        "date_time": "2018-02-17 19:23:13",
        "client_ip": "10.22.39.23"
    },
    "window": "Supplier",
    "extra": "Supplier data is opened"
},{
    "action": "log_data",
    "login": {
        "uid": "2",
        "date_time": "2018-02-17 19:28:04",
        "client_ip": "10.22.39.23"
    },
    "window": "Supplier",
    "extra": "Supplier data is opened"
},{
    "action": "log_data",
    "login": {
        "uid": "2",
        "date_time": "2018-02-17 19:28:28",
        "client_ip": "10.22.39.23"
    },
    "window": "Supplier",
    "extra": "Supplier data is opened"
},{
    "action": "log_data",
    "login": {
        "uid": "2",
        "date_time": "2018-02-17 19:29:07",
        "client_ip": "10.22.39.23"
    },
    "window": "Supplier",
    "extra": "Supplier data is opened"
},{
    "action": "log_data",
    "login": {
        "uid": "2",
        "date_time": "2018-02-17 19:29:19",
        "client_ip": "10.22.39.23"
    },
    "window": "Supplier",
    "extra": "Supplier data is opened"
},{
    "action": "log_data",
    "login": {
        "uid": "2",
        "date_time": "2018-02-17 19:32:17",
        "client_ip": "10.22.39.23"
    },
    "window": "Supplier",
    "extra": "Supplier data is opened"
},{
    "action": "log_data",
    "login": {
        "uid": "2",
        "date_time": "2018-02-17 19:32:36",
        "client_ip": "10.22.39.23"
    },
    "window": "Supplier",
    "extra": "Supplier data is opened"
},{
    "action": "log_data",
    "login": {
        "uid": "2",
        "date_time": "2018-02-17 19:33:24",
        "client_ip": "10.22.39.23"
    },
    "window": "Supplier",
    "extra": "Supplier data is opened"
},{
    "action": "log_data",
    "login": {
        "uid": "2",
        "date_time": "2018-02-17 19:34:24",
        "client_ip": "10.22.39.23"
    },
    "window": "Supplier",
    "extra": "Supplier data is opened"
},{
    "action": "log_data",
    "login": {
        "uid": "2",
        "date_time": "2018-02-17 19:36:33",
        "client_ip": "10.22.39.22"
    },
    "window": "Stores",
    "extra": "Stores is opened"
},{
    "action": "log_data",
    "login": {
        "uid": "2",
        "date_time": "2018-02-17 19:36:38",
        "client_ip": "10.22.39.22"
    },
    "window": "Supplier",
    "extra": "Supplier data is opened"
},{
    "action": "log_data",
    "login": {
        "uid": "1",
        "date_time": "2018-02-17 19:37:00",
        "client_ip": "10.22.39.27"
    },
    "window": "Users",
    "extra": "extra Data"
},{
    "action": "log_data",
    "login": {
        "uid": "1",
        "date_time": "2018-02-17 19:37:06",
        "client_ip": "10.22.39.27"
    },
    "window": "Users",
    "extra": "extra Data"
},{
    "action": "log_data",
    "login": {
        "uid": "1",
        "date_time": "2018-02-17 19:37:08",
        "client_ip": "10.22.39.27"
    },
    "window": "Users",
    "extra": "extra Data"
},{
    "action": "log_data",
    "login": {
        "uid": "1",
        "date_time": "2018-02-17 19:37:10",
        "client_ip": "10.22.39.27"
    },
    "window": "Users",
    "extra": "extra Data"
},{
    "action": "log_data",
    "login": {
        "uid": "1",
        "date_time": "2018-02-17 19:37:14",
        "client_ip": "10.22.39.27"
    },
    "window": "Users",
    "extra": "extra Data"
},{
    "action": "log_data",
    "login": {
        "uid": "1",
        "date_time": "2018-02-17 19:37:16",
        "client_ip": "10.22.39.27"
    },
    "window": "Users",
    "extra": "extra Data"
},{
    "action": "log_data",
    "login": {
        "uid": "1",
        "date_time": "2018-02-17 19:37:18",
        "client_ip": "10.22.39.27"
    },
    "window": "Users",
    "extra": "extra Data"
},{
    "action": "log_data",
    "login": {
        "uid": "1",
        "date_time": "2018-02-17 19:37:20",
        "client_ip": "10.22.39.27"
    },
    "window": "Users",
    "extra": "extra Data"
},{
    "action": "log_data",
    "login": {
        "uid": "1",
        "date_time": "2018-02-17 19:37:25",
        "client_ip": "10.22.39.27"
    },
    "window": "Users",
    "extra": "extra Data"
},{
    "action": "log_data",
    "login": {
        "uid": "1",
        "date_time": "2018-02-17 19:37:29",
        "client_ip": "10.22.39.27"
    },
    "window": "Users",
    "extra": "extra Data"
},{
    "action": "log_data",
    "login": {
        "uid": "1",
        "date_time": "2018-02-17 19:37:40",
        "client_ip": "10.22.39.27"
    },
    "window": "Users",
    "extra": "extra Data"
},{
    "action": "log_data",
    "login": {
        "uid": "2",
        "date_time": "2018-02-17 19:39:11",
        "client_ip": "10.22.39.23"
    },
    "window": "Supplier",
    "extra": "Supplier data is opened"
},{
    "action": "log_data",
    "login": {
        "uid": "2",
        "date_time": "2018-02-17 19:39:37",
        "client_ip": "10.22.39.23"
    },
    "window": "Supplier",
    "extra": "Supplier data is opened"
},{
    "action": "log_data",
    "login": {
        "uid": "2",
        "date_time": "2018-02-17 19:40:05",
        "client_ip": "10.22.39.23"
    },
    "window": "Supplier",
    "extra": "Supplier data is opened"
},{
    "action": "log_data",
    "login": {
        "uid": "2",
        "date_time": "2018-02-17 19:40:26",
        "client_ip": "10.22.39.23"
    },
    "window": "Supplier",
    "extra": "Supplier data is opened"
},{
    "action": "log_data",
    "login": {
        "uid": "2",
        "date_time": "2018-02-17 19:40:46",
        "client_ip": "10.22.39.23"
    },
    "window": "Supplier",
    "extra": "Supplier data is opened"
},{
    "action": "log_data",
    "login": {
        "uid": "2",
        "date_time": "2018-02-17 19:45:42",
        "client_ip": "10.22.39.23"
    },
    "window": "Supplier",
    "extra": "Supplier data is opened"
},{
    "action": "log_data",
    "login": {
        "uid": "2",
        "date_time": "2018-02-17 19:45:25",
        "client_ip": "10.22.39.26"
    },
    "window": "Asset Stock",
    "extra": "Asset Stock Opened"
},{
    "action": "log_data",
    "login": {
        "uid": "2",
        "date_time": "2018-02-17 19:45:30",
        "client_ip": "10.22.39.26"
    },
    "window": "Medicine Stock",
    "extra": ""
},{
    "action": "log_data",
    "login": {
        "uid": "2",
        "date_time": "2018-02-17 19:45:31",
        "client_ip": "10.22.39.26"
    },
    "window": "medicine Inward",
    "extra": "medicine Inward is opened"
},{
    "action": "log_data",
    "login": {
        "uid": "2",
        "date_time": "2018-02-17 19:45:33",
        "client_ip": "10.22.39.26"
    },
    "window": "Medicine PO",
    "extra": "Medicine PO opened"
},{
    "action": "log_data",
    "login": {
        "uid": "2",
        "date_time": "2018-02-17 19:45:35",
        "client_ip": "10.22.39.26"
    },
    "window": "Medicines",
    "extra": "Medicines is opened"
},{
    "action": "log_data",
    "login": {
        "uid": "2",
        "date_time": "2018-02-17 19:45:37",
        "client_ip": "10.22.39.26"
    },
    "window": "Medicine Stock",
    "extra": ""
},{
    "action": "log_data",
    "login": {
        "uid": "2",
        "date_time": "2018-02-17 19:45:39",
        "client_ip": "10.22.39.26"
    },
    "window": "medicine Inward",
    "extra": "medicine Inward is opened"
},{
    "action": "log_data",
    "login": {
        "uid": "2",
        "date_time": "2018-02-17 19:45:42",
        "client_ip": "10.22.39.26"
    },
    "window": "To Add New Inward",
    "extra": ""
},{
    "action": "log_data",
    "login": {
        "uid": "2",
        "date_time": "2018-02-17 19:45:47",
        "client_ip": "10.22.39.26"
    },
    "window": "To Show the Items",
    "extra": "7"
},{
    "action": "log_data",
    "login": {
        "uid": "2",
        "date_time": "2018-02-17 19:45:47",
        "client_ip": "10.22.39.26"
    },
    "window": "To Show the Items",
    "extra": "7"
},{
    "action": "log_data",
    "login": {
        "uid": "2",
        "date_time": "2018-02-17 19:45:51",
        "client_ip": "10.22.39.26"
    },
    "window": "To Show the Items",
    "extra": "2"
},{
    "action": "log_data",
    "login": {
        "uid": "2",
        "date_time": "2018-02-17 19:45:52",
        "client_ip": "10.22.39.26"
    },
    "window": "To Show the Items",
    "extra": "2"
},{
    "action": "log_data",
    "login": {
        "uid": "2",
        "date_time": "2018-02-17 19:45:52",
        "client_ip": "10.22.39.26"
    },
    "window": "To Show the Items",
    "extra": "2"
},{
    "action": "log_data",
    "login": {
        "uid": "2",
        "date_time": "2018-02-17 19:45:56",
        "client_ip": "10.22.39.26"
    },
    "window": "To Show the Items",
    "extra": "3"
},{
    "action": "log_data",
    "login": {
        "uid": "2",
        "date_time": "2018-02-17 19:46:11",
        "client_ip": "10.22.39.26"
    },
    "window": "To Change the Date",
    "extra": ""
},{
    "action": "log_data",
    "login": {
        "uid": "2",
        "date_time": "2018-02-17 19:46:11",
        "client_ip": "10.22.39.26"
    },
    "window": "To Change the Date",
    "extra": ""
},{
    "action": "log_data",
    "login": {
        "uid": "2",
        "date_time": "2018-02-17 19:46:11",
        "client_ip": "10.22.39.26"
    },
    "window": "medicine Inward",
    "extra": "medicine_inward%5Bitems_list%5D%5B0%5D%5Bmpo_id%5D=3&medicine_inward%5Bitems_list%5D%5B0%5D%5Bitem_id%5D=1&medicine_inward%5Bitems_list%5D%5B0%5D%5Bmpo_item_name%5D=Holland%20Barrett%20Unique&medicine_inward%5Bitems_list%5D%5B0%5D%5Bitem_qty%5D=10&medicine_inward%5Bitems_list%5D%5B0%5D%5Bitem_rec_qty%5D=5&medicine_inward%5Bitems_list%5D%5B0%5D%5Bitem_pend_qty%5D=5&medicine_inward%5Bitems_list%5D%5B0%5D%5Bitem_amount%5D=10&medicine_inward%5Bitems_list%5D%5B0%5D%5Bitem_net_amount%5D=11.8&medicine_inward%5Bitems_list%5D%5B0%5D%5Bmpo_pp%5D=10.0000&medicine_inward%5Bitems_list%5D%5B0%5D%5Btax%5D=18&medicine_inward%5Bitems_list%5D%5B0%5D%5Bprevious_rec_qty%5D=4&medicine_inward%5Bitems_list%5D%5B0%5D%5Bprevious_pend_qty%5D=6&medicine_inward%5Bitems_list%5D%5B0%5D%5Bpresent_rec_qty%5D=1&medicine_inward%5Bitems_list%5D%5B0%5D%5Bbatch_no%5D=767&medicine_inward%5Bitems_list%5D%5B0%5D%5Bexpiry_date%5D=2%2F7%2F2018&medicine_inward%5Bmedicine_inward_supplier_id%5D=6&medicine_inward%5Bmedicine_inward_po_id%5D=3&medicine_inward%5Bmedicine_inward_user_id%5D=1&medicine_inward%5Bmedicine_inward_invoiceamt%5D=11.8&medicine_inward%5Bmedicine_inward_invoicedate%5D=2%2F17%2F2018&medicine_inward%5Bmedicine_inward_receiveddate%5D=2%2F17%2F2018&medicine_inward%5Bmedicine_inward_store_id%5D=1&medicine_inward%5Bmedicine_inward_invoiceno%5D=9898"
},{
    "action": "log_data",
    "login": {
        "uid": "2",
        "date_time": "2018-02-17 19:46:11",
        "client_ip": "10.22.39.26"
    },
    "window": "medicine Inward",
    "extra": "medicine Inward is opened"
},{
    "action": "log_data",
    "login": {
        "uid": "2",
        "date_time": "2018-02-17 19:46:14",
        "client_ip": "10.22.39.26"
    },
    "window": "To Add New Inward",
    "extra": ""
},{
    "action": "log_data",
    "login": {
        "uid": "2",
        "date_time": "2018-02-17 19:46:18",
        "client_ip": "10.22.39.26"
    },
    "window": "To Show the Items",
    "extra": "3"
},{
    "action": "log_data",
    "login": {
        "uid": "2",
        "date_time": "2018-02-17 19:46:29",
        "client_ip": "10.22.39.26"
    },
    "window": "To Change the Date",
    "extra": ""
},{
    "action": "log_data",
    "login": {
        "uid": "2",
        "date_time": "2018-02-17 19:46:29",
        "client_ip": "10.22.39.26"
    },
    "window": "To Change the Date",
    "extra": ""
},{
    "action": "log_data",
    "login": {
        "uid": "2",
        "date_time": "2018-02-17 19:46:29",
        "client_ip": "10.22.39.26"
    },
    "window": "medicine Inward",
    "extra": "medicine_inward%5Bitems_list%5D%5B0%5D%5Bmpo_id%5D=3&medicine_inward%5Bitems_list%5D%5B0%5D%5Bitem_id%5D=1&medicine_inward%5Bitems_list%5D%5B0%5D%5Bmpo_item_name%5D=Holland%20Barrett%20Unique&medicine_inward%5Bitems_list%5D%5B0%5D%5Bitem_qty%5D=10&medicine_inward%5Bitems_list%5D%5B0%5D%5Bitem_rec_qty%5D=7&medicine_inward%5Bitems_list%5D%5B0%5D%5Bitem_pend_qty%5D=3&medicine_inward%5Bitems_list%5D%5B0%5D%5Bitem_amount%5D=20&medicine_inward%5Bitems_list%5D%5B0%5D%5Bitem_net_amount%5D=23.6&medicine_inward%5Bitems_list%5D%5B0%5D%5Bmpo_pp%5D=10.0000&medicine_inward%5Bitems_list%5D%5B0%5D%5Btax%5D=18&medicine_inward%5Bitems_list%5D%5B0%5D%5Bprevious_rec_qty%5D=5&medicine_inward%5Bitems_list%5D%5B0%5D%5Bprevious_pend_qty%5D=5&medicine_inward%5Bitems_list%5D%5B0%5D%5Bpresent_rec_qty%5D=2&medicine_inward%5Bitems_list%5D%5B0%5D%5Bbatch_no%5D=54&medicine_inward%5Bitems_list%5D%5B0%5D%5Bexpiry_date%5D=1%2F31%2F2018&medicine_inward%5Bmedicine_inward_supplier_id%5D=6&medicine_inward%5Bmedicine_inward_po_id%5D=3&medicine_inward%5Bmedicine_inward_user_id%5D=1&medicine_inward%5Bmedicine_inward_invoiceamt%5D=23.6&medicine_inward%5Bmedicine_inward_invoicedate%5D=2%2F17%2F2018&medicine_inward%5Bmedicine_inward_receiveddate%5D=2%2F17%2F2018&medicine_inward%5Bmedicine_inward_store_id%5D=2&medicine_inward%5Bmedicine_inward_invoiceno%5D=34334"
},{
    "action": "log_data",
    "login": {
        "uid": "2",
        "date_time": "2018-02-17 19:46:29",
        "client_ip": "10.22.39.26"
    },
    "window": "medicine Inward",
    "extra": "medicine Inward is opened"
},{
    "action": "log_data",
    "login": {
        "uid": "2",
        "date_time": "2018-02-17 19:47:31",
        "client_ip": "10.22.39.23"
    },
    "window": "Supplier",
    "extra": "Supplier data is opened"
},{
    "action": "log_data",
    "login": {
        "uid": "2",
        "date_time": "2018-02-17 19:48:21",
        "client_ip": "10.22.39.26"
    },
    "window": "medicine Inward",
    "extra": "medicine Inward is opened"
},{
    "action": "log_data",
    "login": {
        "uid": "2",
        "date_time": "2018-02-17 19:48:41",
        "client_ip": "10.22.39.26"
    },
    "window": "medicine Inward",
    "extra": "medicine Inward is opened"
},{
    "action": "log_data",
    "login": {
        "uid": "2",
        "date_time": "2018-02-17 19:49:06",
        "client_ip": "10.22.39.26"
    },
    "window": "medicine Inward",
    "extra": "medicine Inward is opened"
},{
    "action": "log_data",
    "login": {
        "uid": "2",
        "date_time": "2018-02-17 19:49:29",
        "client_ip": "10.22.39.26"
    },
    "window": "medicine Inward",
    "extra": "medicine Inward is opened"
},{
    "action": "log_data",
    "login": {
        "uid": "2",
        "date_time": "2018-02-17 19:49:43",
        "client_ip": "10.22.39.26"
    },
    "window": "medicine Inward",
    "extra": "medicine Inward is opened"
},{
    "action": "log_data",
    "login": {
        "uid": "2",
        "date_time": "2018-02-17 19:49:47",
        "client_ip": "10.22.39.26"
    },
    "window": "Medicine Stock",
    "extra": ""
},{
    "action": "log_data",
    "login": {
        "uid": "2",
        "date_time": "2018-02-17 19:52:25",
        "client_ip": "10.22.39.23"
    },
    "window": "Supplier",
    "extra": "Supplier data is opened"
},{
    "action": "log_data",
    "login": {
        "uid": "2",
        "date_time": "2018-02-17 19:52:50",
        "client_ip": "10.22.39.23"
    },
    "window": "Supplier",
    "extra": "Supplier data is opened"
},{
    "action": "log_data",
    "login": {
        "uid": "2",
        "date_time": "2018-02-17 19:55:26",
        "client_ip": "10.22.39.23"
    },
    "window": "Supplier",
    "extra": "Supplier data is opened"
},{
    "action": "log_data",
    "login": {
        "uid": "2",
        "date_time": "2018-02-17 19:56:20",
        "client_ip": "10.22.39.23"
    },
    "window": "Supplier",
    "extra": "Supplier data is opened"
},{
    "action": "log_data",
    "login": {
        "uid": "2",
        "date_time": "2018-02-17 19:56:37",
        "client_ip": "10.22.39.23"
    },
    "window": "Supplier",
    "extra": "Supplier data is opened"
},{
    "action": "log_data",
    "login": {
        "uid": "2",
        "date_time": "2018-02-17 19:56:55",
        "client_ip": "10.22.39.23"
    },
    "window": "Supplier",
    "extra": "Supplier data is opened"
},{
    "action": "log_data",
    "login": {
        "uid": "2",
        "date_time": "2018-02-17 20:32:37",
        "client_ip": "10.22.39.23"
    },
    "window": "Supplier",
    "extra": "Supplier data is opened"
},{
    "action": "log_data",
    "login": {
        "uid": "2",
        "date_time": "2018-02-17 20:34:08",
        "client_ip": "10.22.39.23"
    },
    "window": "Supplier",
    "extra": "Supplier data is opened"
},{
    "action": "log_data",
    "login": {
        "uid": "2",
        "date_time": "2018-02-17 20:34:25",
        "client_ip": "10.22.39.23"
    },
    "window": "Supplier",
    "extra": "Supplier data is opened"
},{
    "action": "log_data",
    "login": {
        "uid": "2",
        "date_time": "2018-02-17 20:34:53",
        "client_ip": "10.22.39.23"
    },
    "window": "Supplier",
    "extra": "Supplier data is opened"
},{
    "action": "log_data",
    "login": {
        "uid": "2",
        "date_time": "2018-02-17 20:35:45",
        "client_ip": "10.22.39.23"
    },
    "window": "Supplier",
    "extra": "Supplier data is opened"
},