{
    "action": "log_data",
    "login": {
        "uid": "2",
        "date_time": "2018-03-09 10:56:05",
        "client_ip": "10.22.39.23"
    },
    "window": "InPatient",
    "extra": "Getting Total Out Patients"
},{
    "action": "log_data",
    "login": {
        "uid": "1",
        "date_time": "2018-03-09 13:04:18",
        "client_ip": "106.220.36.11"
    },
    "window": "InPatient",
    "extra": "Getting Total Out Patients"
},{
    "action": "log_data",
    "login": {
        "uid": "1",
        "date_time": "2018-03-09 13:05:24",
        "client_ip": "106.220.36.11"
    },
    "window": " New Patient ",
    "extra": "New patient Opened"
},{
    "action": "log_data",
    "login": {
        "uid": "1",
        "date_time": "2018-03-09 13:05:28",
        "client_ip": "106.220.36.11"
    },
    "window": "Doctor_ConsultData is Loaded",
    "extra": ""
},{
    "action": "log_data",
    "login": {
        "uid": "1",
        "date_time": "2018-03-09 13:05:30",
        "client_ip": "106.220.36.11"
    },
    "window": "OutPatient",
    "extra": "OutPatient Data Loaded"
},{
    "action": "log_data",
    "login": {
        "uid": "1",
        "date_time": "2018-03-09 13:05:39",
        "client_ip": "106.220.36.11"
    },
    "window": "InPatient",
    "extra": "Getting Total Out Patients"
},{
    "action": "log_data",
    "login": {
        "uid": "1",
        "date_time": "2018-03-09 13:05:57",
        "client_ip": "106.220.36.11"
    },
    "window": " New Patient ",
    "extra": "New patient Opened"
},{
    "action": "log_data",
    "login": {
        "uid": "4",
        "date_time": "2018-03-09 15:12:19",
        "client_ip": "10.22.39.22"
    },
    "window": "InPatient",
    "extra": "Getting Total Out Patients"
},{
    "action": "log_data",
    "login": {
        "uid": "1",
        "date_time": "2018-03-09 15:12:25",
        "client_ip": "10.22.39.44"
    },
    "window": "InPatient",
    "extra": "Getting Total Out Patients"
},{
    "action": "log_data",
    "login": {
        "uid": "4",
        "date_time": "2018-03-09 15:12:26",
        "client_ip": "10.22.39.22"
    },
    "window": " New Patient ",
    "extra": "New patient Opened"
},{
    "action": "log_data",
    "login": {
        "uid": "4",
        "date_time": "2018-03-09 15:12:37",
        "client_ip": "10.22.39.22"
    },
    "window": "InPatient",
    "extra": "Getting Beds"
},{
    "action": "log_data",
    "login": {
        "uid": "4",
        "date_time": "2018-03-09 15:19:17",
        "client_ip": "10.22.39.22"
    },
    "window": " New Patient ",
    "extra": "New patient Opened"
},{
    "action": "log_data",
    "login": {
        "uid": "2",
        "date_time": "2018-03-09 15:25:53",
        "client_ip": "10.22.39.23"
    },
    "window": "Users",
    "extra": "extra Data"
},{
    "action": "log_data",
    "login": {
        "uid": "2",
        "date_time": "2018-03-09 15:26:59",
        "client_ip": "10.22.39.23"
    },
    "window": " New Patient ",
    "extra": "New patient Opened"
},{
    "action": "log_data",
    "login": {
        "uid": "2",
        "date_time": "2018-03-09 15:27:08",
        "client_ip": "10.22.39.23"
    },
    "window": "InPatient",
    "extra": "Getting Beds"
},{
    "action": "log_data",
    "login": {
        "uid": "2",
        "date_time": "2018-03-09 15:27:08",
        "client_ip": "10.22.39.23"
    },
    "window": "InPatient",
    "extra": "Getting Beds"
},{
    "action": "log_data",
    "login": {
        "uid": "2",
        "date_time": "2018-03-09 15:27:20",
        "client_ip": "10.22.39.23"
    },
    "window": "Doctor_ConsultData is Loaded",
    "extra": ""
},{
    "action": "log_data",
    "login": {
        "uid": "2",
        "date_time": "2018-03-09 15:27:31",
        "client_ip": "10.22.39.23"
    },
    "window": "InPatient",
    "extra": "Getting Beds"
},{
    "action": "log_data",
    "login": {
        "uid": "2",
        "date_time": "2018-03-09 15:27:31",
        "client_ip": "10.22.39.23"
    },
    "window": "InPatient",
    "extra": "Getting Beds"
},{
    "action": "log_data",
    "login": {
        "uid": "2",
        "date_time": "2018-03-09 15:32:05",
        "client_ip": "10.22.39.23"
    },
    "window": "InPatient",
    "extra": "Getting Beds"
},{
    "action": "log_data",
    "login": {
        "uid": "2",
        "date_time": "2018-03-09 15:33:42",
        "client_ip": "10.22.39.23"
    },
    "window": "InPatient",
    "extra": "Getting Beds"
},{
    "action": "log_data",
    "login": {
        "uid": "2",
        "date_time": "2018-03-09 15:35:38",
        "client_ip": "10.22.39.23"
    },
    "window": "InPatient",
    "extra": "Getting Beds"
},{
    "action": "log_data",
    "login": {
        "uid": "2",
        "date_time": "2018-03-09 15:36:40",
        "client_ip": "10.22.39.23"
    },
    "window": "InPatient",
    "extra": "Getting Beds"
},{
    "action": "log_data",
    "login": {
        "uid": "2",
        "date_time": "2018-03-09 15:40:23",
        "client_ip": "10.22.39.23"
    },
    "window": "InPatient",
    "extra": "Getting Beds"
},{
    "action": "log_data",
    "login": {
        "uid": "2",
        "date_time": "2018-03-09 15:42:06",
        "client_ip": "10.22.39.23"
    },
    "window": "InPatient",
    "extra": "Getting Beds"
},{
    "action": "log_data",
    "login": {
        "uid": "2",
        "date_time": "2018-03-09 15:42:58",
        "client_ip": "10.22.39.23"
    },
    "window": "InPatient",
    "extra": "Getting Beds"
},{
    "action": "log_data",
    "login": {
        "uid": "2",
        "date_time": "2018-03-09 15:43:39",
        "client_ip": "10.22.39.23"
    },
    "window": "InPatient",
    "extra": "Getting Beds"
},{
    "action": "log_data",
    "login": {
        "uid": "2",
        "date_time": "2018-03-09 15:44:35",
        "client_ip": "10.22.39.23"
    },
    "window": "InPatient",
    "extra": "Getting Beds"
},{
    "action": "log_data",
    "login": {
        "uid": "2",
        "date_time": "2018-03-09 15:46:01",
        "client_ip": "10.22.39.23"
    },
    "window": "InPatient",
    "extra": "Getting Beds"
},{
    "action": "log_data",
    "login": {
        "uid": "2",
        "date_time": "2018-03-09 15:46:51",
        "client_ip": "10.22.39.23"
    },
    "window": "InPatient",
    "extra": "Getting Beds"
},{
    "action": "log_data",
    "login": {
        "uid": "2",
        "date_time": "2018-03-09 15:47:14",
        "client_ip": "10.22.39.23"
    },
    "window": "InPatient",
    "extra": "Getting Beds"
},{
    "action": "log_data",
    "login": {
        "uid": "2",
        "date_time": "2018-03-09 15:48:25",
        "client_ip": "10.22.39.23"
    },
    "window": "InPatient",
    "extra": "Getting Beds"
},{
    "action": "log_data",
    "login": {
        "uid": "2",
        "date_time": "2018-03-09 15:48:34",
        "client_ip": "10.22.39.23"
    },
    "window": "Users",
    "extra": "extra Data"
},{
    "action": "log_data",
    "login": {
        "uid": "2",
        "date_time": "2018-03-09 15:48:44",
        "client_ip": "10.22.39.23"
    },
    "window": "Users",
    "extra": "extra Data"
},{
    "action": "log_data",
    "login": {
        "uid": "2",
        "date_time": "2018-03-09 15:48:45",
        "client_ip": "10.22.39.23"
    },
    "window": "Users",
    "extra": "extra Data"
},{
    "action": "log_data",
    "login": {
        "uid": "2",
        "date_time": "2018-03-09 15:48:46",
        "client_ip": "10.22.39.23"
    },
    "window": "Users",
    "extra": "extra Data"
},{
    "action": "log_data",
    "login": {
        "uid": "2",
        "date_time": "2018-03-09 15:48:49",
        "client_ip": "10.22.39.23"
    },
    "window": "Users",
    "extra": "extra Data"
},{
    "action": "log_data",
    "login": {
        "uid": "2",
        "date_time": "2018-03-09 15:48:50",
        "client_ip": "10.22.39.23"
    },
    "window": "Supplier",
    "extra": "Supplier data is opened"
},{
    "action": "log_data",
    "login": {
        "uid": "2",
        "date_time": "2018-03-09 15:48:52",
        "client_ip": "10.22.39.23"
    },
    "window": "Stores",
    "extra": "Stores is opened"
},{
    "action": "log_data",
    "login": {
        "uid": "2",
        "date_time": "2018-03-09 15:48:53",
        "client_ip": "10.22.39.23"
    },
    "window": "Supplier",
    "extra": "Supplier data is opened"
},{
    "action": "log_data",
    "login": {
        "uid": "2",
        "date_time": "2018-03-09 15:49:01",
        "client_ip": "10.22.39.23"
    },
    "window": " New Patient ",
    "extra": "New patient Opened"
},{
    "action": "log_data",
    "login": {
        "uid": "2",
        "date_time": "2018-03-09 15:51:14",
        "client_ip": "10.22.39.23"
    },
    "window": "InPatient",
    "extra": "Getting Beds"
},{
    "action": "log_data",
    "login": {
        "uid": "2",
        "date_time": "2018-03-09 15:51:17",
        "client_ip": "10.22.39.23"
    },
    "window": "InPatient",
    "extra": "Getting Beds"
},{
    "action": "log_data",
    "login": {
        "uid": "2",
        "date_time": "2018-03-09 15:54:53",
        "client_ip": "10.22.39.23"
    },
    "window": "InPatient",
    "extra": "Getting Beds"
},{
    "action": "log_data",
    "login": {
        "uid": "2",
        "date_time": "2018-03-09 15:56:09",
        "client_ip": "10.22.39.23"
    },
    "window": "InPatient",
    "extra": "Getting Beds"
},{
    "action": "log_data",
    "login": {
        "uid": "2",
        "date_time": "2018-03-09 15:57:21",
        "client_ip": "10.22.39.23"
    },
    "window": "InPatient",
    "extra": "Getting Beds"
},{
    "action": "log_data",
    "login": {
        "uid": "2",
        "date_time": "2018-03-09 15:58:05",
        "client_ip": "10.22.39.23"
    },
    "window": "InPatient",
    "extra": "Getting Beds"
},{
    "action": "log_data",
    "login": {
        "uid": "2",
        "date_time": "2018-03-09 16:00:01",
        "client_ip": "10.22.39.23"
    },
    "window": "InPatient",
    "extra": "Getting Beds"
},{
    "action": "log_data",
    "login": {
        "uid": "2",
        "date_time": "2018-03-09 16:03:13",
        "client_ip": "10.22.39.23"
    },
    "window": "InPatient",
    "extra": "Getting Beds"
},{
    "action": "log_data",
    "login": {
        "uid": "2",
        "date_time": "2018-03-09 16:06:39",
        "client_ip": "10.22.39.23"
    },
    "window": "InPatient",
    "extra": "Getting Beds"
},{
    "action": "log_data",
    "login": {
        "uid": "2",
        "date_time": "2018-03-09 16:07:39",
        "client_ip": "10.22.39.23"
    },
    "window": "InPatient",
    "extra": "Getting Beds"
},{
    "action": "log_data",
    "login": {
        "uid": "2",
        "date_time": "2018-03-09 16:08:42",
        "client_ip": "10.22.39.23"
    },
    "window": "InPatient",
    "extra": "Getting Beds"
},{
    "action": "log_data",
    "login": {
        "uid": "2",
        "date_time": "2018-03-09 16:09:40",
        "client_ip": "10.22.39.23"
    },
    "window": "InPatient",
    "extra": "Getting Beds"
},{
    "action": "log_data",
    "login": {
        "uid": "2",
        "date_time": "2018-03-09 16:10:21",
        "client_ip": "10.22.39.23"
    },
    "window": "InPatient",
    "extra": "Getting Beds"
},{
    "action": "log_data",
    "login": {
        "uid": "2",
        "date_time": "2018-03-09 16:10:49",
        "client_ip": "10.22.39.23"
    },
    "window": "InPatient",
    "extra": "Getting Beds"
},{
    "action": "log_data",
    "login": {
        "uid": "2",
        "date_time": "2018-03-09 16:12:28",
        "client_ip": "10.22.39.23"
    },
    "window": "InPatient",
    "extra": "Getting Beds"
},{
    "action": "log_data",
    "login": {
        "uid": "2",
        "date_time": "2018-03-09 16:12:59",
        "client_ip": "10.22.39.23"
    },
    "window": "InPatient",
    "extra": "Getting Beds"
},{
    "action": "log_data",
    "login": {
        "uid": "2",
        "date_time": "2018-03-09 16:13:41",
        "client_ip": "10.22.39.23"
    },
    "window": "InPatient",
    "extra": "Getting Beds"
},{
    "action": "log_data",
    "login": {
        "uid": "2",
        "date_time": "2018-03-09 16:15:48",
        "client_ip": "10.22.39.23"
    },
    "window": "InPatient",
    "extra": "Getting Beds"
},{
    "action": "log_data",
    "login": {
        "uid": "2",
        "date_time": "2018-03-09 16:18:00",
        "client_ip": "10.22.39.23"
    },
    "window": "InPatient",
    "extra": "Getting Beds"
},{
    "action": "log_data",
    "login": {
        "uid": "2",
        "date_time": "2018-03-09 16:20:19",
        "client_ip": "10.22.39.23"
    },
    "window": "InPatient",
    "extra": "Getting Beds"
},{
    "action": "log_data",
    "login": {
        "uid": "2",
        "date_time": "2018-03-09 16:28:18",
        "client_ip": "10.22.39.23"
    },
    "window": "InPatient",
    "extra": "Getting Beds"
},{
    "action": "log_data",
    "login": {
        "uid": "2",
        "date_time": "2018-03-09 16:33:30",
        "client_ip": "10.22.39.23"
    },
    "window": "InPatient",
    "extra": "Getting Beds"
},{
    "action": "log_data",
    "login": {
        "uid": "2",
        "date_time": "2018-03-09 16:40:52",
        "client_ip": "10.22.39.23"
    },
    "window": "InPatient",
    "extra": "Getting Beds"
},{
    "action": "log_data",
    "login": {
        "uid": "2",
        "date_time": "2018-03-09 16:41:30",
        "client_ip": "10.22.39.23"
    },
    "window": "InPatient",
    "extra": "Getting Beds"
},{
    "action": "log_data",
    "login": {
        "uid": "2",
        "date_time": "2018-03-09 16:43:00",
        "client_ip": "10.22.39.23"
    },
    "window": "InPatient",
    "extra": "Getting Beds"
},{
    "action": "log_data",
    "login": {
        "uid": "2",
        "date_time": "2018-03-09 16:44:41",
        "client_ip": "10.22.39.23"
    },
    "window": "InPatient",
    "extra": "Getting Beds"
},{
    "action": "log_data",
    "login": {
        "uid": "2",
        "date_time": "2018-03-09 16:45:07",
        "client_ip": "10.22.39.23"
    },
    "window": "InPatient",
    "extra": "Getting Beds"
},{
    "action": "log_data",
    "login": {
        "uid": "2",
        "date_time": "2018-03-09 16:45:31",
        "client_ip": "10.22.39.23"
    },
    "window": "InPatient",
    "extra": "Getting Beds"
},{
    "action": "log_data",
    "login": {
        "uid": "2",
        "date_time": "2018-03-09 16:45:54",
        "client_ip": "10.22.39.23"
    },
    "window": "InPatient",
    "extra": "Getting Beds"
},{
    "action": "log_data",
    "login": {
        "uid": "2",
        "date_time": "2018-03-09 16:46:17",
        "client_ip": "10.22.39.23"
    },
    "window": "InPatient",
    "extra": "Getting Beds"
},{
    "action": "log_data",
    "login": {
        "uid": "2",
        "date_time": "2018-03-09 16:53:28",
        "client_ip": "10.22.39.23"
    },
    "window": "InPatient",
    "extra": "Bed Section"
},{
    "action": "log_data",
    "login": {
        "uid": "2",
        "date_time": "2018-03-09 16:54:57",
        "client_ip": "10.22.39.23"
    },
    "window": "InPatient",
    "extra": "Getting Beds"
},{
    "action": "log_data",
    "login": {
        "uid": "2",
        "date_time": "2018-03-09 16:58:17",
        "client_ip": "10.22.39.23"
    },
    "window": "InPatient",
    "extra": "Getting Beds"
},{
    "action": "log_data",
    "login": {
        "uid": "2",
        "date_time": "2018-03-09 16:58:57",
        "client_ip": "10.22.39.23"
    },
    "window": "InPatient",
    "extra": "Getting Beds"
},{
    "action": "log_data",
    "login": {
        "uid": "2",
        "date_time": "2018-03-09 17:00:00",
        "client_ip": "10.22.39.23"
    },
    "window": "InPatient",
    "extra": "Getting Beds"
},{
    "action": "log_data",
    "login": {
        "uid": "2",
        "date_time": "2018-03-09 17:02:24",
        "client_ip": "10.22.39.23"
    },
    "window": "InPatient",
    "extra": "Getting Beds"
},{
    "action": "log_data",
    "login": {
        "uid": "2",
        "date_time": "2018-03-09 17:04:21",
        "client_ip": "10.22.39.23"
    },
    "window": "InPatient",
    "extra": "Getting Beds"
},{
    "action": "log_data",
    "login": {
        "uid": "2",
        "date_time": "2018-03-09 17:05:51",
        "client_ip": "10.22.39.23"
    },
    "window": "InPatient",
    "extra": "Getting Beds"
},{
    "action": "log_data",
    "login": {
        "uid": "2",
        "date_time": "2018-03-09 17:07:54",
        "client_ip": "10.22.39.23"
    },
    "window": "InPatient",
    "extra": "Getting Beds"
},{
    "action": "log_data",
    "login": {
        "uid": "2",
        "date_time": "2018-03-09 17:09:02",
        "client_ip": "10.22.39.23"
    },
    "window": "InPatient",
    "extra": "Getting Beds"
},{
    "action": "log_data",
    "login": {
        "uid": "2",
        "date_time": "2018-03-09 17:09:35",
        "client_ip": "10.22.39.23"
    },
    "window": "InPatient",
    "extra": "Getting Beds"
},{
    "action": "log_data",
    "login": {
        "uid": "2",
        "date_time": "2018-03-09 17:10:05",
        "client_ip": "10.22.39.23"
    },
    "window": "InPatient",
    "extra": "Getting Beds"
},{
    "action": "log_data",
    "login": {
        "uid": "2",
        "date_time": "2018-03-09 17:11:24",
        "client_ip": "10.22.39.23"
    },
    "window": "InPatient",
    "extra": "Getting Beds"
},{
    "action": "log_data",
    "login": {
        "uid": "2",
        "date_time": "2018-03-09 17:12:33",
        "client_ip": "10.22.39.23"
    },
    "window": "InPatient",
    "extra": "Getting Beds"
},{
    "action": "log_data",
    "login": {
        "uid": "2",
        "date_time": "2018-03-09 17:13:57",
        "client_ip": "10.22.39.23"
    },
    "window": "InPatient",
    "extra": "Getting Beds"
},{
    "action": "log_data",
    "login": {
        "uid": "2",
        "date_time": "2018-03-09 17:14:22",
        "client_ip": "10.22.39.23"
    },
    "window": "InPatient",
    "extra": "Getting Beds"
},{
    "action": "log_data",
    "login": {
        "uid": "2",
        "date_time": "2018-03-09 17:15:29",
        "client_ip": "10.22.39.23"
    },
    "window": "InPatient",
    "extra": "Getting Beds"
},{
    "action": "log_data",
    "login": {
        "uid": "2",
        "date_time": "2018-03-09 17:16:13",
        "client_ip": "10.22.39.23"
    },
    "window": "InPatient",
    "extra": "Allocate Bed"
},{
    "action": "log_data",
    "login": {
        "uid": "2",
        "date_time": "2018-03-09 17:18:05",
        "client_ip": "10.22.39.23"
    },
    "window": "InPatient",
    "extra": "Getting Beds"
},{
    "action": "log_data",
    "login": {
        "uid": "2",
        "date_time": "2018-03-09 17:18:19",
        "client_ip": "10.22.39.23"
    },
    "window": "InPatient",
    "extra": "Bed Section"
},{
    "action": "log_data",
    "login": {
        "uid": "2",
        "date_time": "2018-03-09 17:18:19",
        "client_ip": "10.22.39.23"
    },
    "window": "InPatient",
    "extra": "Bed Section"
},{
    "action": "log_data",
    "login": {
        "uid": "2",
        "date_time": "2018-03-09 17:19:57",
        "client_ip": "10.22.39.23"
    },
    "window": "InPatient",
    "extra": "Getting Beds"
},{
    "action": "log_data",
    "login": {
        "uid": "2",
        "date_time": "2018-03-09 17:22:19",
        "client_ip": "10.22.39.23"
    },
    "window": "InPatient",
    "extra": "Getting Beds"
},{
    "action": "log_data",
    "login": {
        "uid": "2",
        "date_time": "2018-03-09 17:22:54",
        "client_ip": "10.22.39.23"
    },
    "window": "InPatient",
    "extra": "Getting Beds"
},{
    "action": "log_data",
    "login": {
        "uid": "2",
        "date_time": "2018-03-09 17:23:47",
        "client_ip": "10.22.39.23"
    },
    "window": "InPatient",
    "extra": "Getting Beds"
},{
    "action": "log_data",
    "login": {
        "uid": "2",
        "date_time": "2018-03-09 17:24:37",
        "client_ip": "10.22.39.23"
    },
    "window": "InPatient",
    "extra": "Getting Beds"
},{
    "action": "log_data",
    "login": {
        "uid": "2",
        "date_time": "2018-03-09 17:26:53",
        "client_ip": "10.22.39.23"
    },
    "window": "InPatient",
    "extra": "Getting Beds"
},{
    "action": "log_data",
    "login": {
        "uid": "2",
        "date_time": "2018-03-09 17:28:26",
        "client_ip": "10.22.39.23"
    },
    "window": "InPatient",
    "extra": "Getting Beds"
},{
    "action": "log_data",
    "login": {
        "uid": "2",
        "date_time": "2018-03-09 17:29:22",
        "client_ip": "10.22.39.23"
    },
    "window": "InPatient",
    "extra": "Getting Beds"
},{
    "action": "log_data",
    "login": {
        "uid": "2",
        "date_time": "2018-03-09 17:30:20",
        "client_ip": "10.22.39.23"
    },
    "window": "InPatient",
    "extra": "Getting Beds"
},{
    "action": "log_data",
    "login": {
        "uid": "2",
        "date_time": "2018-03-09 17:33:10",
        "client_ip": "10.22.39.23"
    },
    "window": "InPatient",
    "extra": "Getting Beds"
},{
    "action": "log_data",
    "login": {
        "uid": "2",
        "date_time": "2018-03-09 17:33:53",
        "client_ip": "10.22.39.23"
    },
    "window": "InPatient",
    "extra": "Getting Beds"
},{
    "action": "log_data",
    "login": {
        "uid": "2",
        "date_time": "2018-03-09 17:36:44",
        "client_ip": "10.22.39.23"
    },
    "window": "InPatient",
    "extra": "Getting Beds"
},{
    "action": "log_data",
    "login": {
        "uid": "1",
        "date_time": "2018-03-09 17:36:47",
        "client_ip": "106.220.146.125"
    },
    "window": "InPatient",
    "extra": "Getting Total Out Patients"
},{
    "action": "log_data",
    "login": {
        "uid": "4",
        "date_time": "2018-03-09 17:36:58",
        "client_ip": "106.220.146.125"
    },
    "window": "InPatient",
    "extra": "Getting Total Out Patients"
},{
    "action": "log_data",
    "login": {
        "uid": "1",
        "date_time": "2018-03-09 17:36:55",
        "client_ip": "106.220.146.125"
    },
    "window": " New Patient ",
    "extra": "New patient Opened"
},{
    "action": "log_data",
    "login": {
        "uid": "4",
        "date_time": "2018-03-09 17:37:01",
        "client_ip": "106.220.146.125"
    },
    "window": " New Patient ",
    "extra": "New patient Opened"
},{
    "action": "log_data",
    "login": {
        "uid": "1",
        "date_time": "2018-03-09 17:36:58",
        "client_ip": "106.220.146.125"
    },
    "window": "OutPatient",
    "extra": "OutPatient Data Loaded"
},{
    "action": "log_data",
    "login": {
        "uid": "1",
        "date_time": "2018-03-09 17:37:00",
        "client_ip": "106.220.146.125"
    },
    "window": " New Patient ",
    "extra": "New patient Opened"
},{
    "action": "log_data",
    "login": {
        "uid": "4",
        "date_time": "2018-03-09 17:37:09",
        "client_ip": "106.220.146.125"
    },
    "window": "InPatient",
    "extra": "Getting Beds"
},{
    "action": "log_data",
    "login": {
        "uid": "1",
        "date_time": "2018-03-09 17:37:11",
        "client_ip": "106.220.146.125"
    },
    "window": "InPatient",
    "extra": "Getting Beds"
},{
    "action": "log_data",
    "login": {
        "uid": "4",
        "date_time": "2018-03-09 17:37:44",
        "client_ip": "106.220.146.125"
    },
    "window": "InPatient",
    "extra": "Getting Total Out Patients"
},{
    "action": "log_data",
    "login": {
        "uid": "1",
        "date_time": "2018-03-09 17:37:54",
        "client_ip": "106.220.146.125"
    },
    "window": "InPatient",
    "extra": "Allocate Bed"
},{
    "action": "log_data",
    "login": {
        "uid": "1",
        "date_time": "2018-03-09 17:37:59",
        "client_ip": "106.220.146.125"
    },
    "window": "InPatient",
    "extra": "Bed Section"
},{
    "action": "log_data",
    "login": {
        "uid": "4",
        "date_time": "2018-03-09 17:38:05",
        "client_ip": "106.220.146.125"
    },
    "window": " New Patient ",
    "extra": "New patient Opened"
},{
    "action": "log_data",
    "login": {
        "uid": "1",
        "date_time": "2018-03-09 17:38:07",
        "client_ip": "106.220.146.125"
    },
    "window": "InPatient",
    "extra": "Allocate Bed"
},{
    "action": "log_data",
    "login": {
        "uid": "1",
        "date_time": "2018-03-09 17:38:54",
        "client_ip": "106.220.146.125"
    },
    "window": " New Patient ",
    "extra": "New patient Opened"
},{
    "action": "log_data",
    "login": {
        "uid": "1",
        "date_time": "2018-03-09 17:39:08",
        "client_ip": "106.220.146.125"
    },
    "window": " New Patient ",
    "extra": "New patient Opened"
},{
    "action": "log_data",
    "login": {
        "uid": "1",
        "date_time": "2018-03-09 17:39:11",
        "client_ip": "106.220.146.125"
    },
    "window": "InPatient",
    "extra": "Getting Beds"
},{
    "action": "log_data",
    "login": {
        "uid": "1",
        "date_time": "2018-03-09 17:39:26",
        "client_ip": "106.220.146.125"
    },
    "window": "InPatient",
    "extra": "Allocate Bed"
},{
    "action": "log_data",
    "login": {
        "uid": "1",
        "date_time": "2018-03-09 17:39:28",
        "client_ip": "106.220.146.125"
    },
    "window": "InPatient",
    "extra": "Bed Section"
},{
    "action": "log_data",
    "login": {
        "uid": "1",
        "date_time": "2018-03-09 17:39:32",
        "client_ip": "106.220.146.125"
    },
    "window": "InPatient",
    "extra": "Getting Total Out Patients"
},{
    "action": "log_data",
    "login": {
        "uid": "1",
        "date_time": "2018-03-09 17:39:31",
        "client_ip": "106.220.146.125"
    },
    "window": "InPatient",
    "extra": "Allocate Bed"
},{
    "action": "log_data",
    "login": {
        "uid": "1",
        "date_time": "2018-03-09 17:39:36",
        "client_ip": "106.220.146.125"
    },
    "window": " New Patient ",
    "extra": "New patient Opened"
},{
    "action": "log_data",
    "login": {
        "uid": "1",
        "date_time": "2018-03-09 17:39:40",
        "client_ip": "106.220.146.125"
    },
    "window": "InPatient",
    "extra": "Getting Beds"
},{
    "action": "log_data",
    "login": {
        "uid": "1",
        "date_time": "2018-03-09 17:40:35",
        "client_ip": "106.220.146.125"
    },
    "window": " New Patient ",
    "extra": "New patient Opened"
},{
    "action": "log_data",
    "login": {
        "uid": "1",
        "date_time": "2018-03-09 17:40:39",
        "client_ip": "106.220.146.125"
    },
    "window": "InPatient",
    "extra": "Getting Beds"
},{
    "action": "log_data",
    "login": {
        "uid": "1",
        "date_time": "2018-03-09 17:40:48",
        "client_ip": "10.22.39.44"
    },
    "window": "InPatient",
    "extra": "Getting Total Out Patients"
},{
    "action": "log_data",
    "login": {
        "uid": "1",
        "date_time": "2018-03-09 17:40:53",
        "client_ip": "10.22.39.44"
    },
    "window": " New Patient ",
    "extra": "New patient Opened"
},{
    "action": "log_data",
    "login": {
        "uid": "1",
        "date_time": "2018-03-09 17:40:57",
        "client_ip": "106.220.146.125"
    },
    "window": "InPatient",
    "extra": "Getting Beds"
},{
    "action": "log_data",
    "login": {
        "uid": "1",
        "date_time": "2018-03-09 17:40:58",
        "client_ip": "10.22.39.44"
    },
    "window": "Doctor_ConsultData is Loaded",
    "extra": ""
},{
    "action": "log_data",
    "login": {
        "uid": "1",
        "date_time": "2018-03-09 17:41:03",
        "client_ip": "10.22.39.44"
    },
    "window": "InPatient",
    "extra": "Getting Total Out Patients"
},{
    "action": "log_data",
    "login": {
        "uid": "1",
        "date_time": "2018-03-09 17:41:06",
        "client_ip": "10.22.39.44"
    },
    "window": " New Patient ",
    "extra": "New patient Opened"
},{
    "action": "log_data",
    "login": {
        "uid": "1",
        "date_time": "2018-03-09 17:41:12",
        "client_ip": "10.22.39.44"
    },
    "window": "Doctor_ConsultData is Loaded",
    "extra": ""
},{
    "action": "log_data",
    "login": {
        "uid": "1",
        "date_time": "2018-03-09 17:41:13",
        "client_ip": "10.22.39.44"
    },
    "window": "OutPatient",
    "extra": "OutPatient Data Loaded"
},{
    "action": "log_data",
    "login": {
        "uid": "1",
        "date_time": "2018-03-09 17:41:26",
        "client_ip": "10.22.39.44"
    },
    "window": "Users",
    "extra": "extra Data"
},{
    "action": "log_data",
    "login": {
        "uid": "1",
        "date_time": "2018-03-09 17:41:32",
        "client_ip": "10.22.39.44"
    },
    "window": "Users",
    "extra": "extra Data"
},{
    "action": "log_data",
    "login": {
        "uid": "1",
        "date_time": "2018-03-09 17:41:40",
        "client_ip": "10.22.39.44"
    },
    "window": "InPatient",
    "extra": "Getting Total Out Patients"
},{
    "action": "log_data",
    "login": {
        "uid": "1",
        "date_time": "2018-03-09 17:41:47",
        "client_ip": "10.22.39.44"
    },
    "window": " New Patient ",
    "extra": "New patient Opened"
},{
    "action": "log_data",
    "login": {
        "uid": "1",
        "date_time": "2018-03-09 17:41:50",
        "client_ip": "10.22.39.44"
    },
    "window": "Doctor_ConsultData is Loaded",
    "extra": ""
},{
    "action": "log_data",
    "login": {
        "uid": "1",
        "date_time": "2018-03-09 17:41:52",
        "client_ip": "10.22.39.44"
    },
    "window": "OutPatient",
    "extra": "OutPatient Data Loaded"
},{
    "action": "log_data",
    "login": {
        "uid": "1",
        "date_time": "2018-03-09 17:41:54",
        "client_ip": "10.22.39.44"
    },
    "window": "Doctor_ConsultData is Loaded",
    "extra": ""
},{
    "action": "log_data",
    "login": {
        "uid": "1",
        "date_time": "2018-03-09 17:41:56",
        "client_ip": "10.22.39.44"
    },
    "window": "Add New Consult",
    "extra": ""
},{
    "action": "log_data",
    "login": {
        "uid": "1",
        "date_time": "2018-03-09 17:42:01",
        "client_ip": "10.22.39.44"
    },
    "window": "InPatient",
    "extra": "Getting Total Out Patients"
},{
    "action": "log_data",
    "login": {
        "uid": "1",
        "date_time": "2018-03-09 17:42:20",
        "client_ip": "10.22.39.44"
    },
    "window": " New Patient ",
    "extra": "New patient Opened"
},{
    "action": "log_data",
    "login": {
        "uid": "1",
        "date_time": "2018-03-09 17:42:27",
        "client_ip": "10.22.39.44"
    },
    "window": "OutPatient",
    "extra": "OutPatient Data Loaded"
},{
    "action": "log_data",
    "login": {
        "uid": "1",
        "date_time": "2018-03-09 17:42:29",
        "client_ip": "10.22.39.44"
    },
    "window": " New Patient ",
    "extra": "New patient Opened"
},{
    "action": "log_data",
    "login": {
        "uid": "1",
        "date_time": "2018-03-09 17:43:30",
        "client_ip": "10.22.39.44"
    },
    "window": " New Patient ",
    "extra": "New patient Opened"
},{
    "action": "log_data",
    "login": {
        "uid": "1",
        "date_time": "2018-03-09 17:43:37",
        "client_ip": "10.22.39.44"
    },
    "window": "OutPatient",
    "extra": "OutPatient Data Loaded"
},{
    "action": "log_data",
    "login": {
        "uid": "1",
        "date_time": "2018-03-09 17:44:04",
        "client_ip": "10.22.39.44"
    },
    "window": "InPatient",
    "extra": "Getting Total Out Patients"
},{
    "action": "log_data",
    "login": {
        "uid": "1",
        "date_time": "2018-03-09 17:44:30",
        "client_ip": "10.22.39.44"
    },
    "window": "OutPatient",
    "extra": "OutPatient Data Loaded"
},{
    "action": "log_data",
    "login": {
        "uid": "1",
        "date_time": "2018-03-09 17:44:33",
        "client_ip": "10.22.39.44"
    },
    "window": " New Patient ",
    "extra": "New patient Opened"
},{
    "action": "log_data",
    "login": {
        "uid": "1",
        "date_time": "2018-03-09 17:45:10",
        "client_ip": "10.22.39.44"
    },
    "window": "OutPatient",
    "extra": "OutPatient Data Loaded"
},{
    "action": "log_data",
    "login": {
        "uid": "1",
        "date_time": "2018-03-09 17:45:12",
        "client_ip": "10.22.39.44"
    },
    "window": "Doctor_ConsultData is Loaded",
    "extra": ""
},{
    "action": "log_data",
    "login": {
        "uid": "1",
        "date_time": "2018-03-09 17:45:13",
        "client_ip": "10.22.39.44"
    },
    "window": " New Patient ",
    "extra": "New patient Opened"
},{
    "action": "log_data",
    "login": {
        "uid": "1",
        "date_time": "2018-03-09 17:46:07",
        "client_ip": "10.22.39.44"
    },
    "window": "Doctor_ConsultData is Loaded",
    "extra": ""
},{
    "action": "log_data",
    "login": {
        "uid": "1",
        "date_time": "2018-03-09 17:46:09",
        "client_ip": "10.22.39.44"
    },
    "window": " New Patient ",
    "extra": "New patient Opened"
},{
    "action": "log_data",
    "login": {
        "uid": "1",
        "date_time": "2018-03-09 17:46:52",
        "client_ip": "106.220.146.125"
    },
    "window": " New Patient ",
    "extra": "New patient Opened"
},{
    "action": "log_data",
    "login": {
        "uid": "1",
        "date_time": "2018-03-09 17:46:55",
        "client_ip": "106.220.146.125"
    },
    "window": "OutPatient",
    "extra": "OutPatient Data Loaded"
},{
    "action": "log_data",
    "login": {
        "uid": "1",
        "date_time": "2018-03-09 17:46:57",
        "client_ip": "106.220.146.125"
    },
    "window": "Doctor_ConsultData is Loaded",
    "extra": ""
},{
    "action": "log_data",
    "login": {
        "uid": "1",
        "date_time": "2018-03-09 17:46:59",
        "client_ip": "106.220.146.125"
    },
    "window": " New Patient ",
    "extra": "New patient Opened"
},{
    "action": "log_data",
    "login": {
        "uid": "1",
        "date_time": "2018-03-09 17:47:19",
        "client_ip": "106.220.146.125"
    },
    "window": "InPatient",
    "extra": "Getting Beds"
},{
    "action": "log_data",
    "login": {
        "uid": "1",
        "date_time": "2018-03-09 17:48:07",
        "client_ip": "106.220.146.125"
    },
    "window": "InPatient",
    "extra": "Bed Section"
},{
    "action": "log_data",
    "login": {
        "uid": "2",
        "date_time": "2018-03-09 17:48:14",
        "client_ip": "10.22.39.23"
    },
    "window": "InPatient",
    "extra": "Getting Beds"
},{
    "action": "log_data",
    "login": {
        "uid": "2",
        "date_time": "2018-03-09 17:48:49",
        "client_ip": "10.22.39.23"
    },
    "window": "InPatient",
    "extra": "Allocate Bed"
},{
    "action": "log_data",
    "login": {
        "uid": "2",
        "date_time": "2018-03-09 17:49:41",
        "client_ip": "10.22.39.23"
    },
    "window": "InPatient",
    "extra": "Allocate Bed"
},{
    "action": "log_data",
    "login": {
        "uid": "2",
        "date_time": "2018-03-09 17:51:36",
        "client_ip": "10.22.39.23"
    },
    "window": "InPatient",
    "extra": "Getting Beds"
},{
    "action": "log_data",
    "login": {
        "uid": "2",
        "date_time": "2018-03-09 17:57:22",
        "client_ip": "10.22.39.23"
    },
    "window": "InPatient",
    "extra": "Allocate Bed"
},{
    "action": "log_data",
    "login": {
        "uid": "1",
        "date_time": "2018-03-09 17:59:28",
        "client_ip": "10.22.39.44"
    },
    "window": "InPatient",
    "extra": "Getting Beds"
},{
    "action": "log_data",
    "login": {
        "uid": "2",
        "date_time": "2018-03-09 18:03:39",
        "client_ip": "10.22.39.23"
    },
    "window": "InPatient",
    "extra": "Getting Beds"
},{
    "action": "log_data",
    "login": {
        "uid": "2",
        "date_time": "2018-03-09 18:04:27",
        "client_ip": "10.22.39.23"
    },
    "window": "InPatient",
    "extra": "Getting Beds"
},{
    "action": "log_data",
    "login": {
        "uid": "2",
        "date_time": "2018-03-09 18:05:28",
        "client_ip": "10.22.39.23"
    },
    "window": "InPatient",
    "extra": "Getting Beds"
},{
    "action": "log_data",
    "login": {
        "uid": "2",
        "date_time": "2018-03-09 18:09:46",
        "client_ip": "10.22.39.23"
    },
    "window": "InPatient",
    "extra": "Getting Beds"
},{
    "action": "log_data",
    "login": {
        "uid": "2",
        "date_time": "2018-03-09 18:10:13",
        "client_ip": "10.22.39.23"
    },
    "window": "InPatient",
    "extra": "Getting Beds"
},{
    "action": "log_data",
    "login": {
        "uid": "2",
        "date_time": "2018-03-09 18:14:43",
        "client_ip": "10.22.39.23"
    },
    "window": "InPatient",
    "extra": "Getting Beds"
},{
    "action": "log_data",
    "login": {
        "uid": "2",
        "date_time": "2018-03-09 18:14:57",
        "client_ip": "10.22.39.23"
    },
    "window": "InPatient",
    "extra": "Getting Beds"
},{
    "action": "log_data",
    "login": {
        "uid": "2",
        "date_time": "2018-03-09 18:15:29",
        "client_ip": "10.22.39.23"
    },
    "window": "InPatient",
    "extra": "Getting Beds"
},{
    "action": "log_data",
    "login": {
        "uid": "2",
        "date_time": "2018-03-09 18:17:47",
        "client_ip": "10.22.39.23"
    },
    "window": "InPatient",
    "extra": "Getting Beds"
},{
    "action": "log_data",
    "login": {
        "uid": "2",
        "date_time": "2018-03-09 18:17:59",
        "client_ip": "10.22.39.23"
    },
    "window": "InPatient",
    "extra": "Getting Beds"
},{
    "action": "log_data",
    "login": {
        "uid": "2",
        "date_time": "2018-03-09 18:18:40",
        "client_ip": "10.22.39.23"
    },
    "window": "InPatient",
    "extra": "Getting Beds"
},{
    "action": "log_data",
    "login": {
        "uid": "2",
        "date_time": "2018-03-09 18:23:03",
        "client_ip": "10.22.39.23"
    },
    "window": "InPatient",
    "extra": "Getting Beds"
},{
    "action": "log_data",
    "login": {
        "uid": "2",
        "date_time": "2018-03-09 18:24:41",
        "client_ip": "10.22.39.23"
    },
    "window": "InPatient",
    "extra": "Getting Beds"
},{
    "action": "log_data",
    "login": {
        "uid": "2",
        "date_time": "2018-03-09 18:25:39",
        "client_ip": "10.22.39.23"
    },
    "window": "InPatient",
    "extra": "Getting Beds"
},{
    "action": "log_data",
    "login": {
        "uid": "2",
        "date_time": "2018-03-09 18:26:20",
        "client_ip": "10.22.39.23"
    },
    "window": "InPatient",
    "extra": "Getting Beds"
},{
    "action": "log_data",
    "login": {
        "uid": "2",
        "date_time": "2018-03-09 18:27:55",
        "client_ip": "10.22.39.23"
    },
    "window": "InPatient",
    "extra": "Getting Beds"
},{
    "action": "log_data",
    "login": {
        "uid": "2",
        "date_time": "2018-03-09 18:28:33",
        "client_ip": "10.22.39.23"
    },
    "window": "InPatient",
    "extra": "Getting Beds"
},{
    "action": "log_data",
    "login": {
        "uid": "2",
        "date_time": "2018-03-09 18:29:15",
        "client_ip": "10.22.39.23"
    },
    "window": "InPatient",
    "extra": "Getting Beds"
},{
    "action": "log_data",
    "login": {
        "uid": "2",
        "date_time": "2018-03-09 18:29:29",
        "client_ip": "10.22.39.23"
    },
    "window": "InPatient",
    "extra": "Allocate Bed"
},{
    "action": "log_data",
    "login": {
        "uid": "2",
        "date_time": "2018-03-09 18:29:29",
        "client_ip": "10.22.39.23"
    },
    "window": " New Patient ",
    "extra": "New patient Opened"
},{
    "action": "log_data",
    "login": {
        "uid": "2",
        "date_time": "2018-03-09 18:29:41",
        "client_ip": "10.22.39.23"
    },
    "window": "InPatient",
    "extra": "Getting Beds"
},{
    "action": "log_data",
    "login": {
        "uid": "2",
        "date_time": "2018-03-09 18:30:30",
        "client_ip": "10.22.39.23"
    },
    "window": "InPatient",
    "extra": "Bed Section"
},{
    "action": "log_data",
    "login": {
        "uid": "2",
        "date_time": "2018-03-09 18:31:11",
        "client_ip": "10.22.39.23"
    },
    "window": "InPatient",
    "extra": "Getting Beds"
},{
    "action": "log_data",
    "login": {
        "uid": "2",
        "date_time": "2018-03-09 18:32:37",
        "client_ip": "10.22.39.23"
    },
    "window": "InPatient",
    "extra": "Getting Beds"
},{
    "action": "log_data",
    "login": {
        "uid": "2",
        "date_time": "2018-03-09 18:32:44",
        "client_ip": "10.22.39.23"
    },
    "window": "InPatient",
    "extra": "Bed Section"
},{
    "action": "log_data",
    "login": {
        "uid": "2",
        "date_time": "2018-03-09 18:34:27",
        "client_ip": "10.22.39.23"
    },
    "window": "InPatient",
    "extra": "Getting Beds"
},{
    "action": "log_data",
    "login": {
        "uid": "2",
        "date_time": "2018-03-09 18:35:45",
        "client_ip": "10.22.39.23"
    },
    "window": "InPatient",
    "extra": "Getting Beds"
},{
    "action": "log_data",
    "login": {
        "uid": "2",
        "date_time": "2018-03-09 18:40:24",
        "client_ip": "10.22.39.23"
    },
    "window": "InPatient",
    "extra": "Getting Beds"
},{
    "action": "log_data",
    "login": {
        "uid": "2",
        "date_time": "2018-03-09 18:41:41",
        "client_ip": "10.22.39.23"
    },
    "window": "InPatient",
    "extra": "Getting Beds"
},{
    "action": "log_data",
    "login": {
        "uid": "2",
        "date_time": "2018-03-09 18:41:58",
        "client_ip": "10.22.39.23"
    },
    "window": "InPatient",
    "extra": "Getting Beds"
},{
    "action": "log_data",
    "login": {
        "uid": "2",
        "date_time": "2018-03-09 18:42:46",
        "client_ip": "10.22.39.23"
    },
    "window": "InPatient",
    "extra": "Getting Beds"
},{
    "action": "log_data",
    "login": {
        "uid": "2",
        "date_time": "2018-03-09 18:43:41",
        "client_ip": "10.22.39.23"
    },
    "window": "InPatient",
    "extra": "Getting Beds"
},{
    "action": "log_data",
    "login": {
        "uid": "2",
        "date_time": "2018-03-09 18:44:37",
        "client_ip": "10.22.39.23"
    },
    "window": "InPatient",
    "extra": "Getting Beds"
},{
    "action": "log_data",
    "login": {
        "uid": "2",
        "date_time": "2018-03-09 18:44:43",
        "client_ip": "10.22.39.23"
    },
    "window": "InPatient",
    "extra": "Bed Section"
},{
    "action": "log_data",
    "login": {
        "uid": "2",
        "date_time": "2018-03-09 18:45:35",
        "client_ip": "10.22.39.23"
    },
    "window": "InPatient",
    "extra": "Getting Beds"
},{
    "action": "log_data",
    "login": {
        "uid": "2",
        "date_time": "2018-03-09 18:47:39",
        "client_ip": "10.22.39.23"
    },
    "window": "InPatient",
    "extra": "Getting Beds"
},{
    "action": "log_data",
    "login": {
        "uid": "2",
        "date_time": "2018-03-09 18:47:57",
        "client_ip": "10.22.39.23"
    },
    "window": "InPatient",
    "extra": "Allocate Bed"
},{
    "action": "log_data",
    "login": {
        "uid": "2",
        "date_time": "2018-03-09 18:47:58",
        "client_ip": "10.22.39.23"
    },
    "window": "InPatient",
    "extra": "Bed Section"
},{
    "action": "log_data",
    "login": {
        "uid": "2",
        "date_time": "2018-03-09 18:48:01",
        "client_ip": "10.22.39.23"
    },
    "window": "InPatient",
    "extra": "Allocate Bed"
},{
    "action": "log_data",
    "login": {
        "uid": "2",
        "date_time": "2018-03-09 18:49:50",
        "client_ip": "10.22.39.23"
    },
    "window": "InPatient",
    "extra": "Getting Beds"
},{
    "action": "log_data",
    "login": {
        "uid": "2",
        "date_time": "2018-03-09 18:50:00",
        "client_ip": "10.22.39.23"
    },
    "window": "InPatient",
    "extra": "Bed Section"
},{
    "action": "log_data",
    "login": {
        "uid": "2",
        "date_time": "2018-03-09 18:52:29",
        "client_ip": "10.22.39.23"
    },
    "window": "InPatient",
    "extra": "Getting Beds"
},{
    "action": "log_data",
    "login": {
        "uid": "2",
        "date_time": "2018-03-09 18:52:35",
        "client_ip": "10.22.39.23"
    },
    "window": "InPatient",
    "extra": "Bed Section"
},{
    "action": "log_data",
    "login": {
        "uid": "2",
        "date_time": "2018-03-09 18:52:35",
        "client_ip": "10.22.39.23"
    },
    "window": "InPatient",
    "extra": "Bed Section"
},{
    "action": "log_data",
    "login": {
        "uid": "2",
        "date_time": "2018-03-09 18:52:39",
        "client_ip": "10.22.39.23"
    },
    "window": "InPatient",
    "extra": "Getting Beds"
},{
    "action": "log_data",
    "login": {
        "uid": "2",
        "date_time": "2018-03-09 18:52:43",
        "client_ip": "10.22.39.23"
    },
    "window": "InPatient",
    "extra": "Bed Section"
},{
    "action": "log_data",
    "login": {
        "uid": "2",
        "date_time": "2018-03-09 18:54:04",
        "client_ip": "10.22.39.23"
    },
    "window": "InPatient",
    "extra": "Getting Beds"
},{
    "action": "log_data",
    "login": {
        "uid": "2",
        "date_time": "2018-03-09 18:54:09",
        "client_ip": "10.22.39.23"
    },
    "window": "InPatient",
    "extra": "Bed Section"
},{
    "action": "log_data",
    "login": {
        "uid": "2",
        "date_time": "2018-03-09 18:54:43",
        "client_ip": "10.22.39.23"
    },
    "window": "InPatient",
    "extra": "Getting Beds"
},{
    "action": "log_data",
    "login": {
        "uid": "2",
        "date_time": "2018-03-09 18:54:46",
        "client_ip": "10.22.39.23"
    },
    "window": "InPatient",
    "extra": "Bed Section"
},{
    "action": "log_data",
    "login": {
        "uid": "2",
        "date_time": "2018-03-09 18:56:02",
        "client_ip": "10.22.39.23"
    },
    "window": "InPatient",
    "extra": "Getting Beds"
},{
    "action": "log_data",
    "login": {
        "uid": "2",
        "date_time": "2018-03-09 18:56:07",
        "client_ip": "10.22.39.23"
    },
    "window": "InPatient",
    "extra": "Bed Section"
},{
    "action": "log_data",
    "login": {
        "uid": "2",
        "date_time": "2018-03-09 18:56:10",
        "client_ip": "10.22.39.23"
    },
    "window": "InPatient",
    "extra": "Bed Section"
},{
    "action": "log_data",
    "login": {
        "uid": "2",
        "date_time": "2018-03-09 18:57:33",
        "client_ip": "10.22.39.23"
    },
    "window": "InPatient",
    "extra": "Getting Beds"
},{
    "action": "log_data",
    "login": {
        "uid": "2",
        "date_time": "2018-03-09 18:57:52",
        "client_ip": "10.22.39.23"
    },
    "window": "InPatient",
    "extra": "Allocate Bed"
},{
    "action": "log_data",
    "login": {
        "uid": "2",
        "date_time": "2018-03-09 18:57:57",
        "client_ip": "10.22.39.23"
    },
    "window": "InPatient",
    "extra": "Allocate Bed"
},{
    "action": "log_data",
    "login": {
        "uid": "2",
        "date_time": "2018-03-09 18:58:01",
        "client_ip": "10.22.39.23"
    },
    "window": "InPatient",
    "extra": "Allocate Bed"
},{
    "action": "log_data",
    "login": {
        "uid": "2",
        "date_time": "2018-03-09 18:58:02",
        "client_ip": "10.22.39.23"
    },
    "window": "InPatient",
    "extra": "Allocate Bed"
},{
    "action": "log_data",
    "login": {
        "uid": "2",
        "date_time": "2018-03-09 18:58:03",
        "client_ip": "10.22.39.23"
    },
    "window": "InPatient",
    "extra": "Allocate Bed"
},{
    "action": "log_data",
    "login": {
        "uid": "2",
        "date_time": "2018-03-09 18:58:03",
        "client_ip": "10.22.39.23"
    },
    "window": "InPatient",
    "extra": "Allocate Bed"
},{
    "action": "log_data",
    "login": {
        "uid": "2",
        "date_time": "2018-03-09 18:58:03",
        "client_ip": "10.22.39.23"
    },
    "window": "InPatient",
    "extra": "Allocate Bed"
},{
    "action": "log_data",
    "login": {
        "uid": "2",
        "date_time": "2018-03-09 18:58:03",
        "client_ip": "10.22.39.23"
    },
    "window": "InPatient",
    "extra": "Allocate Bed"
},{
    "action": "log_data",
    "login": {
        "uid": "2",
        "date_time": "2018-03-09 18:58:04",
        "client_ip": "10.22.39.23"
    },
    "window": "InPatient",
    "extra": "Allocate Bed"
},{
    "action": "log_data",
    "login": {
        "uid": "2",
        "date_time": "2018-03-09 18:58:04",
        "client_ip": "10.22.39.23"
    },
    "window": "InPatient",
    "extra": "Allocate Bed"
},{
    "action": "log_data",
    "login": {
        "uid": "2",
        "date_time": "2018-03-09 18:58:04",
        "client_ip": "10.22.39.23"
    },
    "window": "InPatient",
    "extra": "Allocate Bed"
},{
    "action": "log_data",
    "login": {
        "uid": "2",
        "date_time": "2018-03-09 18:58:05",
        "client_ip": "10.22.39.23"
    },
    "window": "InPatient",
    "extra": "Allocate Bed"
},{
    "action": "log_data",
    "login": {
        "uid": "2",
        "date_time": "2018-03-09 18:58:05",
        "client_ip": "10.22.39.23"
    },
    "window": "InPatient",
    "extra": "Allocate Bed"
},{
    "action": "log_data",
    "login": {
        "uid": "2",
        "date_time": "2018-03-09 18:58:05",
        "client_ip": "10.22.39.23"
    },
    "window": "InPatient",
    "extra": "Allocate Bed"
},{
    "action": "log_data",
    "login": {
        "uid": "2",
        "date_time": "2018-03-09 18:58:08",
        "client_ip": "10.22.39.23"
    },
    "window": "InPatient",
    "extra": "Allocate Bed"
},{
    "action": "log_data",
    "login": {
        "uid": "2",
        "date_time": "2018-03-09 18:58:09",
        "client_ip": "10.22.39.23"
    },
    "window": "InPatient",
    "extra": "Allocate Bed"
},{
    "action": "log_data",
    "login": {
        "uid": "2",
        "date_time": "2018-03-09 18:58:09",
        "client_ip": "10.22.39.23"
    },
    "window": "InPatient",
    "extra": "Allocate Bed"
},{
    "action": "log_data",
    "login": {
        "uid": "2",
        "date_time": "2018-03-09 18:58:09",
        "client_ip": "10.22.39.23"
    },
    "window": "InPatient",
    "extra": "Allocate Bed"
},{
    "action": "log_data",
    "login": {
        "uid": "2",
        "date_time": "2018-03-09 18:58:14",
        "client_ip": "10.22.39.23"
    },
    "window": "InPatient",
    "extra": "Allocate Bed"
},{
    "action": "log_data",
    "login": {
        "uid": "2",
        "date_time": "2018-03-09 18:58:15",
        "client_ip": "10.22.39.23"
    },
    "window": "InPatient",
    "extra": "Allocate Bed"
},{
    "action": "log_data",
    "login": {
        "uid": "2",
        "date_time": "2018-03-09 18:58:15",
        "client_ip": "10.22.39.23"
    },
    "window": "InPatient",
    "extra": "Allocate Bed"
},{
    "action": "log_data",
    "login": {
        "uid": "2",
        "date_time": "2018-03-09 18:58:15",
        "client_ip": "10.22.39.23"
    },
    "window": "InPatient",
    "extra": "Allocate Bed"
},{
    "action": "log_data",
    "login": {
        "uid": "2",
        "date_time": "2018-03-09 18:58:15",
        "client_ip": "10.22.39.23"
    },
    "window": "InPatient",
    "extra": "Allocate Bed"
},{
    "action": "log_data",
    "login": {
        "uid": "2",
        "date_time": "2018-03-09 18:58:23",
        "client_ip": "10.22.39.23"
    },
    "window": "InPatient",
    "extra": "Allocate Bed"
},{
    "action": "log_data",
    "login": {
        "uid": "2",
        "date_time": "2018-03-09 18:58:23",
        "client_ip": "10.22.39.23"
    },
    "window": "InPatient",
    "extra": "Allocate Bed"
},{
    "action": "log_data",
    "login": {
        "uid": "2",
        "date_time": "2018-03-09 18:58:24",
        "client_ip": "10.22.39.23"
    },
    "window": "InPatient",
    "extra": "Allocate Bed"
},{
    "action": "log_data",
    "login": {
        "uid": "2",
        "date_time": "2018-03-09 18:58:26",
        "client_ip": "10.22.39.23"
    },
    "window": "InPatient",
    "extra": "Allocate Bed"
},{
    "action": "log_data",
    "login": {
        "uid": "2",
        "date_time": "2018-03-09 18:58:26",
        "client_ip": "10.22.39.23"
    },
    "window": "InPatient",
    "extra": "Allocate Bed"
},{
    "action": "log_data",
    "login": {
        "uid": "2",
        "date_time": "2018-03-09 18:58:26",
        "client_ip": "10.22.39.23"
    },
    "window": "InPatient",
    "extra": "Allocate Bed"
},{
    "action": "log_data",
    "login": {
        "uid": "2",
        "date_time": "2018-03-09 18:58:26",
        "client_ip": "10.22.39.23"
    },
    "window": "InPatient",
    "extra": "Allocate Bed"
},{
    "action": "log_data",
    "login": {
        "uid": "2",
        "date_time": "2018-03-09 18:58:26",
        "client_ip": "10.22.39.23"
    },
    "window": "InPatient",
    "extra": "Allocate Bed"
},{
    "action": "log_data",
    "login": {
        "uid": "2",
        "date_time": "2018-03-09 18:58:27",
        "client_ip": "10.22.39.23"
    },
    "window": "InPatient",
    "extra": "Allocate Bed"
},{
    "action": "log_data",
    "login": {
        "uid": "2",
        "date_time": "2018-03-09 18:58:28",
        "client_ip": "10.22.39.23"
    },
    "window": "InPatient",
    "extra": "Bed Section"
},{
    "action": "log_data",
    "login": {
        "uid": "2",
        "date_time": "2018-03-09 18:58:30",
        "client_ip": "10.22.39.23"
    },
    "window": "InPatient",
    "extra": "Allocate Bed"
},{
    "action": "log_data",
    "login": {
        "uid": "2",
        "date_time": "2018-03-09 18:58:30",
        "client_ip": "10.22.39.23"
    },
    "window": "InPatient",
    "extra": "Allocate Bed"
},{
    "action": "log_data",
    "login": {
        "uid": "2",
        "date_time": "2018-03-09 18:58:30",
        "client_ip": "10.22.39.23"
    },
    "window": "InPatient",
    "extra": "Allocate Bed"
},{
    "action": "log_data",
    "login": {
        "uid": "2",
        "date_time": "2018-03-09 18:58:31",
        "client_ip": "10.22.39.23"
    },
    "window": "InPatient",
    "extra": "Allocate Bed"
},{
    "action": "log_data",
    "login": {
        "uid": "2",
        "date_time": "2018-03-09 18:58:58",
        "client_ip": "10.22.39.23"
    },
    "window": "InPatient",
    "extra": "Getting Beds"
},{
    "action": "log_data",
    "login": {
        "uid": "2",
        "date_time": "2018-03-09 18:59:08",
        "client_ip": "10.22.39.23"
    },
    "window": "InPatient",
    "extra": "Allocate Bed"
},{
    "action": "log_data",
    "login": {
        "uid": "2",
        "date_time": "2018-03-09 18:59:11",
        "client_ip": "10.22.39.23"
    },
    "window": "InPatient",
    "extra": "Allocate Bed"
},{
    "action": "log_data",
    "login": {
        "uid": "2",
        "date_time": "2018-03-09 18:59:12",
        "client_ip": "10.22.39.23"
    },
    "window": "InPatient",
    "extra": "Allocate Bed"
},{
    "action": "log_data",
    "login": {
        "uid": "2",
        "date_time": "2018-03-09 18:59:13",
        "client_ip": "10.22.39.23"
    },
    "window": "InPatient",
    "extra": "Allocate Bed"
},{
    "action": "log_data",
    "login": {
        "uid": "2",
        "date_time": "2018-03-09 18:59:13",
        "client_ip": "10.22.39.23"
    },
    "window": "InPatient",
    "extra": "Allocate Bed"
},{
    "action": "log_data",
    "login": {
        "uid": "2",
        "date_time": "2018-03-09 18:59:13",
        "client_ip": "10.22.39.23"
    },
    "window": "InPatient",
    "extra": "Allocate Bed"
},{
    "action": "log_data",
    "login": {
        "uid": "2",
        "date_time": "2018-03-09 18:59:14",
        "client_ip": "10.22.39.23"
    },
    "window": "InPatient",
    "extra": "Bed Section"
},{
    "action": "log_data",
    "login": {
        "uid": "2",
        "date_time": "2018-03-09 18:59:16",
        "client_ip": "10.22.39.23"
    },
    "window": "InPatient",
    "extra": "Allocate Bed"
},{
    "action": "log_data",
    "login": {
        "uid": "2",
        "date_time": "2018-03-09 18:59:21",
        "client_ip": "10.22.39.23"
    },
    "window": "InPatient",
    "extra": "Bed Section"
},{
    "action": "log_data",
    "login": {
        "uid": "2",
        "date_time": "2018-03-09 18:59:22",
        "client_ip": "10.22.39.23"
    },
    "window": "InPatient",
    "extra": "Allocate Bed"
},{
    "action": "log_data",
    "login": {
        "uid": "2",
        "date_time": "2018-03-09 18:59:33",
        "client_ip": "10.22.39.23"
    },
    "window": "InPatient",
    "extra": "Getting Beds"
},{
    "action": "log_data",
    "login": {
        "uid": "2",
        "date_time": "2018-03-09 18:59:42",
        "client_ip": "10.22.39.23"
    },
    "window": "InPatient",
    "extra": "Allocate Bed"
},{
    "action": "log_data",
    "login": {
        "uid": "2",
        "date_time": "2018-03-09 18:59:46",
        "client_ip": "10.22.39.23"
    },
    "window": "InPatient",
    "extra": "Bed Section"
},{
    "action": "log_data",
    "login": {
        "uid": "2",
        "date_time": "2018-03-09 18:59:47",
        "client_ip": "10.22.39.23"
    },
    "window": "InPatient",
    "extra": "Allocate Bed"
},{
    "action": "log_data",
    "login": {
        "uid": "2",
        "date_time": "2018-03-09 18:59:48",
        "client_ip": "10.22.39.23"
    },
    "window": "InPatient",
    "extra": "Allocate Bed"
},{
    "action": "log_data",
    "login": {
        "uid": "2",
        "date_time": "2018-03-09 18:59:48",
        "client_ip": "10.22.39.23"
    },
    "window": "InPatient",
    "extra": "Allocate Bed"
},{
    "action": "log_data",
    "login": {
        "uid": "2",
        "date_time": "2018-03-09 18:59:48",
        "client_ip": "10.22.39.23"
    },
    "window": "InPatient",
    "extra": "Allocate Bed"
},{
    "action": "log_data",
    "login": {
        "uid": "2",
        "date_time": "2018-03-09 19:00:58",
        "client_ip": "10.22.39.23"
    },
    "window": "InPatient",
    "extra": "Getting Beds"
},{
    "action": "log_data",
    "login": {
        "uid": "2",
        "date_time": "2018-03-09 19:01:07",
        "client_ip": "10.22.39.23"
    },
    "window": "InPatient",
    "extra": "Allocate Bed"
},{
    "action": "log_data",
    "login": {
        "uid": "2",
        "date_time": "2018-03-09 19:01:10",
        "client_ip": "10.22.39.23"
    },
    "window": "InPatient",
    "extra": "Allocate Bed"
},{
    "action": "log_data",
    "login": {
        "uid": "2",
        "date_time": "2018-03-09 19:01:11",
        "client_ip": "10.22.39.23"
    },
    "window": "InPatient",
    "extra": "Allocate Bed"
},{
    "action": "log_data",
    "login": {
        "uid": "2",
        "date_time": "2018-03-09 19:01:11",
        "client_ip": "10.22.39.23"
    },
    "window": "InPatient",
    "extra": "Allocate Bed"
},{
    "action": "log_data",
    "login": {
        "uid": "2",
        "date_time": "2018-03-09 19:01:11",
        "client_ip": "10.22.39.23"
    },
    "window": "InPatient",
    "extra": "Allocate Bed"
},{
    "action": "log_data",
    "login": {
        "uid": "2",
        "date_time": "2018-03-09 19:01:11",
        "client_ip": "10.22.39.23"
    },
    "window": "InPatient",
    "extra": "Allocate Bed"
},{
    "action": "log_data",
    "login": {
        "uid": "2",
        "date_time": "2018-03-09 19:01:11",
        "client_ip": "10.22.39.23"
    },
    "window": "InPatient",
    "extra": "Allocate Bed"
},{
    "action": "log_data",
    "login": {
        "uid": "2",
        "date_time": "2018-03-09 19:01:14",
        "client_ip": "10.22.39.23"
    },
    "window": "InPatient",
    "extra": "Bed Section"
},{
    "action": "log_data",
    "login": {
        "uid": "2",
        "date_time": "2018-03-09 19:01:15",
        "client_ip": "10.22.39.23"
    },
    "window": "InPatient",
    "extra": "Allocate Bed"
},{
    "action": "log_data",
    "login": {
        "uid": "2",
        "date_time": "2018-03-09 19:01:15",
        "client_ip": "10.22.39.23"
    },
    "window": "InPatient",
    "extra": "Allocate Bed"
},{
    "action": "log_data",
    "login": {
        "uid": "2",
        "date_time": "2018-03-09 19:01:16",
        "client_ip": "10.22.39.23"
    },
    "window": "InPatient",
    "extra": "Allocate Bed"
},{
    "action": "log_data",
    "login": {
        "uid": "2",
        "date_time": "2018-03-09 19:01:17",
        "client_ip": "10.22.39.23"
    },
    "window": "InPatient",
    "extra": "Getting Beds"
},{
    "action": "log_data",
    "login": {
        "uid": "2",
        "date_time": "2018-03-09 19:01:23",
        "client_ip": "10.22.39.23"
    },
    "window": "InPatient",
    "extra": "Bed Section"
},{
    "action": "log_data",
    "login": {
        "uid": "2",
        "date_time": "2018-03-09 19:01:24",
        "client_ip": "10.22.39.23"
    },
    "window": "InPatient",
    "extra": "Allocate Bed"
},{
    "action": "log_data",
    "login": {
        "uid": "2",
        "date_time": "2018-03-09 19:01:24",
        "client_ip": "10.22.39.23"
    },
    "window": " New Patient ",
    "extra": "New patient Opened"
},{
    "action": "log_data",
    "login": {
        "uid": "2",
        "date_time": "2018-03-09 19:01:33",
        "client_ip": "10.22.39.23"
    },
    "window": "InPatient",
    "extra": "Getting Beds"
},{
    "action": "log_data",
    "login": {
        "uid": "2",
        "date_time": "2018-03-09 19:01:45",
        "client_ip": "10.22.39.23"
    },
    "window": "InPatient",
    "extra": "Allocate Bed"
},{
    "action": "log_data",
    "login": {
        "uid": "2",
        "date_time": "2018-03-09 19:01:48",
        "client_ip": "10.22.39.23"
    },
    "window": "InPatient",
    "extra": "Allocate Bed"
},{
    "action": "log_data",
    "login": {
        "uid": "2",
        "date_time": "2018-03-09 19:04:04",
        "client_ip": "10.22.39.23"
    },
    "window": "InPatient",
    "extra": "Getting Beds"
},{
    "action": "log_data",
    "login": {
        "uid": "2",
        "date_time": "2018-03-09 19:04:24",
        "client_ip": "10.22.39.23"
    },
    "window": "InPatient",
    "extra": "Bed Section"
},{
    "action": "log_data",
    "login": {
        "uid": "2",
        "date_time": "2018-03-09 19:07:44",
        "client_ip": "10.22.39.23"
    },
    "window": "InPatient",
    "extra": "Getting Beds"
},{
    "action": "log_data",
    "login": {
        "uid": "2",
        "date_time": "2018-03-09 19:07:54",
        "client_ip": "10.22.39.23"
    },
    "window": "InPatient",
    "extra": "Bed Section"
},{
    "action": "log_data",
    "login": {
        "uid": "2",
        "date_time": "2018-03-09 19:08:43",
        "client_ip": "10.22.39.23"
    },
    "window": "InPatient",
    "extra": "Getting Beds"
},{
    "action": "log_data",
    "login": {
        "uid": "2",
        "date_time": "2018-03-09 19:08:48",
        "client_ip": "10.22.39.23"
    },
    "window": "InPatient",
    "extra": "Bed Section"
},{
    "action": "log_data",
    "login": {
        "uid": "2",
        "date_time": "2018-03-09 19:10:14",
        "client_ip": "10.22.39.23"
    },
    "window": "InPatient",
    "extra": "Getting Beds"
},{
    "action": "log_data",
    "login": {
        "uid": "2",
        "date_time": "2018-03-09 19:10:20",
        "client_ip": "10.22.39.23"
    },
    "window": "InPatient",
    "extra": "Bed Section"
},{
    "action": "log_data",
    "login": {
        "uid": "2",
        "date_time": "2018-03-09 19:11:01",
        "client_ip": "10.22.39.23"
    },
    "window": "InPatient",
    "extra": "Getting Beds"
},{
    "action": "log_data",
    "login": {
        "uid": "2",
        "date_time": "2018-03-09 19:12:25",
        "client_ip": "10.22.39.23"
    },
    "window": "InPatient",
    "extra": "Getting Beds"
},{
    "action": "log_data",
    "login": {
        "uid": "2",
        "date_time": "2018-03-09 19:13:15",
        "client_ip": "10.22.39.23"
    },
    "window": "InPatient",
    "extra": "Getting Beds"
},{
    "action": "log_data",
    "login": {
        "uid": "2",
        "date_time": "2018-03-09 19:14:31",
        "client_ip": "10.22.39.23"
    },
    "window": "InPatient",
    "extra": "Getting Beds"
},{
    "action": "log_data",
    "login": {
        "uid": "2",
        "date_time": "2018-03-09 19:15:30",
        "client_ip": "10.22.39.23"
    },
    "window": "InPatient",
    "extra": "Getting Beds"
},{
    "action": "log_data",
    "login": {
        "uid": "2",
        "date_time": "2018-03-09 19:16:57",
        "client_ip": "10.22.39.23"
    },
    "window": "InPatient",
    "extra": "Getting Beds"
},{
    "action": "log_data",
    "login": {
        "uid": "2",
        "date_time": "2018-03-09 19:17:05",
        "client_ip": "10.22.39.23"
    },
    "window": "InPatient",
    "extra": "Getting Beds"
},{
    "action": "log_data",
    "login": {
        "uid": "2",
        "date_time": "2018-03-09 19:17:15",
        "client_ip": "10.22.39.23"
    },
    "window": "InPatient",
    "extra": "Getting Beds"
},{
    "action": "log_data",
    "login": {
        "uid": "2",
        "date_time": "2018-03-09 19:17:31",
        "client_ip": "10.22.39.23"
    },
    "window": "InPatient",
    "extra": "Bed Section"
},{
    "action": "log_data",
    "login": {
        "uid": "2",
        "date_time": "2018-03-09 19:17:41",
        "client_ip": "10.22.39.23"
    },
    "window": "InPatient",
    "extra": "Allocate Bed"
},{
    "action": "log_data",
    "login": {
        "uid": "2",
        "date_time": "2018-03-09 19:17:58",
        "client_ip": "10.22.39.23"
    },
    "window": "InPatient",
    "extra": "Bed Section"
},{
    "action": "log_data",
    "login": {
        "uid": "2",
        "date_time": "2018-03-09 19:17:59",
        "client_ip": "10.22.39.23"
    },
    "window": "InPatient",
    "extra": "Bed Section"
},{
    "action": "log_data",
    "login": {
        "uid": "2",
        "date_time": "2018-03-09 19:18:02",
        "client_ip": "10.22.39.23"
    },
    "window": "InPatient",
    "extra": "Allocate Bed"
},{
    "action": "log_data",
    "login": {
        "uid": "2",
        "date_time": "2018-03-09 19:18:10",
        "client_ip": "10.22.39.23"
    },
    "window": "InPatient",
    "extra": "Allocate Bed"
},{
    "action": "log_data",
    "login": {
        "uid": "2",
        "date_time": "2018-03-09 19:19:20",
        "client_ip": "10.22.39.23"
    },
    "window": "InPatient",
    "extra": "Getting Beds"
},{
    "action": "log_data",
    "login": {
        "uid": "2",
        "date_time": "2018-03-09 19:19:27",
        "client_ip": "10.22.39.23"
    },
    "window": "InPatient",
    "extra": "Allocate Bed"
},{
    "action": "log_data",
    "login": {
        "uid": "2",
        "date_time": "2018-03-09 19:19:33",
        "client_ip": "10.22.39.23"
    },
    "window": "InPatient",
    "extra": "Allocate Bed"
},{
    "action": "log_data",
    "login": {
        "uid": "2",
        "date_time": "2018-03-09 19:19:34",
        "client_ip": "10.22.39.23"
    },
    "window": "InPatient",
    "extra": "Allocate Bed"
},{
    "action": "log_data",
    "login": {
        "uid": "2",
        "date_time": "2018-03-09 19:19:34",
        "client_ip": "10.22.39.23"
    },
    "window": "InPatient",
    "extra": "Allocate Bed"
},{
    "action": "log_data",
    "login": {
        "uid": "2",
        "date_time": "2018-03-09 19:19:34",
        "client_ip": "10.22.39.23"
    },
    "window": "InPatient",
    "extra": "Allocate Bed"
},{
    "action": "log_data",
    "login": {
        "uid": "2",
        "date_time": "2018-03-09 19:19:34",
        "client_ip": "10.22.39.23"
    },
    "window": "InPatient",
    "extra": "Allocate Bed"
},{
    "action": "log_data",
    "login": {
        "uid": "2",
        "date_time": "2018-03-09 19:19:34",
        "client_ip": "10.22.39.23"
    },
    "window": "InPatient",
    "extra": "Allocate Bed"
},{
    "action": "log_data",
    "login": {
        "uid": "2",
        "date_time": "2018-03-09 19:19:35",
        "client_ip": "10.22.39.23"
    },
    "window": "InPatient",
    "extra": "Allocate Bed"
},{
    "action": "log_data",
    "login": {
        "uid": "2",
        "date_time": "2018-03-09 19:19:35",
        "client_ip": "10.22.39.23"
    },
    "window": "InPatient",
    "extra": "Allocate Bed"
},{
    "action": "log_data",
    "login": {
        "uid": "2",
        "date_time": "2018-03-09 19:19:36",
        "client_ip": "10.22.39.23"
    },
    "window": "InPatient",
    "extra": "Bed Section"
},{
    "action": "log_data",
    "login": {
        "uid": "2",
        "date_time": "2018-03-09 19:19:37",
        "client_ip": "10.22.39.23"
    },
    "window": "InPatient",
    "extra": "Bed Section"
},{
    "action": "log_data",
    "login": {
        "uid": "2",
        "date_time": "2018-03-09 19:19:37",
        "client_ip": "10.22.39.23"
    },
    "window": "InPatient",
    "extra": "Bed Section"
},{
    "action": "log_data",
    "login": {
        "uid": "2",
        "date_time": "2018-03-09 19:19:40",
        "client_ip": "10.22.39.23"
    },
    "window": "InPatient",
    "extra": "Bed Section"
},{
    "action": "log_data",
    "login": {
        "uid": "2",
        "date_time": "2018-03-09 19:19:43",
        "client_ip": "10.22.39.23"
    },
    "window": "InPatient",
    "extra": "Bed Section"
},{
    "action": "log_data",
    "login": {
        "uid": "2",
        "date_time": "2018-03-09 19:21:34",
        "client_ip": "10.22.39.23"
    },
    "window": "InPatient",
    "extra": "Getting Beds"
},{
    "action": "log_data",
    "login": {
        "uid": "2",
        "date_time": "2018-03-09 19:21:54",
        "client_ip": "10.22.39.23"
    },
    "window": "InPatient",
    "extra": "Getting Beds"
},{
    "action": "log_data",
    "login": {
        "uid": "2",
        "date_time": "2018-03-09 19:31:51",
        "client_ip": "10.22.39.23"
    },
    "window": "InPatient",
    "extra": "Getting Beds"
},{
    "action": "log_data",
    "login": {
        "uid": "2",
        "date_time": "2018-03-09 19:32:05",
        "client_ip": "10.22.39.23"
    },
    "window": "InPatient",
    "extra": "Allocate Bed"
},{
    "action": "log_data",
    "login": {
        "uid": "2",
        "date_time": "2018-03-09 19:32:06",
        "client_ip": "10.22.39.23"
    },
    "window": "InPatient",
    "extra": "Bed Section"
},{
    "action": "log_data",
    "login": {
        "uid": "2",
        "date_time": "2018-03-09 19:32:10",
        "client_ip": "10.22.39.23"
    },
    "window": "InPatient",
    "extra": "Allocate Bed"
},{
    "action": "log_data",
    "login": {
        "uid": "2",
        "date_time": "2018-03-09 19:32:13",
        "client_ip": "10.22.39.23"
    },
    "window": "InPatient",
    "extra": "Allocate Bed"
},{
    "action": "log_data",
    "login": {
        "uid": "2",
        "date_time": "2018-03-09 19:33:50",
        "client_ip": "10.22.39.23"
    },
    "window": "InPatient",
    "extra": "Getting Beds"
},{
    "action": "log_data",
    "login": {
        "uid": "2",
        "date_time": "2018-03-09 19:33:52",
        "client_ip": "10.22.39.23"
    },
    "window": "InPatient",
    "extra": "Getting Beds"
},{
    "action": "log_data",
    "login": {
        "uid": "2",
        "date_time": "2018-03-09 19:34:05",
        "client_ip": "10.22.39.23"
    },
    "window": "InPatient",
    "extra": "Allocate Bed"
},{
    "action": "log_data",
    "login": {
        "uid": "2",
        "date_time": "2018-03-09 19:34:05",
        "client_ip": "10.22.39.23"
    },
    "window": "InPatient",
    "extra": "Allocate Bed"
},{
    "action": "log_data",
    "login": {
        "uid": "2",
        "date_time": "2018-03-09 19:34:06",
        "client_ip": "10.22.39.23"
    },
    "window": "InPatient",
    "extra": "Allocate Bed"
},{
    "action": "log_data",
    "login": {
        "uid": "2",
        "date_time": "2018-03-09 19:34:06",
        "client_ip": "10.22.39.23"
    },
    "window": "InPatient",
    "extra": "Allocate Bed"
},{
    "action": "log_data",
    "login": {
        "uid": "2",
        "date_time": "2018-03-09 19:34:08",
        "client_ip": "10.22.39.23"
    },
    "window": "InPatient",
    "extra": "Bed Section"
},{
    "action": "log_data",
    "login": {
        "uid": "2",
        "date_time": "2018-03-09 19:34:09",
        "client_ip": "10.22.39.23"
    },
    "window": "InPatient",
    "extra": "Allocate Bed"
},{
    "action": "log_data",
    "login": {
        "uid": "2",
        "date_time": "2018-03-09 19:34:21",
        "client_ip": "10.22.39.23"
    },
    "window": "InPatient",
    "extra": "Allocate Bed"
},{
    "action": "log_data",
    "login": {
        "uid": "2",
        "date_time": "2018-03-09 19:34:23",
        "client_ip": "10.22.39.23"
    },
    "window": "InPatient",
    "extra": "Bed Section"
},{
    "action": "log_data",
    "login": {
        "uid": "2",
        "date_time": "2018-03-09 19:34:26",
        "client_ip": "10.22.39.23"
    },
    "window": "InPatient",
    "extra": "Allocate Bed"
},{
    "action": "log_data",
    "login": {
        "uid": "2",
        "date_time": "2018-03-09 19:34:26",
        "client_ip": "10.22.39.23"
    },
    "window": "InPatient",
    "extra": "Allocate Bed"
},{
    "action": "log_data",
    "login": {
        "uid": "2",
        "date_time": "2018-03-09 19:34:26",
        "client_ip": "10.22.39.23"
    },
    "window": "InPatient",
    "extra": "Allocate Bed"
},{
    "action": "log_data",
    "login": {
        "uid": "2",
        "date_time": "2018-03-09 19:34:26",
        "client_ip": "10.22.39.23"
    },
    "window": "InPatient",
    "extra": "Allocate Bed"
},{
    "action": "log_data",
    "login": {
        "uid": "2",
        "date_time": "2018-03-09 19:34:27",
        "client_ip": "10.22.39.23"
    },
    "window": "InPatient",
    "extra": "Allocate Bed"
},{
    "action": "log_data",
    "login": {
        "uid": "2",
        "date_time": "2018-03-09 19:34:27",
        "client_ip": "10.22.39.23"
    },
    "window": "InPatient",
    "extra": "Allocate Bed"
},{
    "action": "log_data",
    "login": {
        "uid": "2",
        "date_time": "2018-03-09 19:34:27",
        "client_ip": "10.22.39.23"
    },
    "window": "InPatient",
    "extra": "Allocate Bed"
},{
    "action": "log_data",
    "login": {
        "uid": "2",
        "date_time": "2018-03-09 19:34:28",
        "client_ip": "10.22.39.23"
    },
    "window": "InPatient",
    "extra": "Allocate Bed"
},{
    "action": "log_data",
    "login": {
        "uid": "2",
        "date_time": "2018-03-09 19:34:28",
        "client_ip": "10.22.39.23"
    },
    "window": "InPatient",
    "extra": "Allocate Bed"
},{
    "action": "log_data",
    "login": {
        "uid": "2",
        "date_time": "2018-03-09 19:34:33",
        "client_ip": "10.22.39.23"
    },
    "window": "InPatient",
    "extra": "Allocate Bed"
},{
    "action": "log_data",
    "login": {
        "uid": "2",
        "date_time": "2018-03-09 19:35:12",
        "client_ip": "10.22.39.23"
    },
    "window": "InPatient",
    "extra": "Getting Beds"
},{
    "action": "log_data",
    "login": {
        "uid": "2",
        "date_time": "2018-03-09 19:35:16",
        "client_ip": "10.22.39.23"
    },
    "window": "InPatient",
    "extra": "Bed Section"
},{
    "action": "log_data",
    "login": {
        "uid": "2",
        "date_time": "2018-03-09 19:35:22",
        "client_ip": "10.22.39.23"
    },
    "window": "InPatient",
    "extra": "Allocate Bed"
},{
    "action": "log_data",
    "login": {
        "uid": "2",
        "date_time": "2018-03-09 19:35:32",
        "client_ip": "10.22.39.23"
    },
    "window": "InPatient",
    "extra": "Allocate Bed"
},{
    "action": "log_data",
    "login": {
        "uid": "2",
        "date_time": "2018-03-09 19:35:35",
        "client_ip": "10.22.39.23"
    },
    "window": "InPatient",
    "extra": "Allocate Bed"
},{
    "action": "log_data",
    "login": {
        "uid": "2",
        "date_time": "2018-03-09 19:35:35",
        "client_ip": "10.22.39.23"
    },
    "window": "InPatient",
    "extra": "Allocate Bed"
},{
    "action": "log_data",
    "login": {
        "uid": "2",
        "date_time": "2018-03-09 19:35:35",
        "client_ip": "10.22.39.23"
    },
    "window": "InPatient",
    "extra": "Allocate Bed"
},{
    "action": "log_data",
    "login": {
        "uid": "2",
        "date_time": "2018-03-09 19:35:35",
        "client_ip": "10.22.39.23"
    },
    "window": "InPatient",
    "extra": "Allocate Bed"
},{
    "action": "log_data",
    "login": {
        "uid": "2",
        "date_time": "2018-03-09 19:35:35",
        "client_ip": "10.22.39.23"
    },
    "window": "InPatient",
    "extra": "Allocate Bed"
},{
    "action": "log_data",
    "login": {
        "uid": "2",
        "date_time": "2018-03-09 19:35:36",
        "client_ip": "10.22.39.23"
    },
    "window": "InPatient",
    "extra": "Allocate Bed"
},{
    "action": "log_data",
    "login": {
        "uid": "2",
        "date_time": "2018-03-09 19:35:36",
        "client_ip": "10.22.39.23"
    },
    "window": "InPatient",
    "extra": "Allocate Bed"
},{
    "action": "log_data",
    "login": {
        "uid": "2",
        "date_time": "2018-03-09 19:35:36",
        "client_ip": "10.22.39.23"
    },
    "window": "InPatient",
    "extra": "Allocate Bed"
},{
    "action": "log_data",
    "login": {
        "uid": "2",
        "date_time": "2018-03-09 19:35:41",
        "client_ip": "10.22.39.23"
    },
    "window": "InPatient",
    "extra": "Bed Section"
},{
    "action": "log_data",
    "login": {
        "uid": "2",
        "date_time": "2018-03-09 19:35:43",
        "client_ip": "10.22.39.23"
    },
    "window": "InPatient",
    "extra": "Allocate Bed"
},{
    "action": "log_data",
    "login": {
        "uid": "2",
        "date_time": "2018-03-09 19:35:43",
        "client_ip": "10.22.39.23"
    },
    "window": "InPatient",
    "extra": "Allocate Bed"
},{
    "action": "log_data",
    "login": {
        "uid": "2",
        "date_time": "2018-03-09 19:35:44",
        "client_ip": "10.22.39.23"
    },
    "window": "InPatient",
    "extra": "Allocate Bed"
},{
    "action": "log_data",
    "login": {
        "uid": "2",
        "date_time": "2018-03-09 19:36:06",
        "client_ip": "10.22.39.23"
    },
    "window": "InPatient",
    "extra": "Getting Beds"
},{
    "action": "log_data",
    "login": {
        "uid": "2",
        "date_time": "2018-03-09 19:36:21",
        "client_ip": "10.22.39.23"
    },
    "window": "InPatient",
    "extra": "Allocate Bed"
},{
    "action": "log_data",
    "login": {
        "uid": "2",
        "date_time": "2018-03-09 19:36:24",
        "client_ip": "10.22.39.23"
    },
    "window": "InPatient",
    "extra": "Allocate Bed"
},{
    "action": "log_data",
    "login": {
        "uid": "2",
        "date_time": "2018-03-09 19:36:25",
        "client_ip": "10.22.39.23"
    },
    "window": "InPatient",
    "extra": "Allocate Bed"
},{
    "action": "log_data",
    "login": {
        "uid": "2",
        "date_time": "2018-03-09 19:36:25",
        "client_ip": "10.22.39.23"
    },
    "window": "InPatient",
    "extra": "Allocate Bed"
},{
    "action": "log_data",
    "login": {
        "uid": "2",
        "date_time": "2018-03-09 19:36:25",
        "client_ip": "10.22.39.23"
    },
    "window": "InPatient",
    "extra": "Allocate Bed"
},{
    "action": "log_data",
    "login": {
        "uid": "2",
        "date_time": "2018-03-09 19:36:25",
        "client_ip": "10.22.39.23"
    },
    "window": "InPatient",
    "extra": "Allocate Bed"
},{
    "action": "log_data",
    "login": {
        "uid": "2",
        "date_time": "2018-03-09 19:36:40",
        "client_ip": "10.22.39.23"
    },
    "window": " New Patient ",
    "extra": "New patient Opened"
},{
    "action": "log_data",
    "login": {
        "uid": "2",
        "date_time": "2018-03-09 19:36:43",
        "client_ip": "10.22.39.23"
    },
    "window": "InPatient",
    "extra": "Getting Beds"
},{
    "action": "log_data",
    "login": {
        "uid": "2",
        "date_time": "2018-03-09 19:36:55",
        "client_ip": "10.22.39.23"
    },
    "window": "InPatient",
    "extra": "Allocate Bed"
},{
    "action": "log_data",
    "login": {
        "uid": "2",
        "date_time": "2018-03-09 19:36:56",
        "client_ip": "10.22.39.23"
    },
    "window": "InPatient",
    "extra": "Allocate Bed"
},{
    "action": "log_data",
    "login": {
        "uid": "2",
        "date_time": "2018-03-09 19:36:56",
        "client_ip": "10.22.39.23"
    },
    "window": "InPatient",
    "extra": "Allocate Bed"
},{
    "action": "log_data",
    "login": {
        "uid": "2",
        "date_time": "2018-03-09 19:37:02",
        "client_ip": "10.22.39.23"
    },
    "window": "InPatient",
    "extra": "Bed Section"
},{
    "action": "log_data",
    "login": {
        "uid": "2",
        "date_time": "2018-03-09 19:37:03",
        "client_ip": "10.22.39.23"
    },
    "window": "InPatient",
    "extra": "Allocate Bed"
},{
    "action": "log_data",
    "login": {
        "uid": "2",
        "date_time": "2018-03-09 19:37:04",
        "client_ip": "10.22.39.23"
    },
    "window": "InPatient",
    "extra": "Allocate Bed"
},{
    "action": "log_data",
    "login": {
        "uid": "2",
        "date_time": "2018-03-09 19:37:05",
        "client_ip": "10.22.39.23"
    },
    "window": "InPatient",
    "extra": "Allocate Bed"
},{
    "action": "log_data",
    "login": {
        "uid": "2",
        "date_time": "2018-03-09 19:37:05",
        "client_ip": "10.22.39.23"
    },
    "window": "InPatient",
    "extra": "Allocate Bed"
},{
    "action": "log_data",
    "login": {
        "uid": "2",
        "date_time": "2018-03-09 19:37:05",
        "client_ip": "10.22.39.23"
    },
    "window": "InPatient",
    "extra": "Allocate Bed"
},{
    "action": "log_data",
    "login": {
        "uid": "2",
        "date_time": "2018-03-09 19:37:45",
        "client_ip": "10.22.39.23"
    },
    "window": "InPatient",
    "extra": "Getting Beds"
},{
    "action": "log_data",
    "login": {
        "uid": "2",
        "date_time": "2018-03-09 19:38:05",
        "client_ip": "10.22.39.23"
    },
    "window": "InPatient",
    "extra": "Allocate Bed"
},{
    "action": "log_data",
    "login": {
        "uid": "2",
        "date_time": "2018-03-09 19:38:05",
        "client_ip": "10.22.39.23"
    },
    "window": " New Patient ",
    "extra": "New patient Opened"
},{
    "action": "log_data",
    "login": {
        "uid": "2",
        "date_time": "2018-03-09 19:38:13",
        "client_ip": "10.22.39.23"
    },
    "window": "InPatient",
    "extra": "Getting Beds"
},{
    "action": "log_data",
    "login": {
        "uid": "2",
        "date_time": "2018-03-09 19:38:20",
        "client_ip": "10.22.39.23"
    },
    "window": "InPatient",
    "extra": "Getting Beds"
},{
    "action": "log_data",
    "login": {
        "uid": "2",
        "date_time": "2018-03-09 19:38:24",
        "client_ip": "10.22.39.23"
    },
    "window": "Users",
    "extra": "extra Data"
},{
    "action": "log_data",
    "login": {
        "uid": "2",
        "date_time": "2018-03-09 19:38:33",
        "client_ip": "10.22.39.23"
    },
    "window": "InPatient",
    "extra": "Getting Total Out Patients"
},{
    "action": "log_data",
    "login": {
        "uid": "2",
        "date_time": "2018-03-09 19:38:40",
        "client_ip": "10.22.39.23"
    },
    "window": "InPatient",
    "extra": "Getting Beds"
},{
    "action": "log_data",
    "login": {
        "uid": "2",
        "date_time": "2018-03-09 19:38:47",
        "client_ip": "10.22.39.23"
    },
    "window": "InPatient",
    "extra": "Allocate Bed"
},{
    "action": "log_data",
    "login": {
        "uid": "2",
        "date_time": "2018-03-09 19:38:47",
        "client_ip": "10.22.39.23"
    },
    "window": " New Patient ",
    "extra": "New patient Opened"
},{
    "action": "log_data",
    "login": {
        "uid": "2",
        "date_time": "2018-03-09 19:41:06",
        "client_ip": "10.22.39.23"
    },
    "window": "InPatient",
    "extra": "Getting Beds"
},{
    "action": "log_data",
    "login": {
        "uid": "2",
        "date_time": "2018-03-09 19:56:10",
        "client_ip": "10.22.39.23"
    },
    "window": "Users",
    "extra": "extra Data"
},{
    "action": "log_data",
    "login": {
        "uid": "2",
        "date_time": "2018-03-09 19:56:14",
        "client_ip": "10.22.39.23"
    },
    "window": " New Patient ",
    "extra": "New patient Opened"
},{
    "action": "log_data",
    "login": {
        "uid": "2",
        "date_time": "2018-03-09 19:57:34",
        "client_ip": "10.22.39.23"
    },
    "window": "Users",
    "extra": "extra Data"
},{
    "action": "log_data",
    "login": {
        "uid": "2",
        "date_time": "2018-03-09 19:57:35",
        "client_ip": "10.22.39.23"
    },
    "window": " New Patient ",
    "extra": "New patient Opened"
},{
    "action": "log_data",
    "login": {
        "uid": "2",
        "date_time": "2018-03-09 20:01:03",
        "client_ip": "10.22.39.23"
    },
    "window": "InPatient",
    "extra": "Getting Beds"
},{
    "action": "log_data",
    "login": {
        "uid": "2",
        "date_time": "2018-03-09 20:07:29",
        "client_ip": "10.22.39.23"
    },
    "window": "Users",
    "extra": "extra Data"
},{
    "action": "log_data",
    "login": {
        "uid": "2",
        "date_time": "2018-03-09 20:08:01",
        "client_ip": "10.22.39.23"
    },
    "window": " New Patient ",
    "extra": "New patient Opened"
},{
    "action": "log_data",
    "login": {
        "uid": "2",
        "date_time": "2018-03-09 20:46:34",
        "client_ip": "10.22.39.23"
    },
    "window": "Users",
    "extra": "extra Data"
},{
    "action": "log_data",
    "login": {
        "uid": "1",
        "date_time": "2018-03-09 20:47:08",
        "client_ip": "10.22.39.23"
    },
    "window": "InPatient",
    "extra": "Getting Total Out Patients"
},{
    "action": "log_data",
    "login": {
        "uid": "1",
        "date_time": "2018-03-09 20:47:18",
        "client_ip": "10.22.39.23"
    },
    "window": "Users",
    "extra": "extra Data"
},{
    "action": "log_data",
    "login": {
        "uid": "1",
        "date_time": "2018-03-09 20:50:41",
        "client_ip": "10.22.39.23"
    },
    "window": "InPatient",
    "extra": "Getting Beds"
},{
    "action": "log_data",
    "login": {
        "uid": "1",
        "date_time": "2018-03-09 20:52:37",
        "client_ip": "10.22.39.23"
    },
    "window": "InPatient",
    "extra": "Getting Beds"
},{
    "action": "log_data",
    "login": {
        "uid": "1",
        "date_time": "2018-03-09 20:56:11",
        "client_ip": "10.22.39.23"
    },
    "window": "InPatient",
    "extra": "Getting Beds"
},{
    "action": "log_data",
    "login": {
        "uid": "1",
        "date_time": "2018-03-09 20:57:39",
        "client_ip": "10.22.39.23"
    },
    "window": "InPatient",
    "extra": "Getting Beds"
},{
    "action": "log_data",
    "login": {
        "uid": "1",
        "date_time": "2018-03-09 20:58:13",
        "client_ip": "10.22.39.23"
    },
    "window": "InPatient",
    "extra": "Getting Beds"
},{
    "action": "log_data",
    "login": {
        "uid": "1",
        "date_time": "2018-03-09 20:58:49",
        "client_ip": "10.22.39.23"
    },
    "window": "InPatient",
    "extra": "Getting Beds"
},{
    "action": "log_data",
    "login": {
        "uid": "1",
        "date_time": "2018-03-09 21:00:04",
        "client_ip": "10.22.39.23"
    },
    "window": "InPatient",
    "extra": "Getting Beds"
},{
    "action": "log_data",
    "login": {
        "uid": "1",
        "date_time": "2018-03-09 21:00:35",
        "client_ip": "10.22.39.23"
    },
    "window": "InPatient",
    "extra": "Getting Beds"
},{
    "action": "log_data",
    "login": {
        "uid": "1",
        "date_time": "2018-03-09 21:02:56",
        "client_ip": "10.22.39.23"
    },
    "window": "InPatient",
    "extra": "Getting Beds"
},