{
    "action": "log_data",
    "login": {
        "uid": "2",
        "date_time": "2018-03-31 10:28:23",
        "client_ip": "10.22.39.156"
    },
    "window": "InPatient",
    "extra": "Getting Total Out Patients"
},{
    "action": "log_data",
    "login": {
        "uid": "2",
        "date_time": "2018-03-31 10:28:26",
        "client_ip": "10.22.39.156"
    },
    "window": "Users",
    "extra": "extra Data"
},{
    "action": "log_data",
    "login": {
        "uid": "2",
        "date_time": "2018-03-31 10:30:38",
        "client_ip": "10.22.39.156"
    },
    "window": "Users",
    "extra": "extra Data"
},{
    "action": "log_data",
    "login": {
        "uid": "2",
        "date_time": "2018-03-31 10:32:14",
        "client_ip": "10.22.39.156"
    },
    "window": "Users",
    "extra": "extra Data"
},{
    "action": "log_data",
    "login": {
        "uid": "2",
        "date_time": "2018-03-31 10:34:00",
        "client_ip": "10.22.39.156"
    },
    "window": "Users",
    "extra": "extra Data"
},{
    "action": "log_data",
    "login": {
        "uid": "2",
        "date_time": "2018-03-31 10:37:10",
        "client_ip": "10.22.39.156"
    },
    "window": "Users",
    "extra": "extra Data"
},{
    "action": "log_data",
    "login": {
        "uid": "2",
        "date_time": "2018-03-31 10:39:32",
        "client_ip": "10.22.39.156"
    },
    "window": "Users",
    "extra": "extra Data"
},{
    "action": "log_data",
    "login": {
        "uid": "2",
        "date_time": "2018-03-31 10:41:08",
        "client_ip": "10.22.39.156"
    },
    "window": "Users",
    "extra": "extra Data"
},{
    "action": "log_data",
    "login": {
        "uid": "2",
        "date_time": "2018-03-31 10:41:28",
        "client_ip": "10.22.39.156"
    },
    "window": "Users",
    "extra": "extra Data"
},{
    "action": "log_data",
    "login": {
        "uid": "2",
        "date_time": "2018-03-31 10:42:58",
        "client_ip": "10.22.39.156"
    },
    "window": "Users",
    "extra": "extra Data"
},{
    "action": "log_data",
    "login": {
        "uid": "2",
        "date_time": "2018-03-31 10:43:38",
        "client_ip": "10.22.39.156"
    },
    "window": "Users",
    "extra": "extra Data"
},{
    "action": "log_data",
    "login": {
        "uid": "2",
        "date_time": "2018-03-31 10:44:08",
        "client_ip": "10.22.39.156"
    },
    "window": "Users",
    "extra": "extra Data"
},{
    "action": "log_data",
    "login": {
        "uid": "2",
        "date_time": "2018-03-31 10:47:04",
        "client_ip": "10.22.39.156"
    },
    "window": "Users",
    "extra": "extra Data"
},{
    "action": "log_data",
    "login": {
        "uid": "2",
        "date_time": "2018-03-31 10:47:31",
        "client_ip": "10.22.39.156"
    },
    "window": "Users",
    "extra": "extra Data"
},{
    "action": "log_data",
    "login": {
        "uid": "2",
        "date_time": "2018-03-31 10:47:55",
        "client_ip": "10.22.39.156"
    },
    "window": "Users",
    "extra": "extra Data"
},{
    "action": "log_data",
    "login": {
        "uid": "2",
        "date_time": "2018-03-31 10:48:35",
        "client_ip": "10.22.39.156"
    },
    "window": "Users",
    "extra": "extra Data"
},{
    "action": "log_data",
    "login": {
        "uid": "2",
        "date_time": "2018-03-31 10:51:03",
        "client_ip": "10.22.39.156"
    },
    "window": "Users",
    "extra": "extra Data"
},{
    "action": "log_data",
    "login": {
        "uid": "2",
        "date_time": "2018-03-31 10:53:25",
        "client_ip": "10.22.39.156"
    },
    "window": "Users",
    "extra": "extra Data"
},{
    "action": "log_data",
    "login": {
        "uid": "2",
        "date_time": "2018-03-31 10:53:53",
        "client_ip": "10.22.39.156"
    },
    "window": "Users",
    "extra": "extra Data"
},{
    "action": "log_data",
    "login": {
        "uid": "2",
        "date_time": "2018-03-31 10:55:15",
        "client_ip": "10.22.39.156"
    },
    "window": "Users",
    "extra": "extra Data"
},{
    "action": "log_data",
    "login": {
        "uid": "2",
        "date_time": "2018-03-31 10:55:18",
        "client_ip": "10.22.39.156"
    },
    "window": "Users",
    "extra": "extra Data"
},{
    "action": "log_data",
    "login": {
        "uid": "2",
        "date_time": "2018-03-31 10:56:24",
        "client_ip": "10.22.39.156"
    },
    "window": "Users",
    "extra": "extra Data"
},{
    "action": "log_data",
    "login": {
        "uid": "2",
        "date_time": "2018-03-31 10:57:13",
        "client_ip": "10.22.39.156"
    },
    "window": "Users",
    "extra": "extra Data"
},{
    "action": "log_data",
    "login": {
        "uid": "2",
        "date_time": "2018-03-31 10:58:26",
        "client_ip": "10.22.39.156"
    },
    "window": "Users",
    "extra": "extra Data"
},{
    "action": "log_data",
    "login": {
        "uid": "2",
        "date_time": "2018-03-31 11:00:31",
        "client_ip": "10.22.39.156"
    },
    "window": "Users",
    "extra": "extra Data"
},{
    "action": "log_data",
    "login": {
        "uid": "2",
        "date_time": "2018-03-31 11:01:15",
        "client_ip": "10.22.39.156"
    },
    "window": "Users",
    "extra": "extra Data"
},{
    "action": "log_data",
    "login": {
        "uid": "2",
        "date_time": "2018-03-31 11:01:30",
        "client_ip": "10.22.39.156"
    },
    "window": "Users",
    "extra": "extra Data"
},{
    "action": "log_data",
    "login": {
        "uid": "2",
        "date_time": "2018-03-31 11:05:43",
        "client_ip": "10.22.39.156"
    },
    "window": "Users",
    "extra": "extra Data"
},{
    "action": "log_data",
    "login": {
        "uid": "2",
        "date_time": "2018-03-31 11:07:15",
        "client_ip": "10.22.39.156"
    },
    "window": "Users",
    "extra": "extra Data"
},{
    "action": "log_data",
    "login": {
        "uid": "2",
        "date_time": "2018-03-31 11:08:37",
        "client_ip": "10.22.39.156"
    },
    "window": "Users",
    "extra": "extra Data"
},{
    "action": "log_data",
    "login": {
        "uid": "2",
        "date_time": "2018-03-31 11:09:31",
        "client_ip": "10.22.39.156"
    },
    "window": "InPatient",
    "extra": "Getting Total Out Patients"
},{
    "action": "log_data",
    "login": {
        "uid": "2",
        "date_time": "2018-03-31 11:09:34",
        "client_ip": "10.22.39.156"
    },
    "window": "Users",
    "extra": "extra Data"
},{
    "action": "log_data",
    "login": {
        "uid": "2",
        "date_time": "2018-03-31 11:15:07",
        "client_ip": "10.22.39.156"
    },
    "window": "Users",
    "extra": "extra Data"
},{
    "action": "log_data",
    "login": {
        "uid": "2",
        "date_time": "2018-03-31 11:26:32",
        "client_ip": "10.22.39.156"
    },
    "window": "Users",
    "extra": "extra Data"
},{
    "action": "log_data",
    "login": {
        "uid": "2",
        "date_time": "2018-03-31 11:28:06",
        "client_ip": "10.22.39.156"
    },
    "window": "Users",
    "extra": "extra Data"
},{
    "action": "log_data",
    "login": {
        "uid": "2",
        "date_time": "2018-03-31 11:29:20",
        "client_ip": "10.22.39.156"
    },
    "window": "Users",
    "extra": "extra Data"
},{
    "action": "log_data",
    "login": {
        "uid": "2",
        "date_time": "2018-03-31 11:31:06",
        "client_ip": "10.22.39.156"
    },
    "window": "Users",
    "extra": "extra Data"
},{
    "action": "log_data",
    "login": {
        "uid": "2",
        "date_time": "2018-03-31 11:32:22",
        "client_ip": "10.22.39.156"
    },
    "window": "Users",
    "extra": "extra Data"
},{
    "action": "log_data",
    "login": {
        "uid": "2",
        "date_time": "2018-03-31 11:34:27",
        "client_ip": "10.22.39.156"
    },
    "window": "Users",
    "extra": "extra Data"
},{
    "action": "log_data",
    "login": {
        "uid": "2",
        "date_time": "2018-03-31 11:37:56",
        "client_ip": "10.22.39.156"
    },
    "window": "Users",
    "extra": "extra Data"
},{
    "action": "log_data",
    "login": {
        "uid": "2",
        "date_time": "2018-03-31 11:40:10",
        "client_ip": "10.22.39.156"
    },
    "window": "Users",
    "extra": "extra Data"
},{
    "action": "log_data",
    "login": {
        "uid": "2",
        "date_time": "2018-03-31 11:41:04",
        "client_ip": "10.22.39.156"
    },
    "window": "Users",
    "extra": "extra Data"
},{
    "action": "log_data",
    "login": {
        "uid": "2",
        "date_time": "2018-03-31 11:42:40",
        "client_ip": "10.22.39.156"
    },
    "window": "Users",
    "extra": "extra Data"
},{
    "action": "log_data",
    "login": {
        "uid": "2",
        "date_time": "2018-03-31 11:43:12",
        "client_ip": "10.22.39.156"
    },
    "window": "Users",
    "extra": "extra Data"
},{
    "action": "log_data",
    "login": {
        "uid": "2",
        "date_time": "2018-03-31 11:43:53",
        "client_ip": "10.22.39.156"
    },
    "window": "Users",
    "extra": "extra Data"
},{
    "action": "log_data",
    "login": {
        "uid": "2",
        "date_time": "2018-03-31 11:44:32",
        "client_ip": "10.22.39.156"
    },
    "window": "Users",
    "extra": "extra Data"
},{
    "action": "log_data",
    "login": {
        "uid": "2",
        "date_time": "2018-03-31 11:45:30",
        "client_ip": "10.22.39.156"
    },
    "window": "Users",
    "extra": "extra Data"
},{
    "action": "log_data",
    "login": {
        "uid": "2",
        "date_time": "2018-03-31 11:46:23",
        "client_ip": "10.22.39.156"
    },
    "window": "Users",
    "extra": "extra Data"
},{
    "action": "log_data",
    "login": {
        "uid": "2",
        "date_time": "2018-03-31 11:47:55",
        "client_ip": "10.22.39.156"
    },
    "window": "Users",
    "extra": "extra Data"
},{
    "action": "log_data",
    "login": {
        "uid": "2",
        "date_time": "2018-03-31 11:48:17",
        "client_ip": "10.22.39.156"
    },
    "window": "Users",
    "extra": "extra Data"
},{
    "action": "log_data",
    "login": {
        "uid": "2",
        "date_time": "2018-03-31 11:48:42",
        "client_ip": "10.22.39.156"
    },
    "window": "Users",
    "extra": "extra Data"
},{
    "action": "log_data",
    "login": {
        "uid": "2",
        "date_time": "2018-03-31 11:50:03",
        "client_ip": "10.22.39.156"
    },
    "window": "Users",
    "extra": "extra Data"
},{
    "action": "log_data",
    "login": {
        "uid": "2",
        "date_time": "2018-03-31 11:52:29",
        "client_ip": "10.22.39.156"
    },
    "window": "Users",
    "extra": "extra Data"
},{
    "action": "log_data",
    "login": {
        "uid": "2",
        "date_time": "2018-03-31 11:56:39",
        "client_ip": "10.22.39.156"
    },
    "window": "Users",
    "extra": "extra Data"
},{
    "action": "log_data",
    "login": {
        "uid": "2",
        "date_time": "2018-03-31 11:56:43",
        "client_ip": "10.22.39.156"
    },
    "window": "Users",
    "extra": "extra Data"
},{
    "action": "log_data",
    "login": {
        "uid": "2",
        "date_time": "2018-03-31 11:59:24",
        "client_ip": "10.22.39.156"
    },
    "window": "Users",
    "extra": "extra Data"
},{
    "action": "log_data",
    "login": {
        "uid": "2",
        "date_time": "2018-03-31 12:01:42",
        "client_ip": "10.22.39.156"
    },
    "window": "Users",
    "extra": "extra Data"
},{
    "action": "log_data",
    "login": {
        "uid": "2",
        "date_time": "2018-03-31 12:05:09",
        "client_ip": "10.22.39.156"
    },
    "window": "Users",
    "extra": "extra Data"
},{
    "action": "log_data",
    "login": {
        "uid": "2",
        "date_time": "2018-03-31 12:09:28",
        "client_ip": "10.22.39.156"
    },
    "window": "Users",
    "extra": "extra Data"
},{
    "action": "log_data",
    "login": {
        "uid": "2",
        "date_time": "2018-03-31 12:10:31",
        "client_ip": "10.22.39.156"
    },
    "window": "Users",
    "extra": "extra Data"
},{
    "action": "log_data",
    "login": {
        "uid": "2",
        "date_time": "2018-03-31 12:12:42",
        "client_ip": "10.22.39.156"
    },
    "window": "Users",
    "extra": "extra Data"
},{
    "action": "log_data",
    "login": {
        "uid": "2",
        "date_time": "2018-03-31 12:14:13",
        "client_ip": "10.22.39.156"
    },
    "window": "Users",
    "extra": "extra Data"
},{
    "action": "log_data",
    "login": {
        "uid": "2",
        "date_time": "2018-03-31 12:18:23",
        "client_ip": "10.22.39.156"
    },
    "window": "Users",
    "extra": "extra Data"
},{
    "action": "log_data",
    "login": {
        "uid": "2",
        "date_time": "2018-03-31 12:19:37",
        "client_ip": "10.22.39.156"
    },
    "window": "Users",
    "extra": "extra Data"
},{
    "action": "log_data",
    "login": {
        "uid": "2",
        "date_time": "2018-03-31 12:20:46",
        "client_ip": "10.22.39.156"
    },
    "window": "Users",
    "extra": "extra Data"
},{
    "action": "log_data",
    "login": {
        "uid": "2",
        "date_time": "2018-03-31 12:21:34",
        "client_ip": "10.22.39.156"
    },
    "window": "Users",
    "extra": "extra Data"
},{
    "action": "log_data",
    "login": {
        "uid": "2",
        "date_time": "2018-03-31 12:25:29",
        "client_ip": "10.22.39.156"
    },
    "window": "Users",
    "extra": "extra Data"
},{
    "action": "log_data",
    "login": {
        "uid": "2",
        "date_time": "2018-03-31 12:26:08",
        "client_ip": "10.22.39.156"
    },
    "window": "Users",
    "extra": "extra Data"
},{
    "action": "log_data",
    "login": {
        "uid": "2",
        "date_time": "2018-03-31 12:32:50",
        "client_ip": "10.22.39.156"
    },
    "window": "Users",
    "extra": "extra Data"
},{
    "action": "log_data",
    "login": {
        "uid": "2",
        "date_time": "2018-03-31 12:33:36",
        "client_ip": "10.22.39.156"
    },
    "window": "Users",
    "extra": "extra Data"
},{
    "action": "log_data",
    "login": {
        "uid": "2",
        "date_time": "2018-03-31 12:34:24",
        "client_ip": "10.22.39.156"
    },
    "window": "Users",
    "extra": "extra Data"
},{
    "action": "log_data",
    "login": {
        "uid": "2",
        "date_time": "2018-03-31 12:37:53",
        "client_ip": "10.22.39.156"
    },
    "window": "Users",
    "extra": "extra Data"
},{
    "action": "log_data",
    "login": {
        "uid": "2",
        "date_time": "2018-03-31 12:39:38",
        "client_ip": "10.22.39.156"
    },
    "window": "Users",
    "extra": "extra Data"
},{
    "action": "log_data",
    "login": {
        "uid": "2",
        "date_time": "2018-03-31 12:40:59",
        "client_ip": "10.22.39.156"
    },
    "window": "Users",
    "extra": "extra Data"
},{
    "action": "log_data",
    "login": {
        "uid": "2",
        "date_time": "2018-03-31 12:42:54",
        "client_ip": "10.22.39.156"
    },
    "window": "Users",
    "extra": "extra Data"
},{
    "action": "log_data",
    "login": {
        "uid": "2",
        "date_time": "2018-03-31 12:44:20",
        "client_ip": "10.22.39.156"
    },
    "window": "Users",
    "extra": "extra Data"
},{
    "action": "log_data",
    "login": {
        "uid": "2",
        "date_time": "2018-03-31 12:45:39",
        "client_ip": "10.22.39.156"
    },
    "window": "Users",
    "extra": "extra Data"
},{
    "action": "log_data",
    "login": {
        "uid": "2",
        "date_time": "2018-03-31 12:46:38",
        "client_ip": "10.22.39.156"
    },
    "window": "Users",
    "extra": "extra Data"
},{
    "action": "log_data",
    "login": {
        "uid": "2",
        "date_time": "2018-03-31 12:51:05",
        "client_ip": "10.22.39.156"
    },
    "window": "Users",
    "extra": "extra Data"
},{
    "action": "log_data",
    "login": {
        "uid": "2",
        "date_time": "2018-03-31 12:52:56",
        "client_ip": "10.22.39.156"
    },
    "window": "Users",
    "extra": "extra Data"
},{
    "action": "log_data",
    "login": {
        "uid": "2",
        "date_time": "2018-03-31 12:53:26",
        "client_ip": "10.22.39.156"
    },
    "window": "Users",
    "extra": "extra Data"
},{
    "action": "log_data",
    "login": {
        "uid": "2",
        "date_time": "2018-03-31 12:54:07",
        "client_ip": "10.22.39.156"
    },
    "window": "Users",
    "extra": "extra Data"
},{
    "action": "log_data",
    "login": {
        "uid": "2",
        "date_time": "2018-03-31 13:14:04",
        "client_ip": "10.22.39.156"
    },
    "window": "Users",
    "extra": "extra Data"
},{
    "action": "log_data",
    "login": {
        "uid": "2",
        "date_time": "2018-03-31 13:16:56",
        "client_ip": "10.22.39.156"
    },
    "window": "Users",
    "extra": "extra Data"
},{
    "action": "log_data",
    "login": {
        "uid": "2",
        "date_time": "2018-03-31 13:17:12",
        "client_ip": "10.22.39.156"
    },
    "window": "Users",
    "extra": "extra Data"
},{
    "action": "log_data",
    "login": {
        "uid": "2",
        "date_time": "2018-03-31 13:21:08",
        "client_ip": "10.22.39.156"
    },
    "window": "Users",
    "extra": "extra Data"
},{
    "action": "log_data",
    "login": {
        "uid": "2",
        "date_time": "2018-03-31 13:21:20",
        "client_ip": "10.22.39.156"
    },
    "window": "Users",
    "extra": "extra Data"
},{
    "action": "log_data",
    "login": {
        "uid": "2",
        "date_time": "2018-03-31 13:22:07",
        "client_ip": "10.22.39.156"
    },
    "window": "Users",
    "extra": "extra Data"
},{
    "action": "log_data",
    "login": {
        "uid": "2",
        "date_time": "2018-03-31 13:24:00",
        "client_ip": "10.22.39.156"
    },
    "window": "Users",
    "extra": "extra Data"
},{
    "action": "log_data",
    "login": {
        "uid": "2",
        "date_time": "2018-03-31 13:24:46",
        "client_ip": "10.22.39.156"
    },
    "window": "Users",
    "extra": "extra Data"
},{
    "action": "log_data",
    "login": {
        "uid": "2",
        "date_time": "2018-03-31 13:25:51",
        "client_ip": "10.22.39.156"
    },
    "window": "Users",
    "extra": "extra Data"
},{
    "action": "log_data",
    "login": {
        "uid": "2",
        "date_time": "2018-03-31 13:26:32",
        "client_ip": "10.22.39.156"
    },
    "window": "Users",
    "extra": "extra Data"
},{
    "action": "log_data",
    "login": {
        "uid": "2",
        "date_time": "2018-03-31 13:28:34",
        "client_ip": "10.22.39.156"
    },
    "window": "Users",
    "extra": "extra Data"
},{
    "action": "log_data",
    "login": {
        "uid": "2",
        "date_time": "2018-03-31 13:30:08",
        "client_ip": "10.22.39.156"
    },
    "window": "Users",
    "extra": "extra Data"
},{
    "action": "log_data",
    "login": {
        "uid": "2",
        "date_time": "2018-03-31 13:32:20",
        "client_ip": "10.22.39.156"
    },
    "window": "Users",
    "extra": "extra Data"
},{
    "action": "log_data",
    "login": {
        "uid": "2",
        "date_time": "2018-03-31 14:28:06",
        "client_ip": "10.22.39.156"
    },
    "window": "Users",
    "extra": "extra Data"
},{
    "action": "log_data",
    "login": {
        "uid": "2",
        "date_time": "2018-03-31 14:29:06",
        "client_ip": "10.22.39.156"
    },
    "window": "Users",
    "extra": "extra Data"
},{
    "action": "log_data",
    "login": {
        "uid": "2",
        "date_time": "2018-03-31 14:31:21",
        "client_ip": "10.22.39.156"
    },
    "window": "Users",
    "extra": "extra Data"
},{
    "action": "log_data",
    "login": {
        "uid": "2",
        "date_time": "2018-03-31 14:38:45",
        "client_ip": "10.22.39.156"
    },
    "window": "Users",
    "extra": "extra Data"
},{
    "action": "log_data",
    "login": {
        "uid": "2",
        "date_time": "2018-03-31 14:40:04",
        "client_ip": "10.22.39.156"
    },
    "window": "Users",
    "extra": "extra Data"
},{
    "action": "log_data",
    "login": {
        "uid": "2",
        "date_time": "2018-03-31 14:40:20",
        "client_ip": "10.22.39.156"
    },
    "window": "Users",
    "extra": "extra Data"
},{
    "action": "log_data",
    "login": {
        "uid": "2",
        "date_time": "2018-03-31 14:41:32",
        "client_ip": "10.22.39.156"
    },
    "window": "Users",
    "extra": "extra Data"
},{
    "action": "log_data",
    "login": {
        "uid": "2",
        "date_time": "2018-03-31 14:43:06",
        "client_ip": "10.22.39.156"
    },
    "window": "Users",
    "extra": "extra Data"
},{
    "action": "log_data",
    "login": {
        "uid": "2",
        "date_time": "2018-03-31 14:43:34",
        "client_ip": "10.22.39.156"
    },
    "window": "Users",
    "extra": "extra Data"
},{
    "action": "log_data",
    "login": {
        "uid": "2",
        "date_time": "2018-03-31 14:44:47",
        "client_ip": "10.22.39.156"
    },
    "window": "Users",
    "extra": "extra Data"
},{
    "action": "log_data",
    "login": {
        "uid": "2",
        "date_time": "2018-03-31 14:45:40",
        "client_ip": "10.22.39.156"
    },
    "window": " New Patient ",
    "extra": "New patient Opened"
},{
    "action": "log_data",
    "login": {
        "uid": "2",
        "date_time": "2018-03-31 14:46:56",
        "client_ip": "10.22.39.156"
    },
    "window": "New Patient",
    "extra": "patient_new_reg%5Bbasic_info%5D%5B0%5D%5Bname%5D=pummy&patient_new_reg%5Bbasic_info%5D%5B0%5D%5Bfather_name%5D=ramesh&patient_new_reg%5Bbasic_info%5D%5B0%5D%5Bgender%5D=F&patient_new_reg%5Bbasic_info%5D%5B0%5D%5Bdate_of_birth%5D=&patient_new_reg%5Bbasic_info%5D%5B0%5D%5Bage%5D=45&patient_new_reg%5Bbasic_info%5D%5B0%5D%5Bhouse_no%5D=&patient_new_reg%5Bbasic_info%5D%5B0%5D%5Bstreet%5D=&patient_new_reg%5Bbasic_info%5D%5B0%5D%5Bloc%5D=&patient_new_reg%5Bbasic_info%5D%5B0%5D%5Bcity%5D=hyd&patient_new_reg%5Bbasic_info%5D%5B0%5D%5Bdistrict%5D=&patient_new_reg%5Bbasic_info%5D%5B0%5D%5Bstate%5D=&patient_new_reg%5Bbasic_info%5D%5B0%5D%5Bpincode%5D=&patient_new_reg%5Bbasic_info%5D%5B0%5D%5Bmobile%5D=0092323787&patient_new_reg%5Bbasic_info%5D%5B0%5D%5Baadhar_no%5D=&patient_new_reg%5Bbasic_info%5D%5B0%5D%5Bemail%5D=&patient_new_reg%5Bconsultation%5D%5B0%5D%5Bdr_consult_id%5D=8&patient_new_reg%5Bconsultation%5D%5B0%5D%5Bdr_id%5D=10&patient_new_reg%5Bconsultation%5D%5B0%5D%5Bref_id%5D=&patient_new_reg%5Bconsultation%5D%5B0%5D%5Bconsultation_amount%5D=800&patient_new_reg%5Bconsultation%5D%5B0%5D%5Buser_id%5D=2&patient_new_reg%5Bvisit_type%5D=op"
},{
    "action": "log_data",
    "login": {
        "uid": "2",
        "date_time": "2018-03-31 14:46:56",
        "client_ip": "10.22.39.156"
    },
    "window": " New Patient ",
    "extra": "New patient Opened"
},{
    "action": "log_data",
    "login": {
        "uid": "2",
        "date_time": "2018-03-31 14:46:58",
        "client_ip": "10.22.39.156"
    },
    "window": "InPatient",
    "extra": "Getting Beds"
},{
    "action": "log_data",
    "login": {
        "uid": "2",
        "date_time": "2018-03-31 14:47:08",
        "client_ip": "10.22.39.156"
    },
    "window": "InPatient",
    "extra": "Getting Beds"
},{
    "action": "log_data",
    "login": {
        "uid": "2",
        "date_time": "2018-03-31 14:47:11",
        "client_ip": "10.22.39.156"
    },
    "window": "InPatient",
    "extra": "To Select surgery"
},{
    "action": "log_data",
    "login": {
        "uid": "2",
        "date_time": "2018-03-31 14:47:12",
        "client_ip": "10.22.39.156"
    },
    "window": "InPatient",
    "extra": "To Select surgery"
},{
    "action": "log_data",
    "login": {
        "uid": "2",
        "date_time": "2018-03-31 14:47:28",
        "client_ip": "10.22.39.156"
    },
    "window": "InPatient",
    "extra": "Bed Section"
},{
    "action": "log_data",
    "login": {
        "uid": "2",
        "date_time": "2018-03-31 14:47:30",
        "client_ip": "10.22.39.156"
    },
    "window": "InPatient",
    "extra": "Allocate Bed"
},{
    "action": "log_data",
    "login": {
        "uid": "2",
        "date_time": "2018-03-31 14:47:30",
        "client_ip": "10.22.39.156"
    },
    "window": " New Patient ",
    "extra": "New patient Opened"
},{
    "action": "log_data",
    "login": {
        "uid": "2",
        "date_time": "2018-03-31 14:47:33",
        "client_ip": "10.22.39.156"
    },
    "window": "Users",
    "extra": "extra Data"
},{
    "action": "log_data",
    "login": {
        "uid": "2",
        "date_time": "2018-03-31 14:49:00",
        "client_ip": "10.22.39.156"
    },
    "window": "Users",
    "extra": "extra Data"
},{
    "action": "log_data",
    "login": {
        "uid": "2",
        "date_time": "2018-03-31 14:49:47",
        "client_ip": "10.22.39.156"
    },
    "window": "Users",
    "extra": "extra Data"
},{
    "action": "log_data",
    "login": {
        "uid": "2",
        "date_time": "2018-03-31 14:50:31",
        "client_ip": "10.22.39.156"
    },
    "window": "Users",
    "extra": "extra Data"
},{
    "action": "log_data",
    "login": {
        "uid": "2",
        "date_time": "2018-03-31 14:59:09",
        "client_ip": "10.22.39.156"
    },
    "window": "Users",
    "extra": "extra Data"
},{
    "action": "log_data",
    "login": {
        "uid": "2",
        "date_time": "2018-03-31 15:03:17",
        "client_ip": "10.22.39.156"
    },
    "window": "Users",
    "extra": "extra Data"
},{
    "action": "log_data",
    "login": {
        "uid": "2",
        "date_time": "2018-03-31 15:04:12",
        "client_ip": "10.22.39.156"
    },
    "window": "Users",
    "extra": "extra Data"
},{
    "action": "log_data",
    "login": {
        "uid": "2",
        "date_time": "2018-03-31 15:11:40",
        "client_ip": "10.22.39.156"
    },
    "window": "Users",
    "extra": "extra Data"
},{
    "action": "log_data",
    "login": {
        "uid": "2",
        "date_time": "2018-03-31 15:12:14",
        "client_ip": "10.22.39.156"
    },
    "window": "Users",
    "extra": "extra Data"
},{
    "action": "log_data",
    "login": {
        "uid": "2",
        "date_time": "2018-03-31 15:28:56",
        "client_ip": "10.22.39.156"
    },
    "window": "Users",
    "extra": "extra Data"
},{
    "action": "log_data",
    "login": {
        "uid": "1",
        "date_time": "2018-03-31 15:58:08",
        "client_ip": "10.22.39.157"
    },
    "window": "InPatient",
    "extra": "Getting Total Out Patients"
},{
    "action": "log_data",
    "login": {
        "uid": "1",
        "date_time": "2018-03-31 15:58:12",
        "client_ip": "10.22.39.157"
    },
    "window": "Users",
    "extra": "extra Data"
},{
    "action": "log_data",
    "login": {
        "uid": "2",
        "date_time": "2018-03-31 16:04:45",
        "client_ip": "10.22.39.156"
    },
    "window": "Users",
    "extra": "extra Data"
},{
    "action": "log_data",
    "login": {
        "uid": "2",
        "date_time": "2018-03-31 16:05:13",
        "client_ip": "10.22.39.156"
    },
    "window": "Users",
    "extra": "extra Data"
},{
    "action": "log_data",
    "login": {
        "uid": "2",
        "date_time": "2018-03-31 16:05:18",
        "client_ip": "10.22.39.156"
    },
    "window": "Supplier",
    "extra": "Supplier data is opened"
},{
    "action": "log_data",
    "login": {
        "uid": "2",
        "date_time": "2018-03-31 16:05:29",
        "client_ip": "10.22.39.156"
    },
    "window": "Users",
    "extra": "extra Data"
},{
    "action": "log_data",
    "login": {
        "uid": "2",
        "date_time": "2018-03-31 16:05:45",
        "client_ip": "10.22.39.156"
    },
    "window": "Asset PO",
    "extra": "Asset PO opened"
},{
    "action": "log_data",
    "login": {
        "uid": "2",
        "date_time": "2018-03-31 16:05:47",
        "client_ip": "10.22.39.156"
    },
    "window": "Items added To Object",
    "extra": ""
},{
    "action": "log_data",
    "login": {
        "uid": "2",
        "date_time": "2018-03-31 16:05:47",
        "client_ip": "10.22.39.156"
    },
    "window": "Clicked on Add New AssetPO",
    "extra": ""
},{
    "action": "log_data",
    "login": {
        "uid": "2",
        "date_time": "2018-03-31 16:06:25",
        "client_ip": "10.22.39.156"
    },
    "window": "Asset PO",
    "extra": "Asset PO opened"
},{
    "action": "log_data",
    "login": {
        "uid": "2",
        "date_time": "2018-03-31 16:06:29",
        "client_ip": "10.22.39.156"
    },
    "window": "Users",
    "extra": "extra Data"
},{
    "action": "log_data",
    "login": {
        "uid": "2",
        "date_time": "2018-03-31 16:06:55",
        "client_ip": "10.22.39.156"
    },
    "window": "Users",
    "extra": "extra Data"
},{
    "action": "log_data",
    "login": {
        "uid": "2",
        "date_time": "2018-03-31 16:07:50",
        "client_ip": "10.22.39.156"
    },
    "window": "Users",
    "extra": "extra Data"
},{
    "action": "log_data",
    "login": {
        "uid": "2",
        "date_time": "2018-03-31 16:08:15",
        "client_ip": "10.22.39.156"
    },
    "window": "Assets",
    "extra": "Assets is opened"
},{
    "action": "log_data",
    "login": {
        "uid": "2",
        "date_time": "2018-03-31 16:08:16",
        "client_ip": "10.22.39.156"
    },
    "window": "Asset PO",
    "extra": "Asset PO opened"
},{
    "action": "log_data",
    "login": {
        "uid": "2",
        "date_time": "2018-03-31 16:08:18",
        "client_ip": "10.22.39.156"
    },
    "window": "Items added To Object",
    "extra": ""
},{
    "action": "log_data",
    "login": {
        "uid": "2",
        "date_time": "2018-03-31 16:08:18",
        "client_ip": "10.22.39.156"
    },
    "window": "Clicked on Add New AssetPO",
    "extra": ""
},{
    "action": "log_data",
    "login": {
        "uid": "2",
        "date_time": "2018-03-31 16:08:22",
        "client_ip": "10.22.39.156"
    },
    "window": "Changed Purchase Price of item",
    "extra": "0"
},{
    "action": "log_data",
    "login": {
        "uid": "2",
        "date_time": "2018-03-31 16:08:23",
        "client_ip": "10.22.39.156"
    },
    "window": "Changed Purchase Price of item",
    "extra": "0"
},{
    "action": "log_data",
    "login": {
        "uid": "2",
        "date_time": "2018-03-31 16:08:23",
        "client_ip": "10.22.39.156"
    },
    "window": "Changed Purchase Price of item",
    "extra": "0"
},{
    "action": "log_data",
    "login": {
        "uid": "2",
        "date_time": "2018-03-31 16:10:01",
        "client_ip": "10.22.39.156"
    },
    "window": "Asset PO",
    "extra": "Asset PO opened"
},{
    "action": "log_data",
    "login": {
        "uid": "2",
        "date_time": "2018-03-31 16:10:07",
        "client_ip": "10.22.39.156"
    },
    "window": "Users",
    "extra": "extra Data"
},{
    "action": "log_data",
    "login": {
        "uid": "2",
        "date_time": "2018-03-31 16:11:40",
        "client_ip": "10.22.39.156"
    },
    "window": "Users",
    "extra": "extra Data"
},{
    "action": "log_data",
    "login": {
        "uid": "2",
        "date_time": "2018-03-31 16:18:41",
        "client_ip": "10.22.39.156"
    },
    "window": "Users",
    "extra": "extra Data"
},{
    "action": "log_data",
    "login": {
        "uid": "2",
        "date_time": "2018-03-31 16:21:07",
        "client_ip": "10.22.39.156"
    },
    "window": "Users",
    "extra": "extra Data"
},{
    "action": "log_data",
    "login": {
        "uid": "2",
        "date_time": "2018-03-31 16:21:31",
        "client_ip": "10.22.39.156"
    },
    "window": "Users",
    "extra": "extra Data"
},{
    "action": "log_data",
    "login": {
        "uid": "2",
        "date_time": "2018-03-31 16:24:37",
        "client_ip": "10.22.39.156"
    },
    "window": "Users",
    "extra": "extra Data"
},{
    "action": "log_data",
    "login": {
        "uid": "2",
        "date_time": "2018-03-31 16:25:53",
        "client_ip": "10.22.39.156"
    },
    "window": "Users",
    "extra": "extra Data"
},{
    "action": "log_data",
    "login": {
        "uid": "2",
        "date_time": "2018-03-31 16:26:29",
        "client_ip": "10.22.39.156"
    },
    "window": "Users",
    "extra": "extra Data"
},{
    "action": "log_data",
    "login": {
        "uid": "2",
        "date_time": "2018-03-31 16:27:07",
        "client_ip": "10.22.39.156"
    },
    "window": "Users",
    "extra": "extra Data"
},{
    "action": "log_data",
    "login": {
        "uid": "2",
        "date_time": "2018-03-31 16:28:01",
        "client_ip": "10.22.39.156"
    },
    "window": "Users",
    "extra": "extra Data"
},{
    "action": "log_data",
    "login": {
        "uid": "2",
        "date_time": "2018-03-31 16:28:48",
        "client_ip": "10.22.39.156"
    },
    "window": "Users",
    "extra": "extra Data"
},{
    "action": "log_data",
    "login": {
        "uid": "4",
        "date_time": "2018-03-31 16:33:01",
        "client_ip": "10.22.39.152"
    },
    "window": "Asset PO",
    "extra": "Asset PO opened"
},{
    "action": "log_data",
    "login": {
        "uid": "4",
        "date_time": "2018-03-31 16:33:02",
        "client_ip": "10.22.39.152"
    },
    "window": "Asset Inward",
    "extra": "Asset Inward is opened"
},{
    "action": "log_data",
    "login": {
        "uid": "2",
        "date_time": "2018-03-31 16:34:33",
        "client_ip": "10.22.39.156"
    },
    "window": "Users",
    "extra": "extra Data"
},{
    "action": "log_data",
    "login": {
        "uid": "2",
        "date_time": "2018-03-31 16:36:07",
        "client_ip": "10.22.39.156"
    },
    "window": "Users",
    "extra": "extra Data"
},{
    "action": "log_data",
    "login": {
        "uid": "2",
        "date_time": "2018-03-31 16:41:47",
        "client_ip": "10.22.39.156"
    },
    "window": "Users",
    "extra": "extra Data"
},{
    "action": "log_data",
    "login": {
        "uid": "2",
        "date_time": "2018-03-31 16:45:45",
        "client_ip": "10.22.39.156"
    },
    "window": "Users",
    "extra": "extra Data"
},{
    "action": "log_data",
    "login": {
        "uid": "2",
        "date_time": "2018-03-31 16:48:11",
        "client_ip": "10.22.39.156"
    },
    "window": "Users",
    "extra": "extra Data"
},{
    "action": "log_data",
    "login": {
        "uid": "2",
        "date_time": "2018-03-31 16:49:26",
        "client_ip": "10.22.39.156"
    },
    "window": "Users",
    "extra": "extra Data"
},{
    "action": "log_data",
    "login": {
        "uid": "2",
        "date_time": "2018-03-31 16:53:01",
        "client_ip": "10.22.39.156"
    },
    "window": "Users",
    "extra": "extra Data"
},{
    "action": "log_data",
    "login": {
        "uid": "2",
        "date_time": "2018-03-31 16:54:09",
        "client_ip": "10.22.39.156"
    },
    "window": "Users",
    "extra": "extra Data"
},{
    "action": "log_data",
    "login": {
        "uid": "2",
        "date_time": "2018-03-31 16:55:01",
        "client_ip": "10.22.39.156"
    },
    "window": "Users",
    "extra": "extra Data"
},{
    "action": "log_data",
    "login": {
        "uid": "2",
        "date_time": "2018-03-31 16:58:25",
        "client_ip": "10.22.39.156"
    },
    "window": "Asset PO",
    "extra": "Asset PO opened"
},{
    "action": "log_data",
    "login": {
        "uid": "2",
        "date_time": "2018-03-31 16:58:27",
        "client_ip": "10.22.39.156"
    },
    "window": "Clicked on Add New AssetPO",
    "extra": ""
},{
    "action": "log_data",
    "login": {
        "uid": "2",
        "date_time": "2018-03-31 16:58:27",
        "client_ip": "10.22.39.156"
    },
    "window": "Items added To Object",
    "extra": ""
},{
    "action": "log_data",
    "login": {
        "uid": "2",
        "date_time": "2018-03-31 16:58:29",
        "client_ip": "10.22.39.156"
    },
    "window": "Retrieved Previous Item Po Data",
    "extra": "5"
},{
    "action": "log_data",
    "login": {
        "uid": "2",
        "date_time": "2018-03-31 16:58:29",
        "client_ip": "10.22.39.156"
    },
    "window": "Changed Quantity of item",
    "extra": "0"
},{
    "action": "log_data",
    "login": {
        "uid": "2",
        "date_time": "2018-03-31 16:58:33",
        "client_ip": "10.22.39.156"
    },
    "window": "Changed Quantity of item",
    "extra": "0"
},{
    "action": "log_data",
    "login": {
        "uid": "2",
        "date_time": "2018-03-31 16:58:33",
        "client_ip": "10.22.39.156"
    },
    "window": "Changed Quantity of item",
    "extra": "0"
},{
    "action": "log_data",
    "login": {
        "uid": "2",
        "date_time": "2018-03-31 16:58:33",
        "client_ip": "10.22.39.156"
    },
    "window": "Changed Quantity of item",
    "extra": "0"
},{
    "action": "log_data",
    "login": {
        "uid": "2",
        "date_time": "2018-03-31 16:58:34",
        "client_ip": "10.22.39.156"
    },
    "window": "Changed Quantity of item",
    "extra": "0"
},{
    "action": "log_data",
    "login": {
        "uid": "2",
        "date_time": "2018-03-31 17:03:44",
        "client_ip": "10.22.39.156"
    },
    "window": "Asset PO",
    "extra": "Asset PO opened"
},{
    "action": "log_data",
    "login": {
        "uid": "2",
        "date_time": "2018-03-31 17:03:47",
        "client_ip": "10.22.39.156"
    },
    "window": "Users",
    "extra": "extra Data"
},{
    "action": "log_data",
    "login": {
        "uid": "2",
        "date_time": "2018-03-31 17:04:41",
        "client_ip": "10.22.39.156"
    },
    "window": "Asset PO",
    "extra": "Asset PO opened"
},{
    "action": "log_data",
    "login": {
        "uid": "2",
        "date_time": "2018-03-31 17:04:44",
        "client_ip": "10.22.39.156"
    },
    "window": "Users",
    "extra": "extra Data"
},{
    "action": "log_data",
    "login": {
        "uid": "2",
        "date_time": "2018-03-31 17:04:51",
        "client_ip": "10.22.39.156"
    },
    "window": "Users",
    "extra": "extra Data"
},{
    "action": "log_data",
    "login": {
        "uid": "2",
        "date_time": "2018-03-31 17:05:35",
        "client_ip": "10.22.39.156"
    },
    "window": "Users",
    "extra": "extra Data"
},{
    "action": "log_data",
    "login": {
        "uid": "2",
        "date_time": "2018-03-31 17:06:08",
        "client_ip": "10.22.39.156"
    },
    "window": "Users",
    "extra": "extra Data"
},{
    "action": "log_data",
    "login": {
        "uid": "2",
        "date_time": "2018-03-31 17:06:37",
        "client_ip": "10.22.39.156"
    },
    "window": "Users",
    "extra": "extra Data"
},{
    "action": "log_data",
    "login": {
        "uid": "2",
        "date_time": "2018-03-31 17:07:23",
        "client_ip": "10.22.39.156"
    },
    "window": "Users",
    "extra": "extra Data"
},{
    "action": "log_data",
    "login": {
        "uid": "2",
        "date_time": "2018-03-31 17:09:28",
        "client_ip": "10.22.39.156"
    },
    "window": "Users",
    "extra": "extra Data"
},{
    "action": "log_data",
    "login": {
        "uid": "2",
        "date_time": "2018-03-31 17:12:03",
        "client_ip": "10.22.39.156"
    },
    "window": "Users",
    "extra": "extra Data"
},{
    "action": "log_data",
    "login": {
        "uid": "2",
        "date_time": "2018-03-31 17:14:12",
        "client_ip": "10.22.39.156"
    },
    "window": "Users",
    "extra": "extra Data"
},{
    "action": "log_data",
    "login": {
        "uid": "2",
        "date_time": "2018-03-31 17:15:27",
        "client_ip": "10.22.39.156"
    },
    "window": "Users",
    "extra": "extra Data"
},{
    "action": "log_data",
    "login": {
        "uid": "2",
        "date_time": "2018-03-31 17:15:33",
        "client_ip": "10.22.39.156"
    },
    "window": "Users",
    "extra": "extra Data"
},{
    "action": "log_data",
    "login": {
        "uid": "2",
        "date_time": "2018-03-31 17:18:05",
        "client_ip": "10.22.39.156"
    },
    "window": "Users",
    "extra": "extra Data"
},{
    "action": "log_data",
    "login": {
        "uid": "2",
        "date_time": "2018-03-31 17:18:29",
        "client_ip": "10.22.39.156"
    },
    "window": "Users",
    "extra": "extra Data"
},{
    "action": "log_data",
    "login": {
        "uid": "2",
        "date_time": "2018-03-31 17:19:00",
        "client_ip": "10.22.39.156"
    },
    "window": "Users",
    "extra": "extra Data"
},{
    "action": "log_data",
    "login": {
        "uid": "2",
        "date_time": "2018-03-31 17:19:17",
        "client_ip": "10.22.39.156"
    },
    "window": "Users",
    "extra": "extra Data"
},{
    "action": "log_data",
    "login": {
        "uid": "2",
        "date_time": "2018-03-31 17:21:58",
        "client_ip": "10.22.39.156"
    },
    "window": "Users",
    "extra": "extra Data"
},{
    "action": "log_data",
    "login": {
        "uid": "2",
        "date_time": "2018-03-31 17:23:05",
        "client_ip": "10.22.39.156"
    },
    "window": "Users",
    "extra": "extra Data"
},{
    "action": "log_data",
    "login": {
        "uid": "2",
        "date_time": "2018-03-31 17:28:07",
        "client_ip": "10.22.39.156"
    },
    "window": "Users",
    "extra": "extra Data"
},{
    "action": "log_data",
    "login": {
        "uid": "2",
        "date_time": "2018-03-31 17:29:21",
        "client_ip": "10.22.39.156"
    },
    "window": "Users",
    "extra": "extra Data"
},{
    "action": "log_data",
    "login": {
        "uid": "2",
        "date_time": "2018-03-31 17:30:34",
        "client_ip": "10.22.39.156"
    },
    "window": "Users",
    "extra": "extra Data"
},{
    "action": "log_data",
    "login": {
        "uid": "2",
        "date_time": "2018-03-31 17:30:54",
        "client_ip": "10.22.39.156"
    },
    "window": "Users",
    "extra": "extra Data"
},{
    "action": "log_data",
    "login": {
        "uid": "2",
        "date_time": "2018-03-31 17:31:17",
        "client_ip": "10.22.39.156"
    },
    "window": "Users",
    "extra": "extra Data"
},{
    "action": "log_data",
    "login": {
        "uid": "2",
        "date_time": "2018-03-31 17:31:54",
        "client_ip": "10.22.39.156"
    },
    "window": "Users",
    "extra": "extra Data"
},{
    "action": "log_data",
    "login": {
        "uid": "2",
        "date_time": "2018-03-31 17:33:38",
        "client_ip": "10.22.39.156"
    },
    "window": "Users",
    "extra": "extra Data"
},{
    "action": "log_data",
    "login": {
        "uid": "2",
        "date_time": "2018-03-31 17:33:51",
        "client_ip": "10.22.39.156"
    },
    "window": "Users",
    "extra": "extra Data"
},{
    "action": "log_data",
    "login": {
        "uid": "2",
        "date_time": "2018-03-31 17:37:58",
        "client_ip": "10.22.39.156"
    },
    "window": "Users",
    "extra": "extra Data"
},{
    "action": "log_data",
    "login": {
        "uid": "2",
        "date_time": "2018-03-31 17:38:21",
        "client_ip": "10.22.39.156"
    },
    "window": "Users",
    "extra": "extra Data"
},{
    "action": "log_data",
    "login": {
        "uid": "2",
        "date_time": "2018-03-31 17:39:29",
        "client_ip": "10.22.39.156"
    },
    "window": "Users",
    "extra": "extra Data"
},{
    "action": "log_data",
    "login": {
        "uid": "2",
        "date_time": "2018-03-31 17:40:27",
        "client_ip": "10.22.39.156"
    },
    "window": "Users",
    "extra": "extra Data"
},{
    "action": "log_data",
    "login": {
        "uid": "2",
        "date_time": "2018-03-31 17:42:15",
        "client_ip": "10.22.39.156"
    },
    "window": "Users",
    "extra": "extra Data"
},{
    "action": "log_data",
    "login": {
        "uid": "2",
        "date_time": "2018-03-31 17:42:31",
        "client_ip": "10.22.39.156"
    },
    "window": "Users",
    "extra": "extra Data"
},{
    "action": "log_data",
    "login": {
        "uid": "2",
        "date_time": "2018-03-31 17:44:24",
        "client_ip": "10.22.39.156"
    },
    "window": "Users",
    "extra": "extra Data"
},{
    "action": "log_data",
    "login": {
        "uid": "2",
        "date_time": "2018-03-31 17:46:35",
        "client_ip": "10.22.39.156"
    },
    "window": "Users",
    "extra": "extra Data"
},{
    "action": "log_data",
    "login": {
        "uid": "2",
        "date_time": "2018-03-31 17:47:11",
        "client_ip": "10.22.39.156"
    },
    "window": "Users",
    "extra": "extra Data"
},{
    "action": "log_data",
    "login": {
        "uid": "2",
        "date_time": "2018-03-31 17:48:33",
        "client_ip": "10.22.39.156"
    },
    "window": "Users",
    "extra": "extra Data"
},{
    "action": "log_data",
    "login": {
        "uid": "2",
        "date_time": "2018-03-31 17:49:48",
        "client_ip": "10.22.39.156"
    },
    "window": "Users",
    "extra": "extra Data"
},{
    "action": "log_data",
    "login": {
        "uid": "2",
        "date_time": "2018-03-31 17:52:46",
        "client_ip": "10.22.39.156"
    },
    "window": "Users",
    "extra": "extra Data"
},{
    "action": "log_data",
    "login": {
        "uid": "2",
        "date_time": "2018-03-31 17:56:50",
        "client_ip": "10.22.39.156"
    },
    "window": "Users",
    "extra": "extra Data"
},{
    "action": "log_data",
    "login": {
        "uid": "2",
        "date_time": "2018-03-31 17:57:14",
        "client_ip": "10.22.39.156"
    },
    "window": "Users",
    "extra": "extra Data"
},{
    "action": "log_data",
    "login": {
        "uid": "2",
        "date_time": "2018-03-31 18:02:25",
        "client_ip": "10.22.39.156"
    },
    "window": "Users",
    "extra": "extra Data"
},{
    "action": "log_data",
    "login": {
        "uid": "2",
        "date_time": "2018-03-31 18:04:10",
        "client_ip": "10.22.39.156"
    },
    "window": "Users",
    "extra": "extra Data"
},{
    "action": "log_data",
    "login": {
        "uid": "2",
        "date_time": "2018-03-31 18:05:41",
        "client_ip": "10.22.39.156"
    },
    "window": "Users",
    "extra": "extra Data"
},{
    "action": "log_data",
    "login": {
        "uid": "2",
        "date_time": "2018-03-31 18:07:21",
        "client_ip": "10.22.39.156"
    },
    "window": "Users",
    "extra": "extra Data"
},{
    "action": "log_data",
    "login": {
        "uid": "2",
        "date_time": "2018-03-31 18:08:08",
        "client_ip": "10.22.39.156"
    },
    "window": "Users",
    "extra": "extra Data"
},{
    "action": "log_data",
    "login": {
        "uid": "2",
        "date_time": "2018-03-31 18:09:04",
        "client_ip": "10.22.39.156"
    },
    "window": "Users",
    "extra": "extra Data"
},{
    "action": "log_data",
    "login": {
        "uid": "2",
        "date_time": "2018-03-31 18:09:31",
        "client_ip": "10.22.39.156"
    },
    "window": "Users",
    "extra": "extra Data"
},{
    "action": "log_data",
    "login": {
        "uid": "2",
        "date_time": "2018-03-31 18:09:55",
        "client_ip": "10.22.39.156"
    },
    "window": "Users",
    "extra": "extra Data"
},{
    "action": "log_data",
    "login": {
        "uid": "2",
        "date_time": "2018-03-31 18:14:04",
        "client_ip": "10.22.39.156"
    },
    "window": "Users",
    "extra": "extra Data"
},{
    "action": "log_data",
    "login": {
        "uid": "2",
        "date_time": "2018-03-31 18:14:37",
        "client_ip": "10.22.39.156"
    },
    "window": "Users",
    "extra": "extra Data"
},{
    "action": "log_data",
    "login": {
        "uid": "2",
        "date_time": "2018-03-31 18:16:25",
        "client_ip": "10.22.39.156"
    },
    "window": "Users",
    "extra": "extra Data"
},{
    "action": "log_data",
    "login": {
        "uid": "2",
        "date_time": "2018-03-31 18:17:28",
        "client_ip": "10.22.39.156"
    },
    "window": "Users",
    "extra": "extra Data"
},{
    "action": "log_data",
    "login": {
        "uid": "2",
        "date_time": "2018-03-31 18:18:00",
        "client_ip": "10.22.39.156"
    },
    "window": "Users",
    "extra": "extra Data"
},{
    "action": "log_data",
    "login": {
        "uid": "2",
        "date_time": "2018-03-31 18:38:19",
        "client_ip": "10.22.39.156"
    },
    "window": "Users",
    "extra": "extra Data"
},{
    "action": "log_data",
    "login": {
        "uid": "4",
        "date_time": "2018-03-31 18:39:47",
        "client_ip": "10.22.39.152"
    },
    "window": "Asset PO",
    "extra": "Asset PO opened"
},{
    "action": "log_data",
    "login": {
        "uid": "4",
        "date_time": "2018-03-31 18:39:49",
        "client_ip": "10.22.39.152"
    },
    "window": "Asset Inward",
    "extra": "Asset Inward is opened"
},{
    "action": "log_data",
    "login": {
        "uid": "2",
        "date_time": "2018-03-31 18:40:32",
        "client_ip": "10.22.39.156"
    },
    "window": "Users",
    "extra": "extra Data"
},{
    "action": "log_data",
    "login": {
        "uid": "2",
        "date_time": "2018-03-31 18:41:08",
        "client_ip": "10.22.39.156"
    },
    "window": "Users",
    "extra": "extra Data"
},{
    "action": "log_data",
    "login": {
        "uid": "2",
        "date_time": "2018-03-31 18:42:27",
        "client_ip": "10.22.39.156"
    },
    "window": "Users",
    "extra": "extra Data"
},{
    "action": "log_data",
    "login": {
        "uid": "2",
        "date_time": "2018-03-31 18:43:41",
        "client_ip": "10.22.39.156"
    },
    "window": "Users",
    "extra": "extra Data"
},{
    "action": "log_data",
    "login": {
        "uid": "2",
        "date_time": "2018-03-31 18:45:07",
        "client_ip": "10.22.39.156"
    },
    "window": "Asset PO",
    "extra": "Asset PO opened"
},{
    "action": "log_data",
    "login": {
        "uid": "2",
        "date_time": "2018-03-31 18:45:08",
        "client_ip": "10.22.39.156"
    },
    "window": "Clicked on Add New AssetPO",
    "extra": ""
},{
    "action": "log_data",
    "login": {
        "uid": "2",
        "date_time": "2018-03-31 18:45:08",
        "client_ip": "10.22.39.156"
    },
    "window": "Items added To Object",
    "extra": ""
},{
    "action": "log_data",
    "login": {
        "uid": "2",
        "date_time": "2018-03-31 18:45:11",
        "client_ip": "10.22.39.156"
    },
    "window": "Items added To Object",
    "extra": ""
},{
    "action": "log_data",
    "login": {
        "uid": "2",
        "date_time": "2018-03-31 18:45:11",
        "client_ip": "10.22.39.156"
    },
    "window": "Items added To Object",
    "extra": ""
},{
    "action": "log_data",
    "login": {
        "uid": "2",
        "date_time": "2018-03-31 18:45:14",
        "client_ip": "10.22.39.156"
    },
    "window": "Retrieved Previous Item Po Data",
    "extra": "5"
},{
    "action": "log_data",
    "login": {
        "uid": "2",
        "date_time": "2018-03-31 18:45:14",
        "client_ip": "10.22.39.156"
    },
    "window": "Changed Quantity of item",
    "extra": "0"
},{
    "action": "log_data",
    "login": {
        "uid": "2",
        "date_time": "2018-03-31 18:45:18",
        "client_ip": "10.22.39.156"
    },
    "window": "Retrieved Previous Item Po Data",
    "extra": "2"
},{
    "action": "log_data",
    "login": {
        "uid": "2",
        "date_time": "2018-03-31 18:45:18",
        "client_ip": "10.22.39.156"
    },
    "window": "Changed Quantity of item",
    "extra": "1"
},{
    "action": "log_data",
    "login": {
        "uid": "2",
        "date_time": "2018-03-31 18:45:19",
        "client_ip": "10.22.39.156"
    },
    "window": "Retrieved Previous Item Po Data",
    "extra": "2"
},{
    "action": "log_data",
    "login": {
        "uid": "2",
        "date_time": "2018-03-31 18:45:19",
        "client_ip": "10.22.39.156"
    },
    "window": "Changed Quantity of item",
    "extra": "2"
},{
    "action": "log_data",
    "login": {
        "uid": "2",
        "date_time": "2018-03-31 18:45:24",
        "client_ip": "10.22.39.156"
    },
    "window": "Changed Quantity of item",
    "extra": "1"
},{
    "action": "log_data",
    "login": {
        "uid": "2",
        "date_time": "2018-03-31 18:45:26",
        "client_ip": "10.22.39.156"
    },
    "window": "Changed Quantity of item",
    "extra": "1"
},{
    "action": "log_data",
    "login": {
        "uid": "2",
        "date_time": "2018-03-31 18:45:26",
        "client_ip": "10.22.39.156"
    },
    "window": "Changed Quantity of item",
    "extra": "1"
},{
    "action": "log_data",
    "login": {
        "uid": "2",
        "date_time": "2018-03-31 18:45:26",
        "client_ip": "10.22.39.156"
    },
    "window": "Changed Quantity of item",
    "extra": "1"
},{
    "action": "log_data",
    "login": {
        "uid": "2",
        "date_time": "2018-03-31 18:45:31",
        "client_ip": "10.22.39.156"
    },
    "window": "Removed Previous Item Data",
    "extra": "2"
},{
    "action": "log_data",
    "login": {
        "uid": "2",
        "date_time": "2018-03-31 18:45:32",
        "client_ip": "10.22.39.156"
    },
    "window": "Removed Previous Item Data",
    "extra": "1"
},{
    "action": "log_data",
    "login": {
        "uid": "2",
        "date_time": "2018-03-31 18:45:35",
        "client_ip": "10.22.39.156"
    },
    "window": "Items added To Object",
    "extra": ""
},{
    "action": "log_data",
    "login": {
        "uid": "2",
        "date_time": "2018-03-31 18:45:45",
        "client_ip": "10.22.39.156"
    },
    "window": "Changed Quantity of item",
    "extra": "1"
},{
    "action": "log_data",
    "login": {
        "uid": "2",
        "date_time": "2018-03-31 18:45:59",
        "client_ip": "10.22.39.156"
    },
    "window": "Retrieved Previous Item Po Data",
    "extra": "10"
},{
    "action": "log_data",
    "login": {
        "uid": "2",
        "date_time": "2018-03-31 18:45:59",
        "client_ip": "10.22.39.156"
    },
    "window": "Changed Quantity of item",
    "extra": "1"
},{
    "action": "log_data",
    "login": {
        "uid": "2",
        "date_time": "2018-03-31 18:46:02",
        "client_ip": "10.22.39.156"
    },
    "window": "Retrieved Previous Item Po Data",
    "extra": "8"
},{
    "action": "log_data",
    "login": {
        "uid": "2",
        "date_time": "2018-03-31 18:46:02",
        "client_ip": "10.22.39.156"
    },
    "window": "Changed Quantity of item",
    "extra": "1"
},{
    "action": "log_data",
    "login": {
        "uid": "2",
        "date_time": "2018-03-31 18:46:05",
        "client_ip": "10.22.39.156"
    },
    "window": "Changed Quantity of item",
    "extra": "1"
},{
    "action": "log_data",
    "login": {
        "uid": "2",
        "date_time": "2018-03-31 18:47:41",
        "client_ip": "10.22.39.156"
    },
    "window": "Asset PO",
    "extra": "Asset PO opened"
},{
    "action": "log_data",
    "login": {
        "uid": "2",
        "date_time": "2018-03-31 18:53:53",
        "client_ip": "10.22.39.156"
    },
    "window": "Users",
    "extra": "extra Data"
},{
    "action": "log_data",
    "login": {
        "uid": "2",
        "date_time": "2018-03-31 18:55:16",
        "client_ip": "10.22.39.156"
    },
    "window": "Users",
    "extra": "extra Data"
},{
    "action": "log_data",
    "login": {
        "uid": "2",
        "date_time": "2018-03-31 18:55:21",
        "client_ip": "10.22.39.156"
    },
    "window": "Asset PO",
    "extra": "Asset PO opened"
},{
    "action": "log_data",
    "login": {
        "uid": "2",
        "date_time": "2018-03-31 18:55:22",
        "client_ip": "10.22.39.156"
    },
    "window": "Items added To Object",
    "extra": ""
},{
    "action": "log_data",
    "login": {
        "uid": "2",
        "date_time": "2018-03-31 18:55:22",
        "client_ip": "10.22.39.156"
    },
    "window": "Clicked on Add New AssetPO",
    "extra": ""
},{
    "action": "log_data",
    "login": {
        "uid": "2",
        "date_time": "2018-03-31 18:55:25",
        "client_ip": "10.22.39.156"
    },
    "window": "Retrieved Previous Item Po Data",
    "extra": "4"
},{
    "action": "log_data",
    "login": {
        "uid": "2",
        "date_time": "2018-03-31 18:55:25",
        "client_ip": "10.22.39.156"
    },
    "window": "Changed Quantity of item",
    "extra": "0"
},{
    "action": "log_data",
    "login": {
        "uid": "2",
        "date_time": "2018-03-31 18:55:27",
        "client_ip": "10.22.39.156"
    },
    "window": "Changed Quantity of item",
    "extra": "0"
},{
    "action": "log_data",
    "login": {
        "uid": "2",
        "date_time": "2018-03-31 18:55:27",
        "client_ip": "10.22.39.156"
    },
    "window": "Changed Quantity of item",
    "extra": "0"
},{
    "action": "log_data",
    "login": {
        "uid": "2",
        "date_time": "2018-03-31 18:55:28",
        "client_ip": "10.22.39.156"
    },
    "window": "Changed Quantity of item",
    "extra": "0"
},{
    "action": "log_data",
    "login": {
        "uid": "2",
        "date_time": "2018-03-31 18:55:29",
        "client_ip": "10.22.39.156"
    },
    "window": "Changed Quantity of item",
    "extra": "0"
},{
    "action": "log_data",
    "login": {
        "uid": "2",
        "date_time": "2018-03-31 18:55:31",
        "client_ip": "10.22.39.156"
    },
    "window": "Changed Quantity of item",
    "extra": "0"
},{
    "action": "log_data",
    "login": {
        "uid": "2",
        "date_time": "2018-03-31 18:55:31",
        "client_ip": "10.22.39.156"
    },
    "window": "Changed Quantity of item",
    "extra": "0"
},{
    "action": "log_data",
    "login": {
        "uid": "2",
        "date_time": "2018-03-31 18:55:31",
        "client_ip": "10.22.39.156"
    },
    "window": "Changed Quantity of item",
    "extra": "0"
},{
    "action": "log_data",
    "login": {
        "uid": "2",
        "date_time": "2018-03-31 18:55:33",
        "client_ip": "10.22.39.156"
    },
    "window": "Items added To Object",
    "extra": ""
},{
    "action": "log_data",
    "login": {
        "uid": "2",
        "date_time": "2018-03-31 18:55:38",
        "client_ip": "10.22.39.156"
    },
    "window": "Retrieved Previous Item Po Data",
    "extra": "6"
},{
    "action": "log_data",
    "login": {
        "uid": "2",
        "date_time": "2018-03-31 18:55:39",
        "client_ip": "10.22.39.156"
    },
    "window": "Changed Quantity of item",
    "extra": "1"
},{
    "action": "log_data",
    "login": {
        "uid": "2",
        "date_time": "2018-03-31 18:55:42",
        "client_ip": "10.22.39.156"
    },
    "window": "Items added To Object",
    "extra": ""
},{
    "action": "log_data",
    "login": {
        "uid": "2",
        "date_time": "2018-03-31 18:55:43",
        "client_ip": "10.22.39.156"
    },
    "window": "Items added To Object",
    "extra": ""
},{
    "action": "log_data",
    "login": {
        "uid": "2",
        "date_time": "2018-03-31 18:55:45",
        "client_ip": "10.22.39.156"
    },
    "window": "Retrieved Previous Item Po Data",
    "extra": "6"
},{
    "action": "log_data",
    "login": {
        "uid": "2",
        "date_time": "2018-03-31 18:55:45",
        "client_ip": "10.22.39.156"
    },
    "window": "Changed Quantity of item",
    "extra": "3"
},{
    "action": "log_data",
    "login": {
        "uid": "2",
        "date_time": "2018-03-31 18:55:49",
        "client_ip": "10.22.39.156"
    },
    "window": "Retrieved Previous Item Po Data",
    "extra": "5"
},{
    "action": "log_data",
    "login": {
        "uid": "2",
        "date_time": "2018-03-31 18:55:49",
        "client_ip": "10.22.39.156"
    },
    "window": "Changed Quantity of item",
    "extra": "2"
},{
    "action": "log_data",
    "login": {
        "uid": "2",
        "date_time": "2018-03-31 18:56:17",
        "client_ip": "10.22.39.156"
    },
    "window": "Users",
    "extra": "extra Data"
},{
    "action": "log_data",
    "login": {
        "uid": "2",
        "date_time": "2018-03-31 19:12:20",
        "client_ip": "10.22.39.156"
    },
    "window": "Doctor_ConsultData is Loaded",
    "extra": ""
},{
    "action": "log_data",
    "login": {
        "uid": "2",
        "date_time": "2018-03-31 19:12:20",
        "client_ip": "10.22.39.156"
    },
    "window": " New Patient ",
    "extra": "New patient Opened"
},{
    "action": "log_data",
    "login": {
        "uid": "2",
        "date_time": "2018-03-31 19:12:44",
        "client_ip": "10.22.39.156"
    },
    "window": "Users",
    "extra": "extra Data"
},{
    "action": "log_data",
    "login": {
        "uid": "2",
        "date_time": "2018-03-31 19:14:06",
        "client_ip": "10.22.39.156"
    },
    "window": "Users",
    "extra": "extra Data"
},{
    "action": "log_data",
    "login": {
        "uid": "2",
        "date_time": "2018-03-31 19:33:05",
        "client_ip": "10.22.39.156"
    },
    "window": "Users",
    "extra": "extra Data"
},{
    "action": "log_data",
    "login": {
        "uid": "2",
        "date_time": "2018-03-31 19:34:07",
        "client_ip": "10.22.39.156"
    },
    "window": "Users",
    "extra": "extra Data"
},{
    "action": "log_data",
    "login": {
        "uid": "2",
        "date_time": "2018-03-31 19:37:10",
        "client_ip": "10.22.39.156"
    },
    "window": " New Patient ",
    "extra": "New patient Opened"
},{
    "action": "log_data",
    "login": {
        "uid": "2",
        "date_time": "2018-03-31 19:38:19",
        "client_ip": "10.22.39.156"
    },
    "window": "New Patient",
    "extra": "patient_new_reg%5Bbasic_info%5D%5B0%5D%5Bname%5D=kk&patient_new_reg%5Bbasic_info%5D%5B0%5D%5Bfather_name%5D=kk&patient_new_reg%5Bbasic_info%5D%5B0%5D%5Bgender%5D=M&patient_new_reg%5Bbasic_info%5D%5B0%5D%5Bdate_of_birth%5D=&patient_new_reg%5Bbasic_info%5D%5B0%5D%5Bage%5D=33&patient_new_reg%5Bbasic_info%5D%5B0%5D%5Bhouse_no%5D=&patient_new_reg%5Bbasic_info%5D%5B0%5D%5Bstreet%5D=&patient_new_reg%5Bbasic_info%5D%5B0%5D%5Bloc%5D=&patient_new_reg%5Bbasic_info%5D%5B0%5D%5Bcity%5D=kkd&patient_new_reg%5Bbasic_info%5D%5B0%5D%5Bdistrict%5D=&patient_new_reg%5Bbasic_info%5D%5B0%5D%5Bstate%5D=&patient_new_reg%5Bbasic_info%5D%5B0%5D%5Bpincode%5D=&patient_new_reg%5Bbasic_info%5D%5B0%5D%5Bmobile%5D=9999999999&patient_new_reg%5Bbasic_info%5D%5B0%5D%5Baadhar_no%5D=&patient_new_reg%5Bbasic_info%5D%5B0%5D%5Bemail%5D=&patient_new_reg%5Bconsultation%5D%5B0%5D%5Bdr_consult_id%5D=1&patient_new_reg%5Bconsultation%5D%5B0%5D%5Bdr_id%5D=6&patient_new_reg%5Bconsultation%5D%5B0%5D%5Bref_id%5D=4&patient_new_reg%5Bconsultation%5D%5B0%5D%5Bconsultation_amount%5D=500&patient_new_reg%5Bconsultation%5D%5B0%5D%5Buser_id%5D=2&patient_new_reg%5Bvisit_type%5D=op"
},{
    "action": "log_data",
    "login": {
        "uid": "2",
        "date_time": "2018-03-31 19:38:19",
        "client_ip": "10.22.39.156"
    },
    "window": " New Patient ",
    "extra": "New patient Opened"
},{
    "action": "log_data",
    "login": {
        "uid": "2",
        "date_time": "2018-03-31 19:40:00",
        "client_ip": "10.22.39.156"
    },
    "window": " New Patient ",
    "extra": "New patient Opened"
},{
    "action": "log_data",
    "login": {
        "uid": "2",
        "date_time": "2018-03-31 19:40:25",
        "client_ip": "10.22.39.156"
    },
    "window": "InPatient",
    "extra": "Getting Beds"
},{
    "action": "log_data",
    "login": {
        "uid": "2",
        "date_time": "2018-03-31 19:40:31",
        "client_ip": "10.22.39.156"
    },
    "window": "InPatient",
    "extra": "To Select surgery"
},{
    "action": "log_data",
    "login": {
        "uid": "2",
        "date_time": "2018-03-31 19:41:00",
        "client_ip": "10.22.39.156"
    },
    "window": "InPatient",
    "extra": "Bed Section"
},{
    "action": "log_data",
    "login": {
        "uid": "2",
        "date_time": "2018-03-31 19:41:02",
        "client_ip": "10.22.39.156"
    },
    "window": "InPatient",
    "extra": "Bed Section"
},{
    "action": "log_data",
    "login": {
        "uid": "2",
        "date_time": "2018-03-31 19:41:53",
        "client_ip": "10.22.39.156"
    },
    "window": "InPatient",
    "extra": "Bed Section"
},{
    "action": "log_data",
    "login": {
        "uid": "2",
        "date_time": "2018-03-31 19:41:56",
        "client_ip": "10.22.39.156"
    },
    "window": "InPatient",
    "extra": "Bed Section"
},{
    "action": "log_data",
    "login": {
        "uid": "2",
        "date_time": "2018-03-31 19:42:05",
        "client_ip": "10.22.39.156"
    },
    "window": "InPatient",
    "extra": "To Select surgery"
},{
    "action": "log_data",
    "login": {
        "uid": "2",
        "date_time": "2018-03-31 19:42:08",
        "client_ip": "10.22.39.156"
    },
    "window": "InPatient",
    "extra": "Allocate Bed"
},{
    "action": "log_data",
    "login": {
        "uid": "2",
        "date_time": "2018-03-31 19:42:08",
        "client_ip": "10.22.39.156"
    },
    "window": " New Patient ",
    "extra": "New patient Opened"
},{
    "action": "log_data",
    "login": {
        "uid": "2",
        "date_time": "2018-03-31 19:43:22",
        "client_ip": "10.22.39.156"
    },
    "window": "Users",
    "extra": "extra Data"
},{
    "action": "log_data",
    "login": {
        "uid": "2",
        "date_time": "2018-03-31 19:43:42",
        "client_ip": "10.22.39.156"
    },
    "window": " New Patient ",
    "extra": "New patient Opened"
},{
    "action": "log_data",
    "login": {
        "uid": "2",
        "date_time": "2018-03-31 19:43:43",
        "client_ip": "10.22.39.156"
    },
    "window": "Doctor_ConsultData is Loaded",
    "extra": ""
},{
    "action": "log_data",
    "login": {
        "uid": "2",
        "date_time": "2018-03-31 19:43:44",
        "client_ip": "10.22.39.156"
    },
    "window": "Users",
    "extra": "extra Data"
},{
    "action": "log_data",
    "login": {
        "uid": "2",
        "date_time": "2018-03-31 19:43:46",
        "client_ip": "10.22.39.156"
    },
    "window": " New Patient ",
    "extra": "New patient Opened"
},{
    "action": "log_data",
    "login": {
        "uid": "2",
        "date_time": "2018-03-31 19:43:52",
        "client_ip": "10.22.39.156"
    },
    "window": "Users",
    "extra": "extra Data"
},{
    "action": "log_data",
    "login": {
        "uid": "2",
        "date_time": "2018-03-31 19:44:18",
        "client_ip": "10.22.39.156"
    },
    "window": "Users",
    "extra": "extra Data"
},{
    "action": "log_data",
    "login": {
        "uid": "2",
        "date_time": "2018-03-31 19:44:35",
        "client_ip": "10.22.39.156"
    },
    "window": "Users",
    "extra": "extra Data"
},{
    "action": "log_data",
    "login": {
        "uid": "2",
        "date_time": "2018-03-31 19:44:38",
        "client_ip": "10.22.39.156"
    },
    "window": "Users",
    "extra": "extra Data"
},{
    "action": "log_data",
    "login": {
        "uid": "2",
        "date_time": "2018-03-31 19:44:49",
        "client_ip": "10.22.39.156"
    },
    "window": "Users",
    "extra": "extra Data"
},{
    "action": "log_data",
    "login": {
        "uid": "2",
        "date_time": "2018-03-31 19:45:55",
        "client_ip": "10.22.39.156"
    },
    "window": "Users",
    "extra": "extra Data"
},{
    "action": "log_data",
    "login": {
        "uid": "2",
        "date_time": "2018-03-31 19:46:01",
        "client_ip": "10.22.39.156"
    },
    "window": "Users",
    "extra": "extra Data"
},{
    "action": "log_data",
    "login": {
        "uid": "2",
        "date_time": "2018-03-31 19:46:11",
        "client_ip": "10.22.39.156"
    },
    "window": "Users",
    "extra": "extra Data"
},{
    "action": "log_data",
    "login": {
        "uid": "2",
        "date_time": "2018-03-31 19:48:03",
        "client_ip": "10.22.39.156"
    },
    "window": "Users",
    "extra": "extra Data"
},{
    "action": "log_data",
    "login": {
        "uid": "2",
        "date_time": "2018-03-31 19:48:23",
        "client_ip": "10.22.39.156"
    },
    "window": "Users",
    "extra": "extra Data"
},{
    "action": "log_data",
    "login": {
        "uid": "2",
        "date_time": "2018-03-31 19:48:46",
        "client_ip": "10.22.39.156"
    },
    "window": "Users",
    "extra": "extra Data"
},{
    "action": "log_data",
    "login": {
        "uid": "2",
        "date_time": "2018-03-31 19:51:30",
        "client_ip": "10.22.39.156"
    },
    "window": "Users",
    "extra": "extra Data"
},{
    "action": "log_data",
    "login": {
        "uid": "2",
        "date_time": "2018-03-31 19:51:43",
        "client_ip": "10.22.39.156"
    },
    "window": "Users",
    "extra": "extra Data"
},{
    "action": "log_data",
    "login": {
        "uid": "2",
        "date_time": "2018-03-31 19:52:56",
        "client_ip": "10.22.39.156"
    },
    "window": "Users",
    "extra": "extra Data"
},{
    "action": "log_data",
    "login": {
        "uid": "2",
        "date_time": "2018-03-31 19:53:22",
        "client_ip": "10.22.39.156"
    },
    "window": "Users",
    "extra": "extra Data"
},{
    "action": "log_data",
    "login": {
        "uid": "2",
        "date_time": "2018-03-31 19:58:58",
        "client_ip": "10.22.39.156"
    },
    "window": "Users",
    "extra": "extra Data"
},{
    "action": "log_data",
    "login": {
        "uid": "2",
        "date_time": "2018-03-31 20:10:45",
        "client_ip": "10.22.39.156"
    },
    "window": " New Patient ",
    "extra": "New patient Opened"
},{
    "action": "log_data",
    "login": {
        "uid": "2",
        "date_time": "2018-03-31 20:11:15",
        "client_ip": "10.22.39.156"
    },
    "window": "Users",
    "extra": "extra Data"
},{
    "action": "log_data",
    "login": {
        "uid": "2",
        "date_time": "2018-03-31 20:14:38",
        "client_ip": "10.22.39.156"
    },
    "window": " New Patient ",
    "extra": "New patient Opened"
},{
    "action": "log_data",
    "login": {
        "uid": "2",
        "date_time": "2018-03-31 20:16:14",
        "client_ip": "10.22.39.156"
    },
    "window": " New Patient ",
    "extra": "New patient Opened"
},{
    "action": "log_data",
    "login": {
        "uid": "2",
        "date_time": "2018-03-31 20:16:58",
        "client_ip": "10.22.39.156"
    },
    "window": "Users",
    "extra": "extra Data"
},{
    "action": "log_data",
    "login": {
        "uid": "2",
        "date_time": "2018-03-31 20:17:17",
        "client_ip": "10.22.39.156"
    },
    "window": "Users",
    "extra": "extra Data"
},{
    "action": "log_data",
    "login": {
        "uid": "2",
        "date_time": "2018-03-31 20:33:00",
        "client_ip": "10.22.39.156"
    },
    "window": "Users",
    "extra": "extra Data"
},{
    "action": "log_data",
    "login": {
        "uid": "2",
        "date_time": "2018-03-31 20:34:01",
        "client_ip": "10.22.39.156"
    },
    "window": "Users",
    "extra": "extra Data"
},{
    "action": "log_data",
    "login": {
        "uid": "2",
        "date_time": "2018-03-31 20:35:03",
        "client_ip": "10.22.39.156"
    },
    "window": "Users",
    "extra": "extra Data"
},{
    "action": "log_data",
    "login": {
        "uid": "2",
        "date_time": "2018-03-31 20:35:24",
        "client_ip": "10.22.39.156"
    },
    "window": "Users",
    "extra": "extra Data"
},{
    "action": "log_data",
    "login": {
        "uid": "2",
        "date_time": "2018-03-31 20:37:02",
        "client_ip": "10.22.39.156"
    },
    "window": "Users",
    "extra": "extra Data"
},{
    "action": "log_data",
    "login": {
        "uid": "2",
        "date_time": "2018-03-31 20:40:09",
        "client_ip": "10.22.39.156"
    },
    "window": " New Patient ",
    "extra": "New patient Opened"
},