{
    "action": "log_data",
    "login": {
        "uid": "4",
        "date_time": "2018-02-25 07:36:51",
        "client_ip": "10.22.39.22"
    },
    "window": " New Patient ",
    "extra": "New patient Opened"
},{
    "action": "log_data",
    "login": {
        "uid": "4",
        "date_time": "2018-02-25 07:48:53",
        "client_ip": "10.22.39.22"
    },
    "window": " New Patient ",
    "extra": "New patient Opened"
},{
    "action": "log_data",
    "login": {
        "uid": "4",
        "date_time": "2018-02-25 07:49:48",
        "client_ip": "10.22.39.22"
    },
    "window": " New Patient ",
    "extra": "New patient Opened"
},{
    "action": "log_data",
    "login": {
        "uid": "4",
        "date_time": "2018-02-25 07:50:32",
        "client_ip": "10.22.39.22"
    },
    "window": " New Patient ",
    "extra": "New patient Opened"
},{
    "action": "log_data",
    "login": {
        "uid": "4",
        "date_time": "2018-02-25 07:51:26",
        "client_ip": "10.22.39.22"
    },
    "window": " New Patient ",
    "extra": "New patient Opened"
},{
    "action": "log_data",
    "login": {
        "uid": "4",
        "date_time": "2018-02-25 07:51:57",
        "client_ip": "10.22.39.22"
    },
    "window": " New Patient ",
    "extra": "New patient Opened"
},{
    "action": "log_data",
    "login": {
        "uid": "4",
        "date_time": "2018-02-25 07:52:22",
        "client_ip": "10.22.39.22"
    },
    "window": " New Patient ",
    "extra": "New patient Opened"
},{
    "action": "log_data",
    "login": {
        "uid": "4",
        "date_time": "2018-02-25 08:33:39",
        "client_ip": "10.22.39.22"
    },
    "window": " New Patient ",
    "extra": "New patient Opened"
},{
    "action": "log_data",
    "login": {
        "uid": "4",
        "date_time": "2018-02-25 08:35:01",
        "client_ip": "10.22.39.22"
    },
    "window": " New Patient ",
    "extra": "New patient Opened"
},{
    "action": "log_data",
    "login": {
        "uid": "4",
        "date_time": "2018-02-25 08:35:41",
        "client_ip": "10.22.39.22"
    },
    "window": " New Patient ",
    "extra": "New patient Opened"
},{
    "action": "log_data",
    "login": {
        "uid": "4",
        "date_time": "2018-02-25 08:36:09",
        "client_ip": "10.22.39.22"
    },
    "window": " New Patient ",
    "extra": "New patient Opened"
},{
    "action": "log_data",
    "login": {
        "uid": "4",
        "date_time": "2018-02-25 08:37:04",
        "client_ip": "10.22.39.22"
    },
    "window": " New Patient ",
    "extra": "New patient Opened"
},{
    "action": "log_data",
    "login": {
        "uid": "4",
        "date_time": "2018-02-25 08:39:11",
        "client_ip": "10.22.39.22"
    },
    "window": " New Patient ",
    "extra": "New patient Opened"
},{
    "action": "log_data",
    "login": {
        "uid": "4",
        "date_time": "2018-02-25 08:40:08",
        "client_ip": "10.22.39.22"
    },
    "window": " New Patient ",
    "extra": "New patient Opened"
},{
    "action": "log_data",
    "login": {
        "uid": "4",
        "date_time": "2018-02-25 08:40:22",
        "client_ip": "10.22.39.22"
    },
    "window": " New Patient ",
    "extra": "New patient Opened"
},{
    "action": "log_data",
    "login": {
        "uid": "4",
        "date_time": "2018-02-25 08:43:14",
        "client_ip": "10.22.39.22"
    },
    "window": " New Patient ",
    "extra": "New patient Opened"
},{
    "action": "log_data",
    "login": {
        "uid": "4",
        "date_time": "2018-02-25 08:43:33",
        "client_ip": "10.22.39.22"
    },
    "window": " New Patient ",
    "extra": "New patient Opened"
},{
    "action": "log_data",
    "login": {
        "uid": "4",
        "date_time": "2018-02-25 08:44:51",
        "client_ip": "10.22.39.22"
    },
    "window": " New Patient ",
    "extra": "New patient Opened"
},{
    "action": "log_data",
    "login": {
        "uid": "4",
        "date_time": "2018-02-25 08:45:21",
        "client_ip": "10.22.39.22"
    },
    "window": " New Patient ",
    "extra": "New patient Opened"
},{
    "action": "log_data",
    "login": {
        "uid": "4",
        "date_time": "2018-02-25 08:46:19",
        "client_ip": "10.22.39.22"
    },
    "window": " New Patient ",
    "extra": "New patient Opened"
},{
    "action": "log_data",
    "login": {
        "uid": "4",
        "date_time": "2018-02-25 08:46:56",
        "client_ip": "10.22.39.22"
    },
    "window": " New Patient ",
    "extra": "New patient Opened"
},{
    "action": "log_data",
    "login": {
        "uid": "4",
        "date_time": "2018-02-25 08:47:24",
        "client_ip": "10.22.39.22"
    },
    "window": " New Patient ",
    "extra": "New patient Opened"
},{
    "action": "log_data",
    "login": {
        "uid": "4",
        "date_time": "2018-02-25 08:47:38",
        "client_ip": "10.22.39.22"
    },
    "window": " New Patient ",
    "extra": "New patient Opened"
},{
    "action": "log_data",
    "login": {
        "uid": "4",
        "date_time": "2018-02-25 08:50:12",
        "client_ip": "10.22.39.22"
    },
    "window": " New Patient ",
    "extra": "New patient Opened"
},{
    "action": "log_data",
    "login": {
        "uid": "4",
        "date_time": "2018-02-25 08:51:12",
        "client_ip": "10.22.39.22"
    },
    "window": " New Patient ",
    "extra": "New patient Opened"
},{
    "action": "log_data",
    "login": {
        "uid": "4",
        "date_time": "2018-02-25 08:51:47",
        "client_ip": "10.22.39.22"
    },
    "window": " New Patient ",
    "extra": "New patient Opened"
},{
    "action": "log_data",
    "login": {
        "uid": "4",
        "date_time": "2018-02-25 08:52:21",
        "client_ip": "10.22.39.22"
    },
    "window": " New Patient ",
    "extra": "New patient Opened"
},{
    "action": "log_data",
    "login": {
        "uid": "4",
        "date_time": "2018-02-25 08:53:01",
        "client_ip": "10.22.39.22"
    },
    "window": " New Patient ",
    "extra": "New patient Opened"
},{
    "action": "log_data",
    "login": {
        "uid": "4",
        "date_time": "2018-02-25 08:53:36",
        "client_ip": "10.22.39.22"
    },
    "window": " New Patient ",
    "extra": "New patient Opened"
},{
    "action": "log_data",
    "login": {
        "uid": "4",
        "date_time": "2018-02-25 08:54:01",
        "client_ip": "10.22.39.22"
    },
    "window": " New Patient ",
    "extra": "New patient Opened"
},{
    "action": "log_data",
    "login": {
        "uid": "4",
        "date_time": "2018-02-25 08:54:15",
        "client_ip": "10.22.39.22"
    },
    "window": "patient_info",
    "extra": "patient_id=1"
},{
    "action": "log_data",
    "login": {
        "uid": "4",
        "date_time": "2018-02-25 08:54:15",
        "client_ip": "10.22.39.22"
    },
    "window": " New Patient ",
    "extra": "New patient Opened"
},{
    "action": "log_data",
    "login": {
        "uid": "4",
        "date_time": "2018-02-25 08:54:18",
        "client_ip": "10.22.39.22"
    },
    "window": "patient_info",
    "extra": "patient_id=1"
},{
    "action": "log_data",
    "login": {
        "uid": "4",
        "date_time": "2018-02-25 08:54:18",
        "client_ip": "10.22.39.22"
    },
    "window": " New Patient ",
    "extra": "New patient Opened"
},{
    "action": "log_data",
    "login": {
        "uid": "4",
        "date_time": "2018-02-25 08:59:06",
        "client_ip": "10.22.39.22"
    },
    "window": " New Patient ",
    "extra": "New patient Opened"
},{
    "action": "log_data",
    "login": {
        "uid": "4",
        "date_time": "2018-02-25 09:52:50",
        "client_ip": "10.22.39.22"
    },
    "window": " New Patient ",
    "extra": "New patient Opened"
},{
    "action": "log_data",
    "login": {
        "uid": "4",
        "date_time": "2018-02-25 09:53:24",
        "client_ip": "10.22.39.22"
    },
    "window": "patient_info",
    "extra": "patient_id=1"
},{
    "action": "log_data",
    "login": {
        "uid": "4",
        "date_time": "2018-02-25 09:53:24",
        "client_ip": "10.22.39.22"
    },
    "window": " New Patient ",
    "extra": "New patient Opened"
},{
    "action": "log_data",
    "login": {
        "uid": "4",
        "date_time": "2018-02-25 09:53:26",
        "client_ip": "10.22.39.22"
    },
    "window": "patient_info",
    "extra": "patient_id=1"
},{
    "action": "log_data",
    "login": {
        "uid": "4",
        "date_time": "2018-02-25 09:53:26",
        "client_ip": "10.22.39.22"
    },
    "window": " New Patient ",
    "extra": "New patient Opened"
},{
    "action": "log_data",
    "login": {
        "uid": "4",
        "date_time": "2018-02-25 10:13:23",
        "client_ip": "10.22.39.22"
    },
    "window": " New Patient ",
    "extra": "New patient Opened"
},