{
    "action": "log_data",
    "login": {
        "uid": "1",
        "date_time": "2018-03-14 11:38:35",
        "client_ip": "106.220.52.10"
    },
    "window": "InPatient",
    "extra": "Getting Total Out Patients"
},{
    "action": "log_data",
    "login": {
        "uid": "2",
        "date_time": "2018-03-14 11:50:38",
        "client_ip": "10.22.39.23"
    },
    "window": "InPatient",
    "extra": "Getting Total Out Patients"
},{
    "action": "log_data",
    "login": {
        "uid": "2",
        "date_time": "2018-03-14 11:50:46",
        "client_ip": "10.22.39.23"
    },
    "window": "InPatient",
    "extra": "Getting Beds"
},{
    "action": "log_data",
    "login": {
        "uid": "2",
        "date_time": "2018-03-14 11:50:53",
        "client_ip": "10.22.39.23"
    },
    "window": " New Patient ",
    "extra": "New patient Opened"
},{
    "action": "log_data",
    "login": {
        "uid": "2",
        "date_time": "2018-03-14 11:51:01",
        "client_ip": "10.22.39.23"
    },
    "window": "InPatient",
    "extra": "Getting Beds"
},{
    "action": "log_data",
    "login": {
        "uid": "2",
        "date_time": "2018-03-14 11:51:26",
        "client_ip": "10.22.39.23"
    },
    "window": "InPatient",
    "extra": "Bed Section"
},{
    "action": "log_data",
    "login": {
        "uid": "2",
        "date_time": "2018-03-14 11:57:27",
        "client_ip": "10.22.39.23"
    },
    "window": "InPatient",
    "extra": "Getting Beds"
},{
    "action": "log_data",
    "login": {
        "uid": "2",
        "date_time": "2018-03-14 13:38:13",
        "client_ip": "10.22.39.23"
    },
    "window": "InPatient",
    "extra": "Getting Beds"
},{
    "action": "log_data",
    "login": {
        "uid": "2",
        "date_time": "2018-03-14 13:38:18",
        "client_ip": "10.22.39.23"
    },
    "window": "Supplier",
    "extra": "Supplier data is opened"
},{
    "action": "log_data",
    "login": {
        "uid": "1",
        "date_time": "2018-03-14 14:51:22",
        "client_ip": "106.220.52.10"
    },
    "window": " New Patient ",
    "extra": "New patient Opened"
},{
    "action": "log_data",
    "login": {
        "uid": "1",
        "date_time": "2018-03-14 14:51:37",
        "client_ip": "106.220.52.10"
    },
    "window": "Date Change",
    "extra": ""
},{
    "action": "log_data",
    "login": {
        "uid": "1",
        "date_time": "2018-03-14 14:51:41",
        "client_ip": "106.220.52.10"
    },
    "window": "Date Change",
    "extra": ""
},{
    "action": "log_data",
    "login": {
        "uid": "1",
        "date_time": "2018-03-14 15:18:17",
        "client_ip": "106.220.52.10"
    },
    "window": "Doctor_ConsultData is Loaded",
    "extra": ""
},{
    "action": "log_data",
    "login": {
        "uid": "1",
        "date_time": "2018-03-14 15:18:48",
        "client_ip": "106.220.52.10"
    },
    "window": " New Patient ",
    "extra": "New patient Opened"
},{
    "action": "log_data",
    "login": {
        "uid": "2",
        "date_time": "2018-03-14 16:37:06",
        "client_ip": "10.22.39.23"
    },
    "window": "Supplier",
    "extra": "Supplier data is opened"
},{
    "action": "log_data",
    "login": {
        "uid": "2",
        "date_time": "2018-03-14 16:42:11",
        "client_ip": "10.22.39.23"
    },
    "window": "Supplier",
    "extra": "Supplier data is opened"
},{
    "action": "log_data",
    "login": {
        "uid": "2",
        "date_time": "2018-03-14 16:46:54",
        "client_ip": "10.22.39.23"
    },
    "window": "Supplier",
    "extra": "Supplier data is opened"
},{
    "action": "log_data",
    "login": {
        "uid": "2",
        "date_time": "2018-03-14 16:47:32",
        "client_ip": "10.22.39.23"
    },
    "window": "Supplier",
    "extra": "Supplier data is opened"
},{
    "action": "log_data",
    "login": {
        "uid": "2",
        "date_time": "2018-03-14 16:47:52",
        "client_ip": "10.22.39.23"
    },
    "window": "Supplier",
    "extra": "id=1&name=Aditya%20Medical%20Agencyyy&address=mathura1&city=goverdhan&contact_person=sunil&mobile=2543525345&gst_no=434343&tin_no=4343434343"
},{
    "action": "log_data",
    "login": {
        "uid": "2",
        "date_time": "2018-03-14 16:47:52",
        "client_ip": "10.22.39.23"
    },
    "window": "Supplier",
    "extra": "Supplier data is opened"
},{
    "action": "log_data",
    "login": {
        "uid": "2",
        "date_time": "2018-03-14 16:48:07",
        "client_ip": "10.22.39.23"
    },
    "window": "Supplier",
    "extra": "id=1&name=Aditya%20Medical%20Agency&address=mathura1&city=goverdhan&contact_person=sunil&mobile=2543525345&gst_no=434343&tin_no=4343434343"
},{
    "action": "log_data",
    "login": {
        "uid": "2",
        "date_time": "2018-03-14 16:48:07",
        "client_ip": "10.22.39.23"
    },
    "window": "Supplier",
    "extra": "Supplier data is opened"
},{
    "action": "log_data",
    "login": {
        "uid": "1",
        "date_time": "2018-03-14 16:59:25",
        "client_ip": "10.22.39.22"
    },
    "window": " New Patient ",
    "extra": "New patient Opened"
},{
    "action": "log_data",
    "login": {
        "uid": "1",
        "date_time": "2018-03-14 17:28:08",
        "client_ip": "10.22.39.22"
    },
    "window": "Users",
    "extra": "extra Data"
},{
    "action": "log_data",
    "login": {
        "uid": "1",
        "date_time": "2018-03-14 17:28:35",
        "client_ip": "10.22.39.22"
    },
    "window": "Users",
    "extra": "extra Data"
},{
    "action": "log_data",
    "login": {
        "uid": "1",
        "date_time": "2018-03-14 17:28:45",
        "client_ip": "10.22.39.22"
    },
    "window": "OutPatient",
    "extra": "OutPatient Data Loaded"
},{
    "action": "log_data",
    "login": {
        "uid": "1",
        "date_time": "2018-03-14 17:30:11",
        "client_ip": "10.22.39.22"
    },
    "window": "Asset Stock",
    "extra": "Asset Stock Opened"
},{
    "action": "log_data",
    "login": {
        "uid": "1",
        "date_time": "2018-03-14 17:30:14",
        "client_ip": "10.22.39.22"
    },
    "window": "Medicines",
    "extra": "Medicines is opened"
},{
    "action": "log_data",
    "login": {
        "uid": "1",
        "date_time": "2018-03-14 17:30:18",
        "client_ip": "10.22.39.22"
    },
    "window": "Medicine Stock",
    "extra": ""
},{
    "action": "log_data",
    "login": {
        "uid": "1",
        "date_time": "2018-03-14 17:30:32",
        "client_ip": "10.22.39.22"
    },
    "window": "Assets",
    "extra": "Assets is opened"
},{
    "action": "log_data",
    "login": {
        "uid": "1",
        "date_time": "2018-03-14 17:31:40",
        "client_ip": "10.22.39.22"
    },
    "window": "Assets",
    "extra": "Assets is opened"
},{
    "action": "log_data",
    "login": {
        "uid": "1",
        "date_time": "2018-03-14 17:31:40",
        "client_ip": "10.22.39.22"
    },
    "window": "Assets",
    "extra": "asset_id=6&asset_name=LED%20BULBS&asset_group_id=2&asset_brand=PHILIPS&asset_desc=LIGHTING&asset_units=29&asset_tax=1"
},{
    "action": "log_data",
    "login": {
        "uid": "1",
        "date_time": "2018-03-14 17:31:46",
        "client_ip": "10.22.39.22"
    },
    "window": "medicine Inward",
    "extra": "medicine Inward is opened"
},{
    "action": "log_data",
    "login": {
        "uid": "1",
        "date_time": "2018-03-14 17:31:52",
        "client_ip": "10.22.39.22"
    },
    "window": "To Show the Inward Data",
    "extra": "2"
},{
    "action": "log_data",
    "login": {
        "uid": "1",
        "date_time": "2018-03-14 17:43:29",
        "client_ip": "10.22.39.22"
    },
    "window": "Stores",
    "extra": "Stores is opened"
},{
    "action": "log_data",
    "login": {
        "uid": "1",
        "date_time": "2018-03-14 17:43:34",
        "client_ip": "10.22.39.22"
    },
    "window": "Assets",
    "extra": "Assets is opened"
},{
    "action": "log_data",
    "login": {
        "uid": "1",
        "date_time": "2018-03-14 19:15:21",
        "client_ip": "10.22.39.22"
    },
    "window": "Users",
    "extra": "extra Data"
},{
    "action": "log_data",
    "login": {
        "uid": "2",
        "date_time": "2018-03-14 19:17:35",
        "client_ip": "10.22.39.23"
    },
    "window": "Supplier",
    "extra": "Supplier data is opened"
},{
    "action": "log_data",
    "login": {
        "uid": "2",
        "date_time": "2018-03-14 19:19:09",
        "client_ip": "10.22.39.23"
    },
    "window": "Assets",
    "extra": "Assets is opened"
},{
    "action": "log_data",
    "login": {
        "uid": "2",
        "date_time": "2018-03-14 19:19:36",
        "client_ip": "10.22.39.23"
    },
    "window": "InPatient",
    "extra": "Getting Beds"
},{
    "action": "log_data",
    "login": {
        "uid": "1",
        "date_time": "2018-03-14 19:19:58",
        "client_ip": "10.22.39.22"
    },
    "window": "Assets",
    "extra": "Assets is opened"
},{
    "action": "log_data",
    "login": {
        "uid": "2",
        "date_time": "2018-03-14 19:20:45",
        "client_ip": "10.22.39.23"
    },
    "window": "InPatient",
    "extra": "Getting Beds"
},{
    "action": "log_data",
    "login": {
        "uid": "2",
        "date_time": "2018-03-14 19:22:41",
        "client_ip": "10.22.39.23"
    },
    "window": "Assets",
    "extra": "Assets is opened"
},{
    "action": "log_data",
    "login": {
        "uid": "2",
        "date_time": "2018-03-14 19:23:39",
        "client_ip": "10.22.39.23"
    },
    "window": "Assets",
    "extra": "Assets is opened"
},{
    "action": "log_data",
    "login": {
        "uid": "1",
        "date_time": "2018-03-14 19:24:34",
        "client_ip": "10.22.39.22"
    },
    "window": "Users",
    "extra": "extra Data"
},{
    "action": "log_data",
    "login": {
        "uid": "1",
        "date_time": "2018-03-14 19:24:43",
        "client_ip": "10.22.39.22"
    },
    "window": "Users",
    "extra": "extra Data"
},{
    "action": "log_data",
    "login": {
        "uid": "1",
        "date_time": "2018-03-14 19:25:18",
        "client_ip": "10.22.39.22"
    },
    "window": "Assets",
    "extra": "Assets is opened"
},{
    "action": "log_data",
    "login": {
        "uid": "2",
        "date_time": "2018-03-14 19:25:26",
        "client_ip": "10.22.39.23"
    },
    "window": "InPatient",
    "extra": "Getting Beds"
},{
    "action": "log_data",
    "login": {
        "uid": "1",
        "date_time": "2018-03-14 19:26:47",
        "client_ip": "10.22.39.22"
    },
    "window": "Item Group",
    "extra": "Item Group is opened"
},{
    "action": "log_data",
    "login": {
        "uid": "2",
        "date_time": "2018-03-14 19:27:07",
        "client_ip": "10.22.39.23"
    },
    "window": "InPatient",
    "extra": "Getting Beds"
},{
    "action": "log_data",
    "login": {
        "uid": "2",
        "date_time": "2018-03-14 19:27:34",
        "client_ip": "10.22.39.23"
    },
    "window": "InPatient",
    "extra": "Getting Beds"
},{
    "action": "log_data",
    "login": {
        "uid": "2",
        "date_time": "2018-03-14 19:29:04",
        "client_ip": "10.22.39.23"
    },
    "window": "InPatient",
    "extra": "Getting Beds"
},{
    "action": "log_data",
    "login": {
        "uid": "1",
        "date_time": "2018-03-14 19:29:26",
        "client_ip": "10.22.39.22"
    },
    "window": "Item Group",
    "extra": "Item Group is opened"
},{
    "action": "log_data",
    "login": {
        "uid": "1",
        "date_time": "2018-03-14 19:29:28",
        "client_ip": "10.22.39.22"
    },
    "window": "Users",
    "extra": "extra Data"
},{
    "action": "log_data",
    "login": {
        "uid": "1",
        "date_time": "2018-03-14 19:30:20",
        "client_ip": "10.22.39.22"
    },
    "window": "Users",
    "extra": "extra Data"
},{
    "action": "log_data",
    "login": {
        "uid": "2",
        "date_time": "2018-03-14 19:30:46",
        "client_ip": "10.22.39.23"
    },
    "window": "InPatient",
    "extra": "Getting Beds"
},{
    "action": "log_data",
    "login": {
        "uid": "2",
        "date_time": "2018-03-14 19:32:36",
        "client_ip": "10.22.39.23"
    },
    "window": "InPatient",
    "extra": "Getting Beds"
},{
    "action": "log_data",
    "login": {
        "uid": "1",
        "date_time": "2018-03-14 19:32:42",
        "client_ip": "10.22.39.22"
    },
    "window": "Users",
    "extra": "extra Data"
},{
    "action": "log_data",
    "login": {
        "uid": "2",
        "date_time": "2018-03-14 19:34:05",
        "client_ip": "10.22.39.23"
    },
    "window": "InPatient",
    "extra": "Getting Beds"
},{
    "action": "log_data",
    "login": {
        "uid": "2",
        "date_time": "2018-03-14 19:34:38",
        "client_ip": "10.22.39.23"
    },
    "window": "InPatient",
    "extra": "Getting Beds"
},{
    "action": "log_data",
    "login": {
        "uid": "1",
        "date_time": "2018-03-14 19:35:57",
        "client_ip": "10.22.39.22"
    },
    "window": "Users",
    "extra": "extra Data"
},{
    "action": "log_data",
    "login": {
        "uid": "2",
        "date_time": "2018-03-14 19:36:33",
        "client_ip": "10.22.39.23"
    },
    "window": "InPatient",
    "extra": "Getting Beds"
},{
    "action": "log_data",
    "login": {
        "uid": "2",
        "date_time": "2018-03-14 19:36:46",
        "client_ip": "10.22.39.23"
    },
    "window": "InPatient",
    "extra": "Getting Beds"
},{
    "action": "log_data",
    "login": {
        "uid": "1",
        "date_time": "2018-03-14 19:36:51",
        "client_ip": "10.22.39.22"
    },
    "window": "Users",
    "extra": "extra Data"
},{
    "action": "log_data",
    "login": {
        "uid": "2",
        "date_time": "2018-03-14 19:38:09",
        "client_ip": "10.22.39.23"
    },
    "window": "InPatient",
    "extra": "Getting Beds"
},{
    "action": "log_data",
    "login": {
        "uid": "1",
        "date_time": "2018-03-14 19:38:16",
        "client_ip": "10.22.39.22"
    },
    "window": "Users",
    "extra": "extra Data"
},{
    "action": "log_data",
    "login": {
        "uid": "2",
        "date_time": "2018-03-14 19:39:11",
        "client_ip": "10.22.39.23"
    },
    "window": "InPatient",
    "extra": "Getting Beds"
},{
    "action": "log_data",
    "login": {
        "uid": "2",
        "date_time": "2018-03-14 19:39:59",
        "client_ip": "10.22.39.23"
    },
    "window": "InPatient",
    "extra": "Getting Beds"
},{
    "action": "log_data",
    "login": {
        "uid": "2",
        "date_time": "2018-03-14 19:40:35",
        "client_ip": "10.22.39.23"
    },
    "window": "InPatient",
    "extra": "Getting Beds"
},{
    "action": "log_data",
    "login": {
        "uid": "2",
        "date_time": "2018-03-14 19:42:06",
        "client_ip": "10.22.39.23"
    },
    "window": "InPatient",
    "extra": "Getting Beds"
},{
    "action": "log_data",
    "login": {
        "uid": "2",
        "date_time": "2018-03-14 19:43:14",
        "client_ip": "10.22.39.23"
    },
    "window": "InPatient",
    "extra": "Getting Beds"
},{
    "action": "log_data",
    "login": {
        "uid": "2",
        "date_time": "2018-03-14 19:43:37",
        "client_ip": "10.22.39.23"
    },
    "window": "InPatient",
    "extra": "Getting Beds"
},{
    "action": "log_data",
    "login": {
        "uid": "2",
        "date_time": "2018-03-14 19:44:11",
        "client_ip": "10.22.39.23"
    },
    "window": "InPatient",
    "extra": "Getting Beds"
},{
    "action": "log_data",
    "login": {
        "uid": "2",
        "date_time": "2018-03-14 19:45:01",
        "client_ip": "10.22.39.23"
    },
    "window": "InPatient",
    "extra": "Getting Beds"
},{
    "action": "log_data",
    "login": {
        "uid": "2",
        "date_time": "2018-03-14 19:45:42",
        "client_ip": "10.22.39.23"
    },
    "window": "InPatient",
    "extra": "Getting Beds"
},{
    "action": "log_data",
    "login": {
        "uid": "2",
        "date_time": "2018-03-14 19:46:01",
        "client_ip": "10.22.39.23"
    },
    "window": "InPatient",
    "extra": "Getting Beds"
},{
    "action": "log_data",
    "login": {
        "uid": "2",
        "date_time": "2018-03-14 19:46:37",
        "client_ip": "10.22.39.23"
    },
    "window": "InPatient",
    "extra": "Getting Beds"
},{
    "action": "log_data",
    "login": {
        "uid": "2",
        "date_time": "2018-03-14 19:47:20",
        "client_ip": "10.22.39.23"
    },
    "window": "Supplier",
    "extra": "Supplier data is opened"
},{
    "action": "log_data",
    "login": {
        "uid": "1",
        "date_time": "2018-03-14 19:50:53",
        "client_ip": "10.22.39.22"
    },
    "window": "Users",
    "extra": "extra Data"
},{
    "action": "log_data",
    "login": {
        "uid": "1",
        "date_time": "2018-03-14 19:51:51",
        "client_ip": "10.22.39.22"
    },
    "window": "Lab Tests",
    "extra": "lab_test%5Btest_values%5D%5B0%5D%5B%24%24hashKey%5D=object%3A92&lab_test%5Btest_values%5D%5B0%5D%5Bvalue%5D=fd&lab_test%5Btest_values%5D%5B0%5D%5Bstart%5D=45&lab_test%5Btest_values%5D%5B0%5D%5Bend%5D=4&lab_test%5Btest_values%5D%5B0%5D%5Bunits%5D=4&lab_test%5Btest_values%5D%5B1%5D%5B%24%24hashKey%5D=object%3A164&lab_test%5Btest_values%5D%5B1%5D%5Bvalue%5D=df&lab_test%5Btest_values%5D%5B1%5D%5Bstart%5D=56&lab_test%5Btest_values%5D%5B1%5D%5Bend%5D=78&lab_test%5Btest_values%5D%5B1%5D%5Bunits%5D=5&lab_test%5Btest_values%5D%5B2%5D%5B%24%24hashKey%5D=object%3A175&lab_test%5Btest_values%5D%5B2%5D%5Bvalue%5D=sdf&lab_test%5Btest_values%5D%5B2%5D%5Bstart%5D=4&lab_test%5Btest_values%5D%5B2%5D%5Bend%5D=5&lab_test%5Btest_values%5D%5B2%5D%5Bunits%5D=6&lab_test%5Btest_values%5D%5B3%5D%5B%24%24hashKey%5D=object%3A186&lab_test%5Btest_values%5D%5B3%5D%5Bvalue%5D=sder&lab_test%5Btest_values%5D%5B3%5D%5Bstart%5D=45&lab_test%5Btest_values%5D%5B3%5D%5Bend%5D=5&lab_test%5Btest_values%5D%5B3%5D%5Bunits%5D=6&lab_test%5Btest_group_id%5D=5&lab_test%5Btest_name%5D=df"
},{
    "action": "log_data",
    "login": {
        "uid": "1",
        "date_time": "2018-03-14 19:51:51",
        "client_ip": "10.22.39.22"
    },
    "window": "Users",
    "extra": "extra Data"
},{
    "action": "log_data",
    "login": {
        "uid": "1",
        "date_time": "2018-03-14 19:52:36",
        "client_ip": "10.22.39.22"
    },
    "window": "Lab Tests",
    "extra": "lab_test%5Btest_values%5D%5B0%5D%5B%24%24hashKey%5D=object%3A211&lab_test%5Btest_values%5D%5B0%5D%5Bvalue%5D=ghh&lab_test%5Btest_values%5D%5B0%5D%5Bstart%5D=6&lab_test%5Btest_values%5D%5B0%5D%5Bend%5D=7&lab_test%5Btest_values%5D%5B0%5D%5Bunits%5D=hj&lab_test%5Btest_values%5D%5B1%5D%5B%24%24hashKey%5D=object%3A295&lab_test%5Btest_values%5D%5B1%5D%5Bvalue%5D=dfg&lab_test%5Btest_values%5D%5B1%5D%5Bstart%5D=5&lab_test%5Btest_values%5D%5B1%5D%5Bend%5D=6&lab_test%5Btest_values%5D%5B1%5D%5Bunits%5D=yu&lab_test%5Btest_values%5D%5B2%5D%5B%24%24hashKey%5D=object%3A306&lab_test%5Btest_values%5D%5B2%5D%5Bvalue%5D=female&lab_test%5Btest_values%5D%5B2%5D%5Bstart%5D=50&lab_test%5Btest_values%5D%5B2%5D%5Bend%5D=150&lab_test%5Btest_values%5D%5B2%5D%5Bunits%5D=ml&lab_test%5Btest_group_id%5D=8&lab_test%5Btest_name%5D=fgh"
},{
    "action": "log_data",
    "login": {
        "uid": "1",
        "date_time": "2018-03-14 19:52:36",
        "client_ip": "10.22.39.22"
    },
    "window": "Users",
    "extra": "extra Data"
},{
    "action": "log_data",
    "login": {
        "uid": "2",
        "date_time": "2018-03-14 19:56:45",
        "client_ip": "10.22.39.23"
    },
    "window": "Supplier",
    "extra": "Supplier data is opened"
},{
    "action": "log_data",
    "login": {
        "uid": "2",
        "date_time": "2018-03-14 19:57:10",
        "client_ip": "10.22.39.23"
    },
    "window": "Supplier",
    "extra": "Supplier data is opened"
},{
    "action": "log_data",
    "login": {
        "uid": "2",
        "date_time": "2018-03-14 19:58:05",
        "client_ip": "10.22.39.23"
    },
    "window": "Stores",
    "extra": "Stores is opened"
},{
    "action": "log_data",
    "login": {
        "uid": "2",
        "date_time": "2018-03-14 19:58:31",
        "client_ip": "10.22.39.23"
    },
    "window": "Stores",
    "extra": "Stores is opened"
},{
    "action": "log_data",
    "login": {
        "uid": "2",
        "date_time": "2018-03-14 19:59:17",
        "client_ip": "10.22.39.23"
    },
    "window": "Stores",
    "extra": "Stores is opened"
},{
    "action": "log_data",
    "login": {
        "uid": "2",
        "date_time": "2018-03-14 19:59:44",
        "client_ip": "10.22.39.23"
    },
    "window": "Item Group",
    "extra": "Item Group is opened"
},{
    "action": "log_data",
    "login": {
        "uid": "2",
        "date_time": "2018-03-14 20:00:42",
        "client_ip": "10.22.39.23"
    },
    "window": "Item Group",
    "extra": "Item Group is opened"
},{
    "action": "log_data",
    "login": {
        "uid": "2",
        "date_time": "2018-03-14 20:00:58",
        "client_ip": "10.22.39.23"
    },
    "window": "Assets",
    "extra": "Assets is opened"
},{
    "action": "log_data",
    "login": {
        "uid": "2",
        "date_time": "2018-03-14 20:01:40",
        "client_ip": "10.22.39.23"
    },
    "window": "Assets",
    "extra": "Assets is opened"
},{
    "action": "log_data",
    "login": {
        "uid": "2",
        "date_time": "2018-03-14 20:01:54",
        "client_ip": "10.22.39.23"
    },
    "window": "Asset PO",
    "extra": "Asset PO opened"
},{
    "action": "log_data",
    "login": {
        "uid": "2",
        "date_time": "2018-03-14 20:03:56",
        "client_ip": "10.22.39.23"
    },
    "window": "Asset PO",
    "extra": "Asset PO opened"
},{
    "action": "log_data",
    "login": {
        "uid": "2",
        "date_time": "2018-03-14 20:04:02",
        "client_ip": "10.22.39.23"
    },
    "window": "Items added To Object",
    "extra": ""
},{
    "action": "log_data",
    "login": {
        "uid": "2",
        "date_time": "2018-03-14 20:04:02",
        "client_ip": "10.22.39.23"
    },
    "window": "Clicked on Add New AssetPO",
    "extra": ""
},{
    "action": "log_data",
    "login": {
        "uid": "2",
        "date_time": "2018-03-14 20:05:02",
        "client_ip": "10.22.39.23"
    },
    "window": "Asset PO",
    "extra": "Asset PO opened"
},{
    "action": "log_data",
    "login": {
        "uid": "2",
        "date_time": "2018-03-14 20:05:04",
        "client_ip": "10.22.39.23"
    },
    "window": "Clicked on Add New AssetPO",
    "extra": ""
},{
    "action": "log_data",
    "login": {
        "uid": "2",
        "date_time": "2018-03-14 20:05:04",
        "client_ip": "10.22.39.23"
    },
    "window": "Items added To Object",
    "extra": ""
},{
    "action": "log_data",
    "login": {
        "uid": "2",
        "date_time": "2018-03-14 20:05:58",
        "client_ip": "10.22.39.23"
    },
    "window": "Asset PO",
    "extra": "Asset PO opened"
},{
    "action": "log_data",
    "login": {
        "uid": "2",
        "date_time": "2018-03-14 20:06:04",
        "client_ip": "10.22.39.23"
    },
    "window": "Clicked on Add New AssetPO",
    "extra": ""
},{
    "action": "log_data",
    "login": {
        "uid": "2",
        "date_time": "2018-03-14 20:06:04",
        "client_ip": "10.22.39.23"
    },
    "window": "Items added To Object",
    "extra": ""
},{
    "action": "log_data",
    "login": {
        "uid": "2",
        "date_time": "2018-03-14 20:06:35",
        "client_ip": "10.22.39.23"
    },
    "window": "Asset PO",
    "extra": "Asset PO opened"
},{
    "action": "log_data",
    "login": {
        "uid": "2",
        "date_time": "2018-03-14 20:06:38",
        "client_ip": "10.22.39.23"
    },
    "window": "Clicked on Add New AssetPO",
    "extra": ""
},{
    "action": "log_data",
    "login": {
        "uid": "2",
        "date_time": "2018-03-14 20:06:38",
        "client_ip": "10.22.39.23"
    },
    "window": "Items added To Object",
    "extra": ""
},{
    "action": "log_data",
    "login": {
        "uid": "2",
        "date_time": "2018-03-14 20:07:06",
        "client_ip": "10.22.39.23"
    },
    "window": "Asset Inward",
    "extra": "Asset Inward is opened"
},{
    "action": "log_data",
    "login": {
        "uid": "2",
        "date_time": "2018-03-14 20:07:46",
        "client_ip": "10.22.39.23"
    },
    "window": "Asset Inward",
    "extra": "Asset Inward is opened"
},{
    "action": "log_data",
    "login": {
        "uid": "2",
        "date_time": "2018-03-14 20:08:02",
        "client_ip": "10.22.39.23"
    },
    "window": "Asset Inward",
    "extra": "Asset Inward is opened"
},{
    "action": "log_data",
    "login": {
        "uid": "2",
        "date_time": "2018-03-14 20:08:20",
        "client_ip": "10.22.39.23"
    },
    "window": "Asset Inward",
    "extra": "Asset Inward is opened"
},{
    "action": "log_data",
    "login": {
        "uid": "2",
        "date_time": "2018-03-14 20:09:50",
        "client_ip": "10.22.39.23"
    },
    "window": "Asset Inward",
    "extra": "Asset Inward is opened"
},{
    "action": "log_data",
    "login": {
        "uid": "2",
        "date_time": "2018-03-14 20:10:24",
        "client_ip": "10.22.39.23"
    },
    "window": "Asset Outward",
    "extra": "Asset outward opened"
},{
    "action": "log_data",
    "login": {
        "uid": "2",
        "date_time": "2018-03-14 20:11:27",
        "client_ip": "10.22.39.23"
    },
    "window": "Asset Outward",
    "extra": "Asset outward opened"
},{
    "action": "log_data",
    "login": {
        "uid": "2",
        "date_time": "2018-03-14 20:11:50",
        "client_ip": "10.22.39.23"
    },
    "window": "Asset Outward",
    "extra": "Asset outward opened"
},{
    "action": "log_data",
    "login": {
        "uid": "2",
        "date_time": "2018-03-14 20:12:01",
        "client_ip": "10.22.39.23"
    },
    "window": "Asset Stock",
    "extra": "Asset Stock Opened"
},{
    "action": "log_data",
    "login": {
        "uid": "2",
        "date_time": "2018-03-14 20:12:34",
        "client_ip": "10.22.39.23"
    },
    "window": "Asset Stock",
    "extra": "Asset Stock Opened"
},{
    "action": "log_data",
    "login": {
        "uid": "2",
        "date_time": "2018-03-14 20:12:50",
        "client_ip": "10.22.39.23"
    },
    "window": "Medicines",
    "extra": "Medicines is opened"
},{
    "action": "log_data",
    "login": {
        "uid": "2",
        "date_time": "2018-03-14 20:13:15",
        "client_ip": "10.22.39.23"
    },
    "window": "Medicines",
    "extra": "Medicines is opened"
},{
    "action": "log_data",
    "login": {
        "uid": "2",
        "date_time": "2018-03-14 20:13:48",
        "client_ip": "10.22.39.23"
    },
    "window": "Medicines",
    "extra": "Medicines is opened"
},{
    "action": "log_data",
    "login": {
        "uid": "2",
        "date_time": "2018-03-14 20:14:10",
        "client_ip": "10.22.39.23"
    },
    "window": "Medicine PO",
    "extra": "Medicine PO opened"
},{
    "action": "log_data",
    "login": {
        "uid": "2",
        "date_time": "2018-03-14 20:14:42",
        "client_ip": "10.22.39.23"
    },
    "window": "Medicine PO",
    "extra": "Medicine PO opened"
},{
    "action": "log_data",
    "login": {
        "uid": "2",
        "date_time": "2018-03-14 20:14:43",
        "client_ip": "10.22.39.23"
    },
    "window": "Clicked on Add New MedicinetPO",
    "extra": ""
},{
    "action": "log_data",
    "login": {
        "uid": "2",
        "date_time": "2018-03-14 20:14:43",
        "client_ip": "10.22.39.23"
    },
    "window": "Items added To Object",
    "extra": ""
},{
    "action": "log_data",
    "login": {
        "uid": "2",
        "date_time": "2018-03-14 20:15:08",
        "client_ip": "10.22.39.23"
    },
    "window": "Medicine PO",
    "extra": "Medicine PO opened"
},{
    "action": "log_data",
    "login": {
        "uid": "2",
        "date_time": "2018-03-14 20:15:16",
        "client_ip": "10.22.39.23"
    },
    "window": "Items added To Object",
    "extra": ""
},{
    "action": "log_data",
    "login": {
        "uid": "2",
        "date_time": "2018-03-14 20:15:16",
        "client_ip": "10.22.39.23"
    },
    "window": "Clicked on Add New MedicinetPO",
    "extra": ""
},{
    "action": "log_data",
    "login": {
        "uid": "2",
        "date_time": "2018-03-14 20:15:44",
        "client_ip": "10.22.39.23"
    },
    "window": "Medicine PO",
    "extra": "Medicine PO opened"
},{
    "action": "log_data",
    "login": {
        "uid": "2",
        "date_time": "2018-03-14 20:15:45",
        "client_ip": "10.22.39.23"
    },
    "window": "Clicked on Add New MedicinetPO",
    "extra": ""
},{
    "action": "log_data",
    "login": {
        "uid": "2",
        "date_time": "2018-03-14 20:15:45",
        "client_ip": "10.22.39.23"
    },
    "window": "Items added To Object",
    "extra": ""
},{
    "action": "log_data",
    "login": {
        "uid": "2",
        "date_time": "2018-03-14 20:16:00",
        "client_ip": "10.22.39.23"
    },
    "window": "medicine Inward",
    "extra": "medicine Inward is opened"
},{
    "action": "log_data",
    "login": {
        "uid": "2",
        "date_time": "2018-03-14 20:16:33",
        "client_ip": "10.22.39.23"
    },
    "window": "medicine Inward",
    "extra": "medicine Inward is opened"
},{
    "action": "log_data",
    "login": {
        "uid": "2",
        "date_time": "2018-03-14 20:16:40",
        "client_ip": "10.22.39.23"
    },
    "window": "Push Item Into Array",
    "extra": ""
},{
    "action": "log_data",
    "login": {
        "uid": "2",
        "date_time": "2018-03-14 20:17:43",
        "client_ip": "10.22.39.23"
    },
    "window": "medicine Inward",
    "extra": "medicine Inward is opened"
},{
    "action": "log_data",
    "login": {
        "uid": "2",
        "date_time": "2018-03-14 20:17:47",
        "client_ip": "10.22.39.23"
    },
    "window": "Push Item Into Array",
    "extra": ""
},{
    "action": "log_data",
    "login": {
        "uid": "2",
        "date_time": "2018-03-14 20:17:57",
        "client_ip": "10.22.39.23"
    },
    "window": "To Add New Inward",
    "extra": ""
},{
    "action": "log_data",
    "login": {
        "uid": "2",
        "date_time": "2018-03-14 20:18:02",
        "client_ip": "10.22.39.23"
    },
    "window": "To Show the Items",
    "extra": "6"
},{
    "action": "log_data",
    "login": {
        "uid": "2",
        "date_time": "2018-03-14 20:18:05",
        "client_ip": "10.22.39.23"
    },
    "window": "To Show the Items",
    "extra": "3"
},{
    "action": "log_data",
    "login": {
        "uid": "2",
        "date_time": "2018-03-14 20:18:28",
        "client_ip": "10.22.39.23"
    },
    "window": "Medicine Stock",
    "extra": ""
},{
    "action": "log_data",
    "login": {
        "uid": "2",
        "date_time": "2018-03-14 20:18:55",
        "client_ip": "10.22.39.23"
    },
    "window": "Medicine Stock",
    "extra": ""
},{
    "action": "log_data",
    "login": {
        "uid": "2",
        "date_time": "2018-03-14 20:19:15",
        "client_ip": "10.22.39.23"
    },
    "window": "Doctor_ConsultData is Loaded",
    "extra": ""
},{
    "action": "log_data",
    "login": {
        "uid": "2",
        "date_time": "2018-03-14 20:19:41",
        "client_ip": "10.22.39.23"
    },
    "window": "Doctor_ConsultData is Loaded",
    "extra": ""
},{
    "action": "log_data",
    "login": {
        "uid": "2",
        "date_time": "2018-03-14 20:19:46",
        "client_ip": "10.22.39.23"
    },
    "window": "Add New Consult",
    "extra": ""
},{
    "action": "log_data",
    "login": {
        "uid": "2",
        "date_time": "2018-03-14 20:19:56",
        "client_ip": "10.22.39.23"
    },
    "window": " New Patient ",
    "extra": "New patient Opened"
},{
    "action": "log_data",
    "login": {
        "uid": "2",
        "date_time": "2018-03-14 20:20:34",
        "client_ip": "10.22.39.23"
    },
    "window": " New Patient ",
    "extra": "New patient Opened"
},{
    "action": "log_data",
    "login": {
        "uid": "2",
        "date_time": "2018-03-14 20:21:15",
        "client_ip": "10.22.39.23"
    },
    "window": " New Patient ",
    "extra": "New patient Opened"
},{
    "action": "log_data",
    "login": {
        "uid": "2",
        "date_time": "2018-03-14 20:22:21",
        "client_ip": "10.22.39.23"
    },
    "window": " New Patient ",
    "extra": "New patient Opened"
},{
    "action": "log_data",
    "login": {
        "uid": "2",
        "date_time": "2018-03-14 20:22:53",
        "client_ip": "10.22.39.23"
    },
    "window": " New Patient ",
    "extra": "New patient Opened"
},{
    "action": "log_data",
    "login": {
        "uid": "2",
        "date_time": "2018-03-14 20:23:07",
        "client_ip": "10.22.39.23"
    },
    "window": "InPatient",
    "extra": "Getting Total Out Patients"
},{
    "action": "log_data",
    "login": {
        "uid": "2",
        "date_time": "2018-03-14 20:23:21",
        "client_ip": "10.22.39.23"
    },
    "window": "Supplier",
    "extra": "Supplier data is opened"
},{
    "action": "log_data",
    "login": {
        "uid": "2",
        "date_time": "2018-03-14 20:23:42",
        "client_ip": "10.22.39.23"
    },
    "window": "InPatient",
    "extra": "Getting Total Out Patients"
},{
    "action": "log_data",
    "login": {
        "uid": "2",
        "date_time": "2018-03-14 20:23:45",
        "client_ip": "10.22.39.23"
    },
    "window": "Supplier",
    "extra": "Supplier data is opened"
},{
    "action": "log_data",
    "login": {
        "uid": "2",
        "date_time": "2018-03-14 20:24:29",
        "client_ip": "10.22.39.23"
    },
    "window": "Supplier",
    "extra": "Supplier data is opened"
},{
    "action": "log_data",
    "login": {
        "uid": "2",
        "date_time": "2018-03-14 20:24:46",
        "client_ip": "10.22.39.23"
    },
    "window": "Stores",
    "extra": "Stores is opened"
},{
    "action": "log_data",
    "login": {
        "uid": "2",
        "date_time": "2018-03-14 20:24:49",
        "client_ip": "10.22.39.23"
    },
    "window": "Add Unit",
    "extra": ""
},{
    "action": "log_data",
    "login": {
        "uid": "2",
        "date_time": "2018-03-14 20:24:51",
        "client_ip": "10.22.39.23"
    },
    "window": "Item Group",
    "extra": "Item Group is opened"
},{
    "action": "log_data",
    "login": {
        "uid": "2",
        "date_time": "2018-03-14 20:24:57",
        "client_ip": "10.22.39.23"
    },
    "window": "Assets",
    "extra": "Assets is opened"
},{
    "action": "log_data",
    "login": {
        "uid": "2",
        "date_time": "2018-03-14 20:25:01",
        "client_ip": "10.22.39.23"
    },
    "window": "Asset PO",
    "extra": "Asset PO opened"
},{
    "action": "log_data",
    "login": {
        "uid": "2",
        "date_time": "2018-03-14 20:25:03",
        "client_ip": "10.22.39.23"
    },
    "window": "Items added To Object",
    "extra": ""
},{
    "action": "log_data",
    "login": {
        "uid": "2",
        "date_time": "2018-03-14 20:25:03",
        "client_ip": "10.22.39.23"
    },
    "window": "Clicked on Add New AssetPO",
    "extra": ""
},{
    "action": "log_data",
    "login": {
        "uid": "2",
        "date_time": "2018-03-14 20:25:12",
        "client_ip": "10.22.39.23"
    },
    "window": "Asset Inward",
    "extra": "Asset Inward is opened"
},{
    "action": "log_data",
    "login": {
        "uid": "2",
        "date_time": "2018-03-14 20:25:29",
        "client_ip": "10.22.39.23"
    },
    "window": "Asset Outward",
    "extra": "Asset outward opened"
},{
    "action": "log_data",
    "login": {
        "uid": "2",
        "date_time": "2018-03-14 20:26:11",
        "client_ip": "10.22.39.23"
    },
    "window": "Asset Outward",
    "extra": "Asset outward opened"
},{
    "action": "log_data",
    "login": {
        "uid": "2",
        "date_time": "2018-03-14 20:26:23",
        "client_ip": "10.22.39.23"
    },
    "window": "Asset Stock",
    "extra": "Asset Stock Opened"
},{
    "action": "log_data",
    "login": {
        "uid": "2",
        "date_time": "2018-03-14 20:26:26",
        "client_ip": "10.22.39.23"
    },
    "window": "Medicines",
    "extra": "Medicines is opened"
},{
    "action": "log_data",
    "login": {
        "uid": "2",
        "date_time": "2018-03-14 20:27:33",
        "client_ip": "10.22.39.23"
    },
    "window": "Medicines",
    "extra": "Medicines is opened"
},{
    "action": "log_data",
    "login": {
        "uid": "2",
        "date_time": "2018-03-14 20:27:57",
        "client_ip": "10.22.39.23"
    },
    "window": "Medicine PO",
    "extra": "Medicine PO opened"
},{
    "action": "log_data",
    "login": {
        "uid": "2",
        "date_time": "2018-03-14 20:28:00",
        "client_ip": "10.22.39.23"
    },
    "window": "Items added To Object",
    "extra": ""
},{
    "action": "log_data",
    "login": {
        "uid": "2",
        "date_time": "2018-03-14 20:28:00",
        "client_ip": "10.22.39.23"
    },
    "window": "Clicked on Add New MedicinetPO",
    "extra": ""
},{
    "action": "log_data",
    "login": {
        "uid": "2",
        "date_time": "2018-03-14 20:28:04",
        "client_ip": "10.22.39.23"
    },
    "window": "Items added To Object",
    "extra": ""
},{
    "action": "log_data",
    "login": {
        "uid": "2",
        "date_time": "2018-03-14 20:28:04",
        "client_ip": "10.22.39.23"
    },
    "window": "Items added To Object",
    "extra": ""
},{
    "action": "log_data",
    "login": {
        "uid": "2",
        "date_time": "2018-03-14 20:28:05",
        "client_ip": "10.22.39.23"
    },
    "window": "Items added To Object",
    "extra": ""
},{
    "action": "log_data",
    "login": {
        "uid": "2",
        "date_time": "2018-03-14 20:28:05",
        "client_ip": "10.22.39.23"
    },
    "window": "Items added To Object",
    "extra": ""
},{
    "action": "log_data",
    "login": {
        "uid": "2",
        "date_time": "2018-03-14 20:28:06",
        "client_ip": "10.22.39.23"
    },
    "window": "Removed Previous Item Data",
    "extra": "0"
},{
    "action": "log_data",
    "login": {
        "uid": "2",
        "date_time": "2018-03-14 20:28:06",
        "client_ip": "10.22.39.23"
    },
    "window": "Removed Previous Item Data",
    "extra": "0"
},{
    "action": "log_data",
    "login": {
        "uid": "2",
        "date_time": "2018-03-14 20:28:06",
        "client_ip": "10.22.39.23"
    },
    "window": "Removed Previous Item Data",
    "extra": "0"
},{
    "action": "log_data",
    "login": {
        "uid": "2",
        "date_time": "2018-03-14 20:28:09",
        "client_ip": "10.22.39.23"
    },
    "window": "medicine Inward",
    "extra": "medicine Inward is opened"
},{
    "action": "log_data",
    "login": {
        "uid": "2",
        "date_time": "2018-03-14 20:28:11",
        "client_ip": "10.22.39.23"
    },
    "window": "Push Item Into Array",
    "extra": ""
},{
    "action": "log_data",
    "login": {
        "uid": "2",
        "date_time": "2018-03-14 20:28:15",
        "client_ip": "10.22.39.23"
    },
    "window": "To Add New Inward",
    "extra": ""
},{
    "action": "log_data",
    "login": {
        "uid": "2",
        "date_time": "2018-03-14 20:28:20",
        "client_ip": "10.22.39.23"
    },
    "window": "To Show the Items",
    "extra": "6"
},{
    "action": "log_data",
    "login": {
        "uid": "2",
        "date_time": "2018-03-14 20:28:24",
        "client_ip": "10.22.39.23"
    },
    "window": "To Show the Items",
    "extra": "5"
},{
    "action": "log_data",
    "login": {
        "uid": "2",
        "date_time": "2018-03-14 20:28:26",
        "client_ip": "10.22.39.23"
    },
    "window": "To Show the Items",
    "extra": "4"
},{
    "action": "log_data",
    "login": {
        "uid": "2",
        "date_time": "2018-03-14 20:28:29",
        "client_ip": "10.22.39.23"
    },
    "window": "To Show the Items",
    "extra": "3"
},{
    "action": "log_data",
    "login": {
        "uid": "2",
        "date_time": "2018-03-14 20:28:29",
        "client_ip": "10.22.39.23"
    },
    "window": "To Show the Items",
    "extra": "3"
},{
    "action": "log_data",
    "login": {
        "uid": "2",
        "date_time": "2018-03-14 20:28:29",
        "client_ip": "10.22.39.23"
    },
    "window": "To Show the Items",
    "extra": "3"
},{
    "action": "log_data",
    "login": {
        "uid": "2",
        "date_time": "2018-03-14 20:28:30",
        "client_ip": "10.22.39.23"
    },
    "window": "To Show the Items",
    "extra": "3"
},{
    "action": "log_data",
    "login": {
        "uid": "2",
        "date_time": "2018-03-14 20:28:26",
        "client_ip": "10.22.39.23"
    },
    "window": "To Show the Items",
    "extra": "4"
},{
    "action": "log_data",
    "login": {
        "uid": "2",
        "date_time": "2018-03-14 20:28:42",
        "client_ip": "10.22.39.23"
    },
    "window": "Medicine Stock",
    "extra": ""
},{
    "action": "log_data",
    "login": {
        "uid": "2",
        "date_time": "2018-03-14 20:29:07",
        "client_ip": "10.22.39.23"
    },
    "window": " New Patient ",
    "extra": "New patient Opened"
},{
    "action": "log_data",
    "login": {
        "uid": "2",
        "date_time": "2018-03-14 20:30:12",
        "client_ip": "10.22.39.23"
    },
    "window": "Doctor_ConsultData is Loaded",
    "extra": ""
},{
    "action": "log_data",
    "login": {
        "uid": "2",
        "date_time": "2018-03-14 20:30:20",
        "client_ip": "10.22.39.23"
    },
    "window": "Add New Consult",
    "extra": ""
},{
    "action": "log_data",
    "login": {
        "uid": "2",
        "date_time": "2018-03-14 20:30:29",
        "client_ip": "10.22.39.23"
    },
    "window": "Users",
    "extra": "extra Data"
},{
    "action": "log_data",
    "login": {
        "uid": "2",
        "date_time": "2018-03-14 20:30:46",
        "client_ip": "10.22.39.23"
    },
    "window": " New Patient ",
    "extra": "New patient Opened"
},{
    "action": "log_data",
    "login": {
        "uid": "2",
        "date_time": "2018-03-14 20:31:25",
        "client_ip": "10.22.39.23"
    },
    "window": "InPatient",
    "extra": "Getting Beds"
},{
    "action": "log_data",
    "login": {
        "uid": "2",
        "date_time": "2018-03-14 20:32:07",
        "client_ip": "10.22.39.23"
    },
    "window": " New Patient ",
    "extra": "New patient Opened"
},{
    "action": "log_data",
    "login": {
        "uid": "2",
        "date_time": "2018-03-14 20:34:00",
        "client_ip": "203.193.173.148"
    },
    "window": "InPatient",
    "extra": "Getting Total Out Patients"
},{
    "action": "log_data",
    "login": {
        "uid": "2",
        "date_time": "2018-03-14 20:34:06",
        "client_ip": "203.193.173.148"
    },
    "window": "Supplier",
    "extra": "Supplier data is opened"
},{
    "action": "log_data",
    "login": {
        "uid": "2",
        "date_time": "2018-03-14 20:34:21",
        "client_ip": "203.193.173.148"
    },
    "window": "Stores",
    "extra": "Stores is opened"
},{
    "action": "log_data",
    "login": {
        "uid": "2",
        "date_time": "2018-03-14 20:34:29",
        "client_ip": "203.193.173.148"
    },
    "window": "Add Unit",
    "extra": ""
},{
    "action": "log_data",
    "login": {
        "uid": "2",
        "date_time": "2018-03-14 20:34:34",
        "client_ip": "203.193.173.148"
    },
    "window": "Item Group",
    "extra": "Item Group is opened"
},{
    "action": "log_data",
    "login": {
        "uid": "2",
        "date_time": "2018-03-14 20:34:50",
        "client_ip": "203.193.173.148"
    },
    "window": "Assets",
    "extra": "Assets is opened"
},{
    "action": "log_data",
    "login": {
        "uid": "2",
        "date_time": "2018-03-14 20:35:18",
        "client_ip": "203.193.173.148"
    },
    "window": "Asset PO",
    "extra": "Asset PO opened"
},{
    "action": "log_data",
    "login": {
        "uid": "2",
        "date_time": "2018-03-14 20:35:22",
        "client_ip": "203.193.173.148"
    },
    "window": "Items added To Object",
    "extra": ""
},{
    "action": "log_data",
    "login": {
        "uid": "2",
        "date_time": "2018-03-14 20:35:22",
        "client_ip": "203.193.173.148"
    },
    "window": "Clicked on Add New AssetPO",
    "extra": ""
},{
    "action": "log_data",
    "login": {
        "uid": "2",
        "date_time": "2018-03-14 20:35:33",
        "client_ip": "203.193.173.148"
    },
    "window": "Asset Inward",
    "extra": "Asset Inward is opened"
},{
    "action": "log_data",
    "login": {
        "uid": "2",
        "date_time": "2018-03-14 20:35:45",
        "client_ip": "203.193.173.148"
    },
    "window": "Asset PO",
    "extra": "Asset PO opened"
},{
    "action": "log_data",
    "login": {
        "uid": "2",
        "date_time": "2018-03-14 20:35:47",
        "client_ip": "203.193.173.148"
    },
    "window": "Retrieved the Items of PO",
    "extra": "12"
},{
    "action": "log_data",
    "login": {
        "uid": "2",
        "date_time": "2018-03-14 20:35:48",
        "client_ip": "203.193.173.148"
    },
    "window": "Assets",
    "extra": "Assets is opened"
},{
    "action": "log_data",
    "login": {
        "uid": "2",
        "date_time": "2018-03-14 20:35:59",
        "client_ip": "203.193.173.148"
    },
    "window": "Asset Inward",
    "extra": "Asset Inward is opened"
},{
    "action": "log_data",
    "login": {
        "uid": "2",
        "date_time": "2018-03-14 20:36:41",
        "client_ip": "10.22.39.23"
    },
    "window": "Asset Inward",
    "extra": "Asset Inward is opened"
},{
    "action": "log_data",
    "login": {
        "uid": "2",
        "date_time": "2018-03-14 20:37:49",
        "client_ip": "203.193.173.148"
    },
    "window": "InPatient",
    "extra": "Getting Total Out Patients"
},{
    "action": "log_data",
    "login": {
        "uid": "2",
        "date_time": "2018-03-14 20:38:00",
        "client_ip": "203.193.173.148"
    },
    "window": "Asset Inward",
    "extra": "Asset Inward is opened"
},{
    "action": "log_data",
    "login": {
        "uid": "2",
        "date_time": "2018-03-14 20:38:18",
        "client_ip": "203.193.173.148"
    },
    "window": "Asset Outward",
    "extra": "Asset outward opened"
},{
    "action": "log_data",
    "login": {
        "uid": "2",
        "date_time": "2018-03-14 20:38:39",
        "client_ip": "10.22.39.23"
    },
    "window": "Asset Outward",
    "extra": "Asset outward opened"
},{
    "action": "log_data",
    "login": {
        "uid": "2",
        "date_time": "2018-03-14 20:39:32",
        "client_ip": "10.22.39.23"
    },
    "window": "Asset Outward",
    "extra": "Asset outward opened"
},{
    "action": "log_data",
    "login": {
        "uid": "2",
        "date_time": "2018-03-14 20:40:20",
        "client_ip": "203.193.173.148"
    },
    "window": "InPatient",
    "extra": "Getting Total Out Patients"
},{
    "action": "log_data",
    "login": {
        "uid": "2",
        "date_time": "2018-03-14 20:40:25",
        "client_ip": "203.193.173.148"
    },
    "window": "Asset Outward",
    "extra": "Asset outward opened"
},{
    "action": "log_data",
    "login": {
        "uid": "2",
        "date_time": "2018-03-14 20:40:33",
        "client_ip": "203.193.173.148"
    },
    "window": "Asset Stock",
    "extra": "Asset Stock Opened"
},{
    "action": "log_data",
    "login": {
        "uid": "2",
        "date_time": "2018-03-14 20:40:43",
        "client_ip": "203.193.173.148"
    },
    "window": "Medicines",
    "extra": "Medicines is opened"
},{
    "action": "log_data",
    "login": {
        "uid": "2",
        "date_time": "2018-03-14 20:41:08",
        "client_ip": "203.193.173.148"
    },
    "window": "Medicine PO",
    "extra": "Medicine PO opened"
},{
    "action": "log_data",
    "login": {
        "uid": "2",
        "date_time": "2018-03-14 20:41:11",
        "client_ip": "203.193.173.148"
    },
    "window": "Retrieved the Items of PO",
    "extra": "4"
},{
    "action": "log_data",
    "login": {
        "uid": "2",
        "date_time": "2018-03-14 20:41:22",
        "client_ip": "203.193.173.148"
    },
    "window": "Items added To Object",
    "extra": ""
},{
    "action": "log_data",
    "login": {
        "uid": "2",
        "date_time": "2018-03-14 20:41:22",
        "client_ip": "203.193.173.148"
    },
    "window": "Clicked on Add New MedicinetPO",
    "extra": ""
},{
    "action": "log_data",
    "login": {
        "uid": "2",
        "date_time": "2018-03-14 20:41:32",
        "client_ip": "203.193.173.148"
    },
    "window": "Medicine Stock",
    "extra": ""
},{
    "action": "log_data",
    "login": {
        "uid": "2",
        "date_time": "2018-03-14 20:41:51",
        "client_ip": "203.193.173.148"
    },
    "window": " New Patient ",
    "extra": "New patient Opened"
},{
    "action": "log_data",
    "login": {
        "uid": "2",
        "date_time": "2018-03-14 20:42:21",
        "client_ip": "203.193.173.148"
    },
    "window": "Doctor_ConsultData is Loaded",
    "extra": ""
},{
    "action": "log_data",
    "login": {
        "uid": "2",
        "date_time": "2018-03-14 20:42:23",
        "client_ip": "203.193.173.148"
    },
    "window": "Add New Consult",
    "extra": ""
},{
    "action": "log_data",
    "login": {
        "uid": "2",
        "date_time": "2018-03-14 20:42:39",
        "client_ip": "203.193.173.148"
    },
    "window": "Asset Inward",
    "extra": "Asset Inward is opened"
},{
    "action": "log_data",
    "login": {
        "uid": "2",
        "date_time": "2018-03-14 20:42:55",
        "client_ip": "203.193.173.148"
    },
    "window": "Asset PO",
    "extra": "Asset PO opened"
},{
    "action": "log_data",
    "login": {
        "uid": "2",
        "date_time": "2018-03-14 20:43:00",
        "client_ip": "203.193.173.148"
    },
    "window": "Medicine PO",
    "extra": "Medicine PO opened"
},{
    "action": "log_data",
    "login": {
        "uid": "2",
        "date_time": "2018-03-14 20:43:03",
        "client_ip": "203.193.173.148"
    },
    "window": "Retrieved the Items of PO",
    "extra": "4"
},{
    "action": "log_data",
    "login": {
        "uid": "2",
        "date_time": "2018-03-14 20:43:34",
        "client_ip": "10.22.39.23"
    },
    "window": "Asset Outward",
    "extra": "Asset outward opened"
},{
    "action": "log_data",
    "login": {
        "uid": "2",
        "date_time": "2018-03-14 20:44:20",
        "client_ip": "10.22.39.23"
    },
    "window": "Asset Outward",
    "extra": "Asset outward opened"
},{
    "action": "log_data",
    "login": {
        "uid": "2",
        "date_time": "2018-03-14 20:45:10",
        "client_ip": "10.22.39.23"
    },
    "window": "Asset Outward",
    "extra": "Asset outward opened"
},{
    "action": "log_data",
    "login": {
        "uid": "2",
        "date_time": "2018-03-14 20:45:45",
        "client_ip": "10.22.39.23"
    },
    "window": "Asset Outward",
    "extra": "Asset outward opened"
},{
    "action": "log_data",
    "login": {
        "uid": "2",
        "date_time": "2018-03-14 20:46:17",
        "client_ip": "10.22.39.23"
    },
    "window": "Asset Outward",
    "extra": "Asset outward opened"
},{
    "action": "log_data",
    "login": {
        "uid": "2",
        "date_time": "2018-03-14 20:46:29",
        "client_ip": "10.22.39.23"
    },
    "window": "Asset Outward",
    "extra": "Asset outward opened"
},{
    "action": "log_data",
    "login": {
        "uid": "2",
        "date_time": "2018-03-14 20:46:51",
        "client_ip": "10.22.39.23"
    },
    "window": "Asset Outward",
    "extra": "Asset outward opened"
},{
    "action": "log_data",
    "login": {
        "uid": "2",
        "date_time": "2018-03-14 20:47:44",
        "client_ip": "10.22.39.23"
    },
    "window": "Medicine PO",
    "extra": "Medicine PO opened"
},{
    "action": "log_data",
    "login": {
        "uid": "2",
        "date_time": "2018-03-14 20:47:48",
        "client_ip": "10.22.39.23"
    },
    "window": "Retrieved the Items of PO",
    "extra": "1"
},{
    "action": "log_data",
    "login": {
        "uid": "2",
        "date_time": "2018-03-14 20:48:24",
        "client_ip": "10.22.39.23"
    },
    "window": "Medicine PO",
    "extra": "Medicine PO opened"
},{
    "action": "log_data",
    "login": {
        "uid": "2",
        "date_time": "2018-03-14 20:48:27",
        "client_ip": "10.22.39.23"
    },
    "window": "Retrieved the Items of PO",
    "extra": "2"
},{
    "action": "log_data",
    "login": {
        "uid": "2",
        "date_time": "2018-03-14 20:48:48",
        "client_ip": "10.22.39.23"
    },
    "window": "Medicine PO",
    "extra": "Medicine PO opened"
},{
    "action": "log_data",
    "login": {
        "uid": "2",
        "date_time": "2018-03-14 20:48:50",
        "client_ip": "10.22.39.23"
    },
    "window": "Retrieved the Items of PO",
    "extra": "1"
},{
    "action": "log_data",
    "login": {
        "uid": "2",
        "date_time": "2018-03-14 20:49:21",
        "client_ip": "10.22.39.23"
    },
    "window": "Medicine PO",
    "extra": "Medicine PO opened"
},{
    "action": "log_data",
    "login": {
        "uid": "2",
        "date_time": "2018-03-14 20:49:25",
        "client_ip": "10.22.39.23"
    },
    "window": "Retrieved the Items of PO",
    "extra": "4"
},{
    "action": "log_data",
    "login": {
        "uid": "2",
        "date_time": "2018-03-14 20:50:04",
        "client_ip": "10.22.39.23"
    },
    "window": "Medicine PO",
    "extra": "Medicine PO opened"
},{
    "action": "log_data",
    "login": {
        "uid": "2",
        "date_time": "2018-03-14 20:50:09",
        "client_ip": "10.22.39.23"
    },
    "window": "Retrieved the Items of PO",
    "extra": "3"
},{
    "action": "log_data",
    "login": {
        "uid": "2",
        "date_time": "2018-03-14 20:50:24",
        "client_ip": "10.22.39.23"
    },
    "window": "Medicine PO",
    "extra": "Medicine PO opened"
},{
    "action": "log_data",
    "login": {
        "uid": "2",
        "date_time": "2018-03-14 20:50:28",
        "client_ip": "10.22.39.23"
    },
    "window": "Retrieved the Items of PO",
    "extra": "2"
},{
    "action": "log_data",
    "login": {
        "uid": "2",
        "date_time": "2018-03-14 20:50:35",
        "client_ip": "10.22.39.23"
    },
    "window": "Retrieved the Items of PO",
    "extra": "2"
},{
    "action": "log_data",
    "login": {
        "uid": "2",
        "date_time": "2018-03-14 20:50:39",
        "client_ip": "10.22.39.23"
    },
    "window": "Retrieved the Items of PO",
    "extra": "4"
},{
    "action": "log_data",
    "login": {
        "uid": "2",
        "date_time": "2018-03-14 20:50:57",
        "client_ip": "10.22.39.23"
    },
    "window": "Medicine PO",
    "extra": "Medicine PO opened"
},{
    "action": "log_data",
    "login": {
        "uid": "2",
        "date_time": "2018-03-14 20:51:02",
        "client_ip": "10.22.39.23"
    },
    "window": "Retrieved the Items of PO",
    "extra": "2"
},{
    "action": "log_data",
    "login": {
        "uid": "2",
        "date_time": "2018-03-14 20:51:20",
        "client_ip": "10.22.39.23"
    },
    "window": "Retrieved the Items of PO",
    "extra": "4"
},{
    "action": "log_data",
    "login": {
        "uid": "2",
        "date_time": "2018-03-14 20:51:24",
        "client_ip": "10.22.39.23"
    },
    "window": "Retrieved the Items of PO",
    "extra": "3"
},{
    "action": "log_data",
    "login": {
        "uid": "2",
        "date_time": "2018-03-14 20:51:26",
        "client_ip": "10.22.39.23"
    },
    "window": "Retrieved the Items of PO",
    "extra": "2"
},{
    "action": "log_data",
    "login": {
        "uid": "2",
        "date_time": "2018-03-14 20:51:28",
        "client_ip": "10.22.39.23"
    },
    "window": "Retrieved the Items of PO",
    "extra": "1"
},{
    "action": "log_data",
    "login": {
        "uid": "2",
        "date_time": "2018-03-14 20:51:41",
        "client_ip": "10.22.39.23"
    },
    "window": "Retrieved the Items of PO",
    "extra": "4"
},{
    "action": "log_data",
    "login": {
        "uid": "2",
        "date_time": "2018-03-14 20:51:47",
        "client_ip": "10.22.39.23"
    },
    "window": "Asset PO",
    "extra": "Asset PO opened"
},{
    "action": "log_data",
    "login": {
        "uid": "2",
        "date_time": "2018-03-14 20:51:48",
        "client_ip": "10.22.39.23"
    },
    "window": "Retrieved the Items of PO",
    "extra": "12"
},{
    "action": "log_data",
    "login": {
        "uid": "2",
        "date_time": "2018-03-14 20:52:00",
        "client_ip": "10.22.39.23"
    },
    "window": "Retrieved the Items of PO",
    "extra": "1"
},{
    "action": "log_data",
    "login": {
        "uid": "2",
        "date_time": "2018-03-14 20:52:40",
        "client_ip": "10.22.39.23"
    },
    "window": "Asset PO",
    "extra": "Asset PO opened"
},{
    "action": "log_data",
    "login": {
        "uid": "2",
        "date_time": "2018-03-14 20:52:44",
        "client_ip": "10.22.39.23"
    },
    "window": "Retrieved the Items of PO",
    "extra": "3"
},{
    "action": "log_data",
    "login": {
        "uid": "2",
        "date_time": "2018-03-14 20:53:02",
        "client_ip": "10.22.39.23"
    },
    "window": "Retrieved the Items of PO",
    "extra": "7"
},{
    "action": "log_data",
    "login": {
        "uid": "2",
        "date_time": "2018-03-14 20:53:05",
        "client_ip": "10.22.39.23"
    },
    "window": "Asset Inward",
    "extra": "Asset Inward is opened"
},{
    "action": "log_data",
    "login": {
        "uid": "2",
        "date_time": "2018-03-14 20:54:01",
        "client_ip": "10.22.39.23"
    },
    "window": "Asset Inward",
    "extra": "Asset Inward is opened"
},{
    "action": "log_data",
    "login": {
        "uid": "2",
        "date_time": "2018-03-14 20:55:18",
        "client_ip": "10.22.39.23"
    },
    "window": "medicine Inward",
    "extra": "medicine Inward is opened"
},{
    "action": "log_data",
    "login": {
        "uid": "2",
        "date_time": "2018-03-14 20:55:20",
        "client_ip": "10.22.39.23"
    },
    "window": "To Show the Inward Data",
    "extra": "1"
},{
    "action": "log_data",
    "login": {
        "uid": "2",
        "date_time": "2018-03-14 20:55:45",
        "client_ip": "10.22.39.23"
    },
    "window": "medicine Inward",
    "extra": "medicine Inward is opened"
},{
    "action": "log_data",
    "login": {
        "uid": "2",
        "date_time": "2018-03-14 20:55:50",
        "client_ip": "10.22.39.23"
    },
    "window": "To Show the Inward Data",
    "extra": "4"
},{
    "action": "log_data",
    "login": {
        "uid": "2",
        "date_time": "2018-03-14 20:56:10",
        "client_ip": "10.22.39.23"
    },
    "window": "medicine Inward",
    "extra": "medicine Inward is opened"
},{
    "action": "log_data",
    "login": {
        "uid": "2",
        "date_time": "2018-03-14 20:56:15",
        "client_ip": "10.22.39.23"
    },
    "window": "To Show the Inward Data",
    "extra": "2"
},{
    "action": "log_data",
    "login": {
        "uid": "2",
        "date_time": "2018-03-14 20:56:37",
        "client_ip": "10.22.39.23"
    },
    "window": "medicine Inward",
    "extra": "medicine Inward is opened"
},{
    "action": "log_data",
    "login": {
        "uid": "2",
        "date_time": "2018-03-14 20:56:43",
        "client_ip": "10.22.39.23"
    },
    "window": "To Show the Inward Data",
    "extra": "2"
},{
    "action": "log_data",
    "login": {
        "uid": "2",
        "date_time": "2018-03-14 20:57:05",
        "client_ip": "10.22.39.23"
    },
    "window": "medicine Inward",
    "extra": "medicine Inward is opened"
},{
    "action": "log_data",
    "login": {
        "uid": "2",
        "date_time": "2018-03-14 20:57:10",
        "client_ip": "10.22.39.23"
    },
    "window": "To Show the Inward Data",
    "extra": "4"
},{
    "action": "log_data",
    "login": {
        "uid": "2",
        "date_time": "2018-03-14 20:57:38",
        "client_ip": "10.22.39.23"
    },
    "window": "Asset Inward",
    "extra": "Asset Inward is opened"
},{
    "action": "log_data",
    "login": {
        "uid": "2",
        "date_time": "2018-03-14 20:59:13",
        "client_ip": "10.22.39.23"
    },
    "window": "medicine Inward",
    "extra": "medicine Inward is opened"
},{
    "action": "log_data",
    "login": {
        "uid": "2",
        "date_time": "2018-03-14 20:59:20",
        "client_ip": "10.22.39.23"
    },
    "window": "To Show the Inward Data",
    "extra": "3"
},{
    "action": "log_data",
    "login": {
        "uid": "2",
        "date_time": "2018-03-14 20:59:52",
        "client_ip": "10.22.39.23"
    },
    "window": "To Show the Inward Data",
    "extra": "3"
},{
    "action": "log_data",
    "login": {
        "uid": "2",
        "date_time": "2018-03-14 21:00:57",
        "client_ip": "10.22.39.23"
    },
    "window": "Doctor_ConsultData is Loaded",
    "extra": ""
},{
    "action": "log_data",
    "login": {
        "uid": "2",
        "date_time": "2018-03-14 21:01:27",
        "client_ip": "10.22.39.23"
    },
    "window": "InPatient",
    "extra": "Getting Beds"
},{
    "action": "log_data",
    "login": {
        "uid": "2",
        "date_time": "2018-03-14 21:02:04",
        "client_ip": "10.22.39.23"
    },
    "window": "Doctor_ConsultData is Loaded",
    "extra": ""
},{
    "action": "log_data",
    "login": {
        "uid": "2",
        "date_time": "2018-03-14 21:02:27",
        "client_ip": "10.22.39.23"
    },
    "window": "Add New Consult",
    "extra": ""
},{
    "action": "log_data",
    "login": {
        "uid": "2",
        "date_time": "2018-03-14 21:02:37",
        "client_ip": "10.22.39.23"
    },
    "window": "Users",
    "extra": "extra Data"
},{
    "action": "log_data",
    "login": {
        "uid": "2",
        "date_time": "2018-03-14 21:03:36",
        "client_ip": "10.22.39.23"
    },
    "window": "Users",
    "extra": "extra Data"
},{
    "action": "log_data",
    "login": {
        "uid": "2",
        "date_time": "2018-03-14 21:04:14",
        "client_ip": "10.22.39.23"
    },
    "window": "Users",
    "extra": "extra Data"
},{
    "action": "log_data",
    "login": {
        "uid": "2",
        "date_time": "2018-03-14 21:06:36",
        "client_ip": "10.22.39.23"
    },
    "window": "Users",
    "extra": "extra Data"
},{
    "action": "log_data",
    "login": {
        "uid": "2",
        "date_time": "2018-03-14 21:07:41",
        "client_ip": "10.22.39.23"
    },
    "window": "Users",
    "extra": "extra Data"
},