{
    "action": "log_data",
    "login": {
        "uid": "4",
        "date_time": "2018-01-22 11:53:46",
        "client_ip": "192.168.2.202"
    },
    "window": "Users",
    "extra": "extra Data"
},{
    "action": "log_data",
    "login": {
        "uid": "2",
        "date_time": "2018-01-22 12:01:30",
        "client_ip": "192.168.2.204"
    },
    "window": "Users",
    "extra": "extra Data"
},{
    "action": "log_data",
    "login": {
        "uid": "2",
        "date_time": "2018-01-22 12:02:14",
        "client_ip": "192.168.2.204"
    },
    "window": "Users",
    "extra": "extra Data"
},{
    "action": "log_data",
    "login": {
        "uid": "2",
        "date_time": "2018-01-22 12:02:25",
        "client_ip": "192.168.2.204"
    },
    "window": "Users",
    "extra": "extra Data"
},{
    "action": "log_data",
    "login": {
        "uid": "4",
        "date_time": "2018-01-22 12:06:54",
        "client_ip": "192.168.2.202"
    },
    "window": "Users",
    "extra": "extra Data"
},{
    "action": "log_data",
    "login": {
        "uid": "4",
        "date_time": "2018-01-22 12:07:03",
        "client_ip": "192.168.2.202"
    },
    "window": "Users",
    "extra": "extra Data"
},{
    "action": "log_data",
    "login": {
        "uid": "4",
        "date_time": "2018-01-22 12:09:22",
        "client_ip": "192.168.2.202"
    },
    "window": "Users",
    "extra": "extra Data"
},{
    "action": "log_data",
    "login": {
        "uid": "4",
        "date_time": "2018-01-22 12:13:40",
        "client_ip": "192.168.2.202"
    },
    "window": "Users",
    "extra": "extra Data"
},{
    "action": "log_data",
    "login": {
        "uid": "4",
        "date_time": "2018-01-22 12:19:21",
        "client_ip": "192.168.2.202"
    },
    "window": "Users",
    "extra": "extra Data"
},{
    "action": "log_data",
    "login": {
        "uid": "4",
        "date_time": "2018-01-22 12:20:05",
        "client_ip": "192.168.2.202"
    },
    "window": "Users",
    "extra": "extra Data"
},{
    "action": "log_data",
    "login": {
        "uid": "4",
        "date_time": "2018-01-22 12:20:57",
        "client_ip": "192.168.2.202"
    },
    "window": "Users",
    "extra": "extra Data"
},{
    "action": "log_data",
    "login": {
        "uid": "4",
        "date_time": "2018-01-22 12:24:09",
        "client_ip": "192.168.2.202"
    },
    "window": "Users",
    "extra": "extra Data"
},{
    "action": "log_data",
    "login": {
        "uid": "4",
        "date_time": "2018-01-22 12:28:17",
        "client_ip": "192.168.2.202"
    },
    "window": "Users",
    "extra": "extra Data"
},{
    "action": "log_data",
    "login": {
        "uid": "4",
        "date_time": "2018-01-22 12:28:23",
        "client_ip": "192.168.2.202"
    },
    "window": "Users",
    "extra": "extra Data"
},{
    "action": "log_data",
    "login": {
        "uid": "2",
        "date_time": "2018-01-22 12:28:11",
        "client_ip": "192.168.2.204"
    },
    "window": "Users",
    "extra": "extra Data"
},{
    "action": "log_data",
    "login": {
        "uid": "2",
        "date_time": "2018-01-22 12:28:13",
        "client_ip": "192.168.2.204"
    },
    "window": "Users",
    "extra": "extra Data"
},{
    "action": "log_data",
    "login": {
        "uid": "2",
        "date_time": "2018-01-22 12:28:16",
        "client_ip": "192.168.2.204"
    },
    "window": "Users",
    "extra": "extra Data"
},{
    "action": "log_data",
    "login": {
        "uid": "4",
        "date_time": "2018-01-22 12:28:41",
        "client_ip": "192.168.2.202"
    },
    "window": "Users",
    "extra": "extra Data"
},{
    "action": "log_data",
    "login": {
        "uid": "4",
        "date_time": "2018-01-22 12:31:06",
        "client_ip": "192.168.2.202"
    },
    "window": "Users",
    "extra": "extra Data"
},{
    "action": "log_data",
    "login": {
        "uid": "4",
        "date_time": "2018-01-22 12:32:02",
        "client_ip": "192.168.2.202"
    },
    "window": "Users",
    "extra": "extra Data"
},{
    "action": "log_data",
    "login": {
        "uid": "4",
        "date_time": "2018-01-22 12:32:29",
        "client_ip": "192.168.2.202"
    },
    "window": "Users",
    "extra": "extra Data"
},{
    "action": "log_data",
    "login": {
        "uid": "4",
        "date_time": "2018-01-22 12:32:49",
        "client_ip": "192.168.2.202"
    },
    "window": "Users",
    "extra": "extra Data"
},{
    "action": "log_data",
    "login": {
        "uid": "4",
        "date_time": "2018-01-22 12:33:38",
        "client_ip": "192.168.2.202"
    },
    "window": "Users",
    "extra": "extra Data"
},{
    "action": "log_data",
    "login": {
        "uid": "4",
        "date_time": "2018-01-22 12:34:41",
        "client_ip": "192.168.2.202"
    },
    "window": "Users",
    "extra": "extra Data"
},{
    "action": "log_data",
    "login": {
        "uid": "2",
        "date_time": "2018-01-22 12:35:45",
        "client_ip": "192.168.2.204"
    },
    "window": "Users",
    "extra": "extra Data"
},{
    "action": "log_data",
    "login": {
        "uid": "2",
        "date_time": "2018-01-22 12:35:49",
        "client_ip": "192.168.2.204"
    },
    "window": "Users",
    "extra": "extra Data"
},{
    "action": "log_data",
    "login": {
        "uid": "2",
        "date_time": "2018-01-22 12:36:26",
        "client_ip": "192.168.2.204"
    },
    "window": "Users",
    "extra": "extra Data"
},{
    "action": "log_data",
    "login": {
        "uid": "4",
        "date_time": "2018-01-22 12:39:07",
        "client_ip": "192.168.2.202"
    },
    "window": "Users",
    "extra": "extra Data"
},{
    "action": "log_data",
    "login": {
        "uid": "2",
        "date_time": "2018-01-22 12:40:21",
        "client_ip": "192.168.2.204"
    },
    "window": "Users",
    "extra": "extra Data"
},{
    "action": "log_data",
    "login": {
        "uid": "2",
        "date_time": "2018-01-22 12:40:36",
        "client_ip": "192.168.2.204"
    },
    "window": "Users",
    "extra": "extra Data"
},{
    "action": "log_data",
    "login": {
        "uid": "2",
        "date_time": "2018-01-22 12:44:10",
        "client_ip": "192.168.2.204"
    },
    "window": "Users",
    "extra": "extra Data"
},{
    "action": "log_data",
    "login": {
        "uid": "4",
        "date_time": "2018-01-22 12:45:58",
        "client_ip": "192.168.2.202"
    },
    "window": "Users",
    "extra": "extra Data"
},{
    "action": "log_data",
    "login": {
        "uid": "4",
        "date_time": "2018-01-22 12:46:37",
        "client_ip": "192.168.2.202"
    },
    "window": "Users",
    "extra": "extra Data"
},{
    "action": "log_data",
    "login": {
        "uid": "2",
        "date_time": "2018-01-22 12:48:34",
        "client_ip": "192.168.2.204"
    },
    "window": "Users",
    "extra": "extra Data"
},{
    "action": "log_data",
    "login": {
        "uid": "2",
        "date_time": "2018-01-22 12:49:48",
        "client_ip": "192.168.2.204"
    },
    "window": "Users",
    "extra": "extra Data"
},{
    "action": "log_data",
    "login": {
        "uid": "2",
        "date_time": "2018-01-22 12:51:34",
        "client_ip": "192.168.2.204"
    },
    "window": "Users",
    "extra": "extra Data"
},{
    "action": "log_data",
    "login": {
        "uid": "2",
        "date_time": "2018-01-22 12:53:14",
        "client_ip": "192.168.2.204"
    },
    "window": "Users",
    "extra": "extra Data"
},{
    "action": "log_data",
    "login": {
        "uid": "2",
        "date_time": "2018-01-22 12:55:06",
        "client_ip": "192.168.2.204"
    },
    "window": "Users",
    "extra": "extra Data"
},{
    "action": "log_data",
    "login": {
        "uid": "2",
        "date_time": "2018-01-22 12:55:38",
        "client_ip": "192.168.2.204"
    },
    "window": "Users",
    "extra": "extra Data"
},{
    "action": "log_data",
    "login": {
        "uid": "2",
        "date_time": "2018-01-22 12:59:23",
        "client_ip": "192.168.2.204"
    },
    "window": "Users",
    "extra": "extra Data"
},{
    "action": "log_data",
    "login": {
        "uid": "2",
        "date_time": "2018-01-22 12:59:44",
        "client_ip": "192.168.2.204"
    },
    "window": "Users",
    "extra": "extra Data"
},{
    "action": "log_data",
    "login": {
        "uid": "2",
        "date_time": "2018-01-22 13:00:52",
        "client_ip": "192.168.2.204"
    },
    "window": "Users",
    "extra": "extra Data"
},{
    "action": "log_data",
    "login": {
        "uid": "2",
        "date_time": "2018-01-22 13:02:30",
        "client_ip": "192.168.2.204"
    },
    "window": "Users",
    "extra": "extra Data"
},{
    "action": "log_data",
    "login": {
        "uid": "2",
        "date_time": "2018-01-22 13:03:18",
        "client_ip": "192.168.2.204"
    },
    "window": "Users",
    "extra": "extra Data"
},{
    "action": "log_data",
    "login": {
        "uid": "2",
        "date_time": "2018-01-22 13:04:23",
        "client_ip": "192.168.2.204"
    },
    "window": "Users",
    "extra": "extra Data"
},{
    "action": "log_data",
    "login": {
        "uid": "2",
        "date_time": "2018-01-22 13:05:08",
        "client_ip": "192.168.2.204"
    },
    "window": "Users",
    "extra": "extra Data"
},{
    "action": "log_data",
    "login": {
        "uid": "2",
        "date_time": "2018-01-22 13:07:05",
        "client_ip": "192.168.2.204"
    },
    "window": "Users",
    "extra": "extra Data"
},{
    "action": "log_data",
    "login": {
        "uid": "2",
        "date_time": "2018-01-22 13:07:21",
        "client_ip": "192.168.2.204"
    },
    "window": "Users",
    "extra": "extra Data"
},{
    "action": "log_data",
    "login": {
        "uid": "2",
        "date_time": "2018-01-22 13:07:54",
        "client_ip": "192.168.2.204"
    },
    "window": "Users",
    "extra": "extra Data"
},{
    "action": "log_data",
    "login": {
        "uid": "2",
        "date_time": "2018-01-22 13:08:59",
        "client_ip": "192.168.2.204"
    },
    "window": "Users",
    "extra": "extra Data"
},{
    "action": "log_data",
    "login": {
        "uid": "2",
        "date_time": "2018-01-22 13:10:52",
        "client_ip": "192.168.2.204"
    },
    "window": "Users",
    "extra": "extra Data"
},{
    "action": "log_data",
    "login": {
        "uid": "2",
        "date_time": "2018-01-22 13:11:34",
        "client_ip": "192.168.2.204"
    },
    "window": "Users",
    "extra": "extra Data"
},{
    "action": "log_data",
    "login": {
        "uid": "2",
        "date_time": "2018-01-22 13:11:34",
        "client_ip": "192.168.2.204"
    },
    "window": "Users",
    "extra": "extra Data"
},{
    "action": "log_data",
    "login": {
        "uid": "2",
        "date_time": "2018-01-22 13:11:38",
        "client_ip": "192.168.2.204"
    },
    "window": "Users",
    "extra": "extra Data"
},{
    "action": "log_data",
    "login": {
        "uid": "2",
        "date_time": "2018-01-22 13:11:40",
        "client_ip": "192.168.2.204"
    },
    "window": "Users",
    "extra": "extra Data"
},{
    "action": "log_data",
    "login": {
        "uid": "2",
        "date_time": "2018-01-22 13:12:08",
        "client_ip": "192.168.2.204"
    },
    "window": "Users",
    "extra": "extra Data"
},{
    "action": "log_data",
    "login": {
        "uid": "2",
        "date_time": "2018-01-22 13:12:21",
        "client_ip": "192.168.2.204"
    },
    "window": "Users",
    "extra": "extra Data"
},{
    "action": "log_data",
    "login": {
        "uid": "2",
        "date_time": "2018-01-22 13:12:22",
        "client_ip": "192.168.2.204"
    },
    "window": "Users",
    "extra": "extra Data"
},{
    "action": "log_data",
    "login": {
        "uid": "2",
        "date_time": "2018-01-22 13:12:23",
        "client_ip": "192.168.2.204"
    },
    "window": "Users",
    "extra": "extra Data"
},{
    "action": "log_data",
    "login": {
        "uid": "2",
        "date_time": "2018-01-22 13:12:26",
        "client_ip": "192.168.2.204"
    },
    "window": "Users",
    "extra": "extra Data"
},{
    "action": "log_data",
    "login": {
        "uid": "2",
        "date_time": "2018-01-22 13:12:27",
        "client_ip": "192.168.2.204"
    },
    "window": "Users",
    "extra": "extra Data"
},{
    "action": "log_data",
    "login": {
        "uid": "2",
        "date_time": "2018-01-22 13:12:37",
        "client_ip": "192.168.2.204"
    },
    "window": "Users",
    "extra": "extra Data"
},{
    "action": "log_data",
    "login": {
        "uid": "2",
        "date_time": "2018-01-22 13:12:39",
        "client_ip": "192.168.2.204"
    },
    "window": "Users",
    "extra": "extra Data"
},{
    "action": "log_data",
    "login": {
        "uid": "2",
        "date_time": "2018-01-22 13:12:49",
        "client_ip": "192.168.2.204"
    },
    "window": "Users",
    "extra": "extra Data"
},{
    "action": "log_data",
    "login": {
        "uid": "2",
        "date_time": "2018-01-22 13:12:52",
        "client_ip": "192.168.2.204"
    },
    "window": "Users",
    "extra": "extra Data"
},{
    "action": "log_data",
    "login": {
        "uid": "2",
        "date_time": "2018-01-22 13:12:57",
        "client_ip": "192.168.2.204"
    },
    "window": "Users",
    "extra": "extra Data"
},{
    "action": "log_data",
    "login": {
        "uid": "2",
        "date_time": "2018-01-22 13:13:03",
        "client_ip": "192.168.2.204"
    },
    "window": "Users",
    "extra": "extra Data"
},{
    "action": "log_data",
    "login": {
        "uid": "2",
        "date_time": "2018-01-22 13:13:03",
        "client_ip": "192.168.2.204"
    },
    "window": "Users",
    "extra": "extra Data"
},{
    "action": "log_data",
    "login": {
        "uid": "2",
        "date_time": "2018-01-22 13:13:06",
        "client_ip": "192.168.2.204"
    },
    "window": "Users",
    "extra": "extra Data"
},{
    "action": "log_data",
    "login": {
        "uid": "2",
        "date_time": "2018-01-22 13:13:10",
        "client_ip": "192.168.2.204"
    },
    "window": "Users",
    "extra": "extra Data"
},{
    "action": "log_data",
    "login": {
        "uid": "2",
        "date_time": "2018-01-22 13:13:10",
        "client_ip": "192.168.2.204"
    },
    "window": "Users",
    "extra": "extra Data"
},{
    "action": "log_data",
    "login": {
        "uid": "2",
        "date_time": "2018-01-22 13:13:14",
        "client_ip": "192.168.2.204"
    },
    "window": "Users",
    "extra": "extra Data"
},{
    "action": "log_data",
    "login": {
        "uid": "2",
        "date_time": "2018-01-22 13:13:16",
        "client_ip": "192.168.2.204"
    },
    "window": "Users",
    "extra": "extra Data"
},{
    "action": "log_data",
    "login": {
        "uid": "2",
        "date_time": "2018-01-22 13:13:19",
        "client_ip": "192.168.2.204"
    },
    "window": "Users",
    "extra": "extra Data"
},{
    "action": "log_data",
    "login": {
        "uid": "2",
        "date_time": "2018-01-22 13:13:37",
        "client_ip": "192.168.2.204"
    },
    "window": "Users",
    "extra": "extra Data"
},{
    "action": "log_data",
    "login": {
        "uid": "2",
        "date_time": "2018-01-22 13:15:07",
        "client_ip": "192.168.2.204"
    },
    "window": "Users",
    "extra": "extra Data"
},{
    "action": "log_data",
    "login": {
        "uid": "2",
        "date_time": "2018-01-22 13:16:33",
        "client_ip": "192.168.2.204"
    },
    "window": "Users",
    "extra": "extra Data"
},{
    "action": "log_data",
    "login": {
        "uid": "2",
        "date_time": "2018-01-22 13:17:12",
        "client_ip": "192.168.2.204"
    },
    "window": "Users",
    "extra": "extra Data"
},{
    "action": "log_data",
    "login": {
        "uid": "4",
        "date_time": "2018-01-22 13:17:36",
        "client_ip": "192.168.2.202"
    },
    "window": "Users",
    "extra": "extra Data"
},{
    "action": "log_data",
    "login": {
        "uid": "2",
        "date_time": "2018-01-22 13:18:13",
        "client_ip": "192.168.2.204"
    },
    "window": "Users",
    "extra": "extra Data"
},{
    "action": "log_data",
    "login": {
        "uid": "2",
        "date_time": "2018-01-22 13:19:36",
        "client_ip": "192.168.2.204"
    },
    "window": "Users",
    "extra": "extra Data"
},{
    "action": "log_data",
    "login": {
        "uid": "2",
        "date_time": "2018-01-22 13:19:43",
        "client_ip": "192.168.2.204"
    },
    "window": "Users",
    "extra": "extra Data"
},{
    "action": "log_data",
    "login": {
        "uid": "4",
        "date_time": "2018-01-22 13:21:43",
        "client_ip": "192.168.2.202"
    },
    "window": "Users",
    "extra": "extra Data"
},{
    "action": "log_data",
    "login": {
        "uid": "2",
        "date_time": "2018-01-22 13:24:00",
        "client_ip": "192.168.2.204"
    },
    "window": "Users",
    "extra": "extra Data"
},{
    "action": "log_data",
    "login": {
        "uid": "2",
        "date_time": "2018-01-22 13:24:15",
        "client_ip": "192.168.2.204"
    },
    "window": "Users",
    "extra": "extra Data"
},{
    "action": "log_data",
    "login": {
        "uid": "2",
        "date_time": "2018-01-22 13:24:31",
        "client_ip": "192.168.2.204"
    },
    "window": "Users",
    "extra": "extra Data"
},{
    "action": "log_data",
    "login": {
        "uid": "2",
        "date_time": "2018-01-22 13:27:01",
        "client_ip": "192.168.2.204"
    },
    "window": "Users",
    "extra": "extra Data"
},{
    "action": "log_data",
    "login": {
        "uid": "2",
        "date_time": "2018-01-22 13:27:57",
        "client_ip": "192.168.2.204"
    },
    "window": "Users",
    "extra": "extra Data"
},{
    "action": "log_data",
    "login": {
        "uid": "2",
        "date_time": "2018-01-22 13:28:28",
        "client_ip": "192.168.2.204"
    },
    "window": "Users",
    "extra": "extra Data"
},{
    "action": "log_data",
    "login": {
        "uid": "4",
        "date_time": "2018-01-22 13:29:58",
        "client_ip": "192.168.2.202"
    },
    "window": "Users",
    "extra": "extra Data"
},{
    "action": "log_data",
    "login": {
        "uid": "2",
        "date_time": "2018-01-22 13:30:12",
        "client_ip": "192.168.2.204"
    },
    "window": "Users",
    "extra": "extra Data"
},{
    "action": "log_data",
    "login": {
        "uid": "2",
        "date_time": "2018-01-22 13:30:34",
        "client_ip": "192.168.2.204"
    },
    "window": "Users",
    "extra": "extra Data"
},{
    "action": "log_data",
    "login": {
        "uid": "2",
        "date_time": "2018-01-22 13:31:35",
        "client_ip": "192.168.2.204"
    },
    "window": "Users",
    "extra": "extra Data"
},{
    "action": "log_data",
    "login": {
        "uid": "2",
        "date_time": "2018-01-22 13:32:54",
        "client_ip": "192.168.2.204"
    },
    "window": "Users",
    "extra": "extra Data"
},{
    "action": "log_data",
    "login": {
        "uid": "2",
        "date_time": "2018-01-22 13:33:48",
        "client_ip": "192.168.2.204"
    },
    "window": "Users",
    "extra": "extra Data"
},{
    "action": "log_data",
    "login": {
        "uid": "2",
        "date_time": "2018-01-22 13:34:15",
        "client_ip": "192.168.2.204"
    },
    "window": "Users",
    "extra": "extra Data"
},{
    "action": "log_data",
    "login": {
        "uid": "2",
        "date_time": "2018-01-22 13:34:49",
        "client_ip": "192.168.2.204"
    },
    "window": "Users",
    "extra": "extra Data"
},{
    "action": "log_data",
    "login": {
        "uid": "2",
        "date_time": "2018-01-22 13:35:13",
        "client_ip": "192.168.2.204"
    },
    "window": "Users",
    "extra": "extra Data"
},{
    "action": "log_data",
    "login": {
        "uid": "2",
        "date_time": "2018-01-22 13:36:36",
        "client_ip": "192.168.2.204"
    },
    "window": "Users",
    "extra": "extra Data"
},{
    "action": "log_data",
    "login": {
        "uid": "2",
        "date_time": "2018-01-22 13:37:14",
        "client_ip": "192.168.2.204"
    },
    "window": "Users",
    "extra": "extra Data"
},{
    "action": "log_data",
    "login": {
        "uid": "2",
        "date_time": "2018-01-22 13:37:49",
        "client_ip": "192.168.2.204"
    },
    "window": "Users",
    "extra": "extra Data"
},{
    "action": "log_data",
    "login": {
        "uid": "2",
        "date_time": "2018-01-22 13:39:06",
        "client_ip": "192.168.2.204"
    },
    "window": "Users",
    "extra": "extra Data"
},{
    "action": "log_data",
    "login": {
        "uid": "2",
        "date_time": "2018-01-22 13:48:49",
        "client_ip": "192.168.2.204"
    },
    "window": "Users",
    "extra": "extra Data"
},{
    "action": "log_data",
    "login": {
        "uid": "4",
        "date_time": "2018-01-22 13:52:22",
        "client_ip": "192.168.2.202"
    },
    "window": "Users",
    "extra": "extra Data"
},{
    "action": "log_data",
    "login": {
        "uid": "4",
        "date_time": "2018-01-22 13:56:43",
        "client_ip": "192.168.2.202"
    },
    "window": "Users",
    "extra": "extra Data"
},{
    "action": "log_data",
    "login": {
        "uid": "2",
        "date_time": "2018-01-22 13:57:54",
        "client_ip": "192.168.2.204"
    },
    "window": "Users",
    "extra": "extra Data"
},{
    "action": "log_data",
    "login": {
        "uid": "4",
        "date_time": "2018-01-22 13:58:44",
        "client_ip": "192.168.2.202"
    },
    "window": "Users",
    "extra": "extra Data"
},{
    "action": "log_data",
    "login": {
        "uid": "4",
        "date_time": "2018-01-22 14:01:00",
        "client_ip": "192.168.2.202"
    },
    "window": "Users",
    "extra": "extra Data"
},{
    "action": "log_data",
    "login": {
        "uid": "2",
        "date_time": "2018-01-22 14:45:57",
        "client_ip": "192.168.2.204"
    },
    "window": "Users",
    "extra": "extra Data"
},{
    "action": "log_data",
    "login": {
        "uid": "2",
        "date_time": "2018-01-22 14:46:47",
        "client_ip": "192.168.2.204"
    },
    "window": "Users",
    "extra": "extra Data"
},{
    "action": "log_data",
    "login": {
        "uid": "2",
        "date_time": "2018-01-22 14:48:58",
        "client_ip": "192.168.2.204"
    },
    "window": "Users",
    "extra": "extra Data"
},{
    "action": "log_data",
    "login": {
        "uid": "2",
        "date_time": "2018-01-22 14:50:11",
        "client_ip": "192.168.2.204"
    },
    "window": "Users",
    "extra": "extra Data"
},{
    "action": "log_data",
    "login": {
        "uid": "2",
        "date_time": "2018-01-22 14:50:42",
        "client_ip": "192.168.2.204"
    },
    "window": "Users",
    "extra": "extra Data"
},{
    "action": "log_data",
    "login": {
        "uid": "2",
        "date_time": "2018-01-22 14:51:23",
        "client_ip": "192.168.2.204"
    },
    "window": "Users",
    "extra": "extra Data"
},{
    "action": "log_data",
    "login": {
        "uid": "2",
        "date_time": "2018-01-22 14:53:55",
        "client_ip": "192.168.2.204"
    },
    "window": "Users",
    "extra": "extra Data"
},{
    "action": "log_data",
    "login": {
        "uid": "2",
        "date_time": "2018-01-22 14:54:23",
        "client_ip": "192.168.2.204"
    },
    "window": "Users",
    "extra": "extra Data"
},{
    "action": "log_data",
    "login": {
        "uid": "2",
        "date_time": "2018-01-22 14:54:48",
        "client_ip": "192.168.2.204"
    },
    "window": "Users",
    "extra": "extra Data"
},{
    "action": "log_data",
    "login": {
        "uid": "2",
        "date_time": "2018-01-22 14:55:28",
        "client_ip": "192.168.2.204"
    },
    "window": "Users",
    "extra": "extra Data"
},{
    "action": "log_data",
    "login": {
        "uid": "2",
        "date_time": "2018-01-22 14:58:38",
        "client_ip": "192.168.2.204"
    },
    "window": "Users",
    "extra": "extra Data"
},{
    "action": "log_data",
    "login": {
        "uid": "2",
        "date_time": "2018-01-22 14:59:37",
        "client_ip": "192.168.2.204"
    },
    "window": "Users",
    "extra": "extra Data"
},{
    "action": "log_data",
    "login": {
        "uid": "2",
        "date_time": "2018-01-22 15:00:31",
        "client_ip": "192.168.2.204"
    },
    "window": "Users",
    "extra": "extra Data"
},{
    "action": "log_data",
    "login": {
        "uid": "2",
        "date_time": "2018-01-22 15:05:40",
        "client_ip": "192.168.2.204"
    },
    "window": "Users",
    "extra": "extra Data"
},{
    "action": "log_data",
    "login": {
        "uid": "2",
        "date_time": "2018-01-22 15:06:48",
        "client_ip": "192.168.2.204"
    },
    "window": "Users",
    "extra": "extra Data"
},{
    "action": "log_data",
    "login": {
        "uid": "4",
        "date_time": "2018-01-22 15:07:20",
        "client_ip": "192.168.2.202"
    },
    "window": "Users",
    "extra": "extra Data"
},{
    "action": "log_data",
    "login": {
        "uid": "2",
        "date_time": "2018-01-22 15:07:50",
        "client_ip": "192.168.2.204"
    },
    "window": "Users",
    "extra": "extra Data"
},{
    "action": "log_data",
    "login": {
        "uid": "2",
        "date_time": "2018-01-22 15:08:20",
        "client_ip": "192.168.2.204"
    },
    "window": "Users",
    "extra": "extra Data"
},{
    "action": "log_data",
    "login": {
        "uid": "2",
        "date_time": "2018-01-22 15:09:00",
        "client_ip": "192.168.2.204"
    },
    "window": "Users",
    "extra": "extra Data"
},{
    "action": "log_data",
    "login": {
        "uid": "2",
        "date_time": "2018-01-22 15:15:28",
        "client_ip": "192.168.2.204"
    },
    "window": "Users",
    "extra": "extra Data"
},{
    "action": "log_data",
    "login": {
        "uid": "2",
        "date_time": "2018-01-22 15:15:30",
        "client_ip": "192.168.2.204"
    },
    "window": "Users",
    "extra": "extra Data"
},{
    "action": "log_data",
    "login": {
        "uid": "2",
        "date_time": "2018-01-22 15:15:30",
        "client_ip": "192.168.2.204"
    },
    "window": "Users",
    "extra": "extra Data"
},{
    "action": "log_data",
    "login": {
        "uid": "4",
        "date_time": "2018-01-22 15:18:38",
        "client_ip": "192.168.2.202"
    },
    "window": "Users",
    "extra": "extra Data"
},{
    "action": "log_data",
    "login": {
        "uid": "4",
        "date_time": "2018-01-22 15:18:39",
        "client_ip": "192.168.2.202"
    },
    "window": "Users",
    "extra": "extra Data"
},{
    "action": "log_data",
    "login": {
        "uid": "4",
        "date_time": "2018-01-22 15:28:20",
        "client_ip": "192.168.2.202"
    },
    "window": "Users",
    "extra": "extra Data"
},{
    "action": "log_data",
    "login": {
        "uid": "4",
        "date_time": "2018-01-22 15:29:05",
        "client_ip": "192.168.2.202"
    },
    "window": "Users",
    "extra": "extra Data"
},{
    "action": "log_data",
    "login": {
        "uid": "2",
        "date_time": "2018-01-22 15:34:19",
        "client_ip": "192.168.2.204"
    },
    "window": "Users",
    "extra": "extra Data"
},{
    "action": "log_data",
    "login": {
        "uid": "2",
        "date_time": "2018-01-22 15:34:51",
        "client_ip": "192.168.2.204"
    },
    "window": "Users",
    "extra": "extra Data"
},{
    "action": "log_data",
    "login": {
        "uid": "2",
        "date_time": "2018-01-22 15:35:12",
        "client_ip": "192.168.2.204"
    },
    "window": "Users",
    "extra": "extra Data"
},{
    "action": "log_data",
    "login": {
        "uid": "2",
        "date_time": "2018-01-22 15:37:16",
        "client_ip": "192.168.2.204"
    },
    "window": "Users",
    "extra": "extra Data"
},{
    "action": "log_data",
    "login": {
        "uid": "2",
        "date_time": "2018-01-22 15:37:35",
        "client_ip": "192.168.2.204"
    },
    "window": "Users",
    "extra": "extra Data"
},{
    "action": "log_data",
    "login": {
        "uid": "2",
        "date_time": "2018-01-22 15:38:07",
        "client_ip": "192.168.2.204"
    },
    "window": "Users",
    "extra": "extra Data"
},{
    "action": "log_data",
    "login": {
        "uid": "2",
        "date_time": "2018-01-22 15:38:11",
        "client_ip": "192.168.2.204"
    },
    "window": "Users",
    "extra": "extra Data"
},{
    "action": "log_data",
    "login": {
        "uid": "2",
        "date_time": "2018-01-22 15:38:21",
        "client_ip": "192.168.2.204"
    },
    "window": "Users",
    "extra": "extra Data"
},{
    "action": "log_data",
    "login": {
        "uid": "2",
        "date_time": "2018-01-22 15:38:43",
        "client_ip": "192.168.2.204"
    },
    "window": "Users",
    "extra": "extra Data"
},{
    "action": "log_data",
    "login": {
        "uid": "2",
        "date_time": "2018-01-22 15:39:29",
        "client_ip": "192.168.2.204"
    },
    "window": "Users",
    "extra": "extra Data"
},{
    "action": "log_data",
    "login": {
        "uid": "2",
        "date_time": "2018-01-22 15:40:15",
        "client_ip": "192.168.2.204"
    },
    "window": "Users",
    "extra": "extra Data"
},{
    "action": "log_data",
    "login": {
        "uid": "2",
        "date_time": "2018-01-22 15:41:48",
        "client_ip": "192.168.2.204"
    },
    "window": "Users",
    "extra": "extra Data"
},{
    "action": "log_data",
    "login": {
        "uid": "2",
        "date_time": "2018-01-22 15:43:25",
        "client_ip": "192.168.2.204"
    },
    "window": "Users",
    "extra": "extra Data"
},{
    "action": "log_data",
    "login": {
        "uid": "2",
        "date_time": "2018-01-22 15:43:46",
        "client_ip": "192.168.2.204"
    },
    "window": "Users",
    "extra": "extra Data"
},{
    "action": "log_data",
    "login": {
        "uid": "2",
        "date_time": "2018-01-22 15:44:11",
        "client_ip": "192.168.2.204"
    },
    "window": "Users",
    "extra": "extra Data"
},{
    "action": "log_data",
    "login": {
        "uid": "3",
        "date_time": "2018-01-22 15:44:30",
        "client_ip": "192.168.2.201"
    },
    "window": "Users",
    "extra": "extra Data"
},{
    "action": "log_data",
    "login": {
        "uid": "3",
        "date_time": "2018-01-22 15:44:42",
        "client_ip": "192.168.2.201"
    },
    "window": "Users",
    "extra": "extra Data"
},{
    "action": "log_data",
    "login": {
        "uid": "3",
        "date_time": "2018-01-22 15:45:04",
        "client_ip": "192.168.2.201"
    },
    "window": "Users",
    "extra": "extra Data"
},{
    "action": "log_data",
    "login": {
        "uid": "4",
        "date_time": "2018-01-22 15:47:22",
        "client_ip": "192.168.2.202"
    },
    "window": "Users",
    "extra": "extra Data"
},{
    "action": "log_data",
    "login": {
        "uid": "2",
        "date_time": "2018-01-22 15:48:03",
        "client_ip": "192.168.2.204"
    },
    "window": "Users",
    "extra": "extra Data"
},{
    "action": "log_data",
    "login": {
        "uid": "2",
        "date_time": "2018-01-22 15:48:18",
        "client_ip": "192.168.2.204"
    },
    "window": "Users",
    "extra": "extra Data"
},{
    "action": "log_data",
    "login": {
        "uid": "2",
        "date_time": "2018-01-22 15:49:13",
        "client_ip": "192.168.2.204"
    },
    "window": "Users",
    "extra": "extra Data"
},{
    "action": "log_data",
    "login": {
        "uid": "2",
        "date_time": "2018-01-22 15:49:42",
        "client_ip": "192.168.2.204"
    },
    "window": "Users",
    "extra": "extra Data"
},{
    "action": "log_data",
    "login": {
        "uid": "2",
        "date_time": "2018-01-22 15:49:54",
        "client_ip": "192.168.2.204"
    },
    "window": "Users",
    "extra": "extra Data"
},{
    "action": "log_data",
    "login": {
        "uid": "2",
        "date_time": "2018-01-22 15:49:54",
        "client_ip": "192.168.2.204"
    },
    "window": "Users",
    "extra": "extra Data"
},{
    "action": "log_data",
    "login": {
        "uid": "2",
        "date_time": "2018-01-22 15:49:59",
        "client_ip": "192.168.2.204"
    },
    "window": "Users",
    "extra": "extra Data"
},{
    "action": "log_data",
    "login": {
        "uid": "2",
        "date_time": "2018-01-22 15:50:07",
        "client_ip": "192.168.2.204"
    },
    "window": "Users",
    "extra": "extra Data"
},{
    "action": "log_data",
    "login": {
        "uid": "2",
        "date_time": "2018-01-22 15:50:07",
        "client_ip": "192.168.2.204"
    },
    "window": "Users",
    "extra": "extra Data"
},{
    "action": "log_data",
    "login": {
        "uid": "2",
        "date_time": "2018-01-22 15:50:14",
        "client_ip": "192.168.2.204"
    },
    "window": "Users",
    "extra": "extra Data"
},{
    "action": "log_data",
    "login": {
        "uid": "2",
        "date_time": "2018-01-22 15:52:54",
        "client_ip": "192.168.2.204"
    },
    "window": "Users",
    "extra": "extra Data"
},{
    "action": "log_data",
    "login": {
        "uid": "4",
        "date_time": "2018-01-22 15:54:50",
        "client_ip": "192.168.2.202"
    },
    "window": "Users",
    "extra": "extra Data"
},{
    "action": "log_data",
    "login": {
        "uid": "4",
        "date_time": "2018-01-22 15:57:01",
        "client_ip": "192.168.2.202"
    },
    "window": "Users",
    "extra": "extra Data"
},{
    "action": "log_data",
    "login": {
        "uid": "4",
        "date_time": "2018-01-22 15:57:27",
        "client_ip": "192.168.2.202"
    },
    "window": "Users",
    "extra": "extra Data"
},{
    "action": "log_data",
    "login": {
        "uid": "4",
        "date_time": "2018-01-22 15:57:28",
        "client_ip": "192.168.2.202"
    },
    "window": "Users",
    "extra": "extra Data"
},{
    "action": "log_data",
    "login": {
        "uid": "2",
        "date_time": "2018-01-22 15:57:14",
        "client_ip": "192.168.2.204"
    },
    "window": "Users",
    "extra": "extra Data"
},{
    "action": "log_data",
    "login": {
        "uid": "4",
        "date_time": "2018-01-22 15:57:28",
        "client_ip": "192.168.2.202"
    },
    "window": "Users",
    "extra": "extra Data"
},{
    "action": "log_data",
    "login": {
        "uid": "4",
        "date_time": "2018-01-22 15:57:30",
        "client_ip": "192.168.2.202"
    },
    "window": "Users",
    "extra": "extra Data"
},{
    "action": "log_data",
    "login": {
        "uid": "4",
        "date_time": "2018-01-22 15:57:31",
        "client_ip": "192.168.2.202"
    },
    "window": "Users",
    "extra": "extra Data"
},{
    "action": "log_data",
    "login": {
        "uid": "4",
        "date_time": "2018-01-22 15:57:31",
        "client_ip": "192.168.2.202"
    },
    "window": "Users",
    "extra": "extra Data"
},{
    "action": "log_data",
    "login": {
        "uid": "4",
        "date_time": "2018-01-22 15:57:31",
        "client_ip": "192.168.2.202"
    },
    "window": "Users",
    "extra": "extra Data"
},{
    "action": "log_data",
    "login": {
        "uid": "4",
        "date_time": "2018-01-22 15:57:31",
        "client_ip": "192.168.2.202"
    },
    "window": "Users",
    "extra": "extra Data"
},{
    "action": "log_data",
    "login": {
        "uid": "4",
        "date_time": "2018-01-22 15:57:32",
        "client_ip": "192.168.2.202"
    },
    "window": "Users",
    "extra": "extra Data"
},{
    "action": "log_data",
    "login": {
        "uid": "4",
        "date_time": "2018-01-22 15:57:32",
        "client_ip": "192.168.2.202"
    },
    "window": "Users",
    "extra": "extra Data"
},{
    "action": "log_data",
    "login": {
        "uid": "4",
        "date_time": "2018-01-22 15:57:37",
        "client_ip": "192.168.2.202"
    },
    "window": "Users",
    "extra": "extra Data"
},{
    "action": "log_data",
    "login": {
        "uid": "4",
        "date_time": "2018-01-22 15:57:40",
        "client_ip": "192.168.2.202"
    },
    "window": "Users",
    "extra": "extra Data"
},{
    "action": "log_data",
    "login": {
        "uid": "2",
        "date_time": "2018-01-22 15:57:29",
        "client_ip": "192.168.2.204"
    },
    "window": "Users",
    "extra": "extra Data"
},{
    "action": "log_data",
    "login": {
        "uid": "2",
        "date_time": "2018-01-22 15:57:39",
        "client_ip": "192.168.2.204"
    },
    "window": "Users",
    "extra": "extra Data"
},{
    "action": "log_data",
    "login": {
        "uid": "2",
        "date_time": "2018-01-22 16:03:01",
        "client_ip": "192.168.2.204"
    },
    "window": "Users",
    "extra": "extra Data"
},{
    "action": "log_data",
    "login": {
        "uid": "2",
        "date_time": "2018-01-22 16:04:00",
        "client_ip": "192.168.2.204"
    },
    "window": "Users",
    "extra": "extra Data"
},{
    "action": "log_data",
    "login": {
        "uid": "4",
        "date_time": "2018-01-22 16:04:39",
        "client_ip": "192.168.2.202"
    },
    "window": "Users",
    "extra": "extra Data"
},{
    "action": "log_data",
    "login": {
        "uid": "4",
        "date_time": "2018-01-22 16:05:01",
        "client_ip": "192.168.2.202"
    },
    "window": "Users",
    "extra": "extra Data"
},{
    "action": "log_data",
    "login": {
        "uid": "4",
        "date_time": "2018-01-22 16:05:02",
        "client_ip": "192.168.2.202"
    },
    "window": "Users",
    "extra": "extra Data"
},{
    "action": "log_data",
    "login": {
        "uid": "4",
        "date_time": "2018-01-22 16:05:06",
        "client_ip": "192.168.2.202"
    },
    "window": "Users",
    "extra": "extra Data"
},{
    "action": "log_data",
    "login": {
        "uid": "4",
        "date_time": "2018-01-22 16:05:12",
        "client_ip": "192.168.2.202"
    },
    "window": "Users",
    "extra": "extra Data"
},{
    "action": "log_data",
    "login": {
        "uid": "4",
        "date_time": "2018-01-22 16:07:57",
        "client_ip": "192.168.2.202"
    },
    "window": "Users",
    "extra": "extra Data"
},{
    "action": "log_data",
    "login": {
        "uid": "2",
        "date_time": "2018-01-22 16:16:15",
        "client_ip": "192.168.2.204"
    },
    "window": "Users",
    "extra": "extra Data"
},{
    "action": "log_data",
    "login": {
        "uid": "2",
        "date_time": "2018-01-22 16:22:39",
        "client_ip": "192.168.2.204"
    },
    "window": "Users",
    "extra": "extra Data"
},{
    "action": "log_data",
    "login": {
        "uid": "2",
        "date_time": "2018-01-22 16:23:08",
        "client_ip": "192.168.2.204"
    },
    "window": "Users",
    "extra": "extra Data"
},{
    "action": "log_data",
    "login": {
        "uid": "2",
        "date_time": "2018-01-22 16:24:12",
        "client_ip": "192.168.2.204"
    },
    "window": "Users",
    "extra": "extra Data"
},{
    "action": "log_data",
    "login": {
        "uid": "2",
        "date_time": "2018-01-22 16:24:17",
        "client_ip": "192.168.2.204"
    },
    "window": "Users",
    "extra": "extra Data"
},{
    "action": "log_data",
    "login": {
        "uid": "4",
        "date_time": "2018-01-22 16:24:49",
        "client_ip": "192.168.2.202"
    },
    "window": "Users",
    "extra": "extra Data"
},{
    "action": "log_data",
    "login": {
        "uid": "2",
        "date_time": "2018-01-22 16:25:00",
        "client_ip": "192.168.2.204"
    },
    "window": "Users",
    "extra": "extra Data"
},{
    "action": "log_data",
    "login": {
        "uid": "2",
        "date_time": "2018-01-22 16:25:04",
        "client_ip": "192.168.2.204"
    },
    "window": "Users",
    "extra": "extra Data"
},{
    "action": "log_data",
    "login": {
        "uid": "4",
        "date_time": "2018-01-22 16:25:40",
        "client_ip": "192.168.2.202"
    },
    "window": "Users",
    "extra": "extra Data"
},{
    "action": "log_data",
    "login": {
        "uid": "4",
        "date_time": "2018-01-22 16:26:52",
        "client_ip": "192.168.2.202"
    },
    "window": "Users",
    "extra": "extra Data"
},{
    "action": "log_data",
    "login": {
        "uid": "4",
        "date_time": "2018-01-22 16:27:23",
        "client_ip": "192.168.2.202"
    },
    "window": "Users",
    "extra": "extra Data"
},{
    "action": "log_data",
    "login": {
        "uid": "4",
        "date_time": "2018-01-22 16:27:29",
        "client_ip": "192.168.2.202"
    },
    "window": "Users",
    "extra": "extra Data"
},{
    "action": "log_data",
    "login": {
        "uid": "4",
        "date_time": "2018-01-22 16:27:30",
        "client_ip": "192.168.2.202"
    },
    "window": "Users",
    "extra": "extra Data"
},{
    "action": "log_data",
    "login": {
        "uid": "4",
        "date_time": "2018-01-22 16:27:31",
        "client_ip": "192.168.2.202"
    },
    "window": "Users",
    "extra": "extra Data"
},{
    "action": "log_data",
    "login": {
        "uid": "2",
        "date_time": "2018-01-22 16:27:18",
        "client_ip": "192.168.2.204"
    },
    "window": "Users",
    "extra": "extra Data"
},{
    "action": "log_data",
    "login": {
        "uid": "4",
        "date_time": "2018-01-22 16:27:32",
        "client_ip": "192.168.2.202"
    },
    "window": "Users",
    "extra": "extra Data"
},{
    "action": "log_data",
    "login": {
        "uid": "2",
        "date_time": "2018-01-22 16:28:28",
        "client_ip": "192.168.2.204"
    },
    "window": "Users",
    "extra": "extra Data"
},{
    "action": "log_data",
    "login": {
        "uid": "4",
        "date_time": "2018-01-22 16:29:23",
        "client_ip": "192.168.2.202"
    },
    "window": "Users",
    "extra": "extra Data"
},{
    "action": "log_data",
    "login": {
        "uid": "2",
        "date_time": "2018-01-22 16:29:14",
        "client_ip": "192.168.2.204"
    },
    "window": "Users",
    "extra": "extra Data"
},{
    "action": "log_data",
    "login": {
        "uid": "2",
        "date_time": "2018-01-22 16:30:28",
        "client_ip": "192.168.2.204"
    },
    "window": "Users",
    "extra": "extra Data"
},{
    "action": "log_data",
    "login": {
        "uid": "2",
        "date_time": "2018-01-22 16:31:42",
        "client_ip": "192.168.2.204"
    },
    "window": "Users",
    "extra": "extra Data"
},{
    "action": "log_data",
    "login": {
        "uid": "4",
        "date_time": "2018-01-22 16:31:56",
        "client_ip": "192.168.2.202"
    },
    "window": "Users",
    "extra": "extra Data"
},{
    "action": "log_data",
    "login": {
        "uid": "2",
        "date_time": "2018-01-22 16:31:53",
        "client_ip": "192.168.2.204"
    },
    "window": "Users",
    "extra": "extra Data"
},{
    "action": "log_data",
    "login": {
        "uid": "2",
        "date_time": "2018-01-22 16:32:10",
        "client_ip": "192.168.2.204"
    },
    "window": "Users",
    "extra": "extra Data"
},{
    "action": "log_data",
    "login": {
        "uid": "2",
        "date_time": "2018-01-22 16:32:16",
        "client_ip": "192.168.2.204"
    },
    "window": "Users",
    "extra": "extra Data"
},{
    "action": "log_data",
    "login": {
        "uid": "4",
        "date_time": "2018-01-22 16:32:31",
        "client_ip": "192.168.2.202"
    },
    "window": "Users",
    "extra": "extra Data"
},{
    "action": "log_data",
    "login": {
        "uid": "4",
        "date_time": "2018-01-22 16:32:33",
        "client_ip": "192.168.2.202"
    },
    "window": "Users",
    "extra": "extra Data"
},{
    "action": "log_data",
    "login": {
        "uid": "2",
        "date_time": "2018-01-22 16:32:27",
        "client_ip": "192.168.2.204"
    },
    "window": "Users",
    "extra": "extra Data"
},{
    "action": "log_data",
    "login": {
        "uid": "2",
        "date_time": "2018-01-22 16:32:31",
        "client_ip": "192.168.2.204"
    },
    "window": "Users",
    "extra": "extra Data"
},{
    "action": "log_data",
    "login": {
        "uid": "2",
        "date_time": "2018-01-22 16:33:50",
        "client_ip": "192.168.2.204"
    },
    "window": "Users",
    "extra": "extra Data"
},{
    "action": "log_data",
    "login": {
        "uid": "2",
        "date_time": "2018-01-22 16:34:48",
        "client_ip": "192.168.2.204"
    },
    "window": "Users",
    "extra": "extra Data"
},{
    "action": "log_data",
    "login": {
        "uid": "2",
        "date_time": "2018-01-22 16:34:59",
        "client_ip": "192.168.2.204"
    },
    "window": "Users",
    "extra": "extra Data"
},{
    "action": "log_data",
    "login": {
        "uid": "2",
        "date_time": "2018-01-22 16:35:21",
        "client_ip": "192.168.2.204"
    },
    "window": "Users",
    "extra": "extra Data"
},{
    "action": "log_data",
    "login": {
        "uid": "4",
        "date_time": "2018-01-22 16:35:43",
        "client_ip": "192.168.2.202"
    },
    "window": "Users",
    "extra": "extra Data"
},{
    "action": "log_data",
    "login": {
        "uid": "2",
        "date_time": "2018-01-22 16:35:32",
        "client_ip": "192.168.2.204"
    },
    "window": "Users",
    "extra": "extra Data"
},{
    "action": "log_data",
    "login": {
        "uid": "4",
        "date_time": "2018-01-22 16:36:26",
        "client_ip": "192.168.2.202"
    },
    "window": "Users",
    "extra": "extra Data"
},{
    "action": "log_data",
    "login": {
        "uid": "4",
        "date_time": "2018-01-22 16:36:28",
        "client_ip": "192.168.2.202"
    },
    "window": "Users",
    "extra": "extra Data"
},{
    "action": "log_data",
    "login": {
        "uid": "4",
        "date_time": "2018-01-22 16:36:30",
        "client_ip": "192.168.2.202"
    },
    "window": "Users",
    "extra": "extra Data"
},{
    "action": "log_data",
    "login": {
        "uid": "4",
        "date_time": "2018-01-22 16:36:32",
        "client_ip": "192.168.2.202"
    },
    "window": "Users",
    "extra": "extra Data"
},{
    "action": "log_data",
    "login": {
        "uid": "4",
        "date_time": "2018-01-22 16:37:49",
        "client_ip": "192.168.2.202"
    },
    "window": "Users",
    "extra": "extra Data"
},{
    "action": "log_data",
    "login": {
        "uid": "4",
        "date_time": "2018-01-22 16:37:50",
        "client_ip": "192.168.2.202"
    },
    "window": "Users",
    "extra": "extra Data"
},{
    "action": "log_data",
    "login": {
        "uid": "4",
        "date_time": "2018-01-22 16:37:52",
        "client_ip": "192.168.2.202"
    },
    "window": "Users",
    "extra": "extra Data"
},{
    "action": "log_data",
    "login": {
        "uid": "2",
        "date_time": "2018-01-22 16:37:54",
        "client_ip": "192.168.2.204"
    },
    "window": "Users",
    "extra": "extra Data"
},{
    "action": "log_data",
    "login": {
        "uid": "2",
        "date_time": "2018-01-22 16:39:03",
        "client_ip": "192.168.2.204"
    },
    "window": "Users",
    "extra": "extra Data"
},{
    "action": "log_data",
    "login": {
        "uid": "2",
        "date_time": "2018-01-22 16:47:27",
        "client_ip": "192.168.2.204"
    },
    "window": "Users",
    "extra": "extra Data"
},{
    "action": "log_data",
    "login": {
        "uid": "2",
        "date_time": "2018-01-22 16:47:59",
        "client_ip": "192.168.2.204"
    },
    "window": "Users",
    "extra": "extra Data"
},{
    "action": "log_data",
    "login": {
        "uid": "2",
        "date_time": "2018-01-22 16:48:11",
        "client_ip": "192.168.2.204"
    },
    "window": "Users",
    "extra": "extra Data"
},{
    "action": "log_data",
    "login": {
        "uid": "2",
        "date_time": "2018-01-22 16:48:24",
        "client_ip": "192.168.2.204"
    },
    "window": "Users",
    "extra": "extra Data"
},{
    "action": "log_data",
    "login": {
        "uid": "2",
        "date_time": "2018-01-22 16:52:11",
        "client_ip": "192.168.2.204"
    },
    "window": "Users",
    "extra": "extra Data"
},{
    "action": "log_data",
    "login": {
        "uid": "2",
        "date_time": "2018-01-22 16:52:41",
        "client_ip": "192.168.2.204"
    },
    "window": "Users",
    "extra": "extra Data"
},{
    "action": "log_data",
    "login": {
        "uid": "2",
        "date_time": "2018-01-22 16:52:43",
        "client_ip": "192.168.2.204"
    },
    "window": "Users",
    "extra": "extra Data"
},{
    "action": "log_data",
    "login": {
        "uid": "2",
        "date_time": "2018-01-22 16:55:11",
        "client_ip": "192.168.2.204"
    },
    "window": "Users",
    "extra": "extra Data"
},{
    "action": "log_data",
    "login": {
        "uid": "4",
        "date_time": "2018-01-22 16:56:22",
        "client_ip": "192.168.2.202"
    },
    "window": "Users",
    "extra": "extra Data"
},{
    "action": "log_data",
    "login": {
        "uid": "4",
        "date_time": "2018-01-22 16:57:03",
        "client_ip": "192.168.2.202"
    },
    "window": "Users",
    "extra": "extra Data"
},{
    "action": "log_data",
    "login": {
        "uid": "4",
        "date_time": "2018-01-22 16:57:04",
        "client_ip": "192.168.2.202"
    },
    "window": "Users",
    "extra": "extra Data"
},{
    "action": "log_data",
    "login": {
        "uid": "4",
        "date_time": "2018-01-22 16:57:06",
        "client_ip": "192.168.2.202"
    },
    "window": "Users",
    "extra": "extra Data"
},{
    "action": "log_data",
    "login": {
        "uid": "4",
        "date_time": "2018-01-22 16:57:08",
        "client_ip": "192.168.2.202"
    },
    "window": "Users",
    "extra": "extra Data"
},{
    "action": "log_data",
    "login": {
        "uid": "2",
        "date_time": "2018-01-22 16:57:23",
        "client_ip": "192.168.2.204"
    },
    "window": "Users",
    "extra": "extra Data"
},{
    "action": "log_data",
    "login": {
        "uid": "2",
        "date_time": "2018-01-22 16:58:10",
        "client_ip": "192.168.2.204"
    },
    "window": "Users",
    "extra": "extra Data"
},{
    "action": "log_data",
    "login": {
        "uid": "4",
        "date_time": "2018-01-22 16:59:05",
        "client_ip": "192.168.2.202"
    },
    "window": "Users",
    "extra": "extra Data"
},{
    "action": "log_data",
    "login": {
        "uid": "2",
        "date_time": "2018-01-22 16:58:59",
        "client_ip": "192.168.2.204"
    },
    "window": "Users",
    "extra": "extra Data"
},{
    "action": "log_data",
    "login": {
        "uid": "2",
        "date_time": "2018-01-22 17:00:02",
        "client_ip": "192.168.2.204"
    },
    "window": "Users",
    "extra": "extra Data"
},{
    "action": "log_data",
    "login": {
        "uid": "2",
        "date_time": "2018-01-22 17:01:12",
        "client_ip": "192.168.2.204"
    },
    "window": "Users",
    "extra": "extra Data"
},{
    "action": "log_data",
    "login": {
        "uid": "4",
        "date_time": "2018-01-22 17:01:27",
        "client_ip": "192.168.2.202"
    },
    "window": "Users",
    "extra": "extra Data"
},{
    "action": "log_data",
    "login": {
        "uid": "4",
        "date_time": "2018-01-22 17:01:29",
        "client_ip": "192.168.2.202"
    },
    "window": "Users",
    "extra": "extra Data"
},{
    "action": "log_data",
    "login": {
        "uid": "4",
        "date_time": "2018-01-22 17:01:57",
        "client_ip": "192.168.2.202"
    },
    "window": "Users",
    "extra": "extra Data"
},{
    "action": "log_data",
    "login": {
        "uid": "2",
        "date_time": "2018-01-22 17:01:54",
        "client_ip": "192.168.2.204"
    },
    "window": "Users",
    "extra": "extra Data"
},{
    "action": "log_data",
    "login": {
        "uid": "2",
        "date_time": "2018-01-22 17:02:30",
        "client_ip": "192.168.2.204"
    },
    "window": "Users",
    "extra": "extra Data"
},{
    "action": "log_data",
    "login": {
        "uid": "2",
        "date_time": "2018-01-22 17:02:31",
        "client_ip": "192.168.2.204"
    },
    "window": "Users",
    "extra": "extra Data"
},{
    "action": "log_data",
    "login": {
        "uid": "2",
        "date_time": "2018-01-22 17:04:09",
        "client_ip": "192.168.2.204"
    },
    "window": "Users",
    "extra": "extra Data"
},{
    "action": "log_data",
    "login": {
        "uid": "2",
        "date_time": "2018-01-22 17:06:48",
        "client_ip": "192.168.2.204"
    },
    "window": "Users",
    "extra": "extra Data"
},{
    "action": "log_data",
    "login": {
        "uid": "2",
        "date_time": "2018-01-22 17:08:26",
        "client_ip": "192.168.2.204"
    },
    "window": "Users",
    "extra": "extra Data"
},{
    "action": "log_data",
    "login": {
        "uid": "2",
        "date_time": "2018-01-22 17:11:31",
        "client_ip": "192.168.2.204"
    },
    "window": "Users",
    "extra": "extra Data"
},{
    "action": "log_data",
    "login": {
        "uid": "2",
        "date_time": "2018-01-22 17:12:13",
        "client_ip": "192.168.2.204"
    },
    "window": "Users",
    "extra": "extra Data"
},{
    "action": "log_data",
    "login": {
        "uid": "2",
        "date_time": "2018-01-22 17:12:55",
        "client_ip": "192.168.2.204"
    },
    "window": "Users",
    "extra": "extra Data"
},{
    "action": "log_data",
    "login": {
        "uid": "2",
        "date_time": "2018-01-22 17:15:50",
        "client_ip": "192.168.2.204"
    },
    "window": "Users",
    "extra": "extra Data"
},{
    "action": "log_data",
    "login": {
        "uid": "2",
        "date_time": "2018-01-22 17:16:50",
        "client_ip": "192.168.2.204"
    },
    "window": "Users",
    "extra": "extra Data"
},{
    "action": "log_data",
    "login": {
        "uid": "2",
        "date_time": "2018-01-22 17:17:46",
        "client_ip": "192.168.2.204"
    },
    "window": "Users",
    "extra": "extra Data"
},{
    "action": "log_data",
    "login": {
        "uid": "2",
        "date_time": "2018-01-22 17:19:00",
        "client_ip": "192.168.2.204"
    },
    "window": "Users",
    "extra": "extra Data"
},{
    "action": "log_data",
    "login": {
        "uid": "2",
        "date_time": "2018-01-22 17:20:11",
        "client_ip": "192.168.2.204"
    },
    "window": "Users",
    "extra": "extra Data"
},{
    "action": "log_data",
    "login": {
        "uid": "2",
        "date_time": "2018-01-22 17:26:05",
        "client_ip": "192.168.2.204"
    },
    "window": "Users",
    "extra": "extra Data"
},{
    "action": "log_data",
    "login": {
        "uid": "4",
        "date_time": "2018-01-22 17:31:34",
        "client_ip": "192.168.2.202"
    },
    "window": "Users",
    "extra": "extra Data"
},{
    "action": "log_data",
    "login": {
        "uid": "2",
        "date_time": "2018-01-22 17:31:32",
        "client_ip": "192.168.2.204"
    },
    "window": "Users",
    "extra": "extra Data"
},{
    "action": "log_data",
    "login": {
        "uid": "2",
        "date_time": "2018-01-22 17:33:04",
        "client_ip": "192.168.2.204"
    },
    "window": "Users",
    "extra": "extra Data"
},{
    "action": "log_data",
    "login": {
        "uid": "3",
        "date_time": "2018-01-22 17:34:39",
        "client_ip": "192.168.2.201"
    },
    "window": "Users",
    "extra": "extra Data"
},{
    "action": "log_data",
    "login": {
        "uid": "2",
        "date_time": "2018-01-22 17:35:11",
        "client_ip": "192.168.2.204"
    },
    "window": "Users",
    "extra": "extra Data"
},{
    "action": "log_data",
    "login": {
        "uid": "2",
        "date_time": "2018-01-22 17:35:53",
        "client_ip": "192.168.2.204"
    },
    "window": "Users",
    "extra": "extra Data"
},{
    "action": "log_data",
    "login": {
        "uid": "2",
        "date_time": "2018-01-22 17:37:42",
        "client_ip": "192.168.2.204"
    },
    "window": "Users",
    "extra": "extra Data"
},{
    "action": "log_data",
    "login": {
        "uid": "4",
        "date_time": "2018-01-22 17:39:15",
        "client_ip": "192.168.2.202"
    },
    "window": "Users",
    "extra": "extra Data"
},{
    "action": "log_data",
    "login": {
        "uid": "2",
        "date_time": "2018-01-22 17:39:08",
        "client_ip": "192.168.2.204"
    },
    "window": "Users",
    "extra": "extra Data"
},{
    "action": "log_data",
    "login": {
        "uid": "4",
        "date_time": "2018-01-22 17:39:52",
        "client_ip": "192.168.2.202"
    },
    "window": "Users",
    "extra": "extra Data"
},{
    "action": "log_data",
    "login": {
        "uid": "4",
        "date_time": "2018-01-22 17:39:53",
        "client_ip": "192.168.2.202"
    },
    "window": "Users",
    "extra": "extra Data"
},{
    "action": "log_data",
    "login": {
        "uid": "2",
        "date_time": "2018-01-22 17:40:09",
        "client_ip": "192.168.2.204"
    },
    "window": "Users",
    "extra": "extra Data"
},{
    "action": "log_data",
    "login": {
        "uid": "2",
        "date_time": "2018-01-22 17:41:22",
        "client_ip": "192.168.2.204"
    },
    "window": "Users",
    "extra": "extra Data"
},{
    "action": "log_data",
    "login": {
        "uid": "3",
        "date_time": "2018-01-22 17:44:18",
        "client_ip": "192.168.2.201"
    },
    "window": "Users",
    "extra": "extra Data"
},{
    "action": "log_data",
    "login": {
        "uid": "3",
        "date_time": "2018-01-22 17:44:23",
        "client_ip": "192.168.2.201"
    },
    "window": "Users",
    "extra": "extra Data"
},{
    "action": "log_data",
    "login": {
        "uid": "3",
        "date_time": "2018-01-22 17:44:26",
        "client_ip": "192.168.2.201"
    },
    "window": "Users",
    "extra": "extra Data"
},{
    "action": "log_data",
    "login": {
        "uid": "3",
        "date_time": "2018-01-22 17:45:09",
        "client_ip": "192.168.2.201"
    },
    "window": "Users",
    "extra": "extra Data"
},{
    "action": "log_data",
    "login": {
        "uid": "3",
        "date_time": "2018-01-22 17:45:19",
        "client_ip": "192.168.2.201"
    },
    "window": "Users",
    "extra": "extra Data"
},{
    "action": "log_data",
    "login": {
        "uid": "2",
        "date_time": "2018-01-22 17:45:11",
        "client_ip": "192.168.2.204"
    },
    "window": "Users",
    "extra": "extra Data"
},{
    "action": "log_data",
    "login": {
        "uid": "3",
        "date_time": "2018-01-22 17:45:40",
        "client_ip": "192.168.2.201"
    },
    "window": "Users",
    "extra": "extra Data"
},{
    "action": "log_data",
    "login": {
        "uid": "2",
        "date_time": "2018-01-22 17:46:19",
        "client_ip": "192.168.2.204"
    },
    "window": "Users",
    "extra": "extra Data"
},{
    "action": "log_data",
    "login": {
        "uid": "2",
        "date_time": "2018-01-22 17:46:38",
        "client_ip": "192.168.2.204"
    },
    "window": "Users",
    "extra": "extra Data"
},{
    "action": "log_data",
    "login": {
        "uid": "2",
        "date_time": "2018-01-22 17:47:45",
        "client_ip": "192.168.2.204"
    },
    "window": "Users",
    "extra": "extra Data"
},{
    "action": "log_data",
    "login": {
        "uid": "4",
        "date_time": "2018-01-22 17:49:03",
        "client_ip": "192.168.2.202"
    },
    "window": "Users",
    "extra": "extra Data"
},{
    "action": "log_data",
    "login": {
        "uid": "4",
        "date_time": "2018-01-22 17:52:37",
        "client_ip": "192.168.2.202"
    },
    "window": "Users",
    "extra": "extra Data"
},{
    "action": "log_data",
    "login": {
        "uid": "4",
        "date_time": "2018-01-22 17:52:47",
        "client_ip": "192.168.2.202"
    },
    "window": "Users",
    "extra": "extra Data"
},{
    "action": "log_data",
    "login": {
        "uid": "4",
        "date_time": "2018-01-22 17:54:33",
        "client_ip": "192.168.2.202"
    },
    "window": "Users",
    "extra": "extra Data"
},{
    "action": "log_data",
    "login": {
        "uid": "2",
        "date_time": "2018-01-22 17:55:25",
        "client_ip": "192.168.2.204"
    },
    "window": "Users",
    "extra": "extra Data"
},{
    "action": "log_data",
    "login": {
        "uid": "2",
        "date_time": "2018-01-22 17:56:45",
        "client_ip": "192.168.2.204"
    },
    "window": "Users",
    "extra": "extra Data"
},{
    "action": "log_data",
    "login": {
        "uid": "2",
        "date_time": "2018-01-22 17:59:29",
        "client_ip": "192.168.2.204"
    },
    "window": "Users",
    "extra": "extra Data"
},{
    "action": "log_data",
    "login": {
        "uid": "2",
        "date_time": "2018-01-22 18:02:40",
        "client_ip": "192.168.2.204"
    },
    "window": "Users",
    "extra": "extra Data"
},{
    "action": "log_data",
    "login": {
        "uid": "2",
        "date_time": "2018-01-22 18:03:15",
        "client_ip": "192.168.2.204"
    },
    "window": "Users",
    "extra": "extra Data"
},{
    "action": "log_data",
    "login": {
        "uid": "2",
        "date_time": "2018-01-22 18:04:14",
        "client_ip": "192.168.2.204"
    },
    "window": "Users",
    "extra": "extra Data"
},{
    "action": "log_data",
    "login": {
        "uid": "2",
        "date_time": "2018-01-22 18:04:59",
        "client_ip": "192.168.2.204"
    },
    "window": "Users",
    "extra": "extra Data"
},{
    "action": "log_data",
    "login": {
        "uid": "2",
        "date_time": "2018-01-22 18:05:07",
        "client_ip": "192.168.2.204"
    },
    "window": "Users",
    "extra": "extra Data"
},{
    "action": "log_data",
    "login": {
        "uid": "3",
        "date_time": "2018-01-22 18:11:43",
        "client_ip": "192.168.2.201"
    },
    "window": "Users",
    "extra": "extra Data"
},{
    "action": "log_data",
    "login": {
        "uid": "2",
        "date_time": "2018-01-22 18:12:37",
        "client_ip": "192.168.2.204"
    },
    "window": "Users",
    "extra": "extra Data"
},{
    "action": "log_data",
    "login": {
        "uid": "2",
        "date_time": "2018-01-22 18:12:40",
        "client_ip": "192.168.2.204"
    },
    "window": "Users",
    "extra": "extra Data"
},{
    "action": "log_data",
    "login": {
        "uid": "2",
        "date_time": "2018-01-22 18:13:06",
        "client_ip": "192.168.2.204"
    },
    "window": "Users",
    "extra": "extra Data"
},{
    "action": "log_data",
    "login": {
        "uid": "2",
        "date_time": "2018-01-22 18:13:08",
        "client_ip": "192.168.2.204"
    },
    "window": "Users",
    "extra": "extra Data"
},{
    "action": "log_data",
    "login": {
        "uid": "2",
        "date_time": "2018-01-22 18:13:28",
        "client_ip": "192.168.2.204"
    },
    "window": "Users",
    "extra": "extra Data"
},{
    "action": "log_data",
    "login": {
        "uid": "2",
        "date_time": "2018-01-22 18:13:44",
        "client_ip": "192.168.2.204"
    },
    "window": "Users",
    "extra": "extra Data"
},{
    "action": "log_data",
    "login": {
        "uid": "2",
        "date_time": "2018-01-22 18:13:50",
        "client_ip": "192.168.2.204"
    },
    "window": "Users",
    "extra": "extra Data"
},{
    "action": "log_data",
    "login": {
        "uid": "2",
        "date_time": "2018-01-22 18:13:58",
        "client_ip": "192.168.2.204"
    },
    "window": "Users",
    "extra": "extra Data"
},{
    "action": "log_data",
    "login": {
        "uid": "2",
        "date_time": "2018-01-22 18:14:06",
        "client_ip": "192.168.2.204"
    },
    "window": "Users",
    "extra": "extra Data"
},{
    "action": "log_data",
    "login": {
        "uid": "2",
        "date_time": "2018-01-22 18:14:09",
        "client_ip": "192.168.2.204"
    },
    "window": "Users",
    "extra": "extra Data"
},{
    "action": "log_data",
    "login": {
        "uid": "2",
        "date_time": "2018-01-22 18:14:18",
        "client_ip": "192.168.2.204"
    },
    "window": "Users",
    "extra": "extra Data"
},{
    "action": "log_data",
    "login": {
        "uid": "2",
        "date_time": "2018-01-22 18:14:59",
        "client_ip": "192.168.2.204"
    },
    "window": "Users",
    "extra": "extra Data"
},{
    "action": "log_data",
    "login": {
        "uid": "2",
        "date_time": "2018-01-22 18:15:07",
        "client_ip": "192.168.2.204"
    },
    "window": "Users",
    "extra": "extra Data"
},{
    "action": "log_data",
    "login": {
        "uid": "2",
        "date_time": "2018-01-22 18:15:21",
        "client_ip": "192.168.2.204"
    },
    "window": "Users",
    "extra": "extra Data"
},{
    "action": "log_data",
    "login": {
        "uid": "2",
        "date_time": "2018-01-22 18:15:49",
        "client_ip": "192.168.2.204"
    },
    "window": "Users",
    "extra": "extra Data"
},{
    "action": "log_data",
    "login": {
        "uid": "2",
        "date_time": "2018-01-22 18:15:50",
        "client_ip": "192.168.2.204"
    },
    "window": "Users",
    "extra": "extra Data"
},{
    "action": "log_data",
    "login": {
        "uid": "2",
        "date_time": "2018-01-22 18:15:55",
        "client_ip": "192.168.2.204"
    },
    "window": "Users",
    "extra": "extra Data"
},{
    "action": "log_data",
    "login": {
        "uid": "2",
        "date_time": "2018-01-22 18:15:55",
        "client_ip": "192.168.2.204"
    },
    "window": "Users",
    "extra": "extra Data"
},{
    "action": "log_data",
    "login": {
        "uid": "2",
        "date_time": "2018-01-22 18:16:05",
        "client_ip": "192.168.2.204"
    },
    "window": "Users",
    "extra": "extra Data"
},{
    "action": "log_data",
    "login": {
        "uid": "2",
        "date_time": "2018-01-22 18:16:27",
        "client_ip": "192.168.2.204"
    },
    "window": "Users",
    "extra": "extra Data"
},{
    "action": "log_data",
    "login": {
        "uid": "2",
        "date_time": "2018-01-22 18:16:50",
        "client_ip": "192.168.2.204"
    },
    "window": "Users",
    "extra": "extra Data"
},{
    "action": "log_data",
    "login": {
        "uid": "2",
        "date_time": "2018-01-22 18:16:56",
        "client_ip": "192.168.2.204"
    },
    "window": "Users",
    "extra": "extra Data"
},{
    "action": "log_data",
    "login": {
        "uid": "2",
        "date_time": "2018-01-22 18:17:05",
        "client_ip": "192.168.2.204"
    },
    "window": "Users",
    "extra": "extra Data"
},{
    "action": "log_data",
    "login": {
        "uid": "2",
        "date_time": "2018-01-22 18:17:05",
        "client_ip": "192.168.2.204"
    },
    "window": "Users",
    "extra": "extra Data"
},{
    "action": "log_data",
    "login": {
        "uid": "2",
        "date_time": "2018-01-22 18:17:11",
        "client_ip": "192.168.2.204"
    },
    "window": "Users",
    "extra": "extra Data"
},{
    "action": "log_data",
    "login": {
        "uid": "2",
        "date_time": "2018-01-22 18:17:26",
        "client_ip": "192.168.2.204"
    },
    "window": "Users",
    "extra": "extra Data"
},{
    "action": "log_data",
    "login": {
        "uid": "2",
        "date_time": "2018-01-22 18:17:37",
        "client_ip": "192.168.2.204"
    },
    "window": "Users",
    "extra": "extra Data"
},{
    "action": "log_data",
    "login": {
        "uid": "2",
        "date_time": "2018-01-22 18:24:41",
        "client_ip": "192.168.2.204"
    },
    "window": "Users",
    "extra": "extra Data"
},{
    "action": "log_data",
    "login": {
        "uid": "4",
        "date_time": "2018-01-22 18:26:20",
        "client_ip": "192.168.2.202"
    },
    "window": "Users",
    "extra": "extra Data"
},{
    "action": "log_data",
    "login": {
        "uid": "2",
        "date_time": "2018-01-22 18:27:31",
        "client_ip": "192.168.2.204"
    },
    "window": "Users",
    "extra": "extra Data"
},{
    "action": "log_data",
    "login": {
        "uid": "2",
        "date_time": "2018-01-22 18:28:36",
        "client_ip": "192.168.2.204"
    },
    "window": "Users",
    "extra": "extra Data"
},{
    "action": "log_data",
    "login": {
        "uid": "2",
        "date_time": "2018-01-22 18:29:24",
        "client_ip": "192.168.2.204"
    },
    "window": "Users",
    "extra": "extra Data"
},{
    "action": "log_data",
    "login": {
        "uid": "2",
        "date_time": "2018-01-22 18:29:51",
        "client_ip": "192.168.2.204"
    },
    "window": "Users",
    "extra": "extra Data"
},{
    "action": "log_data",
    "login": {
        "uid": "2",
        "date_time": "2018-01-22 18:33:02",
        "client_ip": "192.168.2.204"
    },
    "window": "Users",
    "extra": "extra Data"
},{
    "action": "log_data",
    "login": {
        "uid": "4",
        "date_time": "2018-01-22 18:33:44",
        "client_ip": "192.168.2.202"
    },
    "window": "Users",
    "extra": "extra Data"
},{
    "action": "log_data",
    "login": {
        "uid": "4",
        "date_time": "2018-01-22 18:34:13",
        "client_ip": "192.168.2.202"
    },
    "window": "Users",
    "extra": "extra Data"
},{
    "action": "log_data",
    "login": {
        "uid": "4",
        "date_time": "2018-01-22 18:34:16",
        "client_ip": "192.168.2.202"
    },
    "window": "Users",
    "extra": "extra Data"
},{
    "action": "log_data",
    "login": {
        "uid": "4",
        "date_time": "2018-01-22 18:34:21",
        "client_ip": "192.168.2.202"
    },
    "window": "Users",
    "extra": "extra Data"
},{
    "action": "log_data",
    "login": {
        "uid": "2",
        "date_time": "2018-01-22 18:37:48",
        "client_ip": "192.168.2.204"
    },
    "window": "Users",
    "extra": "extra Data"
},{
    "action": "log_data",
    "login": {
        "uid": "2",
        "date_time": "2018-01-22 18:39:39",
        "client_ip": "192.168.2.204"
    },
    "window": "Users",
    "extra": "extra Data"
},{
    "action": "log_data",
    "login": {
        "uid": "4",
        "date_time": "2018-01-22 18:39:59",
        "client_ip": "192.168.2.202"
    },
    "window": "Users",
    "extra": "extra Data"
},{
    "action": "log_data",
    "login": {
        "uid": "4",
        "date_time": "2018-01-22 18:42:00",
        "client_ip": "192.168.2.202"
    },
    "window": "Users",
    "extra": "extra Data"
},{
    "action": "log_data",
    "login": {
        "uid": "2",
        "date_time": "2018-01-22 18:42:55",
        "client_ip": "192.168.2.204"
    },
    "window": "Users",
    "extra": "extra Data"
},{
    "action": "log_data",
    "login": {
        "uid": "4",
        "date_time": "2018-01-22 18:43:36",
        "client_ip": "192.168.2.202"
    },
    "window": "Users",
    "extra": "extra Data"
},{
    "action": "log_data",
    "login": {
        "uid": "2",
        "date_time": "2018-01-22 18:43:53",
        "client_ip": "192.168.2.204"
    },
    "window": "Users",
    "extra": "extra Data"
},{
    "action": "log_data",
    "login": {
        "uid": "2",
        "date_time": "2018-01-22 18:43:53",
        "client_ip": "192.168.2.204"
    },
    "window": "Users",
    "extra": "extra Data"
},{
    "action": "log_data",
    "login": {
        "uid": "2",
        "date_time": "2018-01-22 18:43:57",
        "client_ip": "192.168.2.204"
    },
    "window": "Users",
    "extra": "extra Data"
},{
    "action": "log_data",
    "login": {
        "uid": "2",
        "date_time": "2018-01-22 18:44:05",
        "client_ip": "192.168.2.204"
    },
    "window": "Users",
    "extra": "extra Data"
},{
    "action": "log_data",
    "login": {
        "uid": "2",
        "date_time": "2018-01-22 18:44:17",
        "client_ip": "192.168.2.204"
    },
    "window": "Users",
    "extra": "extra Data"
},{
    "action": "log_data",
    "login": {
        "uid": "2",
        "date_time": "2018-01-22 18:44:27",
        "client_ip": "192.168.2.204"
    },
    "window": "Users",
    "extra": "extra Data"
},{
    "action": "log_data",
    "login": {
        "uid": "4",
        "date_time": "2018-01-22 18:45:15",
        "client_ip": "192.168.2.202"
    },
    "window": "Users",
    "extra": "extra Data"
},{
    "action": "log_data",
    "login": {
        "uid": "2",
        "date_time": "2018-01-22 18:46:07",
        "client_ip": "192.168.2.204"
    },
    "window": "Users",
    "extra": "extra Data"
},{
    "action": "log_data",
    "login": {
        "uid": "2",
        "date_time": "2018-01-22 18:46:22",
        "client_ip": "192.168.2.204"
    },
    "window": "Users",
    "extra": "extra Data"
},{
    "action": "log_data",
    "login": {
        "uid": "4",
        "date_time": "2018-01-22 18:46:46",
        "client_ip": "192.168.2.202"
    },
    "window": "Users",
    "extra": "extra Data"
},{
    "action": "log_data",
    "login": {
        "uid": "2",
        "date_time": "2018-01-22 18:46:53",
        "client_ip": "192.168.2.204"
    },
    "window": "Users",
    "extra": "extra Data"
},{
    "action": "log_data",
    "login": {
        "uid": "2",
        "date_time": "2018-01-22 18:46:53",
        "client_ip": "192.168.2.204"
    },
    "window": "Users",
    "extra": "extra Data"
},{
    "action": "log_data",
    "login": {
        "uid": "2",
        "date_time": "2018-01-22 18:47:15",
        "client_ip": "192.168.2.204"
    },
    "window": "Users",
    "extra": "extra Data"
},{
    "action": "log_data",
    "login": {
        "uid": "2",
        "date_time": "2018-01-22 18:47:15",
        "client_ip": "192.168.2.204"
    },
    "window": "Users",
    "extra": "extra Data"
},{
    "action": "log_data",
    "login": {
        "uid": "2",
        "date_time": "2018-01-22 18:47:39",
        "client_ip": "192.168.2.204"
    },
    "window": "Users",
    "extra": "extra Data"
},{
    "action": "log_data",
    "login": {
        "uid": "2",
        "date_time": "2018-01-22 18:47:39",
        "client_ip": "192.168.2.204"
    },
    "window": "Users",
    "extra": "extra Data"
},{
    "action": "log_data",
    "login": {
        "uid": "2",
        "date_time": "2018-01-22 18:47:42",
        "client_ip": "192.168.2.204"
    },
    "window": "Users",
    "extra": "extra Data"
},{
    "action": "log_data",
    "login": {
        "uid": "2",
        "date_time": "2018-01-22 18:47:42",
        "client_ip": "192.168.2.204"
    },
    "window": "Users",
    "extra": "extra Data"
},{
    "action": "log_data",
    "login": {
        "uid": "4",
        "date_time": "2018-01-22 18:49:14",
        "client_ip": "192.168.2.202"
    },
    "window": "Users",
    "extra": "extra Data"
},{
    "action": "log_data",
    "login": {
        "uid": "4",
        "date_time": "2018-01-22 18:50:19",
        "client_ip": "192.168.2.202"
    },
    "window": "Users",
    "extra": "extra Data"
},{
    "action": "log_data",
    "login": {
        "uid": "2",
        "date_time": "2018-01-22 18:52:28",
        "client_ip": "192.168.2.204"
    },
    "window": "Users",
    "extra": "extra Data"
},{
    "action": "log_data",
    "login": {
        "uid": "2",
        "date_time": "2018-01-22 18:52:28",
        "client_ip": "192.168.2.204"
    },
    "window": "Users",
    "extra": "extra Data"
},{
    "action": "log_data",
    "login": {
        "uid": "2",
        "date_time": "2018-01-22 18:53:58",
        "client_ip": "192.168.2.204"
    },
    "window": "Users",
    "extra": "extra Data"
},{
    "action": "log_data",
    "login": {
        "uid": "2",
        "date_time": "2018-01-22 18:53:58",
        "client_ip": "192.168.2.204"
    },
    "window": "Users",
    "extra": "extra Data"
},{
    "action": "log_data",
    "login": {
        "uid": "2",
        "date_time": "2018-01-22 18:54:26",
        "client_ip": "192.168.2.204"
    },
    "window": "Users",
    "extra": "extra Data"
},{
    "action": "log_data",
    "login": {
        "uid": "2",
        "date_time": "2018-01-22 18:54:26",
        "client_ip": "192.168.2.204"
    },
    "window": "Users",
    "extra": "extra Data"
},{
    "action": "log_data",
    "login": {
        "uid": "2",
        "date_time": "2018-01-22 18:54:48",
        "client_ip": "192.168.2.204"
    },
    "window": "Users",
    "extra": "extra Data"
},{
    "action": "log_data",
    "login": {
        "uid": "2",
        "date_time": "2018-01-22 18:54:48",
        "client_ip": "192.168.2.204"
    },
    "window": "Users",
    "extra": "extra Data"
},{
    "action": "log_data",
    "login": {
        "uid": "4",
        "date_time": "2018-01-22 18:55:41",
        "client_ip": "192.168.2.202"
    },
    "window": "Users",
    "extra": "extra Data"
},{
    "action": "log_data",
    "login": {
        "uid": "4",
        "date_time": "2018-01-22 18:55:56",
        "client_ip": "192.168.2.202"
    },
    "window": "Users",
    "extra": "extra Data"
},{
    "action": "log_data",
    "login": {
        "uid": "2",
        "date_time": "2018-01-22 18:56:20",
        "client_ip": "192.168.2.204"
    },
    "window": "Users",
    "extra": "extra Data"
},{
    "action": "log_data",
    "login": {
        "uid": "2",
        "date_time": "2018-01-22 18:56:20",
        "client_ip": "192.168.2.204"
    },
    "window": "Users",
    "extra": "extra Data"
},{
    "action": "log_data",
    "login": {
        "uid": "4",
        "date_time": "2018-01-22 18:57:15",
        "client_ip": "192.168.2.202"
    },
    "window": "Users",
    "extra": "extra Data"
},{
    "action": "log_data",
    "login": {
        "uid": "4",
        "date_time": "2018-01-22 18:59:22",
        "client_ip": "192.168.2.202"
    },
    "window": "Users",
    "extra": "extra Data"
},{
    "action": "log_data",
    "login": {
        "uid": "4",
        "date_time": "2018-01-22 18:59:56",
        "client_ip": "192.168.2.202"
    },
    "window": "Users",
    "extra": "extra Data"
},{
    "action": "log_data",
    "login": {
        "uid": "3",
        "date_time": "2018-01-22 19:06:05",
        "client_ip": "192.168.2.201"
    },
    "window": "Users",
    "extra": "extra Data"
},{
    "action": "log_data",
    "login": {
        "uid": "2",
        "date_time": "2018-01-22 19:08:15",
        "client_ip": "192.168.2.204"
    },
    "window": "Users",
    "extra": "extra Data"
},{
    "action": "log_data",
    "login": {
        "uid": "2",
        "date_time": "2018-01-22 19:08:15",
        "client_ip": "192.168.2.204"
    },
    "window": "Users",
    "extra": "extra Data"
},{
    "action": "log_data",
    "login": {
        "uid": "2",
        "date_time": "2018-01-22 19:08:19",
        "client_ip": "192.168.2.204"
    },
    "window": "Users",
    "extra": "extra Data"
},{
    "action": "log_data",
    "login": {
        "uid": "2",
        "date_time": "2018-01-22 19:08:53",
        "client_ip": "192.168.2.204"
    },
    "window": "Users",
    "extra": "extra Data"
},{
    "action": "log_data",
    "login": {
        "uid": "2",
        "date_time": "2018-01-22 19:09:20",
        "client_ip": "192.168.2.204"
    },
    "window": "Users",
    "extra": "extra Data"
},{
    "action": "log_data",
    "login": {
        "uid": "2",
        "date_time": "2018-01-22 19:09:22",
        "client_ip": "192.168.2.204"
    },
    "window": "Users",
    "extra": "extra Data"
},{
    "action": "log_data",
    "login": {
        "uid": "2",
        "date_time": "2018-01-22 19:09:28",
        "client_ip": "192.168.2.204"
    },
    "window": "Users",
    "extra": "extra Data"
},{
    "action": "log_data",
    "login": {
        "uid": "2",
        "date_time": "2018-01-22 19:09:31",
        "client_ip": "192.168.2.204"
    },
    "window": "Users",
    "extra": "extra Data"
},{
    "action": "log_data",
    "login": {
        "uid": "2",
        "date_time": "2018-01-22 19:09:38",
        "client_ip": "192.168.2.204"
    },
    "window": "Users",
    "extra": "extra Data"
},{
    "action": "log_data",
    "login": {
        "uid": "2",
        "date_time": "2018-01-22 19:09:50",
        "client_ip": "192.168.2.204"
    },
    "window": "Users",
    "extra": "extra Data"
},{
    "action": "log_data",
    "login": {
        "uid": "2",
        "date_time": "2018-01-22 19:10:17",
        "client_ip": "192.168.2.204"
    },
    "window": "Users",
    "extra": "extra Data"
},{
    "action": "log_data",
    "login": {
        "uid": "2",
        "date_time": "2018-01-22 19:11:16",
        "client_ip": "192.168.2.204"
    },
    "window": "Users",
    "extra": "extra Data"
},{
    "action": "log_data",
    "login": {
        "uid": "4",
        "date_time": "2018-01-22 19:12:47",
        "client_ip": "192.168.2.202"
    },
    "window": "Users",
    "extra": "extra Data"
},{
    "action": "log_data",
    "login": {
        "uid": "4",
        "date_time": "2018-01-22 19:13:25",
        "client_ip": "192.168.2.202"
    },
    "window": "Users",
    "extra": "extra Data"
},{
    "action": "log_data",
    "login": {
        "uid": "2",
        "date_time": "2018-01-22 19:13:34",
        "client_ip": "192.168.2.204"
    },
    "window": "Users",
    "extra": "extra Data"
},{
    "action": "log_data",
    "login": {
        "uid": "2",
        "date_time": "2018-01-22 19:13:49",
        "client_ip": "192.168.2.204"
    },
    "window": "Users",
    "extra": "extra Data"
},{
    "action": "log_data",
    "login": {
        "uid": "1",
        "date_time": "2018-01-22 19:14:43",
        "client_ip": "157.48.214.12"
    },
    "window": "Users",
    "extra": "extra Data"
},{
    "action": "log_data",
    "login": {
        "uid": "1",
        "date_time": "2018-01-22 19:16:59",
        "client_ip": "157.48.214.12"
    },
    "window": "Users",
    "extra": "extra Data"
},{
    "action": "log_data",
    "login": {
        "uid": "1",
        "date_time": "2018-01-22 19:17:02",
        "client_ip": "157.48.214.12"
    },
    "window": "Users",
    "extra": "extra Data"
},{
    "action": "log_data",
    "login": {
        "uid": "1",
        "date_time": "2018-01-22 19:17:09",
        "client_ip": "157.48.214.12"
    },
    "window": "Users",
    "extra": "extra Data"
},{
    "action": "log_data",
    "login": {
        "uid": "4",
        "date_time": "2018-01-22 19:17:32",
        "client_ip": "192.168.2.202"
    },
    "window": "Users",
    "extra": "extra Data"
},{
    "action": "log_data",
    "login": {
        "uid": "1",
        "date_time": "2018-01-22 19:17:32",
        "client_ip": "157.48.214.12"
    },
    "window": "Users",
    "extra": "extra Data"
},{
    "action": "log_data",
    "login": {
        "uid": "2",
        "date_time": "2018-01-22 19:17:41",
        "client_ip": "192.168.2.204"
    },
    "window": "Users",
    "extra": "extra Data"
},{
    "action": "log_data",
    "login": {
        "uid": "4",
        "date_time": "2018-01-22 19:18:29",
        "client_ip": "192.168.2.202"
    },
    "window": "Users",
    "extra": "extra Data"
},{
    "action": "log_data",
    "login": {
        "uid": "2",
        "date_time": "2018-01-22 19:18:45",
        "client_ip": "192.168.2.204"
    },
    "window": "Users",
    "extra": "extra Data"
},{
    "action": "log_data",
    "login": {
        "uid": "2",
        "date_time": "2018-01-22 19:19:34",
        "client_ip": "192.168.2.204"
    },
    "window": "Users",
    "extra": "extra Data"
},{
    "action": "log_data",
    "login": {
        "uid": "1",
        "date_time": "2018-01-22 19:19:45",
        "client_ip": "157.48.214.12"
    },
    "window": "Users",
    "extra": "extra Data"
},{
    "action": "log_data",
    "login": {
        "uid": "2",
        "date_time": "2018-01-22 19:20:28",
        "client_ip": "192.168.2.204"
    },
    "window": "Users",
    "extra": "extra Data"
},{
    "action": "log_data",
    "login": {
        "uid": "4",
        "date_time": "2018-01-22 19:21:41",
        "client_ip": "192.168.2.202"
    },
    "window": "Users",
    "extra": "extra Data"
},{
    "action": "log_data",
    "login": {
        "uid": "2",
        "date_time": "2018-01-22 19:22:21",
        "client_ip": "192.168.2.204"
    },
    "window": "Users",
    "extra": "extra Data"
},{
    "action": "log_data",
    "login": {
        "uid": "4",
        "date_time": "2018-01-22 19:23:06",
        "client_ip": "192.168.2.202"
    },
    "window": "Users",
    "extra": "extra Data"
},{
    "action": "log_data",
    "login": {
        "uid": "4",
        "date_time": "2018-01-22 19:23:10",
        "client_ip": "192.168.2.202"
    },
    "window": "Users",
    "extra": "extra Data"
},{
    "action": "log_data",
    "login": {
        "uid": "2",
        "date_time": "2018-01-22 19:23:35",
        "client_ip": "192.168.2.204"
    },
    "window": "Users",
    "extra": "extra Data"
},{
    "action": "log_data",
    "login": {
        "uid": "4",
        "date_time": "2018-01-22 19:24:18",
        "client_ip": "192.168.2.202"
    },
    "window": "Users",
    "extra": "extra Data"
},{
    "action": "log_data",
    "login": {
        "uid": "2",
        "date_time": "2018-01-22 19:25:09",
        "client_ip": "192.168.2.204"
    },
    "window": "Users",
    "extra": "extra Data"
},{
    "action": "log_data",
    "login": {
        "uid": "4",
        "date_time": "2018-01-22 19:26:23",
        "client_ip": "192.168.2.202"
    },
    "window": "Users",
    "extra": "extra Data"
},{
    "action": "log_data",
    "login": {
        "uid": "2",
        "date_time": "2018-01-22 19:26:13",
        "client_ip": "192.168.2.204"
    },
    "window": "Users",
    "extra": "extra Data"
},{
    "action": "log_data",
    "login": {
        "uid": "4",
        "date_time": "2018-01-22 19:26:32",
        "client_ip": "192.168.2.202"
    },
    "window": "Users",
    "extra": "extra Data"
},{
    "action": "log_data",
    "login": {
        "uid": "4",
        "date_time": "2018-01-22 19:26:35",
        "client_ip": "192.168.2.202"
    },
    "window": "Users",
    "extra": "extra Data"
},{
    "action": "log_data",
    "login": {
        "uid": "4",
        "date_time": "2018-01-22 19:27:08",
        "client_ip": "192.168.2.202"
    },
    "window": "Users",
    "extra": "extra Data"
},{
    "action": "log_data",
    "login": {
        "uid": "4",
        "date_time": "2018-01-22 19:27:11",
        "client_ip": "192.168.2.202"
    },
    "window": "Users",
    "extra": "extra Data"
},{
    "action": "log_data",
    "login": {
        "uid": "4",
        "date_time": "2018-01-22 19:27:13",
        "client_ip": "192.168.2.202"
    },
    "window": "Users",
    "extra": "extra Data"
},{
    "action": "log_data",
    "login": {
        "uid": "4",
        "date_time": "2018-01-22 19:27:15",
        "client_ip": "192.168.2.202"
    },
    "window": "Users",
    "extra": "extra Data"
},{
    "action": "log_data",
    "login": {
        "uid": "4",
        "date_time": "2018-01-22 19:27:17",
        "client_ip": "192.168.2.202"
    },
    "window": "Users",
    "extra": "extra Data"
},{
    "action": "log_data",
    "login": {
        "uid": "4",
        "date_time": "2018-01-22 19:27:19",
        "client_ip": "192.168.2.202"
    },
    "window": "Users",
    "extra": "extra Data"
},{
    "action": "log_data",
    "login": {
        "uid": "2",
        "date_time": "2018-01-22 19:27:23",
        "client_ip": "192.168.2.204"
    },
    "window": "Users",
    "extra": "extra Data"
},{
    "action": "log_data",
    "login": {
        "uid": "2",
        "date_time": "2018-01-22 19:28:31",
        "client_ip": "192.168.2.204"
    },
    "window": "Users",
    "extra": "extra Data"
},{
    "action": "log_data",
    "login": {
        "uid": "2",
        "date_time": "2018-01-22 19:28:34",
        "client_ip": "192.168.2.204"
    },
    "window": "Users",
    "extra": "extra Data"
},{
    "action": "log_data",
    "login": {
        "uid": "4",
        "date_time": "2018-01-22 19:29:01",
        "client_ip": "192.168.2.202"
    },
    "window": "Users",
    "extra": "extra Data"
},{
    "action": "log_data",
    "login": {
        "uid": "2",
        "date_time": "2018-01-22 19:29:00",
        "client_ip": "192.168.2.204"
    },
    "window": "Users",
    "extra": "extra Data"
},{
    "action": "log_data",
    "login": {
        "uid": "4",
        "date_time": "2018-01-22 19:29:40",
        "client_ip": "192.168.2.202"
    },
    "window": "Users",
    "extra": "extra Data"
},{
    "action": "log_data",
    "login": {
        "uid": "2",
        "date_time": "2018-01-22 19:31:51",
        "client_ip": "192.168.2.204"
    },
    "window": "Users",
    "extra": "extra Data"
},{
    "action": "log_data",
    "login": {
        "uid": "2",
        "date_time": "2018-01-22 19:32:47",
        "client_ip": "192.168.2.204"
    },
    "window": "Users",
    "extra": "extra Data"
},{
    "action": "log_data",
    "login": {
        "uid": "2",
        "date_time": "2018-01-22 19:33:17",
        "client_ip": "192.168.2.204"
    },
    "window": "Users",
    "extra": "extra Data"
},{
    "action": "log_data",
    "login": {
        "uid": "2",
        "date_time": "2018-01-22 19:35:03",
        "client_ip": "192.168.2.204"
    },
    "window": "Users",
    "extra": "extra Data"
},{
    "action": "log_data",
    "login": {
        "uid": "2",
        "date_time": "2018-01-22 19:35:54",
        "client_ip": "192.168.2.204"
    },
    "window": "Users",
    "extra": "extra Data"
},{
    "action": "log_data",
    "login": {
        "uid": "2",
        "date_time": "2018-01-22 19:36:57",
        "client_ip": "192.168.2.204"
    },
    "window": "Users",
    "extra": "extra Data"
},{
    "action": "log_data",
    "login": {
        "uid": "2",
        "date_time": "2018-01-22 19:37:29",
        "client_ip": "192.168.2.204"
    },
    "window": "Users",
    "extra": "extra Data"
},{
    "action": "log_data",
    "login": {
        "uid": "2",
        "date_time": "2018-01-22 19:37:50",
        "client_ip": "192.168.2.204"
    },
    "window": "Users",
    "extra": "extra Data"
},{
    "action": "log_data",
    "login": {
        "uid": "2",
        "date_time": "2018-01-22 19:45:01",
        "client_ip": "192.168.2.204"
    },
    "window": "Users",
    "extra": "extra Data"
},{
    "action": "log_data",
    "login": {
        "uid": "2",
        "date_time": "2018-01-22 19:49:04",
        "client_ip": "192.168.2.204"
    },
    "window": "Users",
    "extra": "extra Data"
},{
    "action": "log_data",
    "login": {
        "uid": "2",
        "date_time": "2018-01-22 19:51:17",
        "client_ip": "192.168.2.204"
    },
    "window": "Users",
    "extra": "extra Data"
},{
    "action": "log_data",
    "login": {
        "uid": "2",
        "date_time": "2018-01-22 19:52:23",
        "client_ip": "192.168.2.204"
    },
    "window": "Users",
    "extra": "extra Data"
},{
    "action": "log_data",
    "login": {
        "uid": "4",
        "date_time": "2018-01-22 19:56:26",
        "client_ip": "192.168.2.202"
    },
    "window": "Users",
    "extra": "extra Data"
},{
    "action": "log_data",
    "login": {
        "uid": "4",
        "date_time": "2018-01-22 19:57:12",
        "client_ip": "192.168.2.202"
    },
    "window": "Users",
    "extra": "extra Data"
},{
    "action": "log_data",
    "login": {
        "uid": "4",
        "date_time": "2018-01-22 19:57:14",
        "client_ip": "192.168.2.202"
    },
    "window": "Users",
    "extra": "extra Data"
},{
    "action": "log_data",
    "login": {
        "uid": "4",
        "date_time": "2018-01-22 20:01:32",
        "client_ip": "192.168.2.202"
    },
    "window": "Users",
    "extra": "extra Data"
},{
    "action": "log_data",
    "login": {
        "uid": "4",
        "date_time": "2018-01-22 20:01:36",
        "client_ip": "192.168.2.202"
    },
    "window": "Users",
    "extra": "extra Data"
},{
    "action": "log_data",
    "login": {
        "uid": "4",
        "date_time": "2018-01-22 20:02:09",
        "client_ip": "192.168.2.202"
    },
    "window": "Users",
    "extra": "extra Data"
},{
    "action": "log_data",
    "login": {
        "uid": "4",
        "date_time": "2018-01-22 20:05:26",
        "client_ip": "192.168.2.202"
    },
    "window": "Users",
    "extra": "extra Data"
},{
    "action": "log_data",
    "login": {
        "uid": "4",
        "date_time": "2018-01-22 20:05:33",
        "client_ip": "192.168.2.202"
    },
    "window": "Users",
    "extra": "extra Data"
},{
    "action": "log_data",
    "login": {
        "uid": "4",
        "date_time": "2018-01-22 20:05:35",
        "client_ip": "192.168.2.202"
    },
    "window": "Users",
    "extra": "extra Data"
},{
    "action": "log_data",
    "login": {
        "uid": "4",
        "date_time": "2018-01-22 20:05:36",
        "client_ip": "192.168.2.202"
    },
    "window": "Users",
    "extra": "extra Data"
},{
    "action": "log_data",
    "login": {
        "uid": "2",
        "date_time": "2018-01-22 20:19:05",
        "client_ip": "192.168.2.204"
    },
    "window": "Users",
    "extra": "extra Data"
},{
    "action": "log_data",
    "login": {
        "uid": "2",
        "date_time": "2018-01-22 20:21:17",
        "client_ip": "192.168.2.204"
    },
    "window": "Users",
    "extra": "extra Data"
},{
    "action": "log_data",
    "login": {
        "uid": "2",
        "date_time": "2018-01-22 20:21:32",
        "client_ip": "192.168.2.204"
    },
    "window": "Users",
    "extra": "extra Data"
},{
    "action": "log_data",
    "login": {
        "uid": "2",
        "date_time": "2018-01-22 20:21:57",
        "client_ip": "192.168.2.204"
    },
    "window": "Users",
    "extra": "extra Data"
},{
    "action": "log_data",
    "login": {
        "uid": "2",
        "date_time": "2018-01-22 20:22:04",
        "client_ip": "192.168.2.204"
    },
    "window": "Users",
    "extra": "extra Data"
},{
    "action": "log_data",
    "login": {
        "uid": "2",
        "date_time": "2018-01-22 20:22:19",
        "client_ip": "192.168.2.204"
    },
    "window": "Users",
    "extra": "extra Data"
},{
    "action": "log_data",
    "login": {
        "uid": "2",
        "date_time": "2018-01-22 20:23:20",
        "client_ip": "192.168.2.204"
    },
    "window": "Users",
    "extra": "extra Data"
},{
    "action": "log_data",
    "login": {
        "uid": "2",
        "date_time": "2018-01-22 20:23:32",
        "client_ip": "192.168.2.204"
    },
    "window": "Users",
    "extra": "extra Data"
},{
    "action": "log_data",
    "login": {
        "uid": "2",
        "date_time": "2018-01-22 20:25:54",
        "client_ip": "192.168.2.204"
    },
    "window": "Users",
    "extra": "extra Data"
},{
    "action": "log_data",
    "login": {
        "uid": "1",
        "date_time": "2018-01-22 20:29:33",
        "client_ip": "157.48.234.95"
    },
    "window": "Users",
    "extra": "extra Data"
},{
    "action": "log_data",
    "login": {
        "uid": "1",
        "date_time": "2018-01-22 20:29:55",
        "client_ip": "157.48.234.95"
    },
    "window": "Users",
    "extra": "extra Data"
},{
    "action": "log_data",
    "login": {
        "uid": "2",
        "date_time": "2018-01-22 20:29:49",
        "client_ip": "192.168.2.204"
    },
    "window": "Users",
    "extra": "extra Data"
},{
    "action": "log_data",
    "login": {
        "uid": "1",
        "date_time": "2018-01-22 20:30:26",
        "client_ip": "157.48.234.95"
    },
    "window": "Users",
    "extra": "extra Data"
},{
    "action": "log_data",
    "login": {
        "uid": "2",
        "date_time": "2018-01-22 20:30:21",
        "client_ip": "192.168.2.204"
    },
    "window": "Users",
    "extra": "extra Data"
},{
    "action": "log_data",
    "login": {
        "uid": "1",
        "date_time": "2018-01-22 20:30:43",
        "client_ip": "157.48.234.95"
    },
    "window": "Users",
    "extra": "extra Data"
},{
    "action": "log_data",
    "login": {
        "uid": "2",
        "date_time": "2018-01-22 20:30:47",
        "client_ip": "192.168.2.204"
    },
    "window": "Users",
    "extra": "extra Data"
},{
    "action": "log_data",
    "login": {
        "uid": "2",
        "date_time": "2018-01-22 20:30:47",
        "client_ip": "192.168.2.204"
    },
    "window": "Users",
    "extra": "extra Data"
},{
    "action": "log_data",
    "login": {
        "uid": "2",
        "date_time": "2018-01-22 20:42:04",
        "client_ip": "192.168.2.204"
    },
    "window": "Users",
    "extra": "extra Data"
},{
    "action": "log_data",
    "login": {
        "uid": "2",
        "date_time": "2018-01-22 20:44:08",
        "client_ip": "192.168.2.204"
    },
    "window": "Users",
    "extra": "extra Data"
},{
    "action": "log_data",
    "login": {
        "uid": "2",
        "date_time": "2018-01-22 20:45:17",
        "client_ip": "192.168.2.204"
    },
    "window": "Users",
    "extra": "extra Data"
},{
    "action": "log_data",
    "login": {
        "uid": "2",
        "date_time": "2018-01-22 20:51:31",
        "client_ip": "192.168.2.204"
    },
    "window": "Users",
    "extra": "extra Data"
},{
    "action": "log_data",
    "login": {
        "uid": "2",
        "date_time": "2018-01-22 20:51:35",
        "client_ip": "192.168.2.204"
    },
    "window": "Users",
    "extra": "extra Data"
},{
    "action": "log_data",
    "login": {
        "uid": "2",
        "date_time": "2018-01-22 20:53:14",
        "client_ip": "192.168.2.204"
    },
    "window": "Users",
    "extra": "extra Data"
},{
    "action": "log_data",
    "login": {
        "uid": "2",
        "date_time": "2018-01-22 20:53:25",
        "client_ip": "192.168.2.204"
    },
    "window": "Users",
    "extra": "extra Data"
},{
    "action": "log_data",
    "login": {
        "uid": "2",
        "date_time": "2018-01-22 20:53:57",
        "client_ip": "192.168.2.204"
    },
    "window": "Users",
    "extra": "extra Data"
},{
    "action": "log_data",
    "login": {
        "uid": "2",
        "date_time": "2018-01-22 20:54:00",
        "client_ip": "192.168.2.204"
    },
    "window": "Users",
    "extra": "extra Data"
},{
    "action": "log_data",
    "login": {
        "uid": "2",
        "date_time": "2018-01-22 20:54:01",
        "client_ip": "192.168.2.204"
    },
    "window": "Users",
    "extra": "extra Data"
},{
    "action": "log_data",
    "login": {
        "uid": "2",
        "date_time": "2018-01-22 20:54:07",
        "client_ip": "192.168.2.204"
    },
    "window": "Users",
    "extra": "extra Data"
},{
    "action": "log_data",
    "login": {
        "uid": "2",
        "date_time": "2018-01-22 20:54:08",
        "client_ip": "192.168.2.204"
    },
    "window": "Users",
    "extra": "extra Data"
},{
    "action": "log_data",
    "login": {
        "uid": "2",
        "date_time": "2018-01-22 20:56:26",
        "client_ip": "192.168.2.204"
    },
    "window": "Users",
    "extra": "extra Data"
},{
    "action": "log_data",
    "login": {
        "uid": "2",
        "date_time": "2018-01-22 20:56:49",
        "client_ip": "192.168.2.204"
    },
    "window": "Users",
    "extra": "extra Data"
},{
    "action": "log_data",
    "login": {
        "uid": "2",
        "date_time": "2018-01-22 20:56:52",
        "client_ip": "192.168.2.204"
    },
    "window": "Users",
    "extra": "extra Data"
},{
    "action": "log_data",
    "login": {
        "uid": "2",
        "date_time": "2018-01-22 20:57:34",
        "client_ip": "192.168.2.204"
    },
    "window": "Users",
    "extra": "extra Data"
},{
    "action": "log_data",
    "login": {
        "uid": "2",
        "date_time": "2018-01-22 21:00:34",
        "client_ip": "192.168.2.204"
    },
    "window": "Users",
    "extra": "extra Data"
},