{
    "action": "log_data",
    "login": {
        "uid": "2",
        "date_time": "2018-02-10 11:37:18",
        "client_ip": "10.22.39.23"
    },
    "window": "Asset Inward",
    "extra": "Asset Inward is opened"
},{
    "action": "log_data",
    "login": {
        "uid": "2",
        "date_time": "2018-02-10 11:44:51",
        "client_ip": "10.22.39.23"
    },
    "window": "Stores",
    "extra": "Stores is opened"
},{
    "action": "log_data",
    "login": {
        "uid": "2",
        "date_time": "2018-02-10 11:44:52",
        "client_ip": "10.22.39.23"
    },
    "window": "Supplier",
    "extra": "Supplier data is opened"
},{
    "action": "log_data",
    "login": {
        "uid": "2",
        "date_time": "2018-02-10 11:44:53",
        "client_ip": "10.22.39.23"
    },
    "window": "Item Group",
    "extra": "Item Group is opened"
},{
    "action": "log_data",
    "login": {
        "uid": "2",
        "date_time": "2018-02-10 11:44:54",
        "client_ip": "10.22.39.23"
    },
    "window": "Assets",
    "extra": "Assets is opened"
},{
    "action": "log_data",
    "login": {
        "uid": "2",
        "date_time": "2018-02-10 11:44:55",
        "client_ip": "10.22.39.23"
    },
    "window": "Medicines",
    "extra": "Medicines is opened"
},{
    "action": "log_data",
    "login": {
        "uid": "2",
        "date_time": "2018-02-10 11:44:57",
        "client_ip": "10.22.39.23"
    },
    "window": "Asset PO",
    "extra": "Asset PO opened"
},{
    "action": "log_data",
    "login": {
        "uid": "2",
        "date_time": "2018-02-10 11:45:00",
        "client_ip": "10.22.39.23"
    },
    "window": "Asset Stock",
    "extra": "Asset Stock Opened"
},{
    "action": "log_data",
    "login": {
        "uid": "2",
        "date_time": "2018-02-10 11:45:07",
        "client_ip": "10.22.39.23"
    },
    "window": " New Patient ",
    "extra": "New patient Opened"
},{
    "action": "log_data",
    "login": {
        "uid": "2",
        "date_time": "2018-02-10 11:45:07",
        "client_ip": "10.22.39.23"
    },
    "window": " New Patient ",
    "extra": "New patient Opened"
},{
    "action": "log_data",
    "login": {
        "uid": "2",
        "date_time": "2018-02-10 11:45:17",
        "client_ip": "10.22.39.23"
    },
    "window": "Users",
    "extra": "extra Data"
},{
    "action": "log_data",
    "login": {
        "uid": "2",
        "date_time": "2018-02-10 11:45:33",
        "client_ip": "10.22.39.23"
    },
    "window": "Users",
    "extra": "extra Data"
},{
    "action": "log_data",
    "login": {
        "uid": "4",
        "date_time": "2018-02-10 12:23:04",
        "client_ip": "10.22.39.22"
    },
    "window": "Asset Outward",
    "extra": "Asset outward opened"
},{
    "action": "log_data",
    "login": {
        "uid": "2",
        "date_time": "2018-02-10 12:49:24",
        "client_ip": "10.22.39.23"
    },
    "window": " New Patient ",
    "extra": "New patient Opened"
},{
    "action": "log_data",
    "login": {
        "uid": "2",
        "date_time": "2018-02-10 12:49:24",
        "client_ip": "10.22.39.23"
    },
    "window": " New Patient ",
    "extra": "New patient Opened"
},{
    "action": "log_data",
    "login": {
        "uid": "2",
        "date_time": "2018-02-10 15:32:09",
        "client_ip": "10.22.39.23"
    },
    "window": "Stores",
    "extra": "Stores is opened"
},{
    "action": "log_data",
    "login": {
        "uid": "2",
        "date_time": "2018-02-10 15:33:13",
        "client_ip": "10.22.39.23"
    },
    "window": "Stores",
    "extra": "id=11&store_type=Test&store_name=jain%20farmacy&store_account_group=1&tin_no=23232323232&drug_no=23232323232&is_super_store=yes&sales_unit=yes&location_id=13"
},{
    "action": "log_data",
    "login": {
        "uid": "2",
        "date_time": "2018-02-10 15:33:13",
        "client_ip": "10.22.39.23"
    },
    "window": "Stores",
    "extra": "Stores is opened"
},{
    "action": "log_data",
    "login": {
        "uid": "2",
        "date_time": "2018-02-10 15:33:27",
        "client_ip": "10.22.39.23"
    },
    "window": "Stores",
    "extra": "id=1&store_type=Inventory&store_name=Apollo%20Pharmacy&store_account_group=2&tin_no=42343243442348999&drug_no=4324234342&is_super_store=yes&sales_unit=yes&location_id=10"
},{
    "action": "log_data",
    "login": {
        "uid": "2",
        "date_time": "2018-02-10 15:33:27",
        "client_ip": "10.22.39.23"
    },
    "window": "Stores",
    "extra": "Stores is opened"
},{
    "action": "log_data",
    "login": {
        "uid": "2",
        "date_time": "2018-02-10 15:33:33",
        "client_ip": "10.22.39.23"
    },
    "window": "Stores",
    "extra": "id=2&store_type=Inventory&store_name=Hetero%20Drugs&store_account_group=6&tin_no=5453545&drug_no=534534&is_super_store=yes&sales_unit=No&location_id=11"
},{
    "action": "log_data",
    "login": {
        "uid": "2",
        "date_time": "2018-02-10 15:33:33",
        "client_ip": "10.22.39.23"
    },
    "window": "Stores",
    "extra": "Stores is opened"
},{
    "action": "log_data",
    "login": {
        "uid": "2",
        "date_time": "2018-02-10 15:33:41",
        "client_ip": "10.22.39.23"
    },
    "window": "Stores",
    "extra": "id=3&store_type=Inventory&store_name=Medplus%20Pharmacy&store_account_group=2&tin_no=34534234&drug_no=4234324&is_super_store=yes&sales_unit=yes&location_id=12"
},{
    "action": "log_data",
    "login": {
        "uid": "2",
        "date_time": "2018-02-10 15:33:41",
        "client_ip": "10.22.39.23"
    },
    "window": "Stores",
    "extra": "Stores is opened"
},{
    "action": "log_data",
    "login": {
        "uid": "2",
        "date_time": "2018-02-10 15:33:49",
        "client_ip": "10.22.39.23"
    },
    "window": "Stores",
    "extra": "id=4&store_type=Inventory&store_name=Himalaya%20Medical&store_account_group=1&tin_no=4554355&drug_no=43244234&is_super_store=yes&sales_unit=yes&location_id=13"
},{
    "action": "log_data",
    "login": {
        "uid": "2",
        "date_time": "2018-02-10 15:33:49",
        "client_ip": "10.22.39.23"
    },
    "window": "Stores",
    "extra": "Stores is opened"
},{
    "action": "log_data",
    "login": {
        "uid": "2",
        "date_time": "2018-02-10 15:33:59",
        "client_ip": "10.22.39.23"
    },
    "window": "Stores",
    "extra": "id=6&store_type=Inventory&store_name=Medi%20Pharma&store_account_group=6&tin_no=243324&drug_no=423423&is_super_store=yes&sales_unit=yes&location_id=14"
},{
    "action": "log_data",
    "login": {
        "uid": "2",
        "date_time": "2018-02-10 15:33:59",
        "client_ip": "10.22.39.23"
    },
    "window": "Stores",
    "extra": "Stores is opened"
},{
    "action": "log_data",
    "login": {
        "uid": "2",
        "date_time": "2018-02-10 15:34:05",
        "client_ip": "10.22.39.23"
    },
    "window": "Stores",
    "extra": "id=11&store_type=Test&store_name=jain%20farmacy&store_account_group=1&tin_no=23232323232&drug_no=23232323232&is_super_store=yes&sales_unit=yes&location_id=15"
},{
    "action": "log_data",
    "login": {
        "uid": "2",
        "date_time": "2018-02-10 15:34:05",
        "client_ip": "10.22.39.23"
    },
    "window": "Stores",
    "extra": "Stores is opened"
},{
    "action": "log_data",
    "login": {
        "uid": "2",
        "date_time": "2018-02-10 15:35:01",
        "client_ip": "10.22.39.23"
    },
    "window": "Stores",
    "extra": "id=1&store_type=Inventory&store_name=Apollo%20Pharmacy&store_account_group=2&tin_no=42343243442348999&drug_no=4324234342&is_super_store=yes&sales_unit=No&location_id=10"
},{
    "action": "log_data",
    "login": {
        "uid": "2",
        "date_time": "2018-02-10 15:35:01",
        "client_ip": "10.22.39.23"
    },
    "window": "Stores",
    "extra": "Stores is opened"
},{
    "action": "log_data",
    "login": {
        "uid": "2",
        "date_time": "2018-02-10 15:37:22",
        "client_ip": "10.22.39.23"
    },
    "window": "Stores",
    "extra": "Stores is opened"
},{
    "action": "log_data",
    "login": {
        "uid": "2",
        "date_time": "2018-02-10 15:38:43",
        "client_ip": "10.22.39.23"
    },
    "window": "Stores",
    "extra": "Stores is opened"
},{
    "action": "log_data",
    "login": {
        "uid": "2",
        "date_time": "2018-02-10 15:39:17",
        "client_ip": "10.22.39.23"
    },
    "window": "Stores",
    "extra": "Stores is opened"
},{
    "action": "log_data",
    "login": {
        "uid": "2",
        "date_time": "2018-02-10 15:39:54",
        "client_ip": "10.22.39.23"
    },
    "window": "Stores",
    "extra": "store_type=Test&store_name=local%20help&store_account_group=2&tin_no=3223&drug_no=233&is_super_store=No&sales_unit=yes&location_id=11"
},{
    "action": "log_data",
    "login": {
        "uid": "2",
        "date_time": "2018-02-10 15:39:54",
        "client_ip": "10.22.39.23"
    },
    "window": "Stores",
    "extra": "Stores is opened"
},{
    "action": "log_data",
    "login": {
        "uid": "2",
        "date_time": "2018-02-10 15:41:38",
        "client_ip": "10.22.39.23"
    },
    "window": "Stores",
    "extra": "Stores is opened"
},{
    "action": "log_data",
    "login": {
        "uid": "2",
        "date_time": "2018-02-10 15:42:38",
        "client_ip": "10.22.39.23"
    },
    "window": "Stores",
    "extra": "Stores is opened"
},{
    "action": "log_data",
    "login": {
        "uid": "2",
        "date_time": "2018-02-10 15:44:42",
        "client_ip": "10.22.39.23"
    },
    "window": "Stores",
    "extra": "Stores is opened"
},{
    "action": "log_data",
    "login": {
        "uid": "2",
        "date_time": "2018-02-10 15:44:50",
        "client_ip": "10.22.39.23"
    },
    "window": "Stores",
    "extra": "id=12&store_type=Test&store_name=local%20help&store_account_group=2&tin_no=3223&drug_no=233&is_super_store=No&sales_unit=yes&location_id=15"
},{
    "action": "log_data",
    "login": {
        "uid": "2",
        "date_time": "2018-02-10 15:44:50",
        "client_ip": "10.22.39.23"
    },
    "window": "Stores",
    "extra": "Stores is opened"
},{
    "action": "log_data",
    "login": {
        "uid": "2",
        "date_time": "2018-02-10 15:45:21",
        "client_ip": "10.22.39.23"
    },
    "window": "Stores",
    "extra": "Stores is opened"
},{
    "action": "log_data",
    "login": {
        "uid": "2",
        "date_time": "2018-02-10 15:45:29",
        "client_ip": "10.22.39.23"
    },
    "window": "Stores",
    "extra": "id=12&store_type=Test&store_name=local%20help&store_account_group=2&tin_no=3223&drug_no=233&is_super_store=No&sales_unit=yes&location_id="
},{
    "action": "log_data",
    "login": {
        "uid": "2",
        "date_time": "2018-02-10 15:45:29",
        "client_ip": "10.22.39.23"
    },
    "window": "Stores",
    "extra": "Stores is opened"
},{
    "action": "log_data",
    "login": {
        "uid": "2",
        "date_time": "2018-02-10 15:46:05",
        "client_ip": "10.22.39.23"
    },
    "window": "Stores",
    "extra": "Stores is opened"
},{
    "action": "log_data",
    "login": {
        "uid": "2",
        "date_time": "2018-02-10 15:46:17",
        "client_ip": "10.22.39.23"
    },
    "window": "Stores",
    "extra": "id=12&store_type=Test&store_name=local%20help&store_account_group=2&tin_no=3223&drug_no=233&is_super_store=No&sales_unit=yes&location_id=10"
},{
    "action": "log_data",
    "login": {
        "uid": "2",
        "date_time": "2018-02-10 15:46:17",
        "client_ip": "10.22.39.23"
    },
    "window": "Stores",
    "extra": "Stores is opened"
},{
    "action": "log_data",
    "login": {
        "uid": "2",
        "date_time": "2018-02-10 15:47:39",
        "client_ip": "10.22.39.23"
    },
    "window": "Asset Inward",
    "extra": "Asset Inward is opened"
},{
    "action": "log_data",
    "login": {
        "uid": "2",
        "date_time": "2018-02-10 15:47:49",
        "client_ip": "10.22.39.23"
    },
    "window": "Stores",
    "extra": "Stores is opened"
},{
    "action": "log_data",
    "login": {
        "uid": "2",
        "date_time": "2018-02-10 15:49:24",
        "client_ip": "10.22.39.23"
    },
    "window": "Stores",
    "extra": "Stores is opened"
},{
    "action": "log_data",
    "login": {
        "uid": "2",
        "date_time": "2018-02-10 15:49:51",
        "client_ip": "10.22.39.23"
    },
    "window": "Stores",
    "extra": "Stores is opened"
},{
    "action": "log_data",
    "login": {
        "uid": "2",
        "date_time": "2018-02-10 15:51:00",
        "client_ip": "10.22.39.23"
    },
    "window": "Stores",
    "extra": "Stores is opened"
},{
    "action": "log_data",
    "login": {
        "uid": "2",
        "date_time": "2018-02-10 15:51:14",
        "client_ip": "10.22.39.23"
    },
    "window": "Stores",
    "extra": "id=12&store_type=Test&store_name=local%20help&store_account_group=2&tin_no=3223&drug_no=233&is_super_store=No&sales_unit=yes&location_id="
},{
    "action": "log_data",
    "login": {
        "uid": "2",
        "date_time": "2018-02-10 15:51:14",
        "client_ip": "10.22.39.23"
    },
    "window": "Stores",
    "extra": "Stores is opened"
},{
    "action": "log_data",
    "login": {
        "uid": "2",
        "date_time": "2018-02-10 15:51:54",
        "client_ip": "10.22.39.23"
    },
    "window": "Stores",
    "extra": "Stores is opened"
},{
    "action": "log_data",
    "login": {
        "uid": "2",
        "date_time": "2018-02-10 15:52:30",
        "client_ip": "10.22.39.23"
    },
    "window": "Stores",
    "extra": "id=12&store_type=Test&store_name=local%20help&store_account_group=2&tin_no=3223&drug_no=233&is_super_store=No&sales_unit=yes&location_id=15"
},{
    "action": "log_data",
    "login": {
        "uid": "2",
        "date_time": "2018-02-10 15:52:30",
        "client_ip": "10.22.39.23"
    },
    "window": "Stores",
    "extra": "Stores is opened"
},{
    "action": "log_data",
    "login": {
        "uid": "2",
        "date_time": "2018-02-10 15:58:15",
        "client_ip": "10.22.39.23"
    },
    "window": "Stores",
    "extra": "Stores is opened"
},{
    "action": "log_data",
    "login": {
        "uid": "2",
        "date_time": "2018-02-10 18:15:45",
        "client_ip": "10.22.39.23"
    },
    "window": "Stores",
    "extra": "Stores is opened"
},{
    "action": "log_data",
    "login": {
        "uid": "2",
        "date_time": "2018-02-10 18:16:35",
        "client_ip": "10.22.39.23"
    },
    "window": "Stores",
    "extra": "Stores is opened"
},{
    "action": "log_data",
    "login": {
        "uid": "2",
        "date_time": "2018-02-10 18:24:46",
        "client_ip": "10.22.39.23"
    },
    "window": "Stores",
    "extra": "Stores is opened"
},{
    "action": "log_data",
    "login": {
        "uid": "2",
        "date_time": "2018-02-10 18:26:04",
        "client_ip": "10.22.39.23"
    },
    "window": "Stores",
    "extra": "Stores is opened"
},{
    "action": "log_data",
    "login": {
        "uid": "2",
        "date_time": "2018-02-10 18:28:24",
        "client_ip": "10.22.39.23"
    },
    "window": "Stores",
    "extra": "Stores is opened"
},{
    "action": "log_data",
    "login": {
        "uid": "2",
        "date_time": "2018-02-10 18:30:01",
        "client_ip": "10.22.39.23"
    },
    "window": "Stores",
    "extra": "Stores is opened"
},{
    "action": "log_data",
    "login": {
        "uid": "2",
        "date_time": "2018-02-10 18:30:56",
        "client_ip": "10.22.39.23"
    },
    "window": "Stores",
    "extra": "Stores is opened"
},{
    "action": "log_data",
    "login": {
        "uid": "2",
        "date_time": "2018-02-10 18:31:44",
        "client_ip": "10.22.39.23"
    },
    "window": "Stores",
    "extra": "Stores is opened"
},{
    "action": "log_data",
    "login": {
        "uid": "2",
        "date_time": "2018-02-10 18:32:11",
        "client_ip": "10.22.39.23"
    },
    "window": "Stores",
    "extra": "Stores is opened"
},{
    "action": "log_data",
    "login": {
        "uid": "2",
        "date_time": "2018-02-10 18:32:39",
        "client_ip": "10.22.39.23"
    },
    "window": "Stores",
    "extra": "Stores is opened"
},{
    "action": "log_data",
    "login": {
        "uid": "2",
        "date_time": "2018-02-10 18:33:09",
        "client_ip": "10.22.39.23"
    },
    "window": "Stores",
    "extra": "id=12&store_type=Test&store_name=local%20help&store_account_group=2&tin_no=3223&drug_no=233&is_super_store=No&sales_unit=yes&location_id=13"
},{
    "action": "log_data",
    "login": {
        "uid": "2",
        "date_time": "2018-02-10 18:33:09",
        "client_ip": "10.22.39.23"
    },
    "window": "Stores",
    "extra": "Stores is opened"
},{
    "action": "log_data",
    "login": {
        "uid": "2",
        "date_time": "2018-02-10 18:33:19",
        "client_ip": "10.22.39.23"
    },
    "window": "Stores",
    "extra": "id=12&store_type=Test&store_name=local%20help&store_account_group=2&tin_no=3223&drug_no=233&is_super_store=No&sales_unit=yes&location_id=10"
},{
    "action": "log_data",
    "login": {
        "uid": "2",
        "date_time": "2018-02-10 18:33:19",
        "client_ip": "10.22.39.23"
    },
    "window": "Stores",
    "extra": "Stores is opened"
},{
    "action": "log_data",
    "login": {
        "uid": "2",
        "date_time": "2018-02-10 18:34:02",
        "client_ip": "10.22.39.23"
    },
    "window": "Stores",
    "extra": "Stores is opened"
},{
    "action": "log_data",
    "login": {
        "uid": "2",
        "date_time": "2018-02-10 18:48:52",
        "client_ip": "10.22.39.23"
    },
    "window": "Stores",
    "extra": "Stores is opened"
},{
    "action": "log_data",
    "login": {
        "uid": "2",
        "date_time": "2018-02-10 19:02:09",
        "client_ip": "10.22.39.23"
    },
    "window": "Medicines",
    "extra": "Medicines is opened"
},{
    "action": "log_data",
    "login": {
        "uid": "2",
        "date_time": "2018-02-10 19:03:41",
        "client_ip": "10.22.39.23"
    },
    "window": "Medicines",
    "extra": "med_id=28&med_group_id=1&med_category=lll&med_name=wewwww&med_brand=we&med_combination=asd&med_allow_sale=yes&med_sale_units=Pack&med_distributed_units=Pack&med_tax=GST18"
},{
    "action": "log_data",
    "login": {
        "uid": "2",
        "date_time": "2018-02-10 19:03:41",
        "client_ip": "10.22.39.23"
    },
    "window": "Medicines",
    "extra": "Medicines is opened"
},{
    "action": "log_data",
    "login": {
        "uid": "2",
        "date_time": "2018-02-10 19:03:56",
        "client_ip": "10.22.39.23"
    },
    "window": "Medicines",
    "extra": "med_id=22&med_group_id=1&med_category=Tablets&med_name=ssss&med_brand=tata&med_combination=asss&med_allow_sale=No&med_sale_units=Pallet&med_distributed_units=Pallet&med_tax=GST18"
},{
    "action": "log_data",
    "login": {
        "uid": "2",
        "date_time": "2018-02-10 19:03:56",
        "client_ip": "10.22.39.23"
    },
    "window": "Medicines",
    "extra": "Medicines is opened"
},{
    "action": "log_data",
    "login": {
        "uid": "4",
        "date_time": "2018-02-10 19:07:43",
        "client_ip": "10.22.39.22"
    },
    "window": "Asset Outward",
    "extra": "Asset outward opened"
},{
    "action": "log_data",
    "login": {
        "uid": "2",
        "date_time": "2018-02-10 19:08:08",
        "client_ip": "10.22.39.23"
    },
    "window": "Medicines",
    "extra": "Medicines is opened"
},{
    "action": "log_data",
    "login": {
        "uid": "4",
        "date_time": "2018-02-10 19:08:35",
        "client_ip": "10.22.39.22"
    },
    "window": "Asset Outward",
    "extra": "asset_outward%5Bitems_list%5D%5B0%5D%5Bitem_id%5D=3&asset_outward%5Bitems_list%5D%5B0%5D%5Bstore_name%5D=Hetero%20Drugs&asset_outward%5Bitems_list%5D%5B0%5D%5Basset_name%5D=Chairs&asset_outward%5Bitems_list%5D%5B0%5D%5Bquantity%5D=0&asset_outward%5Bitems_list%5D%5B0%5D%5Breceived_quantity%5D=0&asset_outward%5Bitems_list%5D%5B0%5D%5B%24%24hashKey%5D=object%3A182&asset_outward%5Bitems_list%5D%5B1%5D%5Bitem_id%5D=4&asset_outward%5Bitems_list%5D%5B1%5D%5Bstore_name%5D=Hetero%20Drugs&asset_outward%5Bitems_list%5D%5B1%5D%5Basset_name%5D=Fan&asset_outward%5Bitems_list%5D%5B1%5D%5Bquantity%5D=0&asset_outward%5Bitems_list%5D%5B1%5D%5Breceived_quantity%5D=0&asset_outward%5Bitems_list%5D%5B1%5D%5B%24%24hashKey%5D=object%3A247&asset_outward%5Bitems_list%5D%5B2%5D%5Bitem_id%5D=3&asset_outward%5Bitems_list%5D%5B2%5D%5Bstore_name%5D=Hetero%20Drugs&asset_outward%5Bitems_list%5D%5B2%5D%5Basset_name%5D=Chairs&asset_outward%5Bitems_list%5D%5B2%5D%5Bquantity%5D=0&asset_outward%5Bitems_list%5D%5B2%5D%5Breceived_quantity%5D=0&asset_outward%5Bitems_list%5D%5B2%5D%5B%24%24hashKey%5D=object%3A308&asset_outward%5Bitems_list%5D%5B3%5D%5Bitem_id%5D=4&asset_outward%5Bitems_list%5D%5B3%5D%5Bstore_name%5D=Hetero%20Drugs&asset_outward%5Bitems_list%5D%5B3%5D%5Basset_name%5D=Fan&asset_outward%5Bitems_list%5D%5B3%5D%5Bquantity%5D=0&asset_outward%5Bitems_list%5D%5B3%5D%5Breceived_quantity%5D=0&asset_outward%5Bitems_list%5D%5B3%5D%5B%24%24hashKey%5D=object%3A369&asset_outward%5Bitems_list%5D%5B4%5D%5Bitem_id%5D=3&asset_outward%5Bitems_list%5D%5B4%5D%5Bstore_name%5D=Hetero%20Drugs&asset_outward%5Bitems_list%5D%5B4%5D%5Basset_name%5D=Chairs&asset_outward%5Bitems_list%5D%5B4%5D%5Bquantity%5D=0&asset_outward%5Bitems_list%5D%5B4%5D%5Breceived_quantity%5D=0&asset_outward%5Bitems_list%5D%5B4%5D%5B%24%24hashKey%5D=object%3A430&asset_outward%5Bao_user_id%5D=1&asset_outward%5Bao_fromstore_id%5D=2&asset_outward%5Bao_fromstore_name%5D=Hetero%20Drugs&asset_outward%5Bao_tostore_id%5D=4&asset_outward%5Bao_tostore_name%5D=Himalaya%20Medical&asset_outward%5Bao_transactiontime%5D=2018-02-10%207%3A8%3A24%20PM"
},{
    "action": "log_data",
    "login": {
        "uid": "4",
        "date_time": "2018-02-10 19:08:35",
        "client_ip": "10.22.39.22"
    },
    "window": "Asset Outward",
    "extra": "Asset outward opened"
},{
    "action": "log_data",
    "login": {
        "uid": "1",
        "date_time": "2018-02-10 19:08:31",
        "client_ip": "10.22.39.27"
    },
    "window": "Supplier",
    "extra": "Supplier data is opened"
},{
    "action": "log_data",
    "login": {
        "uid": "1",
        "date_time": "2018-02-10 19:08:33",
        "client_ip": "10.22.39.27"
    },
    "window": "Stores",
    "extra": "Stores is opened"
},{
    "action": "log_data",
    "login": {
        "uid": "1",
        "date_time": "2018-02-10 19:08:48",
        "client_ip": "10.22.39.27"
    },
    "window": "Users",
    "extra": "extra Data"
},{
    "action": "log_data",
    "login": {
        "uid": "1",
        "date_time": "2018-02-10 19:08:50",
        "client_ip": "10.22.39.27"
    },
    "window": "Supplier",
    "extra": "Supplier data is opened"
},{
    "action": "log_data",
    "login": {
        "uid": "1",
        "date_time": "2018-02-10 19:08:51",
        "client_ip": "10.22.39.27"
    },
    "window": "Users",
    "extra": "extra Data"
},{
    "action": "log_data",
    "login": {
        "uid": "1",
        "date_time": "2018-02-10 19:08:57",
        "client_ip": "10.22.39.27"
    },
    "window": "Assets",
    "extra": "Assets is opened"
},{
    "action": "log_data",
    "login": {
        "uid": "1",
        "date_time": "2018-02-10 19:08:59",
        "client_ip": "10.22.39.27"
    },
    "window": "Medicines",
    "extra": "Medicines is opened"
},{
    "action": "log_data",
    "login": {
        "uid": "1",
        "date_time": "2018-02-10 19:09:54",
        "client_ip": "10.22.39.27"
    },
    "window": "Asset Outward",
    "extra": "Asset outward opened"
},{
    "action": "log_data",
    "login": {
        "uid": "1",
        "date_time": "2018-02-10 19:09:55",
        "client_ip": "10.22.39.27"
    },
    "window": "Asset Stock",
    "extra": "Asset Stock Opened"
},{
    "action": "log_data",
    "login": {
        "uid": "1",
        "date_time": "2018-02-10 19:09:56",
        "client_ip": "10.22.39.27"
    },
    "window": "Asset Outward",
    "extra": "Asset outward opened"
},{
    "action": "log_data",
    "login": {
        "uid": "1",
        "date_time": "2018-02-10 19:09:58",
        "client_ip": "10.22.39.27"
    },
    "window": "Asset Stock",
    "extra": "Asset Stock Opened"
},{
    "action": "log_data",
    "login": {
        "uid": "1",
        "date_time": "2018-02-10 19:09:59",
        "client_ip": "10.22.39.27"
    },
    "window": "Asset Outward",
    "extra": "Asset outward opened"
},{
    "action": "log_data",
    "login": {
        "uid": "1",
        "date_time": "2018-02-10 19:10:00",
        "client_ip": "10.22.39.27"
    },
    "window": "Asset Stock",
    "extra": "Asset Stock Opened"
},{
    "action": "log_data",
    "login": {
        "uid": "1",
        "date_time": "2018-02-10 19:10:04",
        "client_ip": "10.22.39.27"
    },
    "window": "Asset Outward",
    "extra": "Asset outward opened"
},{
    "action": "log_data",
    "login": {
        "uid": "1",
        "date_time": "2018-02-10 19:10:09",
        "client_ip": "10.22.39.27"
    },
    "window": "Asset PO",
    "extra": "Asset PO opened"
},{
    "action": "log_data",
    "login": {
        "uid": "1",
        "date_time": "2018-02-10 19:10:10",
        "client_ip": "10.22.39.27"
    },
    "window": "Medicines",
    "extra": "Medicines is opened"
},{
    "action": "log_data",
    "login": {
        "uid": "1",
        "date_time": "2018-02-10 19:10:11",
        "client_ip": "10.22.39.27"
    },
    "window": "Asset PO",
    "extra": "Asset PO opened"
},{
    "action": "log_data",
    "login": {
        "uid": "1",
        "date_time": "2018-02-10 19:10:18",
        "client_ip": "10.22.39.27"
    },
    "window": "Supplier",
    "extra": "Supplier data is opened"
},{
    "action": "log_data",
    "login": {
        "uid": "1",
        "date_time": "2018-02-10 19:10:19",
        "client_ip": "10.22.39.27"
    },
    "window": "Medicines",
    "extra": "Medicines is opened"
},{
    "action": "log_data",
    "login": {
        "uid": "1",
        "date_time": "2018-02-10 19:15:42",
        "client_ip": "10.22.39.27"
    },
    "window": "Item Group",
    "extra": "Item Group is opened"
},{
    "action": "log_data",
    "login": {
        "uid": "1",
        "date_time": "2018-02-10 19:17:51",
        "client_ip": "10.22.39.27"
    },
    "window": "Item Group",
    "extra": "Item Group is opened"
},{
    "action": "log_data",
    "login": {
        "uid": "1",
        "date_time": "2018-02-10 19:18:43",
        "client_ip": "10.22.39.27"
    },
    "window": "Item Group",
    "extra": "Item Group is opened"
},{
    "action": "log_data",
    "login": {
        "uid": "1",
        "date_time": "2018-02-10 19:22:41",
        "client_ip": "10.22.39.27"
    },
    "window": "Assets",
    "extra": "Assets is opened"
},{
    "action": "log_data",
    "login": {
        "uid": "1",
        "date_time": "2018-02-10 19:23:01",
        "client_ip": "10.22.39.27"
    },
    "window": "Medicines",
    "extra": "Medicines is opened"
},{
    "action": "log_data",
    "login": {
        "uid": "1",
        "date_time": "2018-02-10 19:24:18",
        "client_ip": "10.22.39.27"
    },
    "window": "Asset Inward",
    "extra": "Asset Inward is opened"
},{
    "action": "log_data",
    "login": {
        "uid": "1",
        "date_time": "2018-02-10 19:25:08",
        "client_ip": "10.22.39.27"
    },
    "window": "Asset Inward",
    "extra": "Asset Inward is opened"
},{
    "action": "log_data",
    "login": {
        "uid": "1",
        "date_time": "2018-02-10 19:28:36",
        "client_ip": "10.22.39.27"
    },
    "window": "Medicines",
    "extra": "Medicines is opened"
},{
    "action": "log_data",
    "login": {
        "uid": "1",
        "date_time": "2018-02-10 19:32:49",
        "client_ip": "10.22.39.27"
    },
    "window": "Stores",
    "extra": "Stores is opened"
},{
    "action": "log_data",
    "login": {
        "uid": "1",
        "date_time": "2018-02-10 19:32:59",
        "client_ip": "10.22.39.27"
    },
    "window": "Assets",
    "extra": "Assets is opened"
},{
    "action": "log_data",
    "login": {
        "uid": "1",
        "date_time": "2018-02-10 19:33:05",
        "client_ip": "10.22.39.27"
    },
    "window": "Medicines",
    "extra": "Medicines is opened"
},{
    "action": "log_data",
    "login": {
        "uid": "1",
        "date_time": "2018-02-10 19:33:24",
        "client_ip": "10.22.39.27"
    },
    "window": "Assets",
    "extra": "Assets is opened"
},{
    "action": "log_data",
    "login": {
        "uid": "1",
        "date_time": "2018-02-10 19:34:01",
        "client_ip": "10.22.39.27"
    },
    "window": "Asset Inward",
    "extra": "Asset Inward is opened"
},{
    "action": "log_data",
    "login": {
        "uid": "1",
        "date_time": "2018-02-10 19:36:53",
        "client_ip": "10.22.39.27"
    },
    "window": "Medicines",
    "extra": "Medicines is opened"
},{
    "action": "log_data",
    "login": {
        "uid": "1",
        "date_time": "2018-02-10 19:54:43",
        "client_ip": "10.22.39.27"
    },
    "window": "Asset Inward",
    "extra": "Asset Inward is opened"
},{
    "action": "log_data",
    "login": {
        "uid": "1",
        "date_time": "2018-02-10 19:54:57",
        "client_ip": "10.22.39.27"
    },
    "window": "Assets",
    "extra": "Assets is opened"
},{
    "action": "log_data",
    "login": {
        "uid": "4",
        "date_time": "2018-02-10 20:06:07",
        "client_ip": "10.22.39.22"
    },
    "window": "Assets",
    "extra": "Assets is opened"
},{
    "action": "log_data",
    "login": {
        "uid": "2",
        "date_time": "2018-02-10 20:06:54",
        "client_ip": "10.22.39.22"
    },
    "window": "Asset Inward",
    "extra": "Asset Inward is opened"
},{
    "action": "log_data",
    "login": {
        "uid": "2",
        "date_time": "2018-02-10 20:16:36",
        "client_ip": "10.22.39.23"
    },
    "window": "Medicines",
    "extra": "Medicines is opened"
},{
    "action": "log_data",
    "login": {
        "uid": "2",
        "date_time": "2018-02-10 20:17:09",
        "client_ip": "10.22.39.23"
    },
    "window": "Medicines",
    "extra": "Medicines is opened"
},{
    "action": "log_data",
    "login": {
        "uid": "1",
        "date_time": "2018-02-10 20:21:16",
        "client_ip": "10.22.39.23"
    },
    "window": "Item Group",
    "extra": "Item Group is opened"
},{
    "action": "log_data",
    "login": {
        "uid": "1",
        "date_time": "2018-02-10 20:21:34",
        "client_ip": "10.22.39.23"
    },
    "window": "Users",
    "extra": "extra Data"
},{
    "action": "log_data",
    "login": {
        "uid": "1",
        "date_time": "2018-02-10 20:21:46",
        "client_ip": "10.22.39.23"
    },
    "window": "Users",
    "extra": "extra Data"
},{
    "action": "log_data",
    "login": {
        "uid": "1",
        "date_time": "2018-02-10 20:22:31",
        "client_ip": "10.22.39.23"
    },
    "window": "Users",
    "extra": "extra Data"
},{
    "action": "log_data",
    "login": {
        "uid": "1",
        "date_time": "2018-02-10 20:22:38",
        "client_ip": "10.22.39.23"
    },
    "window": "Users",
    "extra": "extra Data"
},{
    "action": "log_data",
    "login": {
        "uid": "1",
        "date_time": "2018-02-10 20:22:43",
        "client_ip": "10.22.39.23"
    },
    "window": "Asset Inward",
    "extra": "Asset Inward is opened"
},{
    "action": "log_data",
    "login": {
        "uid": "1",
        "date_time": "2018-02-10 20:22:44",
        "client_ip": "10.22.39.23"
    },
    "window": "Stores",
    "extra": "Stores is opened"
},{
    "action": "log_data",
    "login": {
        "uid": "1",
        "date_time": "2018-02-10 20:22:50",
        "client_ip": "10.22.39.23"
    },
    "window": "Users",
    "extra": "extra Data"
},{
    "action": "log_data",
    "login": {
        "uid": "1",
        "date_time": "2018-02-10 20:22:56",
        "client_ip": "10.22.39.23"
    },
    "window": "Item Group",
    "extra": "Item Group is opened"
},{
    "action": "log_data",
    "login": {
        "uid": "1",
        "date_time": "2018-02-10 20:23:07",
        "client_ip": "10.22.39.23"
    },
    "window": "Asset Stock",
    "extra": "Asset Stock Opened"
},{
    "action": "log_data",
    "login": {
        "uid": "1",
        "date_time": "2018-02-10 20:23:08",
        "client_ip": "10.22.39.23"
    },
    "window": "Asset Outward",
    "extra": "Asset outward opened"
},{
    "action": "log_data",
    "login": {
        "uid": "1",
        "date_time": "2018-02-10 20:23:09",
        "client_ip": "10.22.39.23"
    },
    "window": "Asset PO",
    "extra": "Asset PO opened"
},{
    "action": "log_data",
    "login": {
        "uid": "1",
        "date_time": "2018-02-10 20:23:28",
        "client_ip": "10.22.39.23"
    },
    "window": " New Patient ",
    "extra": "New patient Opened"
},{
    "action": "log_data",
    "login": {
        "uid": "1",
        "date_time": "2018-02-10 20:23:28",
        "client_ip": "10.22.39.23"
    },
    "window": " New Patient ",
    "extra": "New patient Opened"
},{
    "action": "log_data",
    "login": {
        "uid": "1",
        "date_time": "2018-02-10 20:23:30",
        "client_ip": "10.22.39.23"
    },
    "window": "Patient",
    "extra": "Get Patient Data"
},{
    "action": "log_data",
    "login": {
        "uid": "1",
        "date_time": "2018-02-10 20:23:48",
        "client_ip": "10.22.39.23"
    },
    "window": "Users",
    "extra": "extra Data"
},{
    "action": "log_data",
    "login": {
        "uid": "1",
        "date_time": "2018-02-10 20:23:49",
        "client_ip": "10.22.39.23"
    },
    "window": "Users",
    "extra": "extra Data"
},{
    "action": "log_data",
    "login": {
        "uid": "1",
        "date_time": "2018-02-10 20:23:49",
        "client_ip": "10.22.39.23"
    },
    "window": "Users",
    "extra": "extra Data"
},{
    "action": "log_data",
    "login": {
        "uid": "1",
        "date_time": "2018-02-10 20:23:50",
        "client_ip": "10.22.39.23"
    },
    "window": "Users",
    "extra": "extra Data"
},{
    "action": "log_data",
    "login": {
        "uid": "1",
        "date_time": "2018-02-10 20:23:51",
        "client_ip": "10.22.39.23"
    },
    "window": "Users",
    "extra": "extra Data"
},{
    "action": "log_data",
    "login": {
        "uid": "1",
        "date_time": "2018-02-10 20:23:52",
        "client_ip": "10.22.39.23"
    },
    "window": "Users",
    "extra": "extra Data"
},{
    "action": "log_data",
    "login": {
        "uid": "1",
        "date_time": "2018-02-10 20:23:54",
        "client_ip": "10.22.39.23"
    },
    "window": "Users",
    "extra": "extra Data"
},{
    "action": "log_data",
    "login": {
        "uid": "1",
        "date_time": "2018-02-10 20:23:57",
        "client_ip": "10.22.39.23"
    },
    "window": "Users",
    "extra": "extra Data"
},{
    "action": "log_data",
    "login": {
        "uid": "1",
        "date_time": "2018-02-10 20:23:59",
        "client_ip": "10.22.39.23"
    },
    "window": "Asset Inward",
    "extra": "Asset Inward is opened"
},{
    "action": "log_data",
    "login": {
        "uid": "1",
        "date_time": "2018-02-10 20:24:01",
        "client_ip": "10.22.39.23"
    },
    "window": "Stores",
    "extra": "Stores is opened"
},{
    "action": "log_data",
    "login": {
        "uid": "1",
        "date_time": "2018-02-10 20:24:10",
        "client_ip": "10.22.39.23"
    },
    "window": "Medicines",
    "extra": "Medicines is opened"
},{
    "action": "log_data",
    "login": {
        "uid": "1",
        "date_time": "2018-02-10 20:24:13",
        "client_ip": "10.22.39.23"
    },
    "window": "Assets",
    "extra": "Assets is opened"
},{
    "action": "log_data",
    "login": {
        "uid": "1",
        "date_time": "2018-02-10 20:24:22",
        "client_ip": "10.22.39.23"
    },
    "window": "Asset PO",
    "extra": "Asset PO opened"
},{
    "action": "log_data",
    "login": {
        "uid": "1",
        "date_time": "2018-02-10 20:24:38",
        "client_ip": "10.22.39.23"
    },
    "window": "Users",
    "extra": "extra Data"
},{
    "action": "log_data",
    "login": {
        "uid": "1",
        "date_time": "2018-02-10 20:24:40",
        "client_ip": "10.22.39.23"
    },
    "window": "Users",
    "extra": "extra Data"
},{
    "action": "log_data",
    "login": {
        "uid": "1",
        "date_time": "2018-02-10 20:24:43",
        "client_ip": "10.22.39.23"
    },
    "window": "Users",
    "extra": "extra Data"
},{
    "action": "log_data",
    "login": {
        "uid": "1",
        "date_time": "2018-02-10 20:24:44",
        "client_ip": "10.22.39.23"
    },
    "window": "Users",
    "extra": "extra Data"
},{
    "action": "log_data",
    "login": {
        "uid": "1",
        "date_time": "2018-02-10 20:24:44",
        "client_ip": "10.22.39.23"
    },
    "window": "Users",
    "extra": "extra Data"
},{
    "action": "log_data",
    "login": {
        "uid": "1",
        "date_time": "2018-02-10 20:24:48",
        "client_ip": "10.22.39.23"
    },
    "window": "Users",
    "extra": "extra Data"
},{
    "action": "log_data",
    "login": {
        "uid": "1",
        "date_time": "2018-02-10 20:24:52",
        "client_ip": "10.22.39.23"
    },
    "window": "Item Group",
    "extra": "Item Group is opened"
},{
    "action": "log_data",
    "login": {
        "uid": "1",
        "date_time": "2018-02-10 20:27:05",
        "client_ip": "10.22.39.23"
    },
    "window": "Patient",
    "extra": "Get Patient Data"
},{
    "action": "log_data",
    "login": {
        "uid": "2",
        "date_time": "2018-02-10 20:27:44",
        "client_ip": "10.22.39.23"
    },
    "window": "Item Group",
    "extra": "Item Group is opened"
},{
    "action": "log_data",
    "login": {
        "uid": "2",
        "date_time": "2018-02-10 20:32:34",
        "client_ip": "10.22.39.23"
    },
    "window": "Item Group",
    "extra": "Item Group is opened"
},{
    "action": "log_data",
    "login": {
        "uid": "2",
        "date_time": "2018-02-10 20:34:55",
        "client_ip": "10.22.39.23"
    },
    "window": "Item Group",
    "extra": "Item Group is opened"
},{
    "action": "log_data",
    "login": {
        "uid": "2",
        "date_time": "2018-02-10 20:36:27",
        "client_ip": "10.22.39.23"
    },
    "window": "Item Group",
    "extra": "Item Group is opened"
},{
    "action": "log_data",
    "login": {
        "uid": "2",
        "date_time": "2018-02-10 20:38:19",
        "client_ip": "10.22.39.23"
    },
    "window": "Assets",
    "extra": "Assets is opened"
},{
    "action": "log_data",
    "login": {
        "uid": "2",
        "date_time": "2018-02-10 20:39:03",
        "client_ip": "10.22.39.23"
    },
    "window": "Assets",
    "extra": "Assets is opened"
},{
    "action": "log_data",
    "login": {
        "uid": "2",
        "date_time": "2018-02-10 20:39:32",
        "client_ip": "10.22.39.23"
    },
    "window": "Assets",
    "extra": "Assets is opened"
},{
    "action": "log_data",
    "login": {
        "uid": "2",
        "date_time": "2018-02-10 20:39:54",
        "client_ip": "10.22.39.23"
    },
    "window": "Assets",
    "extra": "Assets is opened"
},{
    "action": "log_data",
    "login": {
        "uid": "2",
        "date_time": "2018-02-10 20:40:21",
        "client_ip": "10.22.39.23"
    },
    "window": "Asset PO",
    "extra": "Asset PO opened"
},{
    "action": "log_data",
    "login": {
        "uid": "2",
        "date_time": "2018-02-10 20:40:26",
        "client_ip": "10.22.39.23"
    },
    "window": "Item Group",
    "extra": "Item Group is opened"
},{
    "action": "log_data",
    "login": {
        "uid": "2",
        "date_time": "2018-02-10 20:41:17",
        "client_ip": "10.22.39.23"
    },
    "window": "Item Group",
    "extra": "Item Group is opened"
},{
    "action": "log_data",
    "login": {
        "uid": "2",
        "date_time": "2018-02-10 20:41:20",
        "client_ip": "10.22.39.23"
    },
    "window": "Assets",
    "extra": "Assets is opened"
},{
    "action": "log_data",
    "login": {
        "uid": "2",
        "date_time": "2018-02-10 20:41:57",
        "client_ip": "10.22.39.23"
    },
    "window": "Assets",
    "extra": "Assets is opened"
},{
    "action": "log_data",
    "login": {
        "uid": "2",
        "date_time": "2018-02-10 20:42:36",
        "client_ip": "10.22.39.23"
    },
    "window": "Assets",
    "extra": "Assets is opened"
},{
    "action": "log_data",
    "login": {
        "uid": "2",
        "date_time": "2018-02-10 20:43:03",
        "client_ip": "10.22.39.23"
    },
    "window": "Item Group",
    "extra": "Item Group is opened"
},{
    "action": "log_data",
    "login": {
        "uid": "2",
        "date_time": "2018-02-10 20:43:34",
        "client_ip": "10.22.39.23"
    },
    "window": "Medicines",
    "extra": "Medicines is opened"
},{
    "action": "log_data",
    "login": {
        "uid": "2",
        "date_time": "2018-02-10 20:44:41",
        "client_ip": "10.22.39.23"
    },
    "window": "Medicines",
    "extra": "Medicines is opened"
},{
    "action": "log_data",
    "login": {
        "uid": "2",
        "date_time": "2018-02-10 20:51:21",
        "client_ip": "10.22.39.23"
    },
    "window": "Medicines",
    "extra": "Medicines is opened"
},{
    "action": "log_data",
    "login": {
        "uid": "2",
        "date_time": "2018-02-10 20:52:24",
        "client_ip": "10.22.39.23"
    },
    "window": "Medicines",
    "extra": "Medicines is opened"
},{
    "action": "log_data",
    "login": {
        "uid": "2",
        "date_time": "2018-02-10 20:52:31",
        "client_ip": "10.22.39.23"
    },
    "window": "Item Group",
    "extra": "Item Group is opened"
},{
    "action": "log_data",
    "login": {
        "uid": "2",
        "date_time": "2018-02-10 20:53:23",
        "client_ip": "10.22.39.23"
    },
    "window": "Item Group",
    "extra": "Item Group is opened"
},{
    "action": "log_data",
    "login": {
        "uid": "2",
        "date_time": "2018-02-10 20:53:55",
        "client_ip": "10.22.39.23"
    },
    "window": "Medicines",
    "extra": "Medicines is opened"
},{
    "action": "log_data",
    "login": {
        "uid": "2",
        "date_time": "2018-02-10 20:54:31",
        "client_ip": "10.22.39.23"
    },
    "window": "Item Group",
    "extra": "Item Group is opened"
},{
    "action": "log_data",
    "login": {
        "uid": "2",
        "date_time": "2018-02-10 20:55:03",
        "client_ip": "10.22.39.23"
    },
    "window": "Item Group",
    "extra": "Item Group is opened"
},{
    "action": "log_data",
    "login": {
        "uid": "2",
        "date_time": "2018-02-10 20:55:28",
        "client_ip": "10.22.39.23"
    },
    "window": "Item Group",
    "extra": "Item Group is opened"
},{
    "action": "log_data",
    "login": {
        "uid": "2",
        "date_time": "2018-02-10 20:55:57",
        "client_ip": "10.22.39.23"
    },
    "window": "Item Group",
    "extra": "Item Group is opened"
},{
    "action": "log_data",
    "login": {
        "uid": "2",
        "date_time": "2018-02-10 20:57:00",
        "client_ip": "10.22.39.23"
    },
    "window": "Item Group",
    "extra": "Item Group is opened"
},{
    "action": "log_data",
    "login": {
        "uid": "2",
        "date_time": "2018-02-10 20:58:11",
        "client_ip": "10.22.39.23"
    },
    "window": "Item Group",
    "extra": "Item Group is opened"
},{
    "action": "log_data",
    "login": {
        "uid": "2",
        "date_time": "2018-02-10 20:58:15",
        "client_ip": "10.22.39.23"
    },
    "window": "Medicines",
    "extra": "Medicines is opened"
},